#
# A fatal error has been detected by the Java Runtime Environment:
#
#  EXCEPTION_ACCESS_VIOLATION (0xc0000005) at pc=0x00007ff9c8266b07, pid=11596, tid=9584
#
# JRE version: OpenJDK Runtime Environment Zulu24.28+83-CA (24.0+36) (build 24+36)
# Java VM: OpenJDK 64-Bit Server VM Zulu24.28+83-CA (24+36, mixed mode, sharing, tiered, compressed oops, compressed class ptrs, g1 gc, windows-amd64)
# Problematic frame:
# C  [glass.dll+0x26b07]
#
# No core dump will be written. Minidumps are not enabled by default on client versions of Windows
#
# If you would like to submit a bug report, please visit:
#   http://www.azul.com/support/
#

---------------  S U M M A R Y ------------

Command Line: -javaagent:D:\Java\IntelliJ IDEA\lib\idea_rt.jar=52145 -Dfile.encoding=UTF-8 -Dsun.stdout.encoding=UTF-8 -Dsun.stderr.encoding=UTF-8 --module-path=D:\Java\Projects\PrintingPOS\target\classes;C:\Users\Kokeshi-Gaming\.m2\repository\org\openjfx\javafx-fxml\17.0.6\javafx-fxml-17.0.6-win.jar;C:\Users\Kokeshi-Gaming\.m2\repository\org\openjfx\javafx-graphics\17.0.6\javafx-graphics-17.0.6-win.jar;C:\Users\Kokeshi-Gaming\.m2\repository\org\openjfx\javafx-base\17.0.6\javafx-base-17.0.6-win.jar;C:\Users\Kokeshi-Gaming\.m2\repository\org\openjfx\javafx-controls\17.0.6\javafx-controls-17.0.6-win.jar -Djdk.module.main=com.pp.s.printingpos com.pp.s.printingpos/com.pp.s.printingpos.PrintPOSApplication

Host: 11th Gen Intel(R) Core(TM) i5-1155G7 @ 2.50GHz, 8 cores, 7G,  Windows 11 , 64 bit Build 26100 (10.0.26100.1882)
Time: Wed Mar 26 17:37:37 2025 China Standard Time elapsed time: 9.757609 seconds (0d 0h 0m 9s)

---------------  T H R E A D  ---------------

Current thread (0x000001289bc316a0):  VMThread "VM Thread"          [id=9584, stack(0x0000002662e00000,0x0000002662f00000) (1024K)]

Stack: [0x0000002662e00000,0x0000002662f00000],  sp=0x0000002662efec80,  free space=1019k
Native frames: (J=compiled Java code, j=interpreted, Vv=VM code, C=native code)
C  [glass.dll+0x26b07]  (no source info available)
C  [ucrtbase.dll+0x1cf05]  (no source info available)
C  [ucrtbase.dll+0x1ce27]  (no source info available)
C  [ucrtbase.dll+0x1cddd]  (no source info available)
C  [glass.dll+0x24261]  (no source info available)
C  [glass.dll+0x24386]  (no source info available)
C  [ntdll.dll+0x1d860]  (no source info available)
C  [ntdll.dll+0x86a40]  (no source info available)
C  [ntdll.dll+0x85c04]  (no source info available)
C  [KERNEL32.DLL+0x41f9b]  (no source info available)
C  [ucrtbase.dll+0xa0543]  (no source info available)
V  [jvm.dll+0x739d0c]  (no source info available)
V  [jvm.dll+0x739840]  (no source info available)
V  [jvm.dll+0x429b14]  (no source info available)
V  [jvm.dll+0x986c1a]  (no source info available)
V  [jvm.dll+0x987f5c]  (no source info available)
V  [jvm.dll+0x9884c8]  (no source info available)
V  [jvm.dll+0x988763]  (no source info available)
V  [jvm.dll+0x920b08]  (no source info available)
V  [jvm.dll+0x73fab5]  (no source info available)
C  [ucrtbase.dll+0x14ea0]  (no source info available)
C  [KERNEL32.DLL+0x2dbe7]  (no source info available)
C  [ntdll.dll+0x85a4c]  (no source info available)


siginfo: EXCEPTION_ACCESS_VIOLATION (0xc0000005), reading address 0x0000000000000000


Registers:
RAX=0x0000000000000000, RBX=0x000001289bc3e79a, RCX=0x000001289bc316a0, RDX=0x0000002662efec80
RSP=0x0000002662efec80, RBP=0x0000ae3fb3fc3bcd, RSI=0x00000128e1f478b8, RDI=0x00000128e1f47890
R8 =0x0000000000010002, R9 =0x0000ae3fb3fc3bcd, R10=0x00000128fc550000, R11=0x0000002662efed68
R12=0x0000000000000001, R13=0x000000007ffe0385, R14=0x0000002662efed88, R15=0x00000128e1f47890
RIP=0x00007ff9c8266b07, EFLAGS=0x0000000000010206

XMM[0]=0x0000000000000000 0x0000000000000000
XMM[1]=0x0000000000000000 0x0000002662efd970
XMM[2]=0x0000000000000000 0x0000000000000000
XMM[3]=0x0000000000000000 0x0000000000000000
XMM[4]=0x0000000000000000 0x0000000000000000
XMM[5]=0x0000000000000000 0x0000000000000000
XMM[6]=0x0000000000000000 0x0000000000000000
XMM[7]=0x0000000000000000 0x404e000000000000
XMM[8]=0x0000000000000000 0x0000000000000000
XMM[9]=0x0000000000000000 0x0000000000000000
XMM[10]=0x0000000000000000 0x0000000000000000
XMM[11]=0x0000000000000000 0x0000000000000000
XMM[12]=0x0000000000000000 0x0000000000000000
XMM[13]=0x0000000000000000 0x0000000000000000
XMM[14]=0x0000000000000000 0x0000000000000000
XMM[15]=0x0000000000000000 0x0000000000000000
  MXCSR=0x00001fa0


Register to memory mapping:

RAX=0x0 is null
RBX=0x000001289bc3e79a is a global jni handle
RCX=0x000001289bc316a0 points into unknown readable memory: 0x00007ff9a1d6c750 | 50 c7 d6 a1 f9 7f 00 00
RDX=0x0000002662efec80 points into unknown readable memory: 0x0000000000000000 | 00 00 00 00 00 00 00 00
RSP=0x0000002662efec80 points into unknown readable memory: 0x0000000000000000 | 00 00 00 00 00 00 00 00
RBP=0x0000ae3fb3fc3bcd is an unknown value
RSI=0x00000128e1f478b8 points into unknown readable memory: 0x0000ae3fb3fc3bcd | cd 3b fc b3 3f ae 00 00
RDI=0x00000128e1f47890 points into unknown readable memory: 0x0fff973b7421bbcd | cd bb 21 74 3b 97 ff 0f
R8 =0x0000000000010002 is an unknown value
R9 =0x0000ae3fb3fc3bcd is an unknown value
R10=0x00000128fc550000 points into unknown readable memory: 0x0000000000000000 | 00 00 00 00 00 00 00 00
R11=0x0000002662efed68 points into unknown readable memory: 0x00007ff9c8264261 | 61 42 26 c8 f9 7f 00 00
R12=0x0000000000000001 is an unknown value
R13=0x000000007ffe0385 points into unknown readable memory: 00 00 00
R14=0x0000002662efed88 points into unknown readable memory: 0x0000002662efed70 | 70 ed ef 62 26 00 00 00
R15=0x00000128e1f47890 points into unknown readable memory: 0x0fff973b7421bbcd | cd bb 21 74 3b 97 ff 0f

Top of Stack: (sp=0x0000002662efec80)
0x0000002662efec80:   0000000000000000 0000012800000000   ............(...
0x0000002662efec90:   00000128e1fa6930 0000000000000001   0i..(...........
0x0000002662efeca0:   00000128e1f47898 00007ffa0669cf05   .x..(.....i.....
0x0000002662efecb0:   00000128e1f47890 0000012800000000   .x..(.......(...
0x0000002662efecc0:   00000128e1f478b0 0000ae3fb3fc3bcd   .x..(....;..?...
0x0000002662efecd0:   fffffffffffffffe 00007ffa0698b88b   ................
0x0000002662efece0:   00007ff9c8240000 00007ff9c8240000   ..$.......$.....
0x0000002662efecf0:   0000002662efed78 00007ffa0669ce27   x..b&...'.i.....
0x0000002662efed00:   0000002662efed00 0000002662efed88   ...b&......b&...
0x0000002662efed10:   0000002662eff2b0 00007ffa067b88c0   ...b&.....{.....
0x0000002662efed20:   0000000000000001 00007ffa0669cddd   ..........i.....
0x0000002662efed30:   0000000000000000 0000000000000001   ................
0x0000002662efed40:   0000000000000000 0000002662efed78   ........x..b&...
0x0000002662efed50:   fffffffffffffffe 0000002662eff200   ...........b&...
0x0000002662efed60:   0000000000000000 00007ff9c8264261   ........aB&.....
0x0000002662efed70:   00007ff9c827a138 00007ff900000002   8.'.............
0x0000002662efed80:   0000000000000002 0000002662efed70   ........p..b&...
0x0000002662efed90:   00007ff9f59a0000 0000000000000000   ................
0x0000002662efeda0:   0000000000000000 00007ff9c8264386   .........C&.....
0x0000002662efedb0:   0000000000000001 000000007ffe0384   ................
0x0000002662efedc0:   0000000000000001 0000007a0000007a   ........z...z...
0x0000002662efedd0:   0000000000000001 00007ffa059e277e   ........~'......
0x0000002662efede0:   0000000000000001 000000000000007a   ........z.......
0x0000002662efedf0:   0000000000000000 0000000000000001   ................
0x0000002662efee00:   00007ff9c82643d4 00007ffa08fbd860   .C&.....`.......
0x0000002662efee10:   00007ff9c8240000 00007ff900000000   ..$.............
0x0000002662efee20:   0000000000000001 000000007ffe0384   ................
0x0000002662efee30:   000000000000008d 0000000000000000   ................
0x0000002662efee40:   0000000000000000 0000000000000000   ................
0x0000002662efee50:   00007ff9c8240000 ffff4fdd00000000   ..$..........O..
0x0000002662efee60:   0000000000000078 0000000000000000   x...............
0x0000002662efee70:   0000000000000000 000001289bc31b40   ........@...(...

Instructions: (pc=0x00007ff9c8266b07)
  0x00007ff9c8266a07:   8b 4d 58 e8 01 cf ff ff 48 8b 4d 60 e8 f8 ce ff
  0x00007ff9c8266a17:   ff 48 8b 95 80 00 00 00 48 8b 8d 18 01 00 00 e8
  0x00007ff9c8266a27:   c6 c3 ff ff 33 d2 33 c9 e8 3c e1 ff ff 90 48 89
  0x00007ff9c8266a37:   54 24 10 55 48 83 ec 20 48 8b ea 48 b8 00 00 00
  0x00007ff9c8266a47:   00 00 00 00 00 48 83 c4 20 5d c3 cc 40 55 48 8b
  0x00007ff9c8266a57:   ea 48 8b 01 33 c9 81 38 05 00 00 c0 0f 94 c1 8b
  0x00007ff9c8266a67:   c1 5d c3 cc 40 55 48 83 ec 20 48 8b ea 8a 4d 40
  0x00007ff9c8266a77:   48 83 c4 20 5d e9 f7 d2 ff ff cc 40 55 48 83 ec
  0x00007ff9c8266a87:   20 48 8b ea 8a 4d 20 e8 e5 d2 ff ff 90 48 83 c4
  0x00007ff9c8266a97:   20 5d c3 cc 40 55 48 83 ec 20 48 8b ea 48 83 c4
  0x00007ff9c8266aa7:   20 5d e9 46 d1 ff ff cc 40 55 48 83 ec 30 48 8b
  0x00007ff9c8266ab7:   ea 48 8b 01 8b 10 48 89 4c 24 28 89 54 24 20 4c
  0x00007ff9c8266ac7:   8d 0d e7 d5 ff ff 4c 8b 45 70 8b 55 68 48 8b 4d
  0x00007ff9c8266ad7:   60 e8 87 d0 ff ff 90 48 83 c4 30 5d c3 cc cc cc
  0x00007ff9c8266ae7:   cc cc cc cc cc cc cc cc cc 40 53 48 83 ec 20 48
  0x00007ff9c8266af7:   8b 1d 33 30 01 00 48 85 db 74 16 e8 09 8b ff ff
=>0x00007ff9c8266b07:   4c 8b 00 48 8b d3 48 8b c8 41 ff 90 b0 00 00 00
  0x00007ff9c8266b17:   90 48 83 c4 20 5b c3 cc cc 40 53 48 83 ec 20 48
  0x00007ff9c8266b27:   8b 1d ab 31 01 00 48 85 db 74 57 b8 ff ff ff ff
  0x00007ff9c8266b37:   f0 0f c1 43 10 83 f8 01 75 3d 48 85 db 74 38 48
  0x00007ff9c8266b47:   8b 0b 48 85 c9 74 0d ff 15 54 07 00 00 48 c7 03
  0x00007ff9c8266b57:   00 00 00 00 48 8b 4b 08 48 85 c9 74 0d e8 a7 cd
  0x00007ff9c8266b67:   ff ff 48 c7 43 08 00 00 00 00 ba 18 00 00 00 48
  0x00007ff9c8266b77:   8b cb e8 92 cd ff ff 48 c7 05 4f 31 01 00 00 00
  0x00007ff9c8266b87:   00 00 48 83 c4 20 5b c3 cc 40 53 48 83 ec 20 48
  0x00007ff9c8266b97:   8b 1d 1b 31 01 00 48 85 db 74 57 b8 ff ff ff ff
  0x00007ff9c8266ba7:   f0 0f c1 43 10 83 f8 01 75 3d 48 85 db 74 38 48
  0x00007ff9c8266bb7:   8b 0b 48 85 c9 74 0d ff 15 e4 06 00 00 48 c7 03
  0x00007ff9c8266bc7:   00 00 00 00 48 8b 4b 08 48 85 c9 74 0d e8 37 cd
  0x00007ff9c8266bd7:   ff ff 48 c7 43 08 00 00 00 00 ba 18 00 00 00 48
  0x00007ff9c8266be7:   8b cb e8 22 cd ff ff 48 c7 05 bf 30 01 00 00 00
  0x00007ff9c8266bf7:   00 00 48 83 c4 20 5b c3 cc 40 53 48 83 ec 20 48


Stack slot to memory mapping:

stack at sp + 0 slots: 0x0 is null
stack at sp + 1 slots: 0x0000012800000000 is an unknown value
stack at sp + 2 slots: 0x00000128e1fa6930 points into unknown readable memory: 0x00000128e1fa6c30 | 30 6c fa e1 28 01 00 00
stack at sp + 3 slots: 0x0000000000000001 is an unknown value
stack at sp + 4 slots: 0x00000128e1f47898 points into unknown readable memory: 0x0000ae3fb3fc3bcd | cd 3b fc b3 3f ae 00 00
stack at sp + 5 slots: 0x00007ffa0669cf05 ucrtbase.dll
stack at sp + 6 slots: 0x00000128e1f47890 points into unknown readable memory: 0x0fff973b7421bbcd | cd bb 21 74 3b 97 ff 0f
stack at sp + 7 slots: 0x0000012800000000 is an unknown value

VM_Operation (0x0000002663ef9c20): Exit, mode: safepoint, requested by thread 0x00000128e1f9df50


---------------  P R O C E S S  ---------------

Threads class SMR info:
_java_thread_list=0x00000128e24129f0, length=18, elements={
0x00000128feaba6c0, 0x000001289bc413e0, 0x000001289bc41d20, 0x000001289bc45110,
0x000001289bc48fe0, 0x000001289bc4b2c0, 0x000001289bc4da00, 0x000001289bc5a230,
0x00000128e10aa530, 0x00000128e161c160, 0x00000128e16dc3f0, 0x00000128e1e91700,
0x00000128e1f9bb20, 0x00000128e1f9df50, 0x00000128e220c5d0, 0x00000128e223bb20,
0x00000128e23a47f0, 0x00000128e23a40a0
}

Java Threads: ( => current thread )
  0x00000128feaba6c0 JavaThread "main"                              [_thread_blocked, id=5396, stack(0x0000002662700000,0x0000002662800000) (1024K)]
  0x000001289bc413e0 JavaThread "Reference Handler"          daemon [_thread_blocked, id=1452, stack(0x0000002662f00000,0x0000002663000000) (1024K)]
  0x000001289bc41d20 JavaThread "Finalizer"                  daemon [_thread_blocked, id=6896, stack(0x0000002663000000,0x0000002663100000) (1024K)]
  0x000001289bc45110 JavaThread "Attach Listener"            daemon [_thread_blocked, id=10296, stack(0x0000002663200000,0x0000002663300000) (1024K)]
  0x000001289bc48fe0 JavaThread "Service Thread"             daemon [_thread_blocked, id=5884, stack(0x0000002663300000,0x0000002663400000) (1024K)]
  0x000001289bc4b2c0 JavaThread "Monitor Deflation Thread"   daemon [_thread_blocked, id=4300, stack(0x0000002663400000,0x0000002663500000) (1024K)]
  0x000001289bc4da00 JavaThread "C2 CompilerThread0"         daemon [_thread_blocked, id=9792, stack(0x0000002663500000,0x0000002663600000) (1024K)]
  0x000001289bc5a230 JavaThread "C1 CompilerThread0"         daemon [_thread_blocked, id=4232, stack(0x0000002663600000,0x0000002663700000) (1024K)]
  0x00000128e10aa530 JavaThread "Common-Cleaner"             daemon [_thread_blocked, id=7372, stack(0x0000002663700000,0x0000002663800000) (1024K)]
  0x00000128e161c160 JavaThread "Monitor Ctrl-Break"         daemon [_thread_in_native, id=11872, stack(0x0000002663a00000,0x0000002663b00000) (1024K)]
  0x00000128e16dc3f0 JavaThread "Notification Thread"        daemon [_thread_blocked, id=9076, stack(0x0000002663b00000,0x0000002663c00000) (1024K)]
  0x00000128e1e91700 JavaThread "QuantumRenderer-0"          daemon [_thread_blocked, id=4584, stack(0x0000002663c00000,0x0000002663d00000) (1024K)]
  0x00000128e1f9bb20 JavaThread "InvokeLaterDispatcher"      daemon [_thread_blocked, id=11748, stack(0x0000002663d00000,0x0000002663e00000) (1024K)]
  0x00000128e1f9df50 JavaThread "JavaFX Application Thread"         [_thread_blocked, id=3156, stack(0x0000002663e00000,0x0000002663f00000) (1024K)]
  0x00000128e220c5d0 JavaThread "JavaFX-Launcher"                   [_thread_blocked, id=8244, stack(0x0000002664300000,0x0000002664400000) (1024K)]
  0x00000128e223bb20 JavaThread "Thread-2"                   daemon [_thread_in_native, id=7544, stack(0x0000002664200000,0x0000002664300000) (1024K)]
  0x00000128e23a47f0 JavaThread "Prism Font Disposer"        daemon [_thread_blocked, id=7256, stack(0x0000002664b00000,0x0000002664c00000) (1024K)]
  0x00000128e23a40a0 JavaThread "Cleaner-0"                  daemon [_thread_blocked, id=6100, stack(0x0000002664c00000,0x0000002664d00000) (1024K)]
Total: 18

Other Threads:
=>0x000001289bc316a0 VMThread "VM Thread"                           [id=9584, stack(0x0000002662e00000,0x0000002662f00000) (1024K)]
  0x00000128feb102a0 WorkerThread "GC Thread#0"                     [id=9116, stack(0x0000002662800000,0x0000002662900000) (1024K)]
  0x00000128e2807b10 WorkerThread "GC Thread#1"                     [id=11140, stack(0x0000002663900000,0x0000002663a00000) (1024K)]
  0x00000128e247b610 WorkerThread "GC Thread#2"                     [id=11308, stack(0x0000002664400000,0x0000002664500000) (1024K)]
  0x00000128e23fe480 WorkerThread "GC Thread#3"                     [id=4428, stack(0x0000002664500000,0x0000002664600000) (1024K)]
  0x00000128e23ff040 WorkerThread "GC Thread#4"                     [id=2056, stack(0x0000002664600000,0x0000002664700000) (1024K)]
  0x00000128e2403400 WorkerThread "GC Thread#5"                     [id=4744, stack(0x0000002664700000,0x0000002664800000) (1024K)]
  0x00000128feb62d00 ConcurrentGCThread "G1 Main Marker"            terminated
  0x00000128feb66270 WorkerThread "G1 Conc#0"                       [id=10548, stack(0x0000002662a00000,0x0000002662b00000) (1024K)]
  0x000001289bad6600 ConcurrentGCThread "G1 Refine#0"               terminated
  0x000001289bad6e30 ConcurrentGCThread "G1 Service"                terminated
Total: 11

Threads with active compile tasks:
Total: 0

VM state: at safepoint (shutting down)

VM Mutex/Monitor currently owned by a thread:  ([mutex/lock_event])
[0x00007ff9a1f64fd0] Threads_lock - owner thread: 0x000001289bc316a0
[0x00007ff9a1f650d0] Heap_lock - owner thread: 0x00000128e1f9df50

Heap address: 0x0000000083600000, size: 1994 MB, Compressed Oops mode: 32-bit

CDS archive(s) mapped at: [0x000001289c000000-0x000001289cd40000-0x000001289cd40000), size 13893632, SharedBaseAddress: 0x000001289c000000, ArchiveRelocationMode: 1.
Compressed class space mapped at: 0x000001289d000000-0x00000128dd000000, reserved size: 1073741824
UseCompressedClassPointers 1, UseCompactObjectHeaders 0
Narrow klass pointer bits 32, Max shift 3
Narrow klass base: 0x000001289c000000, Narrow klass shift: 0
Encoding Range: [0x000001289c000000 - 0x000001299c000000), (4294967296 bytes)
Klass Range:    [0x000001289c000000 - 0x00000128dd000000), (1090519040 bytes)
Klass ID Range:  [8 - 1090519033) (1090519025)

GC Precious Log:
 CardTable entry size: 512
 Card Set container configuration: InlinePtr #cards 5 size 8 Array Of Cards #cards 10 size 36 Howl #buckets 4 coarsen threshold 1843 Howl Bitmap #cards 512 size 80 coarsen threshold 460 Card regions per heap region 1 cards per card region 2048
 CPUs: 8 total, 8 available
 Memory: 7975M
 Large Page Support: Disabled
 NUMA Support: Disabled
 Compressed Oops: Enabled (32-bit)
 Heap Region Size: 1M
 Heap Min Capacity: 8M
 Heap Initial Capacity: 126M
 Heap Max Capacity: 1994M
 Pre-touch: Disabled
 Parallel Workers: 8
 Concurrent Workers: 2
 Concurrent Refinement Workers: 8
 Periodic GC: Disabled

Heap:
 garbage-first heap   total reserved 2041856K, committed 131072K, used 51142K [0x0000000083600000, 0x0000000100000000)
  region size 1024K, 49 young (50176K), 5 survivors (5120K)
 Metaspace       used 17600K, committed 17920K, reserved 1114112K
  class space    used 2229K, committed 2368K, reserved 1048576K

Heap Regions: E=young(eden), S=young(survivor), O=old, HS=humongous(starts), HC=humongous(continues), CS=collection set, F=free, TAMS=top-at-mark-start, PB=parsable bottom
|   0|0x0000000083600000, 0x0000000083700000, 0x0000000083700000|100%|HS|  |TAMS 0x0000000083600000| PB 0x0000000083600000| Complete |  0
|   1|0x0000000083700000, 0x0000000083800000, 0x0000000083800000|100%|HC|  |TAMS 0x0000000083700000| PB 0x0000000083700000| Complete |  0
|   2|0x0000000083800000, 0x0000000083800000, 0x0000000083900000|  0%| F|  |TAMS 0x0000000083800000| PB 0x0000000083800000| Untracked |  0
|   3|0x0000000083900000, 0x0000000083900000, 0x0000000083a00000|  0%| F|  |TAMS 0x0000000083900000| PB 0x0000000083900000| Untracked |  0
|   4|0x0000000083a00000, 0x0000000083a00000, 0x0000000083b00000|  0%| F|  |TAMS 0x0000000083a00000| PB 0x0000000083a00000| Untracked |  0
|   5|0x0000000083b00000, 0x0000000083b00000, 0x0000000083c00000|  0%| F|  |TAMS 0x0000000083b00000| PB 0x0000000083b00000| Untracked |  0
|   6|0x0000000083c00000, 0x0000000083c00000, 0x0000000083d00000|  0%| F|  |TAMS 0x0000000083c00000| PB 0x0000000083c00000| Untracked |  0
|   7|0x0000000083d00000, 0x0000000083d00000, 0x0000000083e00000|  0%| F|  |TAMS 0x0000000083d00000| PB 0x0000000083d00000| Untracked |  0
|   8|0x0000000083e00000, 0x0000000083e00000, 0x0000000083f00000|  0%| F|  |TAMS 0x0000000083e00000| PB 0x0000000083e00000| Untracked |  0
|   9|0x0000000083f00000, 0x0000000083f00000, 0x0000000084000000|  0%| F|  |TAMS 0x0000000083f00000| PB 0x0000000083f00000| Untracked |  0
|  10|0x0000000084000000, 0x0000000084000000, 0x0000000084100000|  0%| F|  |TAMS 0x0000000084000000| PB 0x0000000084000000| Untracked |  0
|  11|0x0000000084100000, 0x0000000084100000, 0x0000000084200000|  0%| F|  |TAMS 0x0000000084100000| PB 0x0000000084100000| Untracked |  0
|  12|0x0000000084200000, 0x0000000084200000, 0x0000000084300000|  0%| F|  |TAMS 0x0000000084200000| PB 0x0000000084200000| Untracked |  0
|  13|0x0000000084300000, 0x0000000084300000, 0x0000000084400000|  0%| F|  |TAMS 0x0000000084300000| PB 0x0000000084300000| Untracked |  0
|  14|0x0000000084400000, 0x0000000084400000, 0x0000000084500000|  0%| F|  |TAMS 0x0000000084400000| PB 0x0000000084400000| Untracked |  0
|  15|0x0000000084500000, 0x0000000084500000, 0x0000000084600000|  0%| F|  |TAMS 0x0000000084500000| PB 0x0000000084500000| Untracked |  0
|  16|0x0000000084600000, 0x0000000084600000, 0x0000000084700000|  0%| F|  |TAMS 0x0000000084600000| PB 0x0000000084600000| Untracked |  0
|  17|0x0000000084700000, 0x0000000084700000, 0x0000000084800000|  0%| F|  |TAMS 0x0000000084700000| PB 0x0000000084700000| Untracked |  0
|  18|0x0000000084800000, 0x0000000084800000, 0x0000000084900000|  0%| F|  |TAMS 0x0000000084800000| PB 0x0000000084800000| Untracked |  0
|  19|0x0000000084900000, 0x0000000084900000, 0x0000000084a00000|  0%| F|  |TAMS 0x0000000084900000| PB 0x0000000084900000| Untracked |  0
|  20|0x0000000084a00000, 0x0000000084a00000, 0x0000000084b00000|  0%| F|  |TAMS 0x0000000084a00000| PB 0x0000000084a00000| Untracked |  0
|  21|0x0000000084b00000, 0x0000000084b00000, 0x0000000084c00000|  0%| F|  |TAMS 0x0000000084b00000| PB 0x0000000084b00000| Untracked |  0
|  22|0x0000000084c00000, 0x0000000084c00000, 0x0000000084d00000|  0%| F|  |TAMS 0x0000000084c00000| PB 0x0000000084c00000| Untracked |  0
|  23|0x0000000084d00000, 0x0000000084d00000, 0x0000000084e00000|  0%| F|  |TAMS 0x0000000084d00000| PB 0x0000000084d00000| Untracked |  0
|  24|0x0000000084e00000, 0x0000000084e00000, 0x0000000084f00000|  0%| F|  |TAMS 0x0000000084e00000| PB 0x0000000084e00000| Untracked |  0
|  25|0x0000000084f00000, 0x0000000084f00000, 0x0000000085000000|  0%| F|  |TAMS 0x0000000084f00000| PB 0x0000000084f00000| Untracked |  0
|  26|0x0000000085000000, 0x0000000085000000, 0x0000000085100000|  0%| F|  |TAMS 0x0000000085000000| PB 0x0000000085000000| Untracked |  0
|  27|0x0000000085100000, 0x0000000085100000, 0x0000000085200000|  0%| F|  |TAMS 0x0000000085100000| PB 0x0000000085100000| Untracked |  0
|  28|0x0000000085200000, 0x0000000085200000, 0x0000000085300000|  0%| F|  |TAMS 0x0000000085200000| PB 0x0000000085200000| Untracked |  0
|  29|0x0000000085300000, 0x0000000085300000, 0x0000000085400000|  0%| F|  |TAMS 0x0000000085300000| PB 0x0000000085300000| Untracked |  0
|  30|0x0000000085400000, 0x0000000085400000, 0x0000000085500000|  0%| F|  |TAMS 0x0000000085400000| PB 0x0000000085400000| Untracked |  0
|  31|0x0000000085500000, 0x0000000085500000, 0x0000000085600000|  0%| F|  |TAMS 0x0000000085500000| PB 0x0000000085500000| Untracked |  0
|  32|0x0000000085600000, 0x0000000085600000, 0x0000000085700000|  0%| F|  |TAMS 0x0000000085600000| PB 0x0000000085600000| Untracked |  0
|  33|0x0000000085700000, 0x0000000085700000, 0x0000000085800000|  0%| F|  |TAMS 0x0000000085700000| PB 0x0000000085700000| Untracked |  0
|  34|0x0000000085800000, 0x0000000085800000, 0x0000000085900000|  0%| F|  |TAMS 0x0000000085800000| PB 0x0000000085800000| Untracked |  0
|  35|0x0000000085900000, 0x0000000085900000, 0x0000000085a00000|  0%| F|  |TAMS 0x0000000085900000| PB 0x0000000085900000| Untracked |  0
|  36|0x0000000085a00000, 0x0000000085a00000, 0x0000000085b00000|  0%| F|  |TAMS 0x0000000085a00000| PB 0x0000000085a00000| Untracked |  0
|  37|0x0000000085b00000, 0x0000000085b00000, 0x0000000085c00000|  0%| F|  |TAMS 0x0000000085b00000| PB 0x0000000085b00000| Untracked |  0
|  38|0x0000000085c00000, 0x0000000085c00000, 0x0000000085d00000|  0%| F|  |TAMS 0x0000000085c00000| PB 0x0000000085c00000| Untracked |  0
|  39|0x0000000085d00000, 0x0000000085d00000, 0x0000000085e00000|  0%| F|  |TAMS 0x0000000085d00000| PB 0x0000000085d00000| Untracked |  0
|  40|0x0000000085e00000, 0x0000000085e00000, 0x0000000085f00000|  0%| F|  |TAMS 0x0000000085e00000| PB 0x0000000085e00000| Untracked |  0
|  41|0x0000000085f00000, 0x0000000085f00000, 0x0000000086000000|  0%| F|  |TAMS 0x0000000085f00000| PB 0x0000000085f00000| Untracked |  0
|  42|0x0000000086000000, 0x0000000086000000, 0x0000000086100000|  0%| F|  |TAMS 0x0000000086000000| PB 0x0000000086000000| Untracked |  0
|  43|0x0000000086100000, 0x0000000086100000, 0x0000000086200000|  0%| F|  |TAMS 0x0000000086100000| PB 0x0000000086100000| Untracked |  0
|  44|0x0000000086200000, 0x0000000086200000, 0x0000000086300000|  0%| F|  |TAMS 0x0000000086200000| PB 0x0000000086200000| Untracked |  0
|  45|0x0000000086300000, 0x0000000086300000, 0x0000000086400000|  0%| F|  |TAMS 0x0000000086300000| PB 0x0000000086300000| Untracked |  0
|  46|0x0000000086400000, 0x0000000086400000, 0x0000000086500000|  0%| F|  |TAMS 0x0000000086400000| PB 0x0000000086400000| Untracked |  0
|  47|0x0000000086500000, 0x0000000086500000, 0x0000000086600000|  0%| F|  |TAMS 0x0000000086500000| PB 0x0000000086500000| Untracked |  0
|  48|0x0000000086600000, 0x0000000086600000, 0x0000000086700000|  0%| F|  |TAMS 0x0000000086600000| PB 0x0000000086600000| Untracked |  0
|  49|0x0000000086700000, 0x0000000086700000, 0x0000000086800000|  0%| F|  |TAMS 0x0000000086700000| PB 0x0000000086700000| Untracked |  0
|  50|0x0000000086800000, 0x0000000086800000, 0x0000000086900000|  0%| F|  |TAMS 0x0000000086800000| PB 0x0000000086800000| Untracked |  0
|  51|0x0000000086900000, 0x0000000086900000, 0x0000000086a00000|  0%| F|  |TAMS 0x0000000086900000| PB 0x0000000086900000| Untracked |  0
|  52|0x0000000086a00000, 0x0000000086a00000, 0x0000000086b00000|  0%| F|  |TAMS 0x0000000086a00000| PB 0x0000000086a00000| Untracked |  0
|  53|0x0000000086b00000, 0x0000000086b00000, 0x0000000086c00000|  0%| F|  |TAMS 0x0000000086b00000| PB 0x0000000086b00000| Untracked |  0
|  54|0x0000000086c00000, 0x0000000086c00000, 0x0000000086d00000|  0%| F|  |TAMS 0x0000000086c00000| PB 0x0000000086c00000| Untracked |  0
|  55|0x0000000086d00000, 0x0000000086d00000, 0x0000000086e00000|  0%| F|  |TAMS 0x0000000086d00000| PB 0x0000000086d00000| Untracked |  0
|  56|0x0000000086e00000, 0x0000000086e00000, 0x0000000086f00000|  0%| F|  |TAMS 0x0000000086e00000| PB 0x0000000086e00000| Untracked |  0
|  57|0x0000000086f00000, 0x0000000086f00000, 0x0000000087000000|  0%| F|  |TAMS 0x0000000086f00000| PB 0x0000000086f00000| Untracked |  0
|  58|0x0000000087000000, 0x0000000087000000, 0x0000000087100000|  0%| F|  |TAMS 0x0000000087000000| PB 0x0000000087000000| Untracked |  0
|  59|0x0000000087100000, 0x0000000087100000, 0x0000000087200000|  0%| F|  |TAMS 0x0000000087100000| PB 0x0000000087100000| Untracked |  0
|  60|0x0000000087200000, 0x0000000087200000, 0x0000000087300000|  0%| F|  |TAMS 0x0000000087200000| PB 0x0000000087200000| Untracked |  0
|  61|0x0000000087300000, 0x0000000087300000, 0x0000000087400000|  0%| F|  |TAMS 0x0000000087300000| PB 0x0000000087300000| Untracked |  0
|  62|0x0000000087400000, 0x0000000087400000, 0x0000000087500000|  0%| F|  |TAMS 0x0000000087400000| PB 0x0000000087400000| Untracked |  0
|  63|0x0000000087500000, 0x0000000087500000, 0x0000000087600000|  0%| F|  |TAMS 0x0000000087500000| PB 0x0000000087500000| Untracked |  0
|  64|0x0000000087600000, 0x0000000087600000, 0x0000000087700000|  0%| F|  |TAMS 0x0000000087600000| PB 0x0000000087600000| Untracked |  0
|  65|0x0000000087700000, 0x0000000087700000, 0x0000000087800000|  0%| F|  |TAMS 0x0000000087700000| PB 0x0000000087700000| Untracked |  0
|  66|0x0000000087800000, 0x0000000087800000, 0x0000000087900000|  0%| F|  |TAMS 0x0000000087800000| PB 0x0000000087800000| Untracked |  0
|  67|0x0000000087900000, 0x0000000087900000, 0x0000000087a00000|  0%| F|  |TAMS 0x0000000087900000| PB 0x0000000087900000| Untracked |  0
|  68|0x0000000087a00000, 0x0000000087a00000, 0x0000000087b00000|  0%| F|  |TAMS 0x0000000087a00000| PB 0x0000000087a00000| Untracked |  0
|  69|0x0000000087b00000, 0x0000000087b00000, 0x0000000087c00000|  0%| F|  |TAMS 0x0000000087b00000| PB 0x0000000087b00000| Untracked |  0
|  70|0x0000000087c00000, 0x0000000087c00000, 0x0000000087d00000|  0%| F|  |TAMS 0x0000000087c00000| PB 0x0000000087c00000| Untracked |  0
|  71|0x0000000087d00000, 0x0000000087d00000, 0x0000000087e00000|  0%| F|  |TAMS 0x0000000087d00000| PB 0x0000000087d00000| Untracked |  0
|  72|0x0000000087e00000, 0x0000000087e00000, 0x0000000087f00000|  0%| F|  |TAMS 0x0000000087e00000| PB 0x0000000087e00000| Untracked |  0
|  73|0x0000000087f00000, 0x0000000087f00000, 0x0000000088000000|  0%| F|  |TAMS 0x0000000087f00000| PB 0x0000000087f00000| Untracked |  0
|  74|0x0000000088000000, 0x00000000880d5520, 0x0000000088100000| 83%| S|CS|TAMS 0x0000000088000000| PB 0x0000000088000000| Complete |  0
|  75|0x0000000088100000, 0x0000000088200000, 0x0000000088200000|100%| S|CS|TAMS 0x0000000088100000| PB 0x0000000088100000| Complete |  0
|  76|0x0000000088200000, 0x0000000088300000, 0x0000000088300000|100%| S|CS|TAMS 0x0000000088200000| PB 0x0000000088200000| Complete |  0
|  77|0x0000000088300000, 0x0000000088400000, 0x0000000088400000|100%| S|CS|TAMS 0x0000000088300000| PB 0x0000000088300000| Complete |  0
|  78|0x0000000088400000, 0x0000000088500000, 0x0000000088500000|100%| S|CS|TAMS 0x0000000088400000| PB 0x0000000088400000| Complete |  0
|  79|0x0000000088500000, 0x0000000088500000, 0x0000000088600000|  0%| F|  |TAMS 0x0000000088500000| PB 0x0000000088500000| Untracked |  0
|  80|0x0000000088600000, 0x0000000088600000, 0x0000000088700000|  0%| F|  |TAMS 0x0000000088600000| PB 0x0000000088600000| Untracked |  0
|  81|0x0000000088700000, 0x0000000088700000, 0x0000000088800000|  0%| F|  |TAMS 0x0000000088700000| PB 0x0000000088700000| Untracked |  0
|  82|0x0000000088800000, 0x000000008885c2d0, 0x0000000088900000| 36%| E|  |TAMS 0x0000000088800000| PB 0x0000000088800000| Complete |  0
|  83|0x0000000088900000, 0x0000000088a00000, 0x0000000088a00000|100%| E|CS|TAMS 0x0000000088900000| PB 0x0000000088900000| Complete |  0
|  84|0x0000000088a00000, 0x0000000088b00000, 0x0000000088b00000|100%| E|CS|TAMS 0x0000000088a00000| PB 0x0000000088a00000| Complete |  0
|  85|0x0000000088b00000, 0x0000000088c00000, 0x0000000088c00000|100%| E|CS|TAMS 0x0000000088b00000| PB 0x0000000088b00000| Complete |  0
|  86|0x0000000088c00000, 0x0000000088d00000, 0x0000000088d00000|100%| E|CS|TAMS 0x0000000088c00000| PB 0x0000000088c00000| Complete |  0
|  87|0x0000000088d00000, 0x0000000088e00000, 0x0000000088e00000|100%| E|CS|TAMS 0x0000000088d00000| PB 0x0000000088d00000| Complete |  0
|  88|0x0000000088e00000, 0x0000000088f00000, 0x0000000088f00000|100%| E|CS|TAMS 0x0000000088e00000| PB 0x0000000088e00000| Complete |  0
|  89|0x0000000088f00000, 0x0000000089000000, 0x0000000089000000|100%| E|CS|TAMS 0x0000000088f00000| PB 0x0000000088f00000| Complete |  0
|  90|0x0000000089000000, 0x0000000089100000, 0x0000000089100000|100%| E|CS|TAMS 0x0000000089000000| PB 0x0000000089000000| Complete |  0
|  91|0x0000000089100000, 0x0000000089200000, 0x0000000089200000|100%| E|CS|TAMS 0x0000000089100000| PB 0x0000000089100000| Complete |  0
|  92|0x0000000089200000, 0x0000000089300000, 0x0000000089300000|100%| E|CS|TAMS 0x0000000089200000| PB 0x0000000089200000| Complete |  0
|  93|0x0000000089300000, 0x0000000089400000, 0x0000000089400000|100%| E|CS|TAMS 0x0000000089300000| PB 0x0000000089300000| Complete |  0
|  94|0x0000000089400000, 0x0000000089500000, 0x0000000089500000|100%| E|CS|TAMS 0x0000000089400000| PB 0x0000000089400000| Complete |  0
|  95|0x0000000089500000, 0x0000000089600000, 0x0000000089600000|100%| E|CS|TAMS 0x0000000089500000| PB 0x0000000089500000| Complete |  0
|  96|0x0000000089600000, 0x0000000089700000, 0x0000000089700000|100%| E|CS|TAMS 0x0000000089600000| PB 0x0000000089600000| Complete |  0
|  97|0x0000000089700000, 0x0000000089800000, 0x0000000089800000|100%| E|CS|TAMS 0x0000000089700000| PB 0x0000000089700000| Complete |  0
|  98|0x0000000089800000, 0x0000000089900000, 0x0000000089900000|100%| E|CS|TAMS 0x0000000089800000| PB 0x0000000089800000| Complete |  0
|  99|0x0000000089900000, 0x0000000089a00000, 0x0000000089a00000|100%| E|CS|TAMS 0x0000000089900000| PB 0x0000000089900000| Complete |  0
| 100|0x0000000089a00000, 0x0000000089b00000, 0x0000000089b00000|100%| E|CS|TAMS 0x0000000089a00000| PB 0x0000000089a00000| Complete |  0
| 101|0x0000000089b00000, 0x0000000089c00000, 0x0000000089c00000|100%| E|CS|TAMS 0x0000000089b00000| PB 0x0000000089b00000| Complete |  0
| 102|0x0000000089c00000, 0x0000000089d00000, 0x0000000089d00000|100%| E|CS|TAMS 0x0000000089c00000| PB 0x0000000089c00000| Complete |  0
| 103|0x0000000089d00000, 0x0000000089e00000, 0x0000000089e00000|100%| E|CS|TAMS 0x0000000089d00000| PB 0x0000000089d00000| Complete |  0
| 104|0x0000000089e00000, 0x0000000089f00000, 0x0000000089f00000|100%| E|CS|TAMS 0x0000000089e00000| PB 0x0000000089e00000| Complete |  0
| 105|0x0000000089f00000, 0x000000008a000000, 0x000000008a000000|100%| E|CS|TAMS 0x0000000089f00000| PB 0x0000000089f00000| Complete |  0
| 106|0x000000008a000000, 0x000000008a100000, 0x000000008a100000|100%| E|CS|TAMS 0x000000008a000000| PB 0x000000008a000000| Complete |  0
| 107|0x000000008a100000, 0x000000008a200000, 0x000000008a200000|100%| E|CS|TAMS 0x000000008a100000| PB 0x000000008a100000| Complete |  0
| 108|0x000000008a200000, 0x000000008a300000, 0x000000008a300000|100%| E|  |TAMS 0x000000008a200000| PB 0x000000008a200000| Complete |  0
| 109|0x000000008a300000, 0x000000008a400000, 0x000000008a400000|100%| E|CS|TAMS 0x000000008a300000| PB 0x000000008a300000| Complete |  0
| 110|0x000000008a400000, 0x000000008a500000, 0x000000008a500000|100%| E|CS|TAMS 0x000000008a400000| PB 0x000000008a400000| Complete |  0
| 111|0x000000008a500000, 0x000000008a600000, 0x000000008a600000|100%| E|CS|TAMS 0x000000008a500000| PB 0x000000008a500000| Complete |  0
| 112|0x000000008a600000, 0x000000008a700000, 0x000000008a700000|100%| E|CS|TAMS 0x000000008a600000| PB 0x000000008a600000| Complete |  0
| 113|0x000000008a700000, 0x000000008a800000, 0x000000008a800000|100%| E|CS|TAMS 0x000000008a700000| PB 0x000000008a700000| Complete |  0
| 114|0x000000008a800000, 0x000000008a900000, 0x000000008a900000|100%| E|CS|TAMS 0x000000008a800000| PB 0x000000008a800000| Complete |  0
| 115|0x000000008a900000, 0x000000008aa00000, 0x000000008aa00000|100%| E|CS|TAMS 0x000000008a900000| PB 0x000000008a900000| Complete |  0
| 116|0x000000008aa00000, 0x000000008ab00000, 0x000000008ab00000|100%| E|CS|TAMS 0x000000008aa00000| PB 0x000000008aa00000| Complete |  0
| 117|0x000000008ab00000, 0x000000008ac00000, 0x000000008ac00000|100%| E|CS|TAMS 0x000000008ab00000| PB 0x000000008ab00000| Complete |  0
| 118|0x000000008ac00000, 0x000000008ad00000, 0x000000008ad00000|100%| E|CS|TAMS 0x000000008ac00000| PB 0x000000008ac00000| Complete |  0
| 119|0x000000008ad00000, 0x000000008ae00000, 0x000000008ae00000|100%| E|CS|TAMS 0x000000008ad00000| PB 0x000000008ad00000| Complete |  0
| 120|0x000000008ae00000, 0x000000008af00000, 0x000000008af00000|100%| E|CS|TAMS 0x000000008ae00000| PB 0x000000008ae00000| Complete |  0
| 121|0x000000008af00000, 0x000000008b000000, 0x000000008b000000|100%| E|CS|TAMS 0x000000008af00000| PB 0x000000008af00000| Complete |  0
| 122|0x000000008b000000, 0x000000008b100000, 0x000000008b100000|100%| E|CS|TAMS 0x000000008b000000| PB 0x000000008b000000| Complete |  0
| 123|0x000000008b100000, 0x000000008b200000, 0x000000008b200000|100%| E|CS|TAMS 0x000000008b100000| PB 0x000000008b100000| Complete |  0
| 124|0x000000008b200000, 0x000000008b300000, 0x000000008b300000|100%| E|CS|TAMS 0x000000008b200000| PB 0x000000008b200000| Complete |  0
| 125|0x000000008b300000, 0x000000008b400000, 0x000000008b400000|100%| E|CS|TAMS 0x000000008b300000| PB 0x000000008b300000| Complete |  0
|1992|0x00000000ffe00000, 0x00000000fff00000, 0x00000000fff00000|100%| O|  |TAMS 0x00000000ffe00000| PB 0x00000000ffe00000| Untracked |  0
|1993|0x00000000fff00000, 0x00000000fff1c348, 0x0000000100000000| 11%| O|  |TAMS 0x00000000fff00000| PB 0x00000000fff00000| Untracked |  0

Card table byte_map: [0x00000128ff3b0000,0x00000128ff7a0000] _byte_map_base: 0x00000128fef95000

Marking Bits: (CMBitMap*) 0x00000128feb109b0
 Bits: [0x0000012897a30000, 0x0000012899958000)

Polling page: 0x00000128fc840000

Metaspace:

Usage:
  Non-class:     15.01 MB used.
      Class:      2.18 MB used.
       Both:     17.19 MB used.

Virtual space:
  Non-class space:       64.00 MB reserved,      15.19 MB ( 24%) committed,  1 nodes.
      Class space:        1.00 GB reserved,       2.31 MB ( <1%) committed,  1 nodes.
             Both:        1.06 GB reserved,      17.50 MB (  2%) committed. 

Chunk freelists:
   Non-Class:  98.00 KB
       Class:  13.67 MB
        Both:  13.77 MB

MaxMetaspaceSize: unlimited
CompressedClassSpaceSize: 1.00 GB
Initial GC threshold: 21.00 MB
Current GC threshold: 21.00 MB
CDS: on
 - commit_granule_bytes: 65536.
 - commit_granule_words: 8192.
 - virtual_space_node_default_size: 8388608.
 - enlarge_chunks_in_place: 1.
UseCompressedClassPointers 1, UseCompactObjectHeaders 0
Narrow klass pointer bits 32, Max shift 3
Narrow klass base: 0x000001289c000000, Narrow klass shift: 0
Encoding Range: [0x000001289c000000 - 0x000001299c000000), (4294967296 bytes)
Klass Range:    [0x000001289c000000 - 0x00000128dd000000), (1090519040 bytes)
Klass ID Range:  [8 - 1090519033) (1090519025)


Internal statistics:

num_allocs_failed_limit: 0.
num_arena_births: 274.
num_arena_deaths: 0.
num_vsnodes_births: 2.
num_vsnodes_deaths: 0.
num_space_committed: 280.
num_space_uncommitted: 0.
num_chunks_returned_to_freelist: 0.
num_chunks_taken_from_freelist: 820.
num_chunk_merges: 0.
num_chunk_splits: 556.
num_chunks_enlarged: 428.
num_inconsistent_stats: 0.

CodeHeap 'non-profiled nmethods': size=120064Kb used=1192Kb max_used=1192Kb free=118871Kb
 bounds [0x00000128904f0000, 0x0000012890760000, 0x0000012897a30000]
CodeHeap 'profiled nmethods': size=120000Kb used=5487Kb max_used=5487Kb free=114512Kb
 bounds [0x0000012888a30000, 0x0000012888f90000, 0x000001288ff60000]
CodeHeap 'non-nmethods': size=5696Kb used=1858Kb max_used=1957Kb free=3837Kb
 bounds [0x000001288ff60000, 0x00000128901d0000, 0x00000128904f0000]
CodeCache: size=245760Kb, used=8537Kb, max_used=8636Kb, free=237220Kb
 total_blobs=4273, nmethods=3448, adapters=728, full_count=0
Compilation: enabled, stopped_count=0, restarted_count=0

Compilation events (20 events):
Event: 9.215 Thread 0x000001289bc5a230 3440       1       javafx.scene.paint.LinearGradient::getEndY (5 bytes)
Event: 9.215 Thread 0x000001289bc5a230 nmethod 3440 0x0000012890619988 code [0x0000012890619a80, 0x0000012890619b48]
Event: 9.215 Thread 0x000001289bc5a230 3441       3       com.sun.prism.impl.ps.BaseShaderGraphics::len (39 bytes)
Event: 9.216 Thread 0x000001289bc5a230 nmethod 3441 0x0000012888f8a508 code [0x0000012888f8a660, 0x0000012888f8a9c0]
Event: 9.216 Thread 0x000001289bc5a230 3443       3       com.sun.javafx.PlatformUtil::isEmbedded (4 bytes)
Event: 9.216 Thread 0x000001289bc5a230 nmethod 3443 0x0000012888f8aa08 code [0x0000012888f8ab20, 0x0000012888f8ac10]
Event: 9.216 Thread 0x000001289bc5a230 3442       3       java.lang.Math::signum (23 bytes)
Event: 9.216 Thread 0x000001289bc5a230 nmethod 3442 0x0000012888f8ad08 code [0x0000012888f8ae60, 0x0000012888f8b178]
Event: 9.216 Thread 0x000001289bc5a230 3444       3       java.lang.FdLibm::__LO (8 bytes)
Event: 9.216 Thread 0x000001289bc5a230 nmethod 3444 0x0000012888f8b208 code [0x0000012888f8b320, 0x0000012888f8b428]
Event: 9.417 Thread 0x000001289bc4da00 3445       4       java.util.stream.ReduceOps$3ReducingSink::accept (15 bytes)
Event: 9.417 Thread 0x000001289bc4da00 nmethod 3445 0x0000012890619c88 code [0x0000012890619d80, 0x0000012890619e30]
Event: 9.420 Thread 0x000001289bc5a230 3446       3       com.sun.javafx.collections.TrackableObservableList$$Lambda/0x000001289d03f4a8::onChanged (9 bytes)
Event: 9.420 Thread 0x000001289bc5a230 nmethod 3446 0x0000012888f8b508 code [0x0000012888f8b640, 0x0000012888f8b870]
Event: 9.420 Thread 0x000001289bc5a230 3447       3       com.sun.javafx.collections.TrackableObservableList::lambda$new$0 (6 bytes)
Event: 9.420 Thread 0x000001289bc5a230 nmethod 3447 0x0000012888f8b908 code [0x0000012888f8ba20, 0x0000012888f8bbe8]
Event: 9.424 Thread 0x000001289bc4da00 3448       4       java.lang.invoke.DirectMethodHandle$Holder::newInvokeSpecial (21 bytes)
Event: 9.424 Thread 0x000001289bc5a230 3449       3       com.sun.prism.paint.Color::isOpaque (15 bytes)
Event: 9.424 Thread 0x000001289bc5a230 nmethod 3449 0x0000012888f8bc08 code [0x0000012888f8bd40, 0x0000012888f8bec8]
Event: 9.426 Thread 0x000001289bc4da00 nmethod 3448 0x0000012890619f88 code [0x000001289061a0a0, 0x000001289061a300]

GC Heap History (2 events):
Event: 0.801 GC heap before
{Heap before GC invocations=0 (full 0):
 garbage-first heap   total reserved 2041856K, committed 131072K, used 49264K [0x0000000083600000, 0x0000000100000000)
  region size 1024K, 47 young (48128K), 0 survivors (0K)
 Metaspace       used 10499K, committed 10688K, reserved 1114112K
  class space    used 1130K, committed 1216K, reserved 1048576K
}
Event: 0.805 GC heap after
{Heap after GC invocations=1 (full 0):
 garbage-first heap   total reserved 2041856K, committed 131072K, used 6086K [0x0000000083600000, 0x0000000100000000)
  region size 1024K, 5 young (5120K), 5 survivors (5120K)
 Metaspace       used 10499K, committed 10688K, reserved 1114112K
  class space    used 1130K, committed 1216K, reserved 1048576K
}

Dll operation events (20 events):
Event: 0.288 Loaded shared library C:\Users\Kokeshi-Gaming\.openjfx\cache\17.0.6\api-ms-win-crt-locale-l1-1-0.dll
Event: 0.289 Loaded shared library C:\Users\Kokeshi-Gaming\.openjfx\cache\17.0.6\api-ms-win-crt-math-l1-1-0.dll
Event: 0.291 Loaded shared library C:\Users\Kokeshi-Gaming\.openjfx\cache\17.0.6\api-ms-win-crt-multibyte-l1-1-0.dll
Event: 0.294 Loaded shared library C:\Users\Kokeshi-Gaming\.openjfx\cache\17.0.6\api-ms-win-crt-private-l1-1-0.dll
Event: 0.296 Loaded shared library C:\Users\Kokeshi-Gaming\.openjfx\cache\17.0.6\api-ms-win-crt-process-l1-1-0.dll
Event: 0.297 Loaded shared library C:\Users\Kokeshi-Gaming\.openjfx\cache\17.0.6\api-ms-win-crt-runtime-l1-1-0.dll
Event: 0.300 Loaded shared library C:\Users\Kokeshi-Gaming\.openjfx\cache\17.0.6\api-ms-win-crt-stdio-l1-1-0.dll
Event: 0.302 Loaded shared library C:\Users\Kokeshi-Gaming\.openjfx\cache\17.0.6\api-ms-win-crt-string-l1-1-0.dll
Event: 0.304 Loaded shared library C:\Users\Kokeshi-Gaming\.openjfx\cache\17.0.6\api-ms-win-crt-time-l1-1-0.dll
Event: 0.306 Loaded shared library C:\Users\Kokeshi-Gaming\.openjfx\cache\17.0.6\api-ms-win-crt-utility-l1-1-0.dll
Event: 0.318 Loaded shared library C:\Users\Kokeshi-Gaming\.openjfx\cache\17.0.6\ucrtbase.dll
Event: 0.321 Loaded shared library C:\Users\Kokeshi-Gaming\.openjfx\cache\17.0.6\vcruntime140.dll
Event: 0.323 Loaded shared library C:\Users\Kokeshi-Gaming\.openjfx\cache\17.0.6\vcruntime140_1.dll
Event: 0.330 Loaded shared library C:\Users\Kokeshi-Gaming\.openjfx\cache\17.0.6\msvcp140.dll
Event: 0.332 Loaded shared library C:\Users\Kokeshi-Gaming\.openjfx\cache\17.0.6\msvcp140_1.dll
Event: 0.336 Loaded shared library C:\Users\Kokeshi-Gaming\.openjfx\cache\17.0.6\msvcp140_2.dll
Event: 0.375 Loaded shared library C:\Users\Kokeshi-Gaming\.openjfx\cache\17.0.6\prism_d3d.dll
Event: 0.415 Loaded shared library C:\Users\Kokeshi-Gaming\.openjfx\cache\17.0.6\glass.dll
Event: 0.507 Loaded shared library D:\Java\Azul JDK\zulu\bin\jimage.dll
Event: 0.668 Loaded shared library C:\Users\Kokeshi-Gaming\.openjfx\cache\17.0.6\javafx_font.dll

Deoptimization events (20 events):
Event: 8.488 Thread 0x00000128e1f9df50 Uncommon trap: trap_request=0xffffffbe fr.pc=0x00000128905fdc60 relative=0x0000000000000520
Event: 8.488 Thread 0x00000128e1f9df50 Uncommon trap: reason=profile_predicate action=maybe_recompile pc=0x00000128905fdc60 method=com.sun.javafx.css.BitSet.addAll(Ljava/util/Collection;)Z @ 86 c2
Event: 8.488 Thread 0x00000128e1f9df50 DEOPT PACKING pc=0x00000128905fdc60 sp=0x0000002663ef90d0
Event: 8.488 Thread 0x00000128e1f9df50 DEOPT UNPACKING pc=0x0000012890084f82 sp=0x0000002663ef9010 mode 2
Event: 8.488 Thread 0x00000128e1f9df50 Uncommon trap: trap_request=0xffffffbe fr.pc=0x00000128905fdc60 relative=0x0000000000000520
Event: 8.488 Thread 0x00000128e1f9df50 Uncommon trap: reason=profile_predicate action=maybe_recompile pc=0x00000128905fdc60 method=com.sun.javafx.css.BitSet.addAll(Ljava/util/Collection;)Z @ 86 c2
Event: 8.488 Thread 0x00000128e1f9df50 DEOPT PACKING pc=0x00000128905fdc60 sp=0x0000002663ef90d0
Event: 8.488 Thread 0x00000128e1f9df50 DEOPT UNPACKING pc=0x0000012890084f82 sp=0x0000002663ef9010 mode 2
Event: 8.489 Thread 0x00000128e1f9df50 Uncommon trap: trap_request=0xffffffbe fr.pc=0x00000128905fdc60 relative=0x0000000000000520
Event: 8.489 Thread 0x00000128e1f9df50 Uncommon trap: reason=profile_predicate action=maybe_recompile pc=0x00000128905fdc60 method=com.sun.javafx.css.BitSet.addAll(Ljava/util/Collection;)Z @ 86 c2
Event: 8.489 Thread 0x00000128e1f9df50 DEOPT PACKING pc=0x00000128905fdc60 sp=0x0000002663ef8ce0
Event: 8.489 Thread 0x00000128e1f9df50 DEOPT UNPACKING pc=0x0000012890084f82 sp=0x0000002663ef8c20 mode 2
Event: 8.489 Thread 0x00000128e1f9df50 Uncommon trap: trap_request=0xffffff4d fr.pc=0x00000128905b758c relative=0x000000000000048c
Event: 8.489 Thread 0x00000128e1f9df50 Uncommon trap: reason=unstable_if action=reinterpret pc=0x00000128905b758c method=com.sun.javafx.css.BitSet.add(Ljava/lang/Object;)Z @ 91 c2
Event: 8.489 Thread 0x00000128e1f9df50 DEOPT PACKING pc=0x00000128905b758c sp=0x0000002663ef9a50
Event: 8.489 Thread 0x00000128e1f9df50 DEOPT UNPACKING pc=0x0000012890084f82 sp=0x0000002663ef9a00 mode 2
Event: 8.493 Thread 0x00000128e1f9df50 Uncommon trap: trap_request=0xffffff4d fr.pc=0x00000128906004e8 relative=0x0000000000001ba8
Event: 8.493 Thread 0x00000128e1f9df50 Uncommon trap: reason=unstable_if action=reinterpret pc=0x00000128906004e8 method=java.util.zip.InflaterInputStream.read([BII)I @ 74 c2
Event: 8.493 Thread 0x00000128e1f9df50 DEOPT PACKING pc=0x00000128906004e8 sp=0x0000002663ef8980
Event: 8.493 Thread 0x00000128e1f9df50 DEOPT UNPACKING pc=0x0000012890084f82 sp=0x0000002663ef89e0 mode 2

Classes loaded (20 events):
Event: 8.483 Loading class sun/util/resources/OpenListResourceBundle
Event: 8.483 Loading class sun/util/resources/OpenListResourceBundle done
Event: 8.483 Loading class sun/util/resources/TimeZoneNamesBundle done
Event: 8.483 Loading class sun/util/resources/cldr/TimeZoneNames done
Event: 8.483 Loading class sun/util/resources/cldr/TimeZoneNames_en
Event: 8.483 Loading class sun/util/resources/cldr/TimeZoneNames_en done
Event: 8.484 Loading class sun/util/resources/cldr/TimeZoneNames_en_US
Event: 8.484 Loading class sun/util/resources/cldr/TimeZoneNames_en_US done
Event: 8.485 Loading class java/lang/invoke/InnerClassLambdaMetafactory$SerializationSupport
Event: 8.485 Loading class java/lang/invoke/InnerClassLambdaMetafactory$SerializationSupport done
Event: 8.485 Loading class java/lang/invoke/InnerClassLambdaMetafactory$4
Event: 8.486 Loading class java/lang/invoke/InnerClassLambdaMetafactory$4 done
Event: 8.486 Loading class sun/invoke/util/BytecodeDescriptor
Event: 8.486 Loading class sun/invoke/util/BytecodeDescriptor done
Event: 8.486 Loading class jdk/internal/classfile/impl/AbstractPoolEntry$IntegerEntryImpl
Event: 8.486 Loading class java/lang/classfile/constantpool/IntegerEntry
Event: 8.486 Loading class java/lang/classfile/constantpool/IntegerEntry done
Event: 8.486 Loading class jdk/internal/classfile/impl/AbstractPoolEntry$IntegerEntryImpl done
Event: 8.487 Loading class java/io/FileOutputStream$1
Event: 8.487 Loading class java/io/FileOutputStream$1 done

Classes unloaded (0 events):
No events

Classes redefined (0 events):
No events

Internal exceptions (20 events):
Event: 0.767 Thread 0x00000128e1f9df50 Exception <a 'sun/nio/fs/WindowsException'{0x0000000088899210}> (0x0000000088899210) 
thrown [s\src\hotspot\share\prims\jni.cpp, line 518]
Event: 0.811 Thread 0x00000128e1f9df50 Implicit null exception at 0x000001289055b4ca to 0x000001289055ba18
Event: 0.910 Thread 0x00000128e1f9df50 Exception <a 'java/lang/IncompatibleClassChangeError'{0x000000008adf2750}: Found class java.lang.Object, but interface was expected> (0x000000008adf2750) 
thrown [s\src\hotspot\share\interpreter\linkResolver.cpp, line 872]
Event: 0.949 Thread 0x00000128e1f9df50 Exception <a 'java/lang/NoSuchMethodError'{0x000000008aa444e8}: 'int java.lang.invoke.DirectMethodHandle$Holder.invokeSpecial(java.lang.Object, java.lang.Object, int)'> (0x000000008aa444e8) 
thrown [s\src\hotspot\share\interpreter\linkResolver.cpp, line 805]
Event: 0.962 Thread 0x00000128e1f9df50 Exception <a 'java/lang/NoSuchMethodError'{0x000000008a907ff0}: 'java.lang.Object java.lang.invoke.DirectMethodHandle$Holder.newInvokeSpecial(java.lang.Object, java.lang.Object, int)'> (0x000000008a907ff0) 
thrown [s\src\hotspot\share\interpreter\linkResolver.cpp, line 805]
Event: 0.977 Thread 0x00000128e1e91700 Exception <a 'java/lang/NoSuchMethodError'{0x000000008a8058f0}: 'int java.lang.invoke.DirectMethodHandle$Holder.invokeStaticInit(java.lang.Object, java.lang.Object)'> (0x000000008a8058f0) 
thrown [s\src\hotspot\share\interpreter\linkResolver.cpp, line 805]
Event: 1.983 Thread 0x00000128e1f9df50 Exception <a 'java/lang/NoSuchMethodError'{0x000000008a3e3330}: 'long java.lang.invoke.DirectMethodHandle$Holder.invokeStaticInit(java.lang.Object, java.lang.Object, java.lang.Object)'> (0x000000008a3e3330) 
thrown [s\src\hotspot\share\interpreter\linkResolver.cpp, line 805]
Event: 1.984 Thread 0x00000128e1f9df50 Exception <a 'java/lang/NoSuchMethodError'{0x000000008a22fe70}: 'java.lang.Object java.lang.invoke.DirectMethodHandle$Holder.newInvokeSpecial(java.lang.Object, java.lang.Object, long)'> (0x000000008a22fe70) 
thrown [s\src\hotspot\share\interpreter\linkResolver.cpp, line 805]
Event: 1.984 Thread 0x00000128e1f9df50 Exception <a 'java/lang/NoSuchMethodError'{0x000000008a238ab8}: 'java.lang.Object java.lang.invoke.Invokers$Holder.linkToTargetMethod(java.lang.Object, long, java.lang.Object)'> (0x000000008a238ab8) 
thrown [s\src\hotspot\share\interpreter\linkResolver.cpp, line 805]
Event: 2.030 Thread 0x00000128e1f9df50 Exception <a 'java/lang/NoSuchMethodError'{0x000000008a252198}: 'java.lang.Object java.lang.invoke.DirectMethodHandle$Holder.newInvokeSpecial(java.lang.Object, java.lang.Object, int, int, int, int, int, java.lang.Object)'> (0x000000008a252198) 
thrown [s\src\hotspot\share\interpreter\linkResolver.cpp, line 805]
Event: 2.032 Thread 0x00000128e1f9df50 Exception <a 'java/lang/NoSuchMethodError'{0x000000008a27ac68}: 'java.lang.Object java.lang.invoke.DirectMethodHandle$Holder.newInvokeSpecial(java.lang.Object, java.lang.Object, java.lang.Object, int, int, int, int, int)'> (0x000000008a27ac68) 
thrown [s\src\hotspot\share\interpreter\linkResolver.cpp, line 805]
Event: 2.032 Thread 0x00000128e1f9df50 Exception <a 'java/lang/NoSuchMethodError'{0x000000008a28b510}: 'java.lang.Object java.lang.invoke.Invokers$Holder.linkToTargetMethod(java.lang.Object, java.lang.Object, int, int, int, int, int, java.lang.Object)'> (0x000000008a28b510) 
thrown [s\src\hotspot\share\interpreter\linkResolver.cpp, line 805]
Event: 2.448 Thread 0x00000128e1f9df50 Exception <a 'java/lang/NoSuchMethodError'{0x0000000089f24ba8}: 'void java.lang.invoke.DirectMethodHandle$Holder.invokeSpecial(java.lang.Object, java.lang.Object, int)'> (0x0000000089f24ba8) 
thrown [s\src\hotspot\share\interpreter\linkResolver.cpp, line 805]
Event: 2.448 Thread 0x00000128e1f9df50 Exception <a 'java/lang/NoSuchMethodError'{0x0000000089f35138}: 'void java.lang.invoke.DelegatingMethodHandle$Holder.reinvoke_L(java.lang.Object, java.lang.Object, int)'> (0x0000000089f35138) 
thrown [s\src\hotspot\share\interpreter\linkResolver.cpp, line 805]
Event: 2.484 Thread 0x00000128e1f9df50 Exception <a 'java/lang/NoSuchMethodError'{0x0000000089b31df0}: 'void java.lang.invoke.DirectMethodHandle$Holder.invokeSpecialIFC(java.lang.Object, java.lang.Object, java.lang.Object, java.lang.Object)'> (0x0000000089b31df0) 
thrown [s\src\hotspot\share\interpreter\linkResolver.cpp, line 805]
Event: 2.496 Thread 0x00000128e1f9df50 Exception <a 'java/lang/ClassNotFoundException'{0x0000000089a8a418}: com/sun/javafx/scene/control/skin/resources/controls> (0x0000000089a8a418) 
thrown [s\src\hotspot\share\prims\jni.cpp, line 536]
Event: 2.497 Thread 0x00000128e1f9df50 Exception <a 'java/lang/ClassNotFoundException'{0x0000000089a97988}: com/sun/javafx/scene/control/skin/resources/controls_en> (0x0000000089a97988) 
thrown [s\src\hotspot\share\prims\jni.cpp, line 536]
Event: 2.497 Thread 0x00000128e1f9df50 Exception <a 'java/lang/ClassNotFoundException'{0x0000000089a98d38}: com/sun/javafx/scene/control/skin/resources/controls_en_US> (0x0000000089a98d38) 
thrown [s\src\hotspot\share\prims\jni.cpp, line 536]
Event: 2.516 Thread 0x00000128e1f9df50 Exception <a 'java/lang/NoSuchMethodError'{0x00000000897d99d8}: 'void java.lang.invoke.DirectMethodHandle$Holder.invokeSpecial(java.lang.Object, java.lang.Object, java.lang.Object, java.lang.Object, java.lang.Object, java.lang.Object)'> (0x00000000897d99d8) 
thrown [s\src\hotspot\share\interpreter\linkResolver.cpp, line 805]
Event: 2.612 Thread 0x00000128e1e91700 Exception <a 'java/lang/NoSuchMethodError'{0x00000000890afac8}: 'java.lang.Object java.lang.invoke.DirectMethodHandle$Holder.invokeStaticInit(java.lang.Object, int)'> (0x00000000890afac8) 
thrown [s\src\hotspot\share\interpreter\linkResolver.cpp, line 805]

VM Operations (20 events):
Event: 0.117 Executing VM operation: HandshakeAllThreads (Deoptimize) done
Event: 0.409 Executing VM operation: HandshakeAllThreads (Deoptimize)
Event: 0.409 Executing VM operation: HandshakeAllThreads (Deoptimize) done
Event: 0.543 Executing VM operation: HandshakeAllThreads (Deoptimize)
Event: 0.543 Executing VM operation: HandshakeAllThreads (Deoptimize) done
Event: 0.615 Executing VM operation: HandshakeAllThreads (Deoptimize)
Event: 0.615 Executing VM operation: HandshakeAllThreads (Deoptimize) done
Event: 0.624 Executing VM operation: HandshakeAllThreads (Deoptimize)
Event: 0.624 Executing VM operation: HandshakeAllThreads (Deoptimize) done
Event: 0.630 Executing VM operation: HandshakeAllThreads (Deoptimize)
Event: 0.630 Executing VM operation: HandshakeAllThreads (Deoptimize) done
Event: 0.672 Executing VM operation: HandshakeAllThreads (Deoptimize)
Event: 0.672 Executing VM operation: HandshakeAllThreads (Deoptimize) done
Event: 0.801 Executing VM operation: G1CollectForAllocation (G1 Evacuation Pause)
Event: 0.805 Executing VM operation: G1CollectForAllocation (G1 Evacuation Pause) done
Event: 1.006 Executing VM operation: HandshakeAllThreads (Deoptimize)
Event: 1.006 Executing VM operation: HandshakeAllThreads (Deoptimize) done
Event: 7.213 Executing VM operation: HandshakeAllThreads (Deoptimize)
Event: 7.213 Executing VM operation: HandshakeAllThreads (Deoptimize) done
Event: 9.427 Executing VM operation: Exit

Memory protections (0 events):
No events

Nmethod flushes (0 events):
No events

Events (20 events):
Event: 0.418 Thread 0x00000128feaba6c0 Thread added: 0x00000128e1f9bb20
Event: 0.422 Thread 0x00000128feaba6c0 Thread added: 0x00000128e1f9df50
Event: 0.483 Thread 0x00000128feaba6c0 Thread added: 0x00000128e220c5d0
Event: 0.493 Thread 0x00000128e223bb20 Thread added: 0x00000128e223bb20
Event: 0.506 Thread 0x00000128e122df40 Thread exited: 0x00000128e122df40
Event: 0.904 Thread 0x00000128e1f9df50 Thread added: 0x00000128e23a47f0
Event: 0.995 Thread 0x00000128e1e91700 Thread added: 0x00000128e23a40a0
Event: 1.300 Thread 0x00000128e1197940 Thread exited: 0x00000128e1197940
Event: 2.538 Thread 0x000001289bc5a230 Thread added: 0x00000128e1f974c0
Event: 2.892 Thread 0x00000128e1f974c0 Thread exited: 0x00000128e1f974c0
Event: 7.225 Thread 0x000001289bc5a230 Thread added: 0x00000128e1f97c50
Event: 7.225 Thread 0x000001289bc5a230 Thread added: 0x00000128e1f99300
Event: 7.517 Thread 0x00000128e1f99300 Thread exited: 0x00000128e1f99300
Event: 7.517 Thread 0x00000128e1f97c50 Thread exited: 0x00000128e1f97c50
Event: 9.425 Thread 0x00000128e1f9df50 Thread added: 0x00000128e23a4f40
Event: 9.425 Thread 0x00000128e1f9df50 Thread added: 0x00000128e23a3950
Event: 9.426 Thread 0x00000128e23a3950 Thread exited: 0x00000128e23a3950
Event: 9.426 Thread 0x00000128e23a4f40 Thread exited: 0x00000128e23a4f40
Event: 9.426 Thread 0x00000128e1f9df50 Before exit entered
Event: 9.427 Thread 0x000001289bc43ce0 Thread exited: 0x000001289bc43ce0


Dynamic libraries:
0x00007ff677bf0000 - 0x00007ff677bfe000 	D:\Java\Azul JDK\zulu\bin\java.exe
0x00007ffa08fa0000 - 0x00007ffa09203000 	C:\Windows\SYSTEM32\ntdll.dll
0x00007ffa078b0000 - 0x00007ffa07977000 	C:\Windows\System32\KERNEL32.DLL
0x00007ffa06880000 - 0x00007ffa06c30000 	C:\Windows\System32\KERNELBASE.dll
0x00007ffa06680000 - 0x00007ffa067cb000 	C:\Windows\System32\ucrtbase.dll
0x00007ff9f1ad0000 - 0x00007ff9f1ae6000 	D:\Java\Azul JDK\zulu\bin\jli.dll
0x00007ff9e84d0000 - 0x00007ff9e84ee000 	D:\Java\Azul JDK\zulu\bin\VCRUNTIME140.dll
0x00007ffa076e0000 - 0x00007ffa078a3000 	C:\Windows\System32\USER32.dll
0x00007ffa067d0000 - 0x00007ffa067f7000 	C:\Windows\System32\win32u.dll
0x00007ffa08dc0000 - 0x00007ffa08dea000 	C:\Windows\System32\GDI32.dll
0x00007ff9eb630000 - 0x00007ff9eb8c0000 	C:\Windows\WinSxS\amd64_microsoft.windows.common-controls_6595b64144ccf1df_6.0.26100.1882_none_3e0e949ae32eca40\COMCTL32.dll
0x00007ffa06cf0000 - 0x00007ffa06e13000 	C:\Windows\System32\gdi32full.dll
0x00007ffa06c40000 - 0x00007ffa06ce3000 	C:\Windows\System32\msvcp_win.dll
0x00007ffa08380000 - 0x00007ffa08429000 	C:\Windows\System32\msvcrt.dll
0x00007ffa08340000 - 0x00007ffa0836f000 	C:\Windows\System32\IMM32.DLL
0x00007ff9e84c0000 - 0x00007ff9e84cc000 	D:\Java\Azul JDK\zulu\bin\vcruntime140_1.dll
0x00007ff9e8430000 - 0x00007ff9e84bd000 	D:\Java\Azul JDK\zulu\bin\msvcp140.dll
0x00007ff9a11d0000 - 0x00007ff9a204c000 	D:\Java\Azul JDK\zulu\bin\server\jvm.dll
0x00007ffa07570000 - 0x00007ffa07624000 	C:\Windows\System32\ADVAPI32.dll
0x00007ffa07630000 - 0x00007ffa076d6000 	C:\Windows\System32\sechost.dll
0x00007ffa06ed0000 - 0x00007ffa06fe6000 	C:\Windows\System32\RPCRT4.dll
0x00007ffa085c0000 - 0x00007ffa08634000 	C:\Windows\System32\WS2_32.dll
0x00007ffa05030000 - 0x00007ffa0507e000 	C:\Windows\SYSTEM32\POWRPROF.dll
0x00007ff9fb860000 - 0x00007ff9fb896000 	C:\Windows\SYSTEM32\WINMM.dll
0x00007ffa02660000 - 0x00007ffa0266b000 	C:\Windows\SYSTEM32\VERSION.dll
0x00007ffa05010000 - 0x00007ffa05024000 	C:\Windows\SYSTEM32\UMPDC.dll
0x00007ffa052d0000 - 0x00007ffa052ea000 	C:\Windows\SYSTEM32\kernel.appcore.dll
0x00007ff9e8420000 - 0x00007ff9e842a000 	D:\Java\Azul JDK\zulu\bin\jimage.dll
0x00007ff9f2dd0000 - 0x00007ff9f3011000 	C:\Windows\SYSTEM32\DBGHELP.DLL
0x00007ffa071f0000 - 0x00007ffa0756c000 	C:\Windows\System32\combase.dll
0x00007ffa086f0000 - 0x00007ffa087c6000 	C:\Windows\System32\OLEAUT32.dll
0x00007ff9cb660000 - 0x00007ff9cb699000 	C:\Windows\SYSTEM32\dbgcore.DLL
0x00007ffa063a0000 - 0x00007ffa06439000 	C:\Windows\System32\bcryptPrimitives.dll
0x00007ff9e8410000 - 0x00007ff9e841f000 	D:\Java\Azul JDK\zulu\bin\instrument.dll
0x00007ff9e1850000 - 0x00007ff9e186e000 	D:\Java\Azul JDK\zulu\bin\java.dll
0x00007ffa080e0000 - 0x00007ffa08279000 	C:\Windows\System32\ole32.dll
0x00007ffa079e0000 - 0x00007ffa080d8000 	C:\Windows\System32\SHELL32.dll
0x00007ffa04120000 - 0x00007ffa0494a000 	C:\Windows\SYSTEM32\windows.storage.dll
0x00007ffa08e00000 - 0x00007ffa08ed3000 	C:\Windows\System32\SHCORE.dll
0x00007ffa06e20000 - 0x00007ffa06e7d000 	C:\Windows\System32\shlwapi.dll
0x00007ffa062c0000 - 0x00007ffa062e9000 	C:\Windows\SYSTEM32\profapi.dll
0x00007ff9c84e0000 - 0x00007ff9c85b7000 	D:\Java\Azul JDK\zulu\bin\jsvml.dll
0x00007ff9e1840000 - 0x00007ff9e1850000 	D:\Java\Azul JDK\zulu\bin\net.dll
0x00007ffa057b0000 - 0x00007ffa05818000 	C:\Windows\system32\mswsock.dll
0x00007ff9d0ea0000 - 0x00007ff9d0eb6000 	D:\Java\Azul JDK\zulu\bin\nio.dll
0x00007ff9d0e80000 - 0x00007ff9d0e97000 	D:\Java\Azul JDK\zulu\bin\zip.dll
0x000001289bc80000 - 0x000001289bc83000 	C:\Users\Kokeshi-Gaming\.openjfx\cache\17.0.6\api-ms-win-core-console-l1-1-0.dll
0x000001289bc90000 - 0x000001289bc93000 	C:\Users\Kokeshi-Gaming\.openjfx\cache\17.0.6\api-ms-win-core-console-l1-2-0.dll
0x000001289bca0000 - 0x000001289bca3000 	C:\Users\Kokeshi-Gaming\.openjfx\cache\17.0.6\api-ms-win-core-datetime-l1-1-0.dll
0x000001289bcb0000 - 0x000001289bcb3000 	C:\Users\Kokeshi-Gaming\.openjfx\cache\17.0.6\api-ms-win-core-debug-l1-1-0.dll
0x000001289bcc0000 - 0x000001289bcc3000 	C:\Users\Kokeshi-Gaming\.openjfx\cache\17.0.6\api-ms-win-core-errorhandling-l1-1-0.dll
0x000001289bcd0000 - 0x000001289bcd4000 	C:\Users\Kokeshi-Gaming\.openjfx\cache\17.0.6\api-ms-win-core-file-l1-1-0.dll
0x000001289bce0000 - 0x000001289bce3000 	C:\Users\Kokeshi-Gaming\.openjfx\cache\17.0.6\api-ms-win-core-file-l1-2-0.dll
0x000001289bcf0000 - 0x000001289bcf3000 	C:\Users\Kokeshi-Gaming\.openjfx\cache\17.0.6\api-ms-win-core-file-l2-1-0.dll
0x000001289bd00000 - 0x000001289bd03000 	C:\Users\Kokeshi-Gaming\.openjfx\cache\17.0.6\api-ms-win-core-handle-l1-1-0.dll
0x000001289bd10000 - 0x000001289bd13000 	C:\Users\Kokeshi-Gaming\.openjfx\cache\17.0.6\api-ms-win-core-heap-l1-1-0.dll
0x000001289bd20000 - 0x000001289bd23000 	C:\Users\Kokeshi-Gaming\.openjfx\cache\17.0.6\api-ms-win-core-interlocked-l1-1-0.dll
0x000001289bd30000 - 0x000001289bd33000 	C:\Users\Kokeshi-Gaming\.openjfx\cache\17.0.6\api-ms-win-core-libraryloader-l1-1-0.dll
0x000001289bd40000 - 0x000001289bd43000 	C:\Users\Kokeshi-Gaming\.openjfx\cache\17.0.6\api-ms-win-core-localization-l1-2-0.dll
0x000001289bd50000 - 0x000001289bd53000 	C:\Users\Kokeshi-Gaming\.openjfx\cache\17.0.6\api-ms-win-core-memory-l1-1-0.dll
0x000001289bd60000 - 0x000001289bd63000 	C:\Users\Kokeshi-Gaming\.openjfx\cache\17.0.6\api-ms-win-core-namedpipe-l1-1-0.dll
0x000001289bd70000 - 0x000001289bd73000 	C:\Users\Kokeshi-Gaming\.openjfx\cache\17.0.6\api-ms-win-core-processenvironment-l1-1-0.dll
0x000001289bd80000 - 0x000001289bd83000 	C:\Users\Kokeshi-Gaming\.openjfx\cache\17.0.6\api-ms-win-core-processthreads-l1-1-0.dll
0x000001289bd90000 - 0x000001289bd93000 	C:\Users\Kokeshi-Gaming\.openjfx\cache\17.0.6\api-ms-win-core-processthreads-l1-1-1.dll
0x000001289bda0000 - 0x000001289bda3000 	C:\Users\Kokeshi-Gaming\.openjfx\cache\17.0.6\api-ms-win-core-profile-l1-1-0.dll
0x000001289bdb0000 - 0x000001289bdb3000 	C:\Users\Kokeshi-Gaming\.openjfx\cache\17.0.6\api-ms-win-core-rtlsupport-l1-1-0.dll
0x000001289bdc0000 - 0x000001289bdc3000 	C:\Users\Kokeshi-Gaming\.openjfx\cache\17.0.6\api-ms-win-core-string-l1-1-0.dll
0x000001289bdd0000 - 0x000001289bdd3000 	C:\Users\Kokeshi-Gaming\.openjfx\cache\17.0.6\api-ms-win-core-synch-l1-1-0.dll
0x000001289bde0000 - 0x000001289bde3000 	C:\Users\Kokeshi-Gaming\.openjfx\cache\17.0.6\api-ms-win-core-synch-l1-2-0.dll
0x000001289bdf0000 - 0x000001289bdf3000 	C:\Users\Kokeshi-Gaming\.openjfx\cache\17.0.6\api-ms-win-core-sysinfo-l1-1-0.dll
0x000001289be00000 - 0x000001289be03000 	C:\Users\Kokeshi-Gaming\.openjfx\cache\17.0.6\api-ms-win-core-timezone-l1-1-0.dll
0x000001289be10000 - 0x000001289be13000 	C:\Users\Kokeshi-Gaming\.openjfx\cache\17.0.6\api-ms-win-core-util-l1-1-0.dll
0x000001289be20000 - 0x000001289be23000 	C:\Users\Kokeshi-Gaming\.openjfx\cache\17.0.6\api-ms-win-crt-conio-l1-1-0.dll
0x000001289be30000 - 0x000001289be34000 	C:\Users\Kokeshi-Gaming\.openjfx\cache\17.0.6\api-ms-win-crt-convert-l1-1-0.dll
0x000001289be40000 - 0x000001289be43000 	C:\Users\Kokeshi-Gaming\.openjfx\cache\17.0.6\api-ms-win-crt-environment-l1-1-0.dll
0x000001289be50000 - 0x000001289be53000 	C:\Users\Kokeshi-Gaming\.openjfx\cache\17.0.6\api-ms-win-crt-filesystem-l1-1-0.dll
0x000001289be60000 - 0x000001289be63000 	C:\Users\Kokeshi-Gaming\.openjfx\cache\17.0.6\api-ms-win-crt-heap-l1-1-0.dll
0x000001289be70000 - 0x000001289be73000 	C:\Users\Kokeshi-Gaming\.openjfx\cache\17.0.6\api-ms-win-crt-locale-l1-1-0.dll
0x000001289be80000 - 0x000001289be85000 	C:\Users\Kokeshi-Gaming\.openjfx\cache\17.0.6\api-ms-win-crt-math-l1-1-0.dll
0x000001289be90000 - 0x000001289be95000 	C:\Users\Kokeshi-Gaming\.openjfx\cache\17.0.6\api-ms-win-crt-multibyte-l1-1-0.dll
0x000001289bea0000 - 0x000001289beb0000 	C:\Users\Kokeshi-Gaming\.openjfx\cache\17.0.6\api-ms-win-crt-private-l1-1-0.dll
0x000001289beb0000 - 0x000001289beb3000 	C:\Users\Kokeshi-Gaming\.openjfx\cache\17.0.6\api-ms-win-crt-process-l1-1-0.dll
0x000001289bec0000 - 0x000001289bec4000 	C:\Users\Kokeshi-Gaming\.openjfx\cache\17.0.6\api-ms-win-crt-runtime-l1-1-0.dll
0x000001289bed0000 - 0x000001289bed4000 	C:\Users\Kokeshi-Gaming\.openjfx\cache\17.0.6\api-ms-win-crt-stdio-l1-1-0.dll
0x000001289bee0000 - 0x000001289bee4000 	C:\Users\Kokeshi-Gaming\.openjfx\cache\17.0.6\api-ms-win-crt-string-l1-1-0.dll
0x000001289bef0000 - 0x000001289bef3000 	C:\Users\Kokeshi-Gaming\.openjfx\cache\17.0.6\api-ms-win-crt-time-l1-1-0.dll
0x000001289bf00000 - 0x000001289bf03000 	C:\Users\Kokeshi-Gaming\.openjfx\cache\17.0.6\api-ms-win-crt-utility-l1-1-0.dll
0x00007ff9c8290000 - 0x00007ff9c838c000 	C:\Users\Kokeshi-Gaming\.openjfx\cache\17.0.6\ucrtbase.dll
0x00007ff9d0e50000 - 0x00007ff9d0e6a000 	C:\Users\Kokeshi-Gaming\.openjfx\cache\17.0.6\vcruntime140.dll
0x00007ff9d0e40000 - 0x00007ff9d0e4c000 	C:\Users\Kokeshi-Gaming\.openjfx\cache\17.0.6\vcruntime140_1.dll
0x00007ff9c5a80000 - 0x00007ff9c5b0d000 	C:\Users\Kokeshi-Gaming\.openjfx\cache\17.0.6\msvcp140.dll
0x00007ff9d0e30000 - 0x00007ff9d0e39000 	C:\Users\Kokeshi-Gaming\.openjfx\cache\17.0.6\msvcp140_1.dll
0x00007ff9cd420000 - 0x00007ff9cd44f000 	C:\Users\Kokeshi-Gaming\.openjfx\cache\17.0.6\msvcp140_2.dll
0x00007ff9ccc90000 - 0x00007ff9cccba000 	C:\Users\Kokeshi-Gaming\.openjfx\cache\17.0.6\prism_d3d.dll
0x00007ff9c3e30000 - 0x00007ff9c3fd6000 	C:\Windows\system32\d3d9.dll
0x00007ffa03a10000 - 0x00007ffa03a3e000 	C:\Windows\SYSTEM32\dwmapi.dll
0x00007ffa03a70000 - 0x00007ffa03ab0000 	C:\Windows\SYSTEM32\dxcore.dll
0x00007ffa03710000 - 0x00007ffa037bd000 	C:\Windows\system32\uxtheme.dll
0x00007ff9a0bd0000 - 0x00007ff9a0e6f000 	C:\Windows\System32\DriverStore\FileRepository\iigd_dch.inf_amd64_7bb1fa07ea2dce86\igdumdim64.dll
0x00007ff99cda0000 - 0x00007ff99e4a0000 	C:\Windows\System32\DriverStore\FileRepository\iigd_dch.inf_amd64_7bb1fa07ea2dce86\igd9dxva64.dll
0x00007ffa08930000 - 0x00007ffa08db5000 	C:\Windows\System32\SETUPAPI.dll
0x00007ffa06050000 - 0x00007ffa060af000 	C:\Windows\SYSTEM32\cfgmgr32.dll
0x00007ff9d57e0000 - 0x00007ff9d7852000 	C:\Windows\System32\DriverStore\FileRepository\iigd_dch.inf_amd64_7bb1fa07ea2dce86\media_bin_64.dll
0x00007ff9fac10000 - 0x00007ff9fb1a1000 	C:\Windows\System32\DriverStore\FileRepository\iigd_dch.inf_amd64_7bb1fa07ea2dce86\igdgmm64.dll
0x00007ffa03840000 - 0x00007ffa03897000 	C:\Windows\SYSTEM32\directxdatabasehelper.dll
0x00007ff9c8240000 - 0x00007ff9c8282000 	C:\Users\Kokeshi-Gaming\.openjfx\cache\17.0.6\glass.dll
0x00007ffa084d0000 - 0x00007ffa085bd000 	C:\Windows\System32\COMDLG32.dll
0x00007ffa087d0000 - 0x00007ffa0892b000 	C:\Windows\System32\MSCTF.dll
0x00007ff9dc0e0000 - 0x00007ff9dc108000 	C:\Windows\System32\DriverStore\FileRepository\iigd_dch.inf_amd64_7bb1fa07ea2dce86\igdinfo64.dll
0x00007ff9f59a0000 - 0x00007ff9faa11000 	C:\Windows\System32\DriverStore\FileRepository\iigd_dch.inf_amd64_7bb1fa07ea2dce86\igc64.dll
0x00007ff9ccc70000 - 0x00007ff9ccc84000 	C:\Users\Kokeshi-Gaming\.openjfx\cache\17.0.6\javafx_font.dll
0x00007ff9ffef0000 - 0x00007ffa00155000 	C:\Windows\SYSTEM32\dwrite.dll
0x00007ffa08280000 - 0x00007ffa08328000 	C:\Windows\System32\clbcatq.dll
0x00007ffa03260000 - 0x00007ffa0348a000 	C:\Windows\SYSTEM32\WindowsCodecs.dll
0x00007ff9dc410000 - 0x00007ff9dc46a000 	C:\Windows\system32\dataexchange.dll
0x00007ff9f4fe0000 - 0x00007ff9f5215000 	C:\Windows\system32\twinapi.appcore.dll
0x00007ff9c0080000 - 0x00007ff9c00ac000 	C:\Program Files\Common Files\Microsoft Shared\Ink\rtscom.dll
0x00007ff9f38f0000 - 0x00007ff9f3a34000 	C:\Windows\SYSTEM32\textinputframework.dll
0x00007ffa009d0000 - 0x00007ffa00af5000 	C:\Windows\SYSTEM32\CoreMessaging.dll
0x00007ff9fd7f0000 - 0x00007ff9fdad3000 	C:\Windows\SYSTEM32\CoreUIComponents.dll
0x00007ff9fe8f0000 - 0x00007ff9fea58000 	C:\Windows\SYSTEM32\wintypes.dll
0x00007ffa059e0000 - 0x00007ffa059ec000 	C:\Windows\SYSTEM32\CRYPTBASE.DLL

dbghelp: loaded successfully - version: 4.0.5 - missing functions: none
symbol engine: initialized successfully - sym options: 0x614 - pdb path: .;D:\Java\Azul JDK\zulu\bin;C:\Windows\SYSTEM32;C:\Windows\WinSxS\amd64_microsoft.windows.common-controls_6595b64144ccf1df_6.0.26100.1882_none_3e0e949ae32eca40;D:\Java\Azul JDK\zulu\bin\server;C:\Users\Kokeshi-Gaming\.openjfx\cache\17.0.6;C:\Windows\System32\DriverStore\FileRepository\iigd_dch.inf_amd64_7bb1fa07ea2dce86;C:\Program Files\Common Files\Microsoft Shared\Ink

VM Arguments:
jvm_args: -javaagent:D:\Java\IntelliJ IDEA\lib\idea_rt.jar=52145 -Dfile.encoding=UTF-8 -Dsun.stdout.encoding=UTF-8 -Dsun.stderr.encoding=UTF-8 --module-path=D:\Java\Projects\PrintingPOS\target\classes;C:\Users\Kokeshi-Gaming\.m2\repository\org\openjfx\javafx-fxml\17.0.6\javafx-fxml-17.0.6-win.jar;C:\Users\Kokeshi-Gaming\.m2\repository\org\openjfx\javafx-graphics\17.0.6\javafx-graphics-17.0.6-win.jar;C:\Users\Kokeshi-Gaming\.m2\repository\org\openjfx\javafx-base\17.0.6\javafx-base-17.0.6-win.jar;C:\Users\Kokeshi-Gaming\.m2\repository\org\openjfx\javafx-controls\17.0.6\javafx-controls-17.0.6-win.jar -Djdk.module.main=com.pp.s.printingpos 
java_command: com.pp.s.printingpos/com.pp.s.printingpos.PrintPOSApplication
java_class_path (initial): C:\Users\Kokeshi-Gaming\.m2\repository\org\openjfx\javafx-controls\17.0.6\javafx-controls-17.0.6.jar;C:\Users\Kokeshi-Gaming\.m2\repository\org\openjfx\javafx-graphics\17.0.6\javafx-graphics-17.0.6.jar;C:\Users\Kokeshi-Gaming\.m2\repository\org\openjfx\javafx-base\17.0.6\javafx-base-17.0.6.jar;C:\Users\Kokeshi-Gaming\.m2\repository\org\openjfx\javafx-fxml\17.0.6\javafx-fxml-17.0.6.jar
Launcher Type: SUN_STANDARD

[Global flags]
     intx CICompilerCount                          = 4                                         {product} {ergonomic}
     uint ConcGCThreads                            = 2                                         {product} {ergonomic}
     uint G1ConcRefinementThreads                  = 8                                         {product} {ergonomic}
   size_t G1HeapRegionSize                         = 1048576                                   {product} {ergonomic}
   size_t InitialHeapSize                          = 132120576                                 {product} {ergonomic}
   size_t MarkStackSize                            = 4194304                                   {product} {ergonomic}
   size_t MarkStackSizeMax                         = 536870912                                 {product} {ergonomic}
   size_t MaxHeapSize                              = 2090860544                                {product} {ergonomic}
   size_t MaxNewSize                               = 1254096896                                {product} {ergonomic}
   size_t MinHeapDeltaBytes                        = 1048576                                   {product} {ergonomic}
   size_t MinHeapSize                              = 8388608                                   {product} {ergonomic}
    uintx NonNMethodCodeHeapSize                   = 5832704                                {pd product} {ergonomic}
    uintx NonProfiledCodeHeapSize                  = 122945536                              {pd product} {ergonomic}
    uintx ProfiledCodeHeapSize                     = 122880000                              {pd product} {ergonomic}
    uintx ReservedCodeCacheSize                    = 251658240                              {pd product} {ergonomic}
     bool SegmentedCodeCache                       = true                                      {product} {ergonomic}
   size_t SoftMaxHeapSize                          = 2090860544                             {manageable} {ergonomic}
     bool UseCompressedOops                        = true                           {product lp64_product} {ergonomic}
     bool UseG1GC                                  = true                                      {product} {ergonomic}
     bool UseLargePagesIndividualAllocation        = false                                  {pd product} {ergonomic}

Logging:
Log output configuration:
 #0: stdout all=off uptime,level,tags foldmultilines=false
 #1: stderr all=off uptime,level,tags foldmultilines=false

Environment Variables:
JAVA_HOME=D:\Java\Azul JDK\zulu\
PATH=D:\Java\Azul JDK\zulu\bin\;C:\Program Files\Common Files\Oracle\Java\javapath;C:\Program Files (x86)\Common Files\Oracle\Java\java8path;C:\Program Files (x86)\Common Files\Oracle\Java\javapath;C:\Program Files\Eclipse Adoptium\jdk-21.0.5.11-hotspot\bin;C:\Windows\system32;C:\Windows;C:\Windows\System32\Wbem;C:\Windows\System32\WindowsPowerShell\v1.0\;C:\Windows\System32\OpenSSH\;C:\Program Files\dotnet\;C:\Program Files\WindowsPowerShell\Scripts;C:\Python313\Scripts\;C:\Python313\;C:\Users\Kokeshi-Gaming\AppData\Local\Programs\Python\Launcher\;C:\Users\Kokeshi-Gaming\AppData\Local\Microsoft\WindowsApps;D:\Programming\Editors\Microsoft VS Code\bin;C:\Users\Kokeshi-Gaming\.dotnet\tools;D:\Programming\Editors\PyCharm\bin;;D:\Java\IntelliJ IDEA\bin;
USERNAME=Kokeshi-Gaming
OS=Windows_NT
PROCESSOR_IDENTIFIER=Intel64 Family 6 Model 140 Stepping 2, GenuineIntel
TMP=C:\Users\KOKESH~1\AppData\Local\Temp
TEMP=C:\Users\KOKESH~1\AppData\Local\Temp




Periodic native trim disabled

---------------  S Y S T E M  ---------------

OS:
 Windows 11 , 64 bit Build 26100 (10.0.26100.1882)
OS uptime: 0 days 10:25 hours
Hyper-V role detected

CPU: total 8 (initial active 8) (4 cores per cpu, 2 threads per core) family 6 model 140 stepping 2 microcode 0x16, cx8, cmov, fxsr, ht, mmx, 3dnowpref, sse, sse2, sse3, ssse3, sse4.1, sse4.2, popcnt, lzcnt, tsc, tscinvbit, avx, avx2, aes, erms, clmul, bmi1, bmi2, adx, avx512f, avx512dq, avx512cd, avx512bw, avx512vl, sha, fma, vzeroupper, avx512_vpopcntdq, avx512_vpclmulqdq, avx512_vaes, avx512_vnni, clflush, clflushopt, clwb, avx512_vbmi2, avx512_vbmi, hv, rdtscp, rdpid, fsrm, gfni, avx512_bitalg, f16c, cet_ibt, cet_ss, avx512_ifma
Processor Information for the first 8 processors :
  Max Mhz: 2496, Current Mhz: 2496, Mhz Limit: 2496

Memory: 4k page, system-wide physical 7975M (1443M free)
TotalPageFile size 12839M (AvailPageFile size 2750M)
current process WorkingSet (physical memory assigned to process): 208M, peak: 211M
current process commit charge ("private bytes"): 320M, peak: 333M

vm_info: OpenJDK 64-Bit Server VM (24+36) for windows-amd64 JRE (24+36) (Zulu24.28+83-CA), built on 2025-02-26T13:03:31Z with MS VC++ 17.1 (VS2022)

END.
