#
# A fatal error has been detected by the Java Runtime Environment:
#
#  EXCEPTION_ACCESS_VIOLATION (0xc0000005) at pc=0x00007ff84b7a6b07, pid=11472, tid=6476
#
# JRE version: OpenJDK Runtime Environment Zulu24.28+83-CA (24.0+36) (build 24+36)
# Java VM: OpenJDK 64-Bit Server VM Zulu24.28+83-CA (24+36, mixed mode, sharing, tiered, compressed oops, compressed class ptrs, g1 gc, windows-amd64)
# Problematic frame:
# C  [glass.dll+0x26b07]
#
# No core dump will be written. Minidumps are not enabled by default on client versions of Windows
#
# If you would like to submit a bug report, please visit:
#   http://www.azul.com/support/
#

---------------  S U M M A R Y ------------

Command Line: -javaagent:D:\Java\IntelliJ IDEA\lib\idea_rt.jar=49717 -Dfile.encoding=UTF-8 -Dsun.stdout.encoding=UTF-8 -Dsun.stderr.encoding=UTF-8 --module-path=C:\Users\Kokeshi-Gaming\.m2\repository\org\openjfx\javafx-controls\17.0.6\javafx-controls-17.0.6-win.jar;D:\Java\Projects\PrintingPOS\target\classes;C:\Users\Kokeshi-Gaming\.m2\repository\org\openjfx\javafx-base\17.0.6\javafx-base-17.0.6-win.jar;C:\Users\Kokeshi-Gaming\.m2\repository\org\openjfx\javafx-fxml\17.0.6\javafx-fxml-17.0.6-win.jar;C:\Users\Kokeshi-Gaming\.m2\repository\org\openjfx\javafx-graphics\17.0.6\javafx-graphics-17.0.6-win.jar -Djdk.module.main=com.pp.s.printingpos com.pp.s.printingpos/com.pp.s.printingpos.PrintPOSApplication

Host: 11th Gen Intel(R) Core(TM) i5-1155G7 @ 2.50GHz, 8 cores, 7G,  Windows 11 , 64 bit Build 26100 (10.0.26100.1882)
Time: Thu May 15 16:11:12 2025 China Standard Time elapsed time: 84.676077 seconds (0d 0h 1m 24s)

---------------  T H R E A D  ---------------

Current thread (0x0000019fe2651410):  VMThread "VM Thread"          [id=6476, stack(0x00000038d5700000,0x00000038d5800000) (1024K)]

Stack: [0x00000038d5700000,0x00000038d5800000],  sp=0x00000038d57fece0,  free space=1019k
Native frames: (J=compiled Java code, j=interpreted, Vv=VM code, C=native code)
C  [glass.dll+0x26b07]  (no source info available)
C  [ucrtbase.dll+0x1cf05]  (no source info available)
C  [ucrtbase.dll+0x1ce27]  (no source info available)
C  [ucrtbase.dll+0x1cddd]  (no source info available)
C  [glass.dll+0x24261]  (no source info available)
C  [glass.dll+0x24386]  (no source info available)
C  [ntdll.dll+0x1d860]  (no source info available)
C  [ntdll.dll+0x86a40]  (no source info available)
C  [ntdll.dll+0x85c04]  (no source info available)
C  [KERNEL32.DLL+0x41f9b]  (no source info available)
C  [ucrtbase.dll+0xa0543]  (no source info available)
V  [jvm.dll+0x739d0c]  (no source info available)
V  [jvm.dll+0x739840]  (no source info available)
V  [jvm.dll+0x429b14]  (no source info available)
V  [jvm.dll+0x986c1a]  (no source info available)
V  [jvm.dll+0x987f5c]  (no source info available)
V  [jvm.dll+0x9884c8]  (no source info available)
V  [jvm.dll+0x988763]  (no source info available)
V  [jvm.dll+0x920b08]  (no source info available)
V  [jvm.dll+0x73fab5]  (no source info available)
C  [ucrtbase.dll+0x14ea0]  (no source info available)
C  [KERNEL32.DLL+0x2dbe7]  (no source info available)
C  [ntdll.dll+0x85a4c]  (no source info available)


siginfo: EXCEPTION_ACCESS_VIOLATION (0xc0000005), reading address 0x0000000000000000


Registers:
RAX=0x0000000000000000, RBX=0x0000019fe27a7a5a, RCX=0x0000019fe2651410, RDX=0x00000038d57fece0
RSP=0x00000038d57fece0, RBP=0x0000c37e6f9c6ca3, RSI=0x0000019fc2396e98, RDI=0x0000019fc2396e70
R8 =0x0000000000010002, R9 =0x0000c37e6f9c6ca3, R10=0x0000019fc32a0000, R11=0x00000038d57fedc8
R12=0x0000000000000001, R13=0x000000007ffe0385, R14=0x00000038d57fede8, R15=0x0000019fc2396e70
RIP=0x00007ff84b7a6b07, EFLAGS=0x0000000000010206

XMM[0]=0x0000000000000000 0x0000000000000000
XMM[1]=0x0000000000000000 0x0000000000000000
XMM[2]=0x0000000000000000 0x0000000000000000
XMM[3]=0x0000000000000000 0x0000000000000000
XMM[4]=0x0000000000000000 0x0000000000000000
XMM[5]=0x0000000000000000 0x0000000000000000
XMM[6]=0x0000000000000000 0x0000000000000000
XMM[7]=0x0000000000000000 0x404e000000000000
XMM[8]=0x0000000000000000 0x0000000000000000
XMM[9]=0x0000000000000000 0x0000000000000000
XMM[10]=0x0000000000000000 0x0000000000000000
XMM[11]=0x0000000000000000 0x0000000000000000
XMM[12]=0x0000000000000000 0x0000000000000000
XMM[13]=0x0000000000000000 0x0000000000000000
XMM[14]=0x0000000000000000 0x0000000000000000
XMM[15]=0x0000000000000000 0x0000000000000000
  MXCSR=0x00001fa0


Register to memory mapping:

RAX=0x0 is null
RBX=0x0000019fe27a7a5a is a global jni handle
RCX=0x0000019fe2651410 points into unknown readable memory: 0x00007ff804e2c750 | 50 c7 e2 04 f8 7f 00 00
RDX=0x00000038d57fece0 points into unknown readable memory: 0x0000000000000000 | 00 00 00 00 00 00 00 00
RSP=0x00000038d57fece0 points into unknown readable memory: 0x0000000000000000 | 00 00 00 00 00 00 00 00
RBP=0x0000c37e6f9c6ca3 is an unknown value
RSI=0x0000019fc2396e98 points into unknown readable memory: 0x0000c37e6f9c6ca3 | a3 6c 9c 6f 7e c3 00 00
RDI=0x0000019fc2396e70 points into unknown readable memory: 0x5bd1341e6f9f9361 | 61 93 9f 6f 1e 34 d1 5b
R8 =0x0000000000010002 is an unknown value
R9 =0x0000c37e6f9c6ca3 is an unknown value
R10=0x0000019fc32a0000 points into unknown readable memory: 0x0000000000000000 | 00 00 00 00 00 00 00 00
R11=0x00000038d57fedc8 points into unknown readable memory: 0x00007ff84b7a4261 | 61 42 7a 4b f8 7f 00 00
R12=0x0000000000000001 is an unknown value
R13=0x000000007ffe0385 points into unknown readable memory: 00 00 00
R14=0x00000038d57fede8 points into unknown readable memory: 0x00000038d57fedd0 | d0 ed 7f d5 38 00 00 00
R15=0x0000019fc2396e70 points into unknown readable memory: 0x5bd1341e6f9f9361 | 61 93 9f 6f 1e 34 d1 5b

Top of Stack: (sp=0x00000038d57fece0)
0x00000038d57fece0:   0000000000000000 0000019f00000000   ................
0x00000038d57fecf0:   0000019fc23f78c0 0000000000000001   .x?.............
0x00000038d57fed00:   0000019fc2396e78 00007ff852a7cf05   xn9........R....
0x00000038d57fed10:   0000019fc2396e70 0000019f00000000   pn9.............
0x00000038d57fed20:   0000019fc2396e90 0000c37e6f9c6ca3   .n9......l.o~...
0x00000038d57fed30:   fffffffffffffffe 00007ff852f1b88b   ...........R....
0x00000038d57fed40:   00007ff84b780000 00007ff84b780000   ..xK......xK....
0x00000038d57fed50:   00000038d57fedd8 00007ff852a7ce27   ....8...'..R....
0x00000038d57fed60:   00000038d57fed00 00000038d57fede8   ....8.......8...
0x00000038d57fed70:   00000038d57ff310 00007ff852b988c0   ....8......R....
0x00000038d57fed80:   0000000000000001 00007ff852a7cddd   ...........R....
0x00000038d57fed90:   0000000000000000 0000000000000001   ................
0x00000038d57feda0:   0000000000000000 00000038d57fedd8   ............8...
0x00000038d57fedb0:   fffffffffffffffe 00000038d57ff300   ............8...
0x00000038d57fedc0:   0000000000000000 00007ff84b7a4261   ........aBzK....
0x00000038d57fedd0:   00007ff84b7ba138 00007ff800000002   8.{K............
0x00000038d57fede0:   0000000000000002 00000038d57fedd0   ............8...
0x00000038d57fedf0:   00007ff841430000 0000000000000000   ..CA............
0x00000038d57fee00:   0000000000000000 00007ff84b7a4386   .........CzK....
0x00000038d57fee10:   0000000000000001 000000007ffe0384   ................
0x00000038d57fee20:   0000000000000001 0000007a0000007a   ........z...z...
0x00000038d57fee30:   0000000000000001 00007ff851f4277e   ........~'.Q....
0x00000038d57fee40:   0000000000000001 000000000000007a   ........z.......
0x00000038d57fee50:   0000000000000000 0000000000000001   ................
0x00000038d57fee60:   00007ff84b7a43d4 00007ff85551d860   .CzK....`.QU....
0x00000038d57fee70:   00007ff84b780000 00007ff800000000   ..xK............
0x00000038d57fee80:   0000000000000001 000000007ffe0384   ................
0x00000038d57fee90:   000000000000008d 0000000000000000   ................
0x00000038d57feea0:   0000000000000000 0000000000000000   ................
0x00000038d57feeb0:   00007ff84b780000 ffff0a7300000000   ..xK........s...
0x00000038d57feec0:   0000000000000078 0000000000000000   x...............
0x00000038d57feed0:   0000000000000000 0000019fe279bcc0   ..........y.....

Instructions: (pc=0x00007ff84b7a6b07)
  0x00007ff84b7a6a07:   8b 4d 58 e8 01 cf ff ff 48 8b 4d 60 e8 f8 ce ff
  0x00007ff84b7a6a17:   ff 48 8b 95 80 00 00 00 48 8b 8d 18 01 00 00 e8
  0x00007ff84b7a6a27:   c6 c3 ff ff 33 d2 33 c9 e8 3c e1 ff ff 90 48 89
  0x00007ff84b7a6a37:   54 24 10 55 48 83 ec 20 48 8b ea 48 b8 00 00 00
  0x00007ff84b7a6a47:   00 00 00 00 00 48 83 c4 20 5d c3 cc 40 55 48 8b
  0x00007ff84b7a6a57:   ea 48 8b 01 33 c9 81 38 05 00 00 c0 0f 94 c1 8b
  0x00007ff84b7a6a67:   c1 5d c3 cc 40 55 48 83 ec 20 48 8b ea 8a 4d 40
  0x00007ff84b7a6a77:   48 83 c4 20 5d e9 f7 d2 ff ff cc 40 55 48 83 ec
  0x00007ff84b7a6a87:   20 48 8b ea 8a 4d 20 e8 e5 d2 ff ff 90 48 83 c4
  0x00007ff84b7a6a97:   20 5d c3 cc 40 55 48 83 ec 20 48 8b ea 48 83 c4
  0x00007ff84b7a6aa7:   20 5d e9 46 d1 ff ff cc 40 55 48 83 ec 30 48 8b
  0x00007ff84b7a6ab7:   ea 48 8b 01 8b 10 48 89 4c 24 28 89 54 24 20 4c
  0x00007ff84b7a6ac7:   8d 0d e7 d5 ff ff 4c 8b 45 70 8b 55 68 48 8b 4d
  0x00007ff84b7a6ad7:   60 e8 87 d0 ff ff 90 48 83 c4 30 5d c3 cc cc cc
  0x00007ff84b7a6ae7:   cc cc cc cc cc cc cc cc cc 40 53 48 83 ec 20 48
  0x00007ff84b7a6af7:   8b 1d 33 30 01 00 48 85 db 74 16 e8 09 8b ff ff
=>0x00007ff84b7a6b07:   4c 8b 00 48 8b d3 48 8b c8 41 ff 90 b0 00 00 00
  0x00007ff84b7a6b17:   90 48 83 c4 20 5b c3 cc cc 40 53 48 83 ec 20 48
  0x00007ff84b7a6b27:   8b 1d ab 31 01 00 48 85 db 74 57 b8 ff ff ff ff
  0x00007ff84b7a6b37:   f0 0f c1 43 10 83 f8 01 75 3d 48 85 db 74 38 48
  0x00007ff84b7a6b47:   8b 0b 48 85 c9 74 0d ff 15 54 07 00 00 48 c7 03
  0x00007ff84b7a6b57:   00 00 00 00 48 8b 4b 08 48 85 c9 74 0d e8 a7 cd
  0x00007ff84b7a6b67:   ff ff 48 c7 43 08 00 00 00 00 ba 18 00 00 00 48
  0x00007ff84b7a6b77:   8b cb e8 92 cd ff ff 48 c7 05 4f 31 01 00 00 00
  0x00007ff84b7a6b87:   00 00 48 83 c4 20 5b c3 cc 40 53 48 83 ec 20 48
  0x00007ff84b7a6b97:   8b 1d 1b 31 01 00 48 85 db 74 57 b8 ff ff ff ff
  0x00007ff84b7a6ba7:   f0 0f c1 43 10 83 f8 01 75 3d 48 85 db 74 38 48
  0x00007ff84b7a6bb7:   8b 0b 48 85 c9 74 0d ff 15 e4 06 00 00 48 c7 03
  0x00007ff84b7a6bc7:   00 00 00 00 48 8b 4b 08 48 85 c9 74 0d e8 37 cd
  0x00007ff84b7a6bd7:   ff ff 48 c7 43 08 00 00 00 00 ba 18 00 00 00 48
  0x00007ff84b7a6be7:   8b cb e8 22 cd ff ff 48 c7 05 bf 30 01 00 00 00
  0x00007ff84b7a6bf7:   00 00 48 83 c4 20 5b c3 cc 40 53 48 83 ec 20 48


Stack slot to memory mapping:

stack at sp + 0 slots: 0x0 is null
stack at sp + 1 slots: 0x0000019f00000000 is an unknown value
stack at sp + 2 slots: 0x0000019fc23f78c0 points into unknown readable memory: 0x0000019fc23f8310 | 10 83 3f c2 9f 01 00 00
stack at sp + 3 slots: 0x0000000000000001 is an unknown value
stack at sp + 4 slots: 0x0000019fc2396e78 points into unknown readable memory: 0x0000c37e6f9c6ca3 | a3 6c 9c 6f 7e c3 00 00
stack at sp + 5 slots: 0x00007ff852a7cf05 ucrtbase.dll
stack at sp + 6 slots: 0x0000019fc2396e70 points into unknown readable memory: 0x5bd1341e6f9f9361 | 61 93 9f 6f 1e 34 d1 5b
stack at sp + 7 slots: 0x0000019f00000000 is an unknown value

VM_Operation (0x00000038d67fa2a0): Exit, mode: safepoint, requested by thread 0x0000019fc19d4b90


---------------  P R O C E S S  ---------------

Threads class SMR info:
_java_thread_list=0x0000019fc21e7cd0, length=18, elements={
0x0000019fc33934e0, 0x0000019fe27ab5b0, 0x0000019fe27abcf0, 0x0000019fe27be2a0,
0x0000019fe27bf140, 0x0000019fe27c0500, 0x0000019fe27c6770, 0x0000019fe27ccee0,
0x0000019fc10a7300, 0x0000019fc1804760, 0x0000019fc19d35a0, 0x0000019fc19d3cf0,
0x0000019fc19d4440, 0x0000019fc19d4b90, 0x0000019fc19d52e0, 0x0000019fc19d2e50,
0x0000019fc19d2700, 0x0000019fc297ebe0
}

Java Threads: ( => current thread )
  0x0000019fc33934e0 JavaThread "main"                              [_thread_blocked, id=11940, stack(0x00000038d5000000,0x00000038d5100000) (1024K)]
  0x0000019fe27ab5b0 JavaThread "Reference Handler"          daemon [_thread_blocked, id=10604, stack(0x00000038d5800000,0x00000038d5900000) (1024K)]
  0x0000019fe27abcf0 JavaThread "Finalizer"                  daemon [_thread_blocked, id=10464, stack(0x00000038d5900000,0x00000038d5a00000) (1024K)]
  0x0000019fe27be2a0 JavaThread "Attach Listener"            daemon [_thread_blocked, id=10816, stack(0x00000038d5b00000,0x00000038d5c00000) (1024K)]
  0x0000019fe27bf140 JavaThread "Service Thread"             daemon [_thread_blocked, id=12004, stack(0x00000038d5c00000,0x00000038d5d00000) (1024K)]
  0x0000019fe27c0500 JavaThread "Monitor Deflation Thread"   daemon [_thread_blocked, id=12088, stack(0x00000038d5d00000,0x00000038d5e00000) (1024K)]
  0x0000019fe27c6770 JavaThread "C2 CompilerThread0"         daemon [_thread_blocked, id=11972, stack(0x00000038d5e00000,0x00000038d5f00000) (1024K)]
  0x0000019fe27ccee0 JavaThread "C1 CompilerThread0"         daemon [_thread_blocked, id=12136, stack(0x00000038d5f00000,0x00000038d6000000) (1024K)]
  0x0000019fc10a7300 JavaThread "Common-Cleaner"             daemon [_thread_blocked, id=11620, stack(0x00000038d6000000,0x00000038d6100000) (1024K)]
  0x0000019fc1804760 JavaThread "Monitor Ctrl-Break"         daemon [_thread_in_native, id=12192, stack(0x00000038d6300000,0x00000038d6400000) (1024K)]
  0x0000019fc19d35a0 JavaThread "Notification Thread"        daemon [_thread_blocked, id=948, stack(0x00000038d6400000,0x00000038d6500000) (1024K)]
  0x0000019fc19d3cf0 JavaThread "QuantumRenderer-0"          daemon [_thread_blocked, id=8068, stack(0x00000038d6500000,0x00000038d6600000) (1024K)]
  0x0000019fc19d4440 JavaThread "InvokeLaterDispatcher"      daemon [_thread_blocked, id=12256, stack(0x00000038d6600000,0x00000038d6700000) (1024K)]
  0x0000019fc19d4b90 JavaThread "JavaFX Application Thread"         [_thread_blocked, id=12024, stack(0x00000038d6700000,0x00000038d6800000) (1024K)]
  0x0000019fc19d52e0 JavaThread "JavaFX-Launcher"                   [_thread_blocked, id=1120, stack(0x00000038d6c00000,0x00000038d6d00000) (1024K)]
  0x0000019fc19d2e50 JavaThread "Thread-2"                   daemon [_thread_in_native, id=1072, stack(0x00000038d6b00000,0x00000038d6c00000) (1024K)]
  0x0000019fc19d2700 JavaThread "Prism Font Disposer"        daemon [_thread_blocked, id=1808, stack(0x00000038d7400000,0x00000038d7500000) (1024K)]
  0x0000019fc297ebe0 JavaThread "Cleaner-0"                  daemon [_thread_blocked, id=2160, stack(0x00000038d7500000,0x00000038d7600000) (1024K)]
Total: 18

Other Threads:
=>0x0000019fe2651410 VMThread "VM Thread"                           [id=6476, stack(0x00000038d5700000,0x00000038d5800000) (1024K)]
  0x0000019fc576f490 WorkerThread "GC Thread#0"                     [id=11956, stack(0x00000038d5100000,0x00000038d5200000) (1024K)]
  0x0000019fe2651060 WorkerThread "GC Thread#1"                     [id=1424, stack(0x00000038d6200000,0x00000038d6300000) (1024K)]
  0x0000019fe264fdf0 WorkerThread "GC Thread#2"                     [id=1420, stack(0x00000038d6d00000,0x00000038d6e00000) (1024K)]
  0x0000019fe2650cb0 WorkerThread "GC Thread#3"                     [id=1632, stack(0x00000038d6e00000,0x00000038d6f00000) (1024K)]
  0x0000019fc2931590 WorkerThread "GC Thread#4"                     [id=1652, stack(0x00000038d6f00000,0x00000038d7000000) (1024K)]
  0x0000019fc292ed00 WorkerThread "GC Thread#5"                     [id=1656, stack(0x00000038d7000000,0x00000038d7100000) (1024K)]
  0x0000019fc292e5a0 WorkerThread "GC Thread#6"                     [id=2972, stack(0x00000038d6100000,0x00000038d6200000) (1024K)]
  0x0000019fc292da90 WorkerThread "GC Thread#7"                     [id=2940, stack(0x00000038d7600000,0x00000038d7700000) (1024K)]
  0x0000019fc5784be0 ConcurrentGCThread "G1 Main Marker"            terminated
  0x0000019fc5785e90 WorkerThread "G1 Conc#0"                       [id=10268, stack(0x00000038d5300000,0x00000038d5400000) (1024K)]
  0x0000019fe2643560 ConcurrentGCThread "G1 Refine#0"               terminated
  0x0000019fe26451a0 ConcurrentGCThread "G1 Service"                terminated
Total: 13

Threads with active compile tasks:
C2 CompilerThread0  84826 4589       4       jdk.internal.classfile.impl.BufWriterImpl::writeU1 (24 bytes)
Total: 1

VM state: at safepoint (shutting down)

VM Mutex/Monitor currently owned by a thread:  ([mutex/lock_event])
[0x00007ff805024fd0] Threads_lock - owner thread: 0x0000019fe2651410
[0x00007ff8050250d0] Heap_lock - owner thread: 0x0000019fc19d4b90

Heap address: 0x0000000083600000, size: 1994 MB, Compressed Oops mode: 32-bit

CDS archive(s) mapped at: [0x0000019f80000000-0x0000019f80d40000-0x0000019f80d40000), size 13893632, SharedBaseAddress: 0x0000019f80000000, ArchiveRelocationMode: 1.
Compressed class space mapped at: 0x0000019f81000000-0x0000019fc1000000, reserved size: 1073741824
UseCompressedClassPointers 1, UseCompactObjectHeaders 0
Narrow klass pointer bits 32, Max shift 3
Narrow klass base: 0x0000019f80000000, Narrow klass shift: 0
Encoding Range: [0x0000019f80000000 - 0x000001a080000000), (4294967296 bytes)
Klass Range:    [0x0000019f80000000 - 0x0000019fc1000000), (1090519040 bytes)
Klass ID Range:  [8 - 1090519033) (1090519025)

GC Precious Log:
 CardTable entry size: 512
 Card Set container configuration: InlinePtr #cards 5 size 8 Array Of Cards #cards 10 size 36 Howl #buckets 4 coarsen threshold 1843 Howl Bitmap #cards 512 size 80 coarsen threshold 460 Card regions per heap region 1 cards per card region 2048
 CPUs: 8 total, 8 available
 Memory: 7975M
 Large Page Support: Disabled
 NUMA Support: Disabled
 Compressed Oops: Enabled (32-bit)
 Heap Region Size: 1M
 Heap Min Capacity: 8M
 Heap Initial Capacity: 126M
 Heap Max Capacity: 1994M
 Pre-touch: Disabled
 Parallel Workers: 8
 Concurrent Workers: 2
 Concurrent Refinement Workers: 8
 Periodic GC: Disabled

Heap:
 garbage-first heap   total reserved 2041856K, committed 131072K, used 18656K [0x0000000083600000, 0x0000000100000000)
  region size 1024K, 12 young (12288K), 5 survivors (5120K)
 Metaspace       used 19136K, committed 19456K, reserved 1114112K
  class space    used 2415K, committed 2560K, reserved 1048576K

Heap Regions: E=young(eden), S=young(survivor), O=old, HS=humongous(starts), HC=humongous(continues), CS=collection set, F=free, TAMS=top-at-mark-start, PB=parsable bottom
|   0|0x0000000083600000, 0x0000000083700000, 0x0000000083700000|100%|HS|  |TAMS 0x0000000083600000| PB 0x0000000083600000| Complete |  0
|   1|0x0000000083700000, 0x0000000083800000, 0x0000000083800000|100%|HC|  |TAMS 0x0000000083700000| PB 0x0000000083700000| Complete |  0
|   2|0x0000000083800000, 0x0000000083900000, 0x0000000083900000|100%| O|  |TAMS 0x0000000083800000| PB 0x0000000083800000| Untracked |  0
|   3|0x0000000083900000, 0x0000000083a00000, 0x0000000083a00000|100%| O|  |TAMS 0x0000000083900000| PB 0x0000000083900000| Untracked |  0
|   4|0x0000000083a00000, 0x0000000083b00000, 0x0000000083b00000|100%| O|  |TAMS 0x0000000083a00000| PB 0x0000000083a00000| Untracked |  0
|   5|0x0000000083b00000, 0x0000000083c00000, 0x0000000083c00000|100%| O|  |TAMS 0x0000000083b00000| PB 0x0000000083b00000| Untracked |  0
|   6|0x0000000083c00000, 0x0000000083c00000, 0x0000000083d00000|  0%| F|  |TAMS 0x0000000083c00000| PB 0x0000000083c00000| Untracked |  0
|   7|0x0000000083d00000, 0x0000000083d00000, 0x0000000083e00000|  0%| F|  |TAMS 0x0000000083d00000| PB 0x0000000083d00000| Untracked |  0
|   8|0x0000000083e00000, 0x0000000083e00000, 0x0000000083f00000|  0%| F|  |TAMS 0x0000000083e00000| PB 0x0000000083e00000| Untracked |  0
|   9|0x0000000083f00000, 0x0000000083f00000, 0x0000000084000000|  0%| F|  |TAMS 0x0000000083f00000| PB 0x0000000083f00000| Untracked |  0
|  10|0x0000000084000000, 0x0000000084000000, 0x0000000084100000|  0%| F|  |TAMS 0x0000000084000000| PB 0x0000000084000000| Untracked |  0
|  11|0x0000000084100000, 0x0000000084100000, 0x0000000084200000|  0%| F|  |TAMS 0x0000000084100000| PB 0x0000000084100000| Untracked |  0
|  12|0x0000000084200000, 0x0000000084200000, 0x0000000084300000|  0%| F|  |TAMS 0x0000000084200000| PB 0x0000000084200000| Untracked |  0
|  13|0x0000000084300000, 0x0000000084300000, 0x0000000084400000|  0%| F|  |TAMS 0x0000000084300000| PB 0x0000000084300000| Untracked |  0
|  14|0x0000000084400000, 0x0000000084400000, 0x0000000084500000|  0%| F|  |TAMS 0x0000000084400000| PB 0x0000000084400000| Untracked |  0
|  15|0x0000000084500000, 0x0000000084500000, 0x0000000084600000|  0%| F|  |TAMS 0x0000000084500000| PB 0x0000000084500000| Untracked |  0
|  16|0x0000000084600000, 0x0000000084600000, 0x0000000084700000|  0%| F|  |TAMS 0x0000000084600000| PB 0x0000000084600000| Untracked |  0
|  17|0x0000000084700000, 0x0000000084700000, 0x0000000084800000|  0%| F|  |TAMS 0x0000000084700000| PB 0x0000000084700000| Untracked |  0
|  18|0x0000000084800000, 0x0000000084800000, 0x0000000084900000|  0%| F|  |TAMS 0x0000000084800000| PB 0x0000000084800000| Untracked |  0
|  19|0x0000000084900000, 0x0000000084900000, 0x0000000084a00000|  0%| F|  |TAMS 0x0000000084900000| PB 0x0000000084900000| Untracked |  0
|  20|0x0000000084a00000, 0x0000000084a00000, 0x0000000084b00000|  0%| F|  |TAMS 0x0000000084a00000| PB 0x0000000084a00000| Untracked |  0
|  21|0x0000000084b00000, 0x0000000084b00000, 0x0000000084c00000|  0%| F|  |TAMS 0x0000000084b00000| PB 0x0000000084b00000| Untracked |  0
|  22|0x0000000084c00000, 0x0000000084c00000, 0x0000000084d00000|  0%| F|  |TAMS 0x0000000084c00000| PB 0x0000000084c00000| Untracked |  0
|  23|0x0000000084d00000, 0x0000000084d00000, 0x0000000084e00000|  0%| F|  |TAMS 0x0000000084d00000| PB 0x0000000084d00000| Untracked |  0
|  24|0x0000000084e00000, 0x0000000084e00000, 0x0000000084f00000|  0%| F|  |TAMS 0x0000000084e00000| PB 0x0000000084e00000| Untracked |  0
|  25|0x0000000084f00000, 0x0000000084f00000, 0x0000000085000000|  0%| F|  |TAMS 0x0000000084f00000| PB 0x0000000084f00000| Untracked |  0
|  26|0x0000000085000000, 0x0000000085000000, 0x0000000085100000|  0%| F|  |TAMS 0x0000000085000000| PB 0x0000000085000000| Untracked |  0
|  27|0x0000000085100000, 0x0000000085100000, 0x0000000085200000|  0%| F|  |TAMS 0x0000000085100000| PB 0x0000000085100000| Untracked |  0
|  28|0x0000000085200000, 0x0000000085200000, 0x0000000085300000|  0%| F|  |TAMS 0x0000000085200000| PB 0x0000000085200000| Untracked |  0
|  29|0x0000000085300000, 0x0000000085300000, 0x0000000085400000|  0%| F|  |TAMS 0x0000000085300000| PB 0x0000000085300000| Untracked |  0
|  30|0x0000000085400000, 0x0000000085400000, 0x0000000085500000|  0%| F|  |TAMS 0x0000000085400000| PB 0x0000000085400000| Untracked |  0
|  31|0x0000000085500000, 0x0000000085500000, 0x0000000085600000|  0%| F|  |TAMS 0x0000000085500000| PB 0x0000000085500000| Untracked |  0
|  32|0x0000000085600000, 0x0000000085600000, 0x0000000085700000|  0%| F|  |TAMS 0x0000000085600000| PB 0x0000000085600000| Untracked |  0
|  33|0x0000000085700000, 0x0000000085700000, 0x0000000085800000|  0%| F|  |TAMS 0x0000000085700000| PB 0x0000000085700000| Untracked |  0
|  34|0x0000000085800000, 0x0000000085800000, 0x0000000085900000|  0%| F|  |TAMS 0x0000000085800000| PB 0x0000000085800000| Untracked |  0
|  35|0x0000000085900000, 0x0000000085900000, 0x0000000085a00000|  0%| F|  |TAMS 0x0000000085900000| PB 0x0000000085900000| Untracked |  0
|  36|0x0000000085a00000, 0x0000000085a00000, 0x0000000085b00000|  0%| F|  |TAMS 0x0000000085a00000| PB 0x0000000085a00000| Untracked |  0
|  37|0x0000000085b00000, 0x0000000085b00000, 0x0000000085c00000|  0%| F|  |TAMS 0x0000000085b00000| PB 0x0000000085b00000| Untracked |  0
|  38|0x0000000085c00000, 0x0000000085c00000, 0x0000000085d00000|  0%| F|  |TAMS 0x0000000085c00000| PB 0x0000000085c00000| Untracked |  0
|  39|0x0000000085d00000, 0x0000000085d00000, 0x0000000085e00000|  0%| F|  |TAMS 0x0000000085d00000| PB 0x0000000085d00000| Untracked |  0
|  40|0x0000000085e00000, 0x0000000085e00000, 0x0000000085f00000|  0%| F|  |TAMS 0x0000000085e00000| PB 0x0000000085e00000| Untracked |  0
|  41|0x0000000085f00000, 0x0000000085f00000, 0x0000000086000000|  0%| F|  |TAMS 0x0000000085f00000| PB 0x0000000085f00000| Untracked |  0
|  42|0x0000000086000000, 0x0000000086000000, 0x0000000086100000|  0%| F|  |TAMS 0x0000000086000000| PB 0x0000000086000000| Untracked |  0
|  43|0x0000000086100000, 0x0000000086100000, 0x0000000086200000|  0%| F|  |TAMS 0x0000000086100000| PB 0x0000000086100000| Untracked |  0
|  44|0x0000000086200000, 0x0000000086200000, 0x0000000086300000|  0%| F|  |TAMS 0x0000000086200000| PB 0x0000000086200000| Untracked |  0
|  45|0x0000000086300000, 0x0000000086300000, 0x0000000086400000|  0%| F|  |TAMS 0x0000000086300000| PB 0x0000000086300000| Untracked |  0
|  46|0x0000000086400000, 0x0000000086400000, 0x0000000086500000|  0%| F|  |TAMS 0x0000000086400000| PB 0x0000000086400000| Untracked |  0
|  47|0x0000000086500000, 0x0000000086500000, 0x0000000086600000|  0%| F|  |TAMS 0x0000000086500000| PB 0x0000000086500000| Untracked |  0
|  48|0x0000000086600000, 0x0000000086600000, 0x0000000086700000|  0%| F|  |TAMS 0x0000000086600000| PB 0x0000000086600000| Untracked |  0
|  49|0x0000000086700000, 0x0000000086700000, 0x0000000086800000|  0%| F|  |TAMS 0x0000000086700000| PB 0x0000000086700000| Untracked |  0
|  50|0x0000000086800000, 0x0000000086800000, 0x0000000086900000|  0%| F|  |TAMS 0x0000000086800000| PB 0x0000000086800000| Untracked |  0
|  51|0x0000000086900000, 0x0000000086900000, 0x0000000086a00000|  0%| F|  |TAMS 0x0000000086900000| PB 0x0000000086900000| Untracked |  0
|  52|0x0000000086a00000, 0x0000000086a00000, 0x0000000086b00000|  0%| F|  |TAMS 0x0000000086a00000| PB 0x0000000086a00000| Untracked |  0
|  53|0x0000000086b00000, 0x0000000086b00000, 0x0000000086c00000|  0%| F|  |TAMS 0x0000000086b00000| PB 0x0000000086b00000| Untracked |  0
|  54|0x0000000086c00000, 0x0000000086c00000, 0x0000000086d00000|  0%| F|  |TAMS 0x0000000086c00000| PB 0x0000000086c00000| Untracked |  0
|  55|0x0000000086d00000, 0x0000000086d00000, 0x0000000086e00000|  0%| F|  |TAMS 0x0000000086d00000| PB 0x0000000086d00000| Untracked |  0
|  56|0x0000000086e00000, 0x0000000086e00000, 0x0000000086f00000|  0%| F|  |TAMS 0x0000000086e00000| PB 0x0000000086e00000| Untracked |  0
|  57|0x0000000086f00000, 0x0000000086f00000, 0x0000000087000000|  0%| F|  |TAMS 0x0000000086f00000| PB 0x0000000086f00000| Untracked |  0
|  58|0x0000000087000000, 0x0000000087000000, 0x0000000087100000|  0%| F|  |TAMS 0x0000000087000000| PB 0x0000000087000000| Untracked |  0
|  59|0x0000000087100000, 0x0000000087100000, 0x0000000087200000|  0%| F|  |TAMS 0x0000000087100000| PB 0x0000000087100000| Untracked |  0
|  60|0x0000000087200000, 0x0000000087200000, 0x0000000087300000|  0%| F|  |TAMS 0x0000000087200000| PB 0x0000000087200000| Untracked |  0
|  61|0x0000000087300000, 0x0000000087300000, 0x0000000087400000|  0%| F|  |TAMS 0x0000000087300000| PB 0x0000000087300000| Untracked |  0
|  62|0x0000000087400000, 0x000000008741c0a8, 0x0000000087500000| 10%| S|CS|TAMS 0x0000000087400000| PB 0x0000000087400000| Complete |  0
|  63|0x0000000087500000, 0x0000000087600000, 0x0000000087600000|100%| S|CS|TAMS 0x0000000087500000| PB 0x0000000087500000| Complete |  0
|  64|0x0000000087600000, 0x0000000087700000, 0x0000000087700000|100%| S|CS|TAMS 0x0000000087600000| PB 0x0000000087600000| Complete |  0
|  65|0x0000000087700000, 0x0000000087800000, 0x0000000087800000|100%| S|CS|TAMS 0x0000000087700000| PB 0x0000000087700000| Complete |  0
|  66|0x0000000087800000, 0x0000000087900000, 0x0000000087900000|100%| S|CS|TAMS 0x0000000087800000| PB 0x0000000087800000| Complete |  0
|  67|0x0000000087900000, 0x0000000087900000, 0x0000000087a00000|  0%| F|  |TAMS 0x0000000087900000| PB 0x0000000087900000| Untracked |  0
|  68|0x0000000087a00000, 0x0000000087a00000, 0x0000000087b00000|  0%| F|  |TAMS 0x0000000087a00000| PB 0x0000000087a00000| Untracked |  0
|  69|0x0000000087b00000, 0x0000000087b00000, 0x0000000087c00000|  0%| F|  |TAMS 0x0000000087b00000| PB 0x0000000087b00000| Untracked |  0
|  70|0x0000000087c00000, 0x0000000087c00000, 0x0000000087d00000|  0%| F|  |TAMS 0x0000000087c00000| PB 0x0000000087c00000| Untracked |  0
|  71|0x0000000087d00000, 0x0000000087d00000, 0x0000000087e00000|  0%| F|  |TAMS 0x0000000087d00000| PB 0x0000000087d00000| Untracked |  0
|  72|0x0000000087e00000, 0x0000000087e00000, 0x0000000087f00000|  0%| F|  |TAMS 0x0000000087e00000| PB 0x0000000087e00000| Untracked |  0
|  73|0x0000000087f00000, 0x0000000087f00000, 0x0000000088000000|  0%| F|  |TAMS 0x0000000087f00000| PB 0x0000000087f00000| Untracked |  0
|  74|0x0000000088000000, 0x0000000088000000, 0x0000000088100000|  0%| F|  |TAMS 0x0000000088000000| PB 0x0000000088000000| Untracked |  0
|  75|0x0000000088100000, 0x0000000088100000, 0x0000000088200000|  0%| F|  |TAMS 0x0000000088100000| PB 0x0000000088100000| Untracked |  0
|  76|0x0000000088200000, 0x0000000088200000, 0x0000000088300000|  0%| F|  |TAMS 0x0000000088200000| PB 0x0000000088200000| Untracked |  0
|  77|0x0000000088300000, 0x0000000088300000, 0x0000000088400000|  0%| F|  |TAMS 0x0000000088300000| PB 0x0000000088300000| Untracked |  0
|  78|0x0000000088400000, 0x0000000088500000, 0x0000000088500000|100%| O|Cr|TAMS 0x0000000088400000| PB 0x0000000088400000| Complete |  0
|  79|0x0000000088500000, 0x0000000088500000, 0x0000000088600000|  0%| F|  |TAMS 0x0000000088500000| PB 0x0000000088500000| Untracked |  0
|  80|0x0000000088600000, 0x0000000088600000, 0x0000000088700000|  0%| F|  |TAMS 0x0000000088600000| PB 0x0000000088600000| Untracked |  0
|  81|0x0000000088700000, 0x0000000088700000, 0x0000000088800000|  0%| F|  |TAMS 0x0000000088700000| PB 0x0000000088700000| Untracked |  0
|  82|0x0000000088800000, 0x0000000088800000, 0x0000000088900000|  0%| F|  |TAMS 0x0000000088800000| PB 0x0000000088800000| Untracked |  0
|  83|0x0000000088900000, 0x0000000088900000, 0x0000000088a00000|  0%| F|  |TAMS 0x0000000088900000| PB 0x0000000088900000| Untracked |  0
|  84|0x0000000088a00000, 0x0000000088a00000, 0x0000000088b00000|  0%| F|  |TAMS 0x0000000088a00000| PB 0x0000000088a00000| Untracked |  0
|  85|0x0000000088b00000, 0x0000000088b00000, 0x0000000088c00000|  0%| F|  |TAMS 0x0000000088b00000| PB 0x0000000088b00000| Untracked |  0
|  86|0x0000000088c00000, 0x0000000088c00000, 0x0000000088d00000|  0%| F|  |TAMS 0x0000000088c00000| PB 0x0000000088c00000| Untracked |  0
|  87|0x0000000088d00000, 0x0000000088d00000, 0x0000000088e00000|  0%| F|  |TAMS 0x0000000088d00000| PB 0x0000000088d00000| Untracked |  0
|  88|0x0000000088e00000, 0x0000000088e00000, 0x0000000088f00000|  0%| F|  |TAMS 0x0000000088e00000| PB 0x0000000088e00000| Untracked |  0
|  89|0x0000000088f00000, 0x0000000088f00000, 0x0000000089000000|  0%| F|  |TAMS 0x0000000088f00000| PB 0x0000000088f00000| Untracked |  0
|  90|0x0000000089000000, 0x0000000089000000, 0x0000000089100000|  0%| F|  |TAMS 0x0000000089000000| PB 0x0000000089000000| Untracked |  0
|  91|0x0000000089100000, 0x0000000089100000, 0x0000000089200000|  0%| F|  |TAMS 0x0000000089100000| PB 0x0000000089100000| Untracked |  0
|  92|0x0000000089200000, 0x0000000089200000, 0x0000000089300000|  0%| F|  |TAMS 0x0000000089200000| PB 0x0000000089200000| Untracked |  0
|  93|0x0000000089300000, 0x0000000089300000, 0x0000000089400000|  0%| F|  |TAMS 0x0000000089300000| PB 0x0000000089300000| Untracked |  0
|  94|0x0000000089400000, 0x0000000089400000, 0x0000000089500000|  0%| F|  |TAMS 0x0000000089400000| PB 0x0000000089400000| Untracked |  0
|  95|0x0000000089500000, 0x0000000089500000, 0x0000000089600000|  0%| F|  |TAMS 0x0000000089500000| PB 0x0000000089500000| Untracked |  0
|  96|0x0000000089600000, 0x0000000089600000, 0x0000000089700000|  0%| F|  |TAMS 0x0000000089600000| PB 0x0000000089600000| Untracked |  0
|  97|0x0000000089700000, 0x0000000089700000, 0x0000000089800000|  0%| F|  |TAMS 0x0000000089700000| PB 0x0000000089700000| Untracked |  0
|  98|0x0000000089800000, 0x0000000089800000, 0x0000000089900000|  0%| F|  |TAMS 0x0000000089800000| PB 0x0000000089800000| Untracked |  0
|  99|0x0000000089900000, 0x0000000089900000, 0x0000000089a00000|  0%| F|  |TAMS 0x0000000089900000| PB 0x0000000089900000| Untracked |  0
| 100|0x0000000089a00000, 0x0000000089a00000, 0x0000000089b00000|  0%| F|  |TAMS 0x0000000089a00000| PB 0x0000000089a00000| Untracked |  0
| 101|0x0000000089b00000, 0x0000000089b00000, 0x0000000089c00000|  0%| F|  |TAMS 0x0000000089b00000| PB 0x0000000089b00000| Untracked |  0
| 102|0x0000000089c00000, 0x0000000089c00000, 0x0000000089d00000|  0%| F|  |TAMS 0x0000000089c00000| PB 0x0000000089c00000| Untracked |  0
| 103|0x0000000089d00000, 0x0000000089d00000, 0x0000000089e00000|  0%| F|  |TAMS 0x0000000089d00000| PB 0x0000000089d00000| Untracked |  0
| 104|0x0000000089e00000, 0x0000000089e00000, 0x0000000089f00000|  0%| F|  |TAMS 0x0000000089e00000| PB 0x0000000089e00000| Untracked |  0
| 105|0x0000000089f00000, 0x0000000089f00000, 0x000000008a000000|  0%| F|  |TAMS 0x0000000089f00000| PB 0x0000000089f00000| Untracked |  0
| 106|0x000000008a000000, 0x000000008a000000, 0x000000008a100000|  0%| F|  |TAMS 0x000000008a000000| PB 0x000000008a000000| Untracked |  0
| 107|0x000000008a100000, 0x000000008a100000, 0x000000008a200000|  0%| F|  |TAMS 0x000000008a100000| PB 0x000000008a100000| Untracked |  0
| 108|0x000000008a200000, 0x000000008a200000, 0x000000008a300000|  0%| F|  |TAMS 0x000000008a200000| PB 0x000000008a200000| Untracked |  0
| 109|0x000000008a300000, 0x000000008a300000, 0x000000008a400000|  0%| F|  |TAMS 0x000000008a300000| PB 0x000000008a300000| Untracked |  0
| 110|0x000000008a400000, 0x000000008a400000, 0x000000008a500000|  0%| F|  |TAMS 0x000000008a400000| PB 0x000000008a400000| Untracked |  0
| 111|0x000000008a500000, 0x000000008a500000, 0x000000008a600000|  0%| F|  |TAMS 0x000000008a500000| PB 0x000000008a500000| Untracked |  0
| 112|0x000000008a600000, 0x000000008a600000, 0x000000008a700000|  0%| F|  |TAMS 0x000000008a600000| PB 0x000000008a600000| Untracked |  0
| 113|0x000000008a700000, 0x000000008a700000, 0x000000008a800000|  0%| F|  |TAMS 0x000000008a700000| PB 0x000000008a700000| Untracked |  0
| 114|0x000000008a800000, 0x000000008a800000, 0x000000008a900000|  0%| F|  |TAMS 0x000000008a800000| PB 0x000000008a800000| Untracked |  0
| 115|0x000000008a900000, 0x000000008a900000, 0x000000008aa00000|  0%| F|  |TAMS 0x000000008a900000| PB 0x000000008a900000| Untracked |  0
| 116|0x000000008aa00000, 0x000000008aa00000, 0x000000008ab00000|  0%| F|  |TAMS 0x000000008aa00000| PB 0x000000008aa00000| Untracked |  0
| 117|0x000000008ab00000, 0x000000008ab00000, 0x000000008ac00000|  0%| F|  |TAMS 0x000000008ab00000| PB 0x000000008ab00000| Untracked |  0
| 118|0x000000008ac00000, 0x000000008ac00000, 0x000000008ad00000|  0%| F|  |TAMS 0x000000008ac00000| PB 0x000000008ac00000| Untracked |  0
| 119|0x000000008ad00000, 0x000000008ad68200, 0x000000008ae00000| 40%| E|  |TAMS 0x000000008ad00000| PB 0x000000008ad00000| Complete |  0
| 120|0x000000008ae00000, 0x000000008af00000, 0x000000008af00000|100%| E|CS|TAMS 0x000000008ae00000| PB 0x000000008ae00000| Complete |  0
| 121|0x000000008af00000, 0x000000008b000000, 0x000000008b000000|100%| E|CS|TAMS 0x000000008af00000| PB 0x000000008af00000| Complete |  0
| 122|0x000000008b000000, 0x000000008b100000, 0x000000008b100000|100%| E|CS|TAMS 0x000000008b000000| PB 0x000000008b000000| Complete |  0
| 123|0x000000008b100000, 0x000000008b200000, 0x000000008b200000|100%| E|CS|TAMS 0x000000008b100000| PB 0x000000008b100000| Complete |  0
| 124|0x000000008b200000, 0x000000008b300000, 0x000000008b300000|100%| E|CS|TAMS 0x000000008b200000| PB 0x000000008b200000| Complete |  0
| 125|0x000000008b300000, 0x000000008b400000, 0x000000008b400000|100%| E|CS|TAMS 0x000000008b300000| PB 0x000000008b300000| Complete |  0
|1992|0x00000000ffe00000, 0x00000000fff00000, 0x00000000fff00000|100%| O|  |TAMS 0x00000000ffe00000| PB 0x00000000ffe00000| Untracked |  0
|1993|0x00000000fff00000, 0x00000000fff1c348, 0x0000000100000000| 11%| O|  |TAMS 0x00000000fff00000| PB 0x00000000fff00000| Untracked |  0

Card table byte_map: [0x0000019fdda40000,0x0000019fdde30000] _byte_map_base: 0x0000019fdd625000

Marking Bits: (CMBitMap*) 0x0000019fc576fba0
 Bits: [0x0000019fdde30000, 0x0000019fdfd58000)

Polling page: 0x0000019fc3590000

Metaspace:

Usage:
  Non-class:     16.33 MB used.
      Class:      2.36 MB used.
       Both:     18.69 MB used.

Virtual space:
  Non-class space:       64.00 MB reserved,      16.50 MB ( 26%) committed,  1 nodes.
      Class space:        1.00 GB reserved,       2.50 MB ( <1%) committed,  1 nodes.
             Both:        1.06 GB reserved,      19.00 MB (  2%) committed. 

Chunk freelists:
   Non-Class:  15.08 MB
       Class:  13.51 MB
        Both:  28.59 MB

MaxMetaspaceSize: unlimited
CompressedClassSpaceSize: 1.00 GB
Initial GC threshold: 21.00 MB
Current GC threshold: 21.00 MB
CDS: on
 - commit_granule_bytes: 65536.
 - commit_granule_words: 8192.
 - virtual_space_node_default_size: 8388608.
 - enlarge_chunks_in_place: 1.
UseCompressedClassPointers 1, UseCompactObjectHeaders 0
Narrow klass pointer bits 32, Max shift 3
Narrow klass base: 0x0000019f80000000, Narrow klass shift: 0
Encoding Range: [0x0000019f80000000 - 0x000001a080000000), (4294967296 bytes)
Klass Range:    [0x0000019f80000000 - 0x0000019fc1000000), (1090519040 bytes)
Klass ID Range:  [8 - 1090519033) (1090519025)


Internal statistics:

num_allocs_failed_limit: 0.
num_arena_births: 280.
num_arena_deaths: 0.
num_vsnodes_births: 2.
num_vsnodes_deaths: 0.
num_space_committed: 304.
num_space_uncommitted: 0.
num_chunks_returned_to_freelist: 0.
num_chunks_taken_from_freelist: 862.
num_chunk_merges: 0.
num_chunk_splits: 604.
num_chunks_enlarged: 480.
num_inconsistent_stats: 0.

CodeHeap 'non-profiled nmethods': size=120064Kb used=1744Kb max_used=1744Kb free=118320Kb
 bounds [0x0000019fd5cd0000, 0x0000019fd5f40000, 0x0000019fdd210000]
CodeHeap 'profiled nmethods': size=120000Kb used=7810Kb max_used=7810Kb free=112189Kb
 bounds [0x0000019fce210000, 0x0000019fce9c0000, 0x0000019fd5740000]
CodeHeap 'non-nmethods': size=5696Kb used=1896Kb max_used=1981Kb free=3799Kb
 bounds [0x0000019fd5740000, 0x0000019fd59b0000, 0x0000019fd5cd0000]
CodeCache: size=245760Kb, used=11450Kb, max_used=11535Kb, free=234308Kb
 total_blobs=5433, nmethods=4587, adapters=747, full_count=0
Compilation: enabled, stopped_count=0, restarted_count=0

Compilation events (20 events):
Event: 84.109 Thread 0x0000019fe27c6770 nmethod 4575 0x0000019fd5e83708 code [0x0000019fd5e83820, 0x0000019fd5e83950]
Event: 84.327 Thread 0x0000019fe27ccee0 4580       1       com.sun.glass.ui.Screen::getPlatformScaleX (5 bytes)
Event: 84.327 Thread 0x0000019fe27ccee0 nmethod 4580 0x0000019fd5e83a08 code [0x0000019fd5e83b00, 0x0000019fd5e83bc8]
Event: 84.327 Thread 0x0000019fe27ccee0 4581       1       com.sun.glass.ui.Screen::getPlatformScaleY (5 bytes)
Event: 84.327 Thread 0x0000019fe27ccee0 nmethod 4581 0x0000019fd5e83d08 code [0x0000019fd5e83e00, 0x0000019fd5e83ec8]
Event: 84.329 Thread 0x0000019fe27ccee0 4582       3       java.util.concurrent.LinkedBlockingQueue$Node::<init> (10 bytes)
Event: 84.330 Thread 0x0000019fe27ccee0 nmethod 4582 0x0000019fce9ad888 code [0x0000019fce9ad9a0, 0x0000019fce9adb50]
Event: 84.330 Thread 0x0000019fe27ccee0 4583       3       java.util.concurrent.ThreadPoolExecutor$Worker::unlock (7 bytes)
Event: 84.330 Thread 0x0000019fe27ccee0 nmethod 4583 0x0000019fce9adb88 code [0x0000019fce9adcc0, 0x0000019fce9ae0a0]
Event: 84.330 Thread 0x0000019fe27ccee0 4584   !   3       java.util.concurrent.ThreadPoolExecutor::getTask (177 bytes)
Event: 84.330 Thread 0x0000019fe27ccee0 nmethod 4584 0x0000019fce9ae108 code [0x0000019fce9ae320, 0x0000019fce9af240]
Event: 84.331 Thread 0x0000019fe27ccee0 4585       3       jdk.internal.classfile.impl.SplitConstantPool::maybeCloneUtf8Entry (65 bytes)
Event: 84.331 Thread 0x0000019fe27ccee0 nmethod 4585 0x0000019fce9af288 code [0x0000019fce9af440, 0x0000019fce9afe20]
Event: 84.338 Thread 0x0000019fe27ccee0 4586       3       java.util.concurrent.AbstractExecutorService::submit (26 bytes)
Event: 84.338 Thread 0x0000019fe27ccee0 nmethod 4586 0x0000019fce9afe88 code [0x0000019fce9affe0, 0x0000019fce9b0398]
Event: 84.338 Thread 0x0000019fe27ccee0 4587       3       com.sun.javafx.tk.quantum.QuantumRenderer::newTaskFor (5 bytes)
Event: 84.338 Thread 0x0000019fe27ccee0 nmethod 4587 0x0000019fce9b0408 code [0x0000019fce9b0520, 0x0000019fce9b0700]
Event: 84.338 Thread 0x0000019fe27ccee0 4588       3       java.util.concurrent.LinkedBlockingQueue::enqueue (14 bytes)
Event: 84.339 Thread 0x0000019fe27ccee0 nmethod 4588 0x0000019fce9b0788 code [0x0000019fce9b08a0, 0x0000019fce9b0a68]
Event: 84.341 Thread 0x0000019fe27c6770 4589       4       jdk.internal.classfile.impl.BufWriterImpl::writeU1 (24 bytes)

GC Heap History (4 events):
Event: 1.079 GC heap before
{Heap before GC invocations=0 (full 0):
 garbage-first heap   total reserved 2041856K, committed 131072K, used 49264K [0x0000000083600000, 0x0000000100000000)
  region size 1024K, 47 young (48128K), 0 survivors (0K)
 Metaspace       used 10459K, committed 10624K, reserved 1114112K
  class space    used 1130K, committed 1216K, reserved 1048576K
}
Event: 1.083 GC heap after
{Heap after GC invocations=1 (full 0):
 garbage-first heap   total reserved 2041856K, committed 131072K, used 6000K [0x0000000083600000, 0x0000000100000000)
  region size 1024K, 5 young (5120K), 5 survivors (5120K)
 Metaspace       used 10459K, committed 10624K, reserved 1114112K
  class space    used 1130K, committed 1216K, reserved 1048576K
}
Event: 39.159 GC heap before
{Heap before GC invocations=1 (full 0):
 garbage-first heap   total reserved 2041856K, committed 131072K, used 62320K [0x0000000083600000, 0x0000000100000000)
  region size 1024K, 59 young (60416K), 5 survivors (5120K)
 Metaspace       used 18725K, committed 19008K, reserved 1114112K
  class space    used 2405K, committed 2496K, reserved 1048576K
}
Event: 39.166 GC heap after
{Heap after GC invocations=2 (full 0):
 garbage-first heap   total reserved 2041856K, committed 131072K, used 12512K [0x0000000083600000, 0x0000000100000000)
  region size 1024K, 5 young (5120K), 5 survivors (5120K)
 Metaspace       used 18725K, committed 19008K, reserved 1114112K
  class space    used 2405K, committed 2496K, reserved 1048576K
}

Dll operation events (20 events):
Event: 0.484 Loaded shared library C:\Users\Kokeshi-Gaming\.openjfx\cache\17.0.6\api-ms-win-crt-locale-l1-1-0.dll
Event: 0.487 Loaded shared library C:\Users\Kokeshi-Gaming\.openjfx\cache\17.0.6\api-ms-win-crt-math-l1-1-0.dll
Event: 0.489 Loaded shared library C:\Users\Kokeshi-Gaming\.openjfx\cache\17.0.6\api-ms-win-crt-multibyte-l1-1-0.dll
Event: 0.492 Loaded shared library C:\Users\Kokeshi-Gaming\.openjfx\cache\17.0.6\api-ms-win-crt-private-l1-1-0.dll
Event: 0.494 Loaded shared library C:\Users\Kokeshi-Gaming\.openjfx\cache\17.0.6\api-ms-win-crt-process-l1-1-0.dll
Event: 0.497 Loaded shared library C:\Users\Kokeshi-Gaming\.openjfx\cache\17.0.6\api-ms-win-crt-runtime-l1-1-0.dll
Event: 0.499 Loaded shared library C:\Users\Kokeshi-Gaming\.openjfx\cache\17.0.6\api-ms-win-crt-stdio-l1-1-0.dll
Event: 0.502 Loaded shared library C:\Users\Kokeshi-Gaming\.openjfx\cache\17.0.6\api-ms-win-crt-string-l1-1-0.dll
Event: 0.504 Loaded shared library C:\Users\Kokeshi-Gaming\.openjfx\cache\17.0.6\api-ms-win-crt-time-l1-1-0.dll
Event: 0.506 Loaded shared library C:\Users\Kokeshi-Gaming\.openjfx\cache\17.0.6\api-ms-win-crt-utility-l1-1-0.dll
Event: 0.521 Loaded shared library C:\Users\Kokeshi-Gaming\.openjfx\cache\17.0.6\ucrtbase.dll
Event: 0.525 Loaded shared library C:\Users\Kokeshi-Gaming\.openjfx\cache\17.0.6\vcruntime140.dll
Event: 0.527 Loaded shared library C:\Users\Kokeshi-Gaming\.openjfx\cache\17.0.6\vcruntime140_1.dll
Event: 0.536 Loaded shared library C:\Users\Kokeshi-Gaming\.openjfx\cache\17.0.6\msvcp140.dll
Event: 0.540 Loaded shared library C:\Users\Kokeshi-Gaming\.openjfx\cache\17.0.6\msvcp140_1.dll
Event: 0.545 Loaded shared library C:\Users\Kokeshi-Gaming\.openjfx\cache\17.0.6\msvcp140_2.dll
Event: 0.597 Loaded shared library C:\Users\Kokeshi-Gaming\.openjfx\cache\17.0.6\prism_d3d.dll
Event: 0.633 Loaded shared library C:\Users\Kokeshi-Gaming\.openjfx\cache\17.0.6\glass.dll
Event: 0.747 Loaded shared library D:\Java\Azul JDK\zulu\bin\jimage.dll
Event: 0.940 Loaded shared library C:\Users\Kokeshi-Gaming\.openjfx\cache\17.0.6\javafx_font.dll

Deoptimization events (20 events):
Event: 82.517 Thread 0x0000019fc19d4b90 Uncommon trap: trap_request=0xffffff4d fr.pc=0x0000019fd5dd94c0 relative=0x0000000000000340
Event: 82.517 Thread 0x0000019fc19d4b90 Uncommon trap: reason=unstable_if action=reinterpret pc=0x0000019fd5dd94c0 method=jdk.internal.classfile.impl.SplitConstantPool.maybeCloneUtf8Entry(Ljava/lang/classfile/constantpool/Utf8Entry;)Ljdk/internal/classfile/impl/AbstractPoolEntry$Utf8EntryImpl; 
Event: 82.517 Thread 0x0000019fc19d4b90 DEOPT PACKING pc=0x0000019fd5dd94c0 sp=0x00000038d67f8e80
Event: 82.517 Thread 0x0000019fc19d4b90 DEOPT UNPACKING pc=0x0000019fd5864f82 sp=0x00000038d67f8e10 mode 2
Event: 82.517 Thread 0x0000019fc19d4b90 Uncommon trap: trap_request=0xffffff4d fr.pc=0x0000019fd5d9c6e8 relative=0x0000000000002988
Event: 82.517 Thread 0x0000019fc19d4b90 Uncommon trap: reason=unstable_if action=reinterpret pc=0x0000019fd5d9c6e8 method=jdk.internal.classfile.impl.StackMapGenerator.processBlock(Ljdk/internal/classfile/impl/RawBytecodeHelper;)Z @ 56 c2
Event: 82.517 Thread 0x0000019fc19d4b90 DEOPT PACKING pc=0x0000019fd5d9c6e8 sp=0x00000038d67f8880
Event: 82.517 Thread 0x0000019fc19d4b90 DEOPT UNPACKING pc=0x0000019fd5864f82 sp=0x00000038d67f87f8 mode 2
Event: 82.520 Thread 0x0000019fc19d4b90 Uncommon trap: trap_request=0xffffff4d fr.pc=0x0000019fd5e09584 relative=0x0000000000000424
Event: 82.520 Thread 0x0000019fc19d4b90 Uncommon trap: reason=unstable_if action=reinterpret pc=0x0000019fd5e09584 method=com.sun.javafx.css.BitSet.add(Ljava/lang/Object;)Z @ 91 c2
Event: 82.520 Thread 0x0000019fc19d4b90 DEOPT PACKING pc=0x0000019fd5e09584 sp=0x00000038d67fa170
Event: 82.520 Thread 0x0000019fc19d4b90 DEOPT UNPACKING pc=0x0000019fd5864f82 sp=0x00000038d67fa110 mode 2
Event: 84.341 Thread 0x0000019fc297cea0 Uncommon trap: trap_request=0xffffff4d fr.pc=0x0000019fd5e6d640 relative=0x00000000000000c0
Event: 84.341 Thread 0x0000019fc297cea0 Uncommon trap: reason=unstable_if action=reinterpret pc=0x0000019fd5e6d640 method=java.util.concurrent.locks.ReentrantLock$NonfairSync.initialTryLock()Z @ 10 c2
Event: 84.341 Thread 0x0000019fc297cea0 DEOPT PACKING pc=0x0000019fd5e6d640 sp=0x00000038d4dff3b0
Event: 84.341 Thread 0x0000019fc297cea0 DEOPT UNPACKING pc=0x0000019fd5864f82 sp=0x00000038d4dff338 mode 2
Event: 84.341 Thread 0x0000019fc297cea0 Uncommon trap: trap_request=0xffffff4d fr.pc=0x0000019fd5e63190 relative=0x0000000000000090
Event: 84.341 Thread 0x0000019fc297cea0 Uncommon trap: reason=unstable_if action=reinterpret pc=0x0000019fd5e63190 method=java.util.concurrent.locks.ReentrantLock$Sync.tryRelease(I)Z @ 26 c2
Event: 84.341 Thread 0x0000019fc297cea0 DEOPT PACKING pc=0x0000019fd5e63190 sp=0x00000038d4dff3b0
Event: 84.341 Thread 0x0000019fc297cea0 DEOPT UNPACKING pc=0x0000019fd5864f82 sp=0x00000038d4dff330 mode 2

Classes loaded (20 events):
Event: 82.512 Loading class sun/util/locale/provider/TimeZoneNameProviderImpl done
Event: 82.512 Loading class sun/util/cldr/CLDRTimeZoneNameProviderImpl done
Event: 82.513 Loading class sun/util/resources/cldr/TimeZoneNames
Event: 82.513 Loading class sun/util/resources/TimeZoneNamesBundle
Event: 82.513 Loading class sun/util/resources/TimeZoneNamesBundle done
Event: 82.513 Loading class sun/util/resources/cldr/TimeZoneNames done
Event: 82.513 Loading class sun/util/resources/cldr/TimeZoneNames_en
Event: 82.514 Loading class sun/util/resources/cldr/TimeZoneNames_en done
Event: 82.514 Loading class sun/util/resources/cldr/TimeZoneNames_en_US
Event: 82.514 Loading class sun/util/resources/cldr/TimeZoneNames_en_US done
Event: 82.516 Loading class java/lang/invoke/InnerClassLambdaMetafactory$SerializationSupport
Event: 82.516 Loading class java/lang/invoke/InnerClassLambdaMetafactory$SerializationSupport done
Event: 82.516 Loading class java/lang/invoke/InnerClassLambdaMetafactory$4
Event: 82.516 Loading class java/lang/invoke/InnerClassLambdaMetafactory$4 done
Event: 82.516 Loading class sun/invoke/util/BytecodeDescriptor
Event: 82.516 Loading class sun/invoke/util/BytecodeDescriptor done
Event: 82.517 Loading class jdk/internal/classfile/impl/AbstractPoolEntry$IntegerEntryImpl
Event: 82.517 Loading class java/lang/classfile/constantpool/IntegerEntry
Event: 82.517 Loading class java/lang/classfile/constantpool/IntegerEntry done
Event: 82.517 Loading class jdk/internal/classfile/impl/AbstractPoolEntry$IntegerEntryImpl done

Classes unloaded (0 events):
No events

Classes redefined (0 events):
No events

Internal exceptions (20 events):
Event: 1.244 Thread 0x0000019fc19d4b90 Exception <a 'java/lang/NoSuchMethodError'{0x000000008a90f180}: 'java.lang.Object java.lang.invoke.DirectMethodHandle$Holder.newInvokeSpecial(java.lang.Object, java.lang.Object, int)'> (0x000000008a90f180) 
thrown [s\src\hotspot\share\interpreter\linkResolver.cpp, line 805]
Event: 1.264 Thread 0x0000019fc19d3cf0 Exception <a 'java/lang/NoSuchMethodError'{0x000000008a8058f0}: 'int java.lang.invoke.DirectMethodHandle$Holder.invokeStaticInit(java.lang.Object, java.lang.Object)'> (0x000000008a8058f0) 
thrown [s\src\hotspot\share\interpreter\linkResolver.cpp, line 805]
Event: 16.279 Thread 0x0000019fc19d4b90 Exception <a 'java/lang/NoSuchMethodError'{0x000000008a25c068}: 'long java.lang.invoke.DirectMethodHandle$Holder.invokeStaticInit(java.lang.Object, java.lang.Object, java.lang.Object)'> (0x000000008a25c068) 
thrown [s\src\hotspot\share\interpreter\linkResolver.cpp, line 805]
Event: 16.281 Thread 0x0000019fc19d4b90 Exception <a 'java/lang/NoSuchMethodError'{0x000000008a2a7c78}: 'java.lang.Object java.lang.invoke.DirectMethodHandle$Holder.newInvokeSpecial(java.lang.Object, java.lang.Object, long)'> (0x000000008a2a7c78) 
thrown [s\src\hotspot\share\interpreter\linkResolver.cpp, line 805]
Event: 16.281 Thread 0x0000019fc19d4b90 Exception <a 'java/lang/NoSuchMethodError'{0x000000008a2b08c0}: 'java.lang.Object java.lang.invoke.Invokers$Holder.linkToTargetMethod(java.lang.Object, long, java.lang.Object)'> (0x000000008a2b08c0) 
thrown [s\src\hotspot\share\interpreter\linkResolver.cpp, line 805]
Event: 16.519 Thread 0x0000019fc19d4b90 Exception <a 'java/lang/ClassNotFoundException'{0x0000000089e1b930}: com/sun/javafx/scene/control/skin/resources/controls> (0x0000000089e1b930) 
thrown [s\src\hotspot\share\prims\jni.cpp, line 536]
Event: 16.519 Thread 0x0000019fc19d4b90 Exception <a 'java/lang/ClassNotFoundException'{0x0000000089e28bf0}: com/sun/javafx/scene/control/skin/resources/controls_en> (0x0000000089e28bf0) 
thrown [s\src\hotspot\share\prims\jni.cpp, line 536]
Event: 16.519 Thread 0x0000019fc19d4b90 Exception <a 'java/lang/ClassNotFoundException'{0x0000000089e29cf0}: com/sun/javafx/scene/control/skin/resources/controls_en_US> (0x0000000089e29cf0) 
thrown [s\src\hotspot\share\prims\jni.cpp, line 536]
Event: 16.543 Thread 0x0000019fc19d4b90 Exception <a 'java/lang/NoSuchMethodError'{0x0000000089b6e390}: 'void java.lang.invoke.DirectMethodHandle$Holder.invokeSpecial(java.lang.Object, java.lang.Object, java.lang.Object, java.lang.Object, java.lang.Object, java.lang.Object)'> (0x0000000089b6e390) 
thrown [s\src\hotspot\share\interpreter\linkResolver.cpp, line 805]
Event: 25.457 Thread 0x0000019fc19d4b90 Exception <a 'java/lang/NoSuchMethodError'{0x000000008940f608}: 'void java.lang.invoke.DirectMethodHandle$Holder.invokeSpecial(java.lang.Object, java.lang.Object, int)'> (0x000000008940f608) 
thrown [s\src\hotspot\share\interpreter\linkResolver.cpp, line 805]
Event: 25.458 Thread 0x0000019fc19d4b90 Exception <a 'java/lang/NoSuchMethodError'{0x000000008941fe48}: 'void java.lang.invoke.DelegatingMethodHandle$Holder.reinvoke_L(java.lang.Object, java.lang.Object, int)'> (0x000000008941fe48) 
thrown [s\src\hotspot\share\interpreter\linkResolver.cpp, line 805]
Event: 25.525 Thread 0x0000019fc19d4b90 Exception <a 'java/lang/NoSuchMethodError'{0x0000000088e3c6f8}: 'void java.lang.invoke.DirectMethodHandle$Holder.invokeSpecial(java.lang.Object, java.lang.Object, int, int)'> (0x0000000088e3c6f8) 
thrown [s\src\hotspot\share\interpreter\linkResolver.cpp, line 805]
Event: 25.525 Thread 0x0000019fc19d4b90 Exception <a 'java/lang/NoSuchMethodError'{0x0000000088e4c090}: 'java.lang.Object java.lang.invoke.DirectMethodHandle$Holder.newInvokeSpecial(java.lang.Object, java.lang.Object, int, int)'> (0x0000000088e4c090) 
thrown [s\src\hotspot\share\interpreter\linkResolver.cpp, line 805]
Event: 28.119 Thread 0x0000019fc19d4b90 Exception <a 'java/lang/NoSuchMethodError'{0x0000000088cacb00}: 'java.lang.Object java.lang.invoke.DirectMethodHandle$Holder.newInvokeSpecial(java.lang.Object, java.lang.Object, int, int, int, int, int, java.lang.Object)'> (0x0000000088cacb00) 
thrown [s\src\hotspot\share\interpreter\linkResolver.cpp, line 805]
Event: 28.120 Thread 0x0000019fc19d4b90 Exception <a 'java/lang/NoSuchMethodError'{0x0000000088cd5330}: 'java.lang.Object java.lang.invoke.DirectMethodHandle$Holder.newInvokeSpecial(java.lang.Object, java.lang.Object, java.lang.Object, int, int, int, int, int)'> (0x0000000088cd5330) 
thrown [s\src\hotspot\share\interpreter\linkResolver.cpp, line 805]
Event: 28.121 Thread 0x0000019fc19d4b90 Exception <a 'java/lang/NoSuchMethodError'{0x0000000088ce5678}: 'java.lang.Object java.lang.invoke.Invokers$Holder.linkToTargetMethod(java.lang.Object, java.lang.Object, int, int, int, int, int, java.lang.Object)'> (0x0000000088ce5678) 
thrown [s\src\hotspot\share\interpreter\linkResolver.cpp, line 805]
Event: 29.719 Thread 0x0000019fc19d4b90 Exception <a 'sun/nio/fs/WindowsException'{0x0000000088b9ccd0}> (0x0000000088b9ccd0) 
thrown [s\src\hotspot\share\prims\jni.cpp, line 518]
Event: 36.662 Thread 0x0000019fc19d4b90 Exception <a 'java/lang/NoSuchMethodError'{0x0000000087b16df8}: 'void java.lang.invoke.DirectMethodHandle$Holder.invokeSpecialIFC(java.lang.Object, java.lang.Object, java.lang.Object, java.lang.Object)'> (0x0000000087b16df8) 
thrown [s\src\hotspot\share\interpreter\linkResolver.cpp, line 805]
Event: 36.722 Thread 0x0000019fc19d3cf0 Exception <a 'java/lang/NoSuchMethodError'{0x000000008797db98}: 'java.lang.Object java.lang.invoke.DirectMethodHandle$Holder.invokeStaticInit(java.lang.Object, int)'> (0x000000008797db98) 
thrown [s\src\hotspot\share\interpreter\linkResolver.cpp, line 805]
Event: 38.838 Thread 0x0000019fc19d4b90 Implicit null exception at 0x0000019fd5df2bf8 to 0x0000019fd5df31dc

VM Operations (20 events):
Event: 1.305 Executing VM operation: HandshakeAllThreads (Deoptimize) done
Event: 25.468 Executing VM operation: HandshakeAllThreads (Deoptimize)
Event: 25.468 Executing VM operation: HandshakeAllThreads (Deoptimize) done
Event: 25.489 Executing VM operation: HandshakeAllThreads (Deoptimize)
Event: 25.489 Executing VM operation: HandshakeAllThreads (Deoptimize) done
Event: 25.534 Executing VM operation: HandshakeAllThreads (Deoptimize)
Event: 25.534 Executing VM operation: HandshakeAllThreads (Deoptimize) done
Event: 31.573 Executing VM operation: HandshakeAllThreads (Deoptimize)
Event: 31.573 Executing VM operation: HandshakeAllThreads (Deoptimize) done
Event: 31.580 Executing VM operation: HandshakeAllThreads (Deoptimize)
Event: 31.580 Executing VM operation: HandshakeAllThreads (Deoptimize) done
Event: 36.456 Executing VM operation: HandshakeAllThreads (Deoptimize)
Event: 36.456 Executing VM operation: HandshakeAllThreads (Deoptimize) done
Event: 39.158 Executing VM operation: G1CollectForAllocation (G1 Evacuation Pause)
Event: 39.166 Executing VM operation: G1CollectForAllocation (G1 Evacuation Pause) done
Event: 60.155 Executing VM operation: HandshakeAllThreads (HandshakeForDeflation)
Event: 60.155 Executing VM operation: HandshakeAllThreads (HandshakeForDeflation) done
Event: 60.155 Executing VM operation: RendezvousGCThreads
Event: 60.155 Executing VM operation: RendezvousGCThreads done
Event: 84.342 Executing VM operation: Exit

Memory protections (0 events):
No events

Nmethod flushes (0 events):
No events

Events (20 events):
Event: 1.292 Thread 0x0000019fc19d3cf0 Thread added: 0x0000019fc297ebe0
Event: 2.234 Thread 0x0000019fc1177710 Thread exited: 0x0000019fc1177710
Event: 16.510 Thread 0x0000019fe27ccee0 Thread added: 0x0000019fc2b20f20
Event: 16.773 Thread 0x0000019fc2b20f20 Thread exited: 0x0000019fc2b20f20
Event: 25.528 Thread 0x0000019fe27ccee0 Thread added: 0x0000019fc2b23c80
Event: 26.039 Thread 0x0000019fc2b23c80 Thread exited: 0x0000019fc2b23c80
Event: 29.761 Thread 0x0000019fe27ccee0 Thread added: 0x0000019fc2b225d0
Event: 30.279 Thread 0x0000019fc2b225d0 Thread exited: 0x0000019fc2b225d0
Event: 31.590 Thread 0x0000019fe27ccee0 Thread added: 0x0000019fc2b24410
Event: 32.678 Thread 0x0000019fc2b24410 Thread exited: 0x0000019fc2b24410
Event: 36.632 Thread 0x0000019fe27ccee0 Thread added: 0x0000019fc2b23c80
Event: 36.701 Thread 0x0000019fe27ccee0 Thread added: 0x0000019fc2b24410
Event: 36.854 Thread 0x0000019fc2b24410 Thread exited: 0x0000019fc2b24410
Event: 36.981 Thread 0x0000019fc2b23c80 Thread exited: 0x0000019fc2b23c80
Event: 84.340 Thread 0x0000019fc19d4b90 Thread added: 0x0000019fc297cea0
Event: 84.340 Thread 0x0000019fc19d4b90 Thread added: 0x0000019fc297dd40
Event: 84.340 Thread 0x0000019fc297dd40 Thread exited: 0x0000019fc297dd40
Event: 84.342 Thread 0x0000019fc19d4b90 Before exit entered
Event: 84.342 Thread 0x0000019fc297cea0 Thread exited: 0x0000019fc297cea0
Event: 84.342 Thread 0x0000019fe27bc670 Thread exited: 0x0000019fe27bc670


Dynamic libraries:
0x00007ff632cc0000 - 0x00007ff632cce000 	D:\Java\Azul JDK\zulu\bin\java.exe
0x00007ff855500000 - 0x00007ff855763000 	C:\Windows\SYSTEM32\ntdll.dll
0x00007ff853ff0000 - 0x00007ff8540b7000 	C:\Windows\System32\KERNEL32.DLL
0x00007ff852e10000 - 0x00007ff8531c0000 	C:\Windows\System32\KERNELBASE.dll
0x00007ff852a60000 - 0x00007ff852bab000 	C:\Windows\System32\ucrtbase.dll
0x00007ff84d2b0000 - 0x00007ff84d2ce000 	D:\Java\Azul JDK\zulu\bin\VCRUNTIME140.dll
0x00007ff84d2d0000 - 0x00007ff84d2e6000 	D:\Java\Azul JDK\zulu\bin\jli.dll
0x00007ff8537b0000 - 0x00007ff853973000 	C:\Windows\System32\USER32.dll
0x00007ff8531d0000 - 0x00007ff8531f7000 	C:\Windows\System32\win32u.dll
0x00007ff8540c0000 - 0x00007ff8540ea000 	C:\Windows\System32\GDI32.dll
0x00007ff835c10000 - 0x00007ff835ea0000 	C:\Windows\WinSxS\amd64_microsoft.windows.common-controls_6595b64144ccf1df_6.0.26100.1882_none_3e0e949ae32eca40\COMCTL32.dll
0x00007ff852bb0000 - 0x00007ff852cd3000 	C:\Windows\System32\gdi32full.dll
0x00007ff853e10000 - 0x00007ff853eb9000 	C:\Windows\System32\msvcrt.dll
0x00007ff852d60000 - 0x00007ff852e03000 	C:\Windows\System32\msvcp_win.dll
0x00007ff855250000 - 0x00007ff85527f000 	C:\Windows\System32\IMM32.DLL
0x00007ff84d2a0000 - 0x00007ff84d2ac000 	D:\Java\Azul JDK\zulu\bin\vcruntime140_1.dll
0x00007ff84cdf0000 - 0x00007ff84ce7d000 	D:\Java\Azul JDK\zulu\bin\msvcp140.dll
0x00007ff804290000 - 0x00007ff80510c000 	D:\Java\Azul JDK\zulu\bin\server\jvm.dll
0x00007ff854980000 - 0x00007ff854a34000 	C:\Windows\System32\ADVAPI32.dll
0x00007ff853380000 - 0x00007ff853426000 	C:\Windows\System32\sechost.dll
0x00007ff853ec0000 - 0x00007ff853fd6000 	C:\Windows\System32\RPCRT4.dll
0x00007ff854130000 - 0x00007ff8541a4000 	C:\Windows\System32\WS2_32.dll
0x00007ff849e60000 - 0x00007ff849e6b000 	C:\Windows\SYSTEM32\VERSION.dll
0x00007ff851590000 - 0x00007ff8515de000 	C:\Windows\SYSTEM32\POWRPROF.dll
0x00007ff846d30000 - 0x00007ff846d66000 	C:\Windows\SYSTEM32\WINMM.dll
0x00007ff851570000 - 0x00007ff851584000 	C:\Windows\SYSTEM32\UMPDC.dll
0x00007ff851830000 - 0x00007ff85184a000 	C:\Windows\SYSTEM32\kernel.appcore.dll
0x00007ff84d290000 - 0x00007ff84d29a000 	D:\Java\Azul JDK\zulu\bin\jimage.dll
0x00007ff8501f0000 - 0x00007ff850431000 	C:\Windows\SYSTEM32\DBGHELP.DLL
0x00007ff853430000 - 0x00007ff8537ac000 	C:\Windows\System32\combase.dll
0x00007ff854320000 - 0x00007ff8543f6000 	C:\Windows\System32\OLEAUT32.dll
0x00007ff84a270000 - 0x00007ff84a2a9000 	C:\Windows\SYSTEM32\dbgcore.DLL
0x00007ff852900000 - 0x00007ff852999000 	C:\Windows\System32\bcryptPrimitives.dll
0x00007ff84cc20000 - 0x00007ff84cc2f000 	D:\Java\Azul JDK\zulu\bin\instrument.dll
0x00007ff84cdd0000 - 0x00007ff84cdee000 	D:\Java\Azul JDK\zulu\bin\java.dll
0x00007ff854610000 - 0x00007ff8547a9000 	C:\Windows\System32\ole32.dll
0x00007ff854b50000 - 0x00007ff855248000 	C:\Windows\System32\SHELL32.dll
0x00007ff850680000 - 0x00007ff850eaa000 	C:\Windows\SYSTEM32\windows.storage.dll
0x00007ff855360000 - 0x00007ff855433000 	C:\Windows\System32\SHCORE.dll
0x00007ff854a40000 - 0x00007ff854a9d000 	C:\Windows\System32\shlwapi.dll
0x00007ff852820000 - 0x00007ff852849000 	C:\Windows\SYSTEM32\profapi.dll
0x00007ff84ccf0000 - 0x00007ff84cdc7000 	D:\Java\Azul JDK\zulu\bin\jsvml.dll
0x00007ff84cce0000 - 0x00007ff84ccf0000 	D:\Java\Azul JDK\zulu\bin\net.dll
0x00007ff851d10000 - 0x00007ff851d78000 	C:\Windows\system32\mswsock.dll
0x00007ff84ccc0000 - 0x00007ff84ccd6000 	D:\Java\Azul JDK\zulu\bin\nio.dll
0x00007ff84cca0000 - 0x00007ff84ccb7000 	D:\Java\Azul JDK\zulu\bin\zip.dll
0x0000019fc2be0000 - 0x0000019fc2be3000 	C:\Users\Kokeshi-Gaming\.openjfx\cache\17.0.6\api-ms-win-core-console-l1-1-0.dll
0x0000019fc2bf0000 - 0x0000019fc2bf3000 	C:\Users\Kokeshi-Gaming\.openjfx\cache\17.0.6\api-ms-win-core-console-l1-2-0.dll
0x0000019fc2c00000 - 0x0000019fc2c03000 	C:\Users\Kokeshi-Gaming\.openjfx\cache\17.0.6\api-ms-win-core-datetime-l1-1-0.dll
0x0000019fc2c10000 - 0x0000019fc2c13000 	C:\Users\Kokeshi-Gaming\.openjfx\cache\17.0.6\api-ms-win-core-debug-l1-1-0.dll
0x0000019fc2c20000 - 0x0000019fc2c23000 	C:\Users\Kokeshi-Gaming\.openjfx\cache\17.0.6\api-ms-win-core-errorhandling-l1-1-0.dll
0x0000019fc2c30000 - 0x0000019fc2c34000 	C:\Users\Kokeshi-Gaming\.openjfx\cache\17.0.6\api-ms-win-core-file-l1-1-0.dll
0x0000019fc2c40000 - 0x0000019fc2c43000 	C:\Users\Kokeshi-Gaming\.openjfx\cache\17.0.6\api-ms-win-core-file-l1-2-0.dll
0x0000019fc2c50000 - 0x0000019fc2c53000 	C:\Users\Kokeshi-Gaming\.openjfx\cache\17.0.6\api-ms-win-core-file-l2-1-0.dll
0x0000019fc2c60000 - 0x0000019fc2c63000 	C:\Users\Kokeshi-Gaming\.openjfx\cache\17.0.6\api-ms-win-core-handle-l1-1-0.dll
0x0000019fc2c70000 - 0x0000019fc2c73000 	C:\Users\Kokeshi-Gaming\.openjfx\cache\17.0.6\api-ms-win-core-heap-l1-1-0.dll
0x0000019fc2c80000 - 0x0000019fc2c83000 	C:\Users\Kokeshi-Gaming\.openjfx\cache\17.0.6\api-ms-win-core-interlocked-l1-1-0.dll
0x0000019fc2c90000 - 0x0000019fc2c93000 	C:\Users\Kokeshi-Gaming\.openjfx\cache\17.0.6\api-ms-win-core-libraryloader-l1-1-0.dll
0x0000019fc2ca0000 - 0x0000019fc2ca3000 	C:\Users\Kokeshi-Gaming\.openjfx\cache\17.0.6\api-ms-win-core-localization-l1-2-0.dll
0x0000019fc2cb0000 - 0x0000019fc2cb3000 	C:\Users\Kokeshi-Gaming\.openjfx\cache\17.0.6\api-ms-win-core-memory-l1-1-0.dll
0x0000019fc2cc0000 - 0x0000019fc2cc3000 	C:\Users\Kokeshi-Gaming\.openjfx\cache\17.0.6\api-ms-win-core-namedpipe-l1-1-0.dll
0x0000019fc2cd0000 - 0x0000019fc2cd3000 	C:\Users\Kokeshi-Gaming\.openjfx\cache\17.0.6\api-ms-win-core-processenvironment-l1-1-0.dll
0x0000019fc2ce0000 - 0x0000019fc2ce3000 	C:\Users\Kokeshi-Gaming\.openjfx\cache\17.0.6\api-ms-win-core-processthreads-l1-1-0.dll
0x0000019fc2cf0000 - 0x0000019fc2cf3000 	C:\Users\Kokeshi-Gaming\.openjfx\cache\17.0.6\api-ms-win-core-processthreads-l1-1-1.dll
0x0000019fc2d00000 - 0x0000019fc2d03000 	C:\Users\Kokeshi-Gaming\.openjfx\cache\17.0.6\api-ms-win-core-profile-l1-1-0.dll
0x0000019fc2d10000 - 0x0000019fc2d13000 	C:\Users\Kokeshi-Gaming\.openjfx\cache\17.0.6\api-ms-win-core-rtlsupport-l1-1-0.dll
0x0000019fc2d20000 - 0x0000019fc2d23000 	C:\Users\Kokeshi-Gaming\.openjfx\cache\17.0.6\api-ms-win-core-string-l1-1-0.dll
0x0000019fc2d30000 - 0x0000019fc2d33000 	C:\Users\Kokeshi-Gaming\.openjfx\cache\17.0.6\api-ms-win-core-synch-l1-1-0.dll
0x0000019fc2d40000 - 0x0000019fc2d43000 	C:\Users\Kokeshi-Gaming\.openjfx\cache\17.0.6\api-ms-win-core-synch-l1-2-0.dll
0x0000019fc2d50000 - 0x0000019fc2d53000 	C:\Users\Kokeshi-Gaming\.openjfx\cache\17.0.6\api-ms-win-core-sysinfo-l1-1-0.dll
0x0000019fc2d60000 - 0x0000019fc2d63000 	C:\Users\Kokeshi-Gaming\.openjfx\cache\17.0.6\api-ms-win-core-timezone-l1-1-0.dll
0x0000019fc2d70000 - 0x0000019fc2d73000 	C:\Users\Kokeshi-Gaming\.openjfx\cache\17.0.6\api-ms-win-core-util-l1-1-0.dll
0x0000019fc2d80000 - 0x0000019fc2d83000 	C:\Users\Kokeshi-Gaming\.openjfx\cache\17.0.6\api-ms-win-crt-conio-l1-1-0.dll
0x0000019fc2d90000 - 0x0000019fc2d94000 	C:\Users\Kokeshi-Gaming\.openjfx\cache\17.0.6\api-ms-win-crt-convert-l1-1-0.dll
0x0000019fc2da0000 - 0x0000019fc2da3000 	C:\Users\Kokeshi-Gaming\.openjfx\cache\17.0.6\api-ms-win-crt-environment-l1-1-0.dll
0x0000019fc2db0000 - 0x0000019fc2db3000 	C:\Users\Kokeshi-Gaming\.openjfx\cache\17.0.6\api-ms-win-crt-filesystem-l1-1-0.dll
0x0000019fc2dc0000 - 0x0000019fc2dc3000 	C:\Users\Kokeshi-Gaming\.openjfx\cache\17.0.6\api-ms-win-crt-heap-l1-1-0.dll
0x0000019fc2dd0000 - 0x0000019fc2dd3000 	C:\Users\Kokeshi-Gaming\.openjfx\cache\17.0.6\api-ms-win-crt-locale-l1-1-0.dll
0x0000019fc2de0000 - 0x0000019fc2de5000 	C:\Users\Kokeshi-Gaming\.openjfx\cache\17.0.6\api-ms-win-crt-math-l1-1-0.dll
0x0000019fc2df0000 - 0x0000019fc2df5000 	C:\Users\Kokeshi-Gaming\.openjfx\cache\17.0.6\api-ms-win-crt-multibyte-l1-1-0.dll
0x0000019fc2e00000 - 0x0000019fc2e10000 	C:\Users\Kokeshi-Gaming\.openjfx\cache\17.0.6\api-ms-win-crt-private-l1-1-0.dll
0x0000019fc2e10000 - 0x0000019fc2e13000 	C:\Users\Kokeshi-Gaming\.openjfx\cache\17.0.6\api-ms-win-crt-process-l1-1-0.dll
0x0000019fc2e20000 - 0x0000019fc2e24000 	C:\Users\Kokeshi-Gaming\.openjfx\cache\17.0.6\api-ms-win-crt-runtime-l1-1-0.dll
0x0000019fc2e30000 - 0x0000019fc2e34000 	C:\Users\Kokeshi-Gaming\.openjfx\cache\17.0.6\api-ms-win-crt-stdio-l1-1-0.dll
0x0000019fc2e40000 - 0x0000019fc2e44000 	C:\Users\Kokeshi-Gaming\.openjfx\cache\17.0.6\api-ms-win-crt-string-l1-1-0.dll
0x0000019fc2e50000 - 0x0000019fc2e53000 	C:\Users\Kokeshi-Gaming\.openjfx\cache\17.0.6\api-ms-win-crt-time-l1-1-0.dll
0x0000019fc2e60000 - 0x0000019fc2e63000 	C:\Users\Kokeshi-Gaming\.openjfx\cache\17.0.6\api-ms-win-crt-utility-l1-1-0.dll
0x00007ff84cb20000 - 0x00007ff84cc1c000 	C:\Users\Kokeshi-Gaming\.openjfx\cache\17.0.6\ucrtbase.dll
0x00007ff84cb00000 - 0x00007ff84cb1a000 	C:\Users\Kokeshi-Gaming\.openjfx\cache\17.0.6\vcruntime140.dll
0x00007ff84caf0000 - 0x00007ff84cafc000 	C:\Users\Kokeshi-Gaming\.openjfx\cache\17.0.6\vcruntime140_1.dll
0x00007ff84b7d0000 - 0x00007ff84b85d000 	C:\Users\Kokeshi-Gaming\.openjfx\cache\17.0.6\msvcp140.dll
0x00007ff84cae0000 - 0x00007ff84cae9000 	C:\Users\Kokeshi-Gaming\.openjfx\cache\17.0.6\msvcp140_1.dll
0x00007ff84cab0000 - 0x00007ff84cadf000 	C:\Users\Kokeshi-Gaming\.openjfx\cache\17.0.6\msvcp140_2.dll
0x00007ff84ca80000 - 0x00007ff84caaa000 	C:\Users\Kokeshi-Gaming\.openjfx\cache\17.0.6\prism_d3d.dll
0x00007ff806b50000 - 0x00007ff806cf6000 	C:\Windows\system32\d3d9.dll
0x00007ff84f9f0000 - 0x00007ff84fa1e000 	C:\Windows\SYSTEM32\dwmapi.dll
0x00007ff84fc10000 - 0x00007ff84fc50000 	C:\Windows\SYSTEM32\dxcore.dll
0x00007ff84f6b0000 - 0x00007ff84f75d000 	C:\Windows\system32\uxtheme.dll
0x00007ff84ab40000 - 0x00007ff84addf000 	C:\Windows\System32\DriverStore\FileRepository\iigd_dch.inf_amd64_7bb1fa07ea2dce86\igdumdim64.dll
0x00007ff802b90000 - 0x00007ff804290000 	C:\Windows\System32\DriverStore\FileRepository\iigd_dch.inf_amd64_7bb1fa07ea2dce86\igd9dxva64.dll
0x00007ff853980000 - 0x00007ff853e05000 	C:\Windows\System32\SETUPAPI.dll
0x00007ff8525b0000 - 0x00007ff85260f000 	C:\Windows\SYSTEM32\cfgmgr32.dll
0x00007ff822290000 - 0x00007ff824302000 	C:\Windows\System32\DriverStore\FileRepository\iigd_dch.inf_amd64_7bb1fa07ea2dce86\media_bin_64.dll
0x00007ff8464b0000 - 0x00007ff846a41000 	C:\Windows\System32\DriverStore\FileRepository\iigd_dch.inf_amd64_7bb1fa07ea2dce86\igdgmm64.dll
0x00007ff84f820000 - 0x00007ff84f877000 	C:\Windows\SYSTEM32\directxdatabasehelper.dll
0x00007ff84b780000 - 0x00007ff84b7c2000 	C:\Users\Kokeshi-Gaming\.openjfx\cache\17.0.6\glass.dll
0x00007ff854490000 - 0x00007ff85457d000 	C:\Windows\System32\COMDLG32.dll
0x00007ff8541c0000 - 0x00007ff85431b000 	C:\Windows\System32\MSCTF.dll
0x00007ff8277f0000 - 0x00007ff827818000 	C:\Windows\System32\DriverStore\FileRepository\iigd_dch.inf_amd64_7bb1fa07ea2dce86\igdinfo64.dll
0x00007ff841430000 - 0x00007ff8464a1000 	C:\Windows\System32\DriverStore\FileRepository\iigd_dch.inf_amd64_7bb1fa07ea2dce86\igc64.dll
0x00007ff84b760000 - 0x00007ff84b774000 	C:\Users\Kokeshi-Gaming\.openjfx\cache\17.0.6\javafx_font.dll
0x00007ff84b040000 - 0x00007ff84b2a5000 	C:\Windows\SYSTEM32\dwrite.dll
0x00007ff854aa0000 - 0x00007ff854b48000 	C:\Windows\System32\clbcatq.dll
0x00007ff84f440000 - 0x00007ff84f66a000 	C:\Windows\SYSTEM32\WindowsCodecs.dll
0x00007ff81c270000 - 0x00007ff81c2ca000 	C:\Windows\system32\dataexchange.dll
0x00007ff840e50000 - 0x00007ff841085000 	C:\Windows\system32\twinapi.appcore.dll
0x00007ff84ab10000 - 0x00007ff84ab3c000 	C:\Program Files\Common Files\Microsoft Shared\Ink\rtscom.dll
0x00007ff82ca20000 - 0x00007ff82cb64000 	C:\Windows\SYSTEM32\textinputframework.dll
0x00007ff84bee0000 - 0x00007ff84c005000 	C:\Windows\SYSTEM32\CoreMessaging.dll
0x00007ff848870000 - 0x00007ff848b53000 	C:\Windows\SYSTEM32\CoreUIComponents.dll
0x00007ff84e250000 - 0x00007ff84e3b8000 	C:\Windows\SYSTEM32\wintypes.dll
0x00007ff851f40000 - 0x00007ff851f4c000 	C:\Windows\SYSTEM32\CRYPTBASE.DLL

dbghelp: loaded successfully - version: 4.0.5 - missing functions: none
symbol engine: initialized successfully - sym options: 0x614 - pdb path: .;D:\Java\Azul JDK\zulu\bin;C:\Windows\SYSTEM32;C:\Windows\WinSxS\amd64_microsoft.windows.common-controls_6595b64144ccf1df_6.0.26100.1882_none_3e0e949ae32eca40;D:\Java\Azul JDK\zulu\bin\server;C:\Users\Kokeshi-Gaming\.openjfx\cache\17.0.6;C:\Windows\System32\DriverStore\FileRepository\iigd_dch.inf_amd64_7bb1fa07ea2dce86;C:\Program Files\Common Files\Microsoft Shared\Ink

VM Arguments:
jvm_args: -javaagent:D:\Java\IntelliJ IDEA\lib\idea_rt.jar=49717 -Dfile.encoding=UTF-8 -Dsun.stdout.encoding=UTF-8 -Dsun.stderr.encoding=UTF-8 --module-path=C:\Users\Kokeshi-Gaming\.m2\repository\org\openjfx\javafx-controls\17.0.6\javafx-controls-17.0.6-win.jar;D:\Java\Projects\PrintingPOS\target\classes;C:\Users\Kokeshi-Gaming\.m2\repository\org\openjfx\javafx-base\17.0.6\javafx-base-17.0.6-win.jar;C:\Users\Kokeshi-Gaming\.m2\repository\org\openjfx\javafx-fxml\17.0.6\javafx-fxml-17.0.6-win.jar;C:\Users\Kokeshi-Gaming\.m2\repository\org\openjfx\javafx-graphics\17.0.6\javafx-graphics-17.0.6-win.jar -Djdk.module.main=com.pp.s.printingpos 
java_command: com.pp.s.printingpos/com.pp.s.printingpos.PrintPOSApplication
java_class_path (initial): C:\Users\Kokeshi-Gaming\.m2\repository\org\openjfx\javafx-controls\17.0.6\javafx-controls-17.0.6.jar;C:\Users\Kokeshi-Gaming\.m2\repository\org\openjfx\javafx-graphics\17.0.6\javafx-graphics-17.0.6.jar;C:\Users\Kokeshi-Gaming\.m2\repository\org\openjfx\javafx-base\17.0.6\javafx-base-17.0.6.jar;C:\Users\Kokeshi-Gaming\.m2\repository\org\openjfx\javafx-fxml\17.0.6\javafx-fxml-17.0.6.jar
Launcher Type: SUN_STANDARD

[Global flags]
     intx CICompilerCount                          = 4                                         {product} {ergonomic}
     uint ConcGCThreads                            = 2                                         {product} {ergonomic}
     uint G1ConcRefinementThreads                  = 8                                         {product} {ergonomic}
   size_t G1HeapRegionSize                         = 1048576                                   {product} {ergonomic}
   size_t InitialHeapSize                          = 132120576                                 {product} {ergonomic}
   size_t MarkStackSize                            = 4194304                                   {product} {ergonomic}
   size_t MarkStackSizeMax                         = 536870912                                 {product} {ergonomic}
   size_t MaxHeapSize                              = 2090860544                                {product} {ergonomic}
   size_t MaxNewSize                               = 1254096896                                {product} {ergonomic}
   size_t MinHeapDeltaBytes                        = 1048576                                   {product} {ergonomic}
   size_t MinHeapSize                              = 8388608                                   {product} {ergonomic}
    uintx NonNMethodCodeHeapSize                   = 5832704                                {pd product} {ergonomic}
    uintx NonProfiledCodeHeapSize                  = 122945536                              {pd product} {ergonomic}
    uintx ProfiledCodeHeapSize                     = 122880000                              {pd product} {ergonomic}
    uintx ReservedCodeCacheSize                    = 251658240                              {pd product} {ergonomic}
     bool SegmentedCodeCache                       = true                                      {product} {ergonomic}
   size_t SoftMaxHeapSize                          = 2090860544                             {manageable} {ergonomic}
     bool UseCompressedOops                        = true                           {product lp64_product} {ergonomic}
     bool UseG1GC                                  = true                                      {product} {ergonomic}
     bool UseLargePagesIndividualAllocation        = false                                  {pd product} {ergonomic}

Logging:
Log output configuration:
 #0: stdout all=off uptime,level,tags foldmultilines=false
 #1: stderr all=off uptime,level,tags foldmultilines=false

Environment Variables:
JAVA_HOME=D:\Java\Azul JDK\zulu\
PATH=D:\Java\Azul JDK\zulu\bin\;C:\Program Files\Common Files\Oracle\Java\javapath;C:\Program Files (x86)\Common Files\Oracle\Java\java8path;C:\Program Files (x86)\Common Files\Oracle\Java\javapath;C:\Program Files\Eclipse Adoptium\jdk-21.0.5.11-hotspot\bin;C:\Windows\system32;C:\Windows;C:\Windows\System32\Wbem;C:\Windows\System32\WindowsPowerShell\v1.0\;C:\Windows\System32\OpenSSH\;C:\Program Files\dotnet\;C:\Program Files\WindowsPowerShell\Scripts;C:\Python313\Scripts\;C:\Python313\;C:\Users\Kokeshi-Gaming\AppData\Local\Programs\Python\Launcher\;C:\Users\Kokeshi-Gaming\AppData\Local\Microsoft\WindowsApps;D:\Programming\Editors\Microsoft VS Code\bin;C:\Users\Kokeshi-Gaming\.dotnet\tools;D:\Programming\Editors\PyCharm\bin;;D:\Java\IntelliJ IDEA\bin;;C:\Users\Kokeshi-Gaming\.lmstudio\bin
USERNAME=Kokeshi-Gaming
OS=Windows_NT
PROCESSOR_IDENTIFIER=Intel64 Family 6 Model 140 Stepping 2, GenuineIntel
TMP=C:\Users\KOKESH~1\AppData\Local\Temp
TEMP=C:\Users\KOKESH~1\AppData\Local\Temp




Periodic native trim disabled

---------------  S Y S T E M  ---------------

OS:
 Windows 11 , 64 bit Build 26100 (10.0.26100.1882)
OS uptime: 0 days 0:02 hours
Hyper-V role detected

CPU: total 8 (initial active 8) (4 cores per cpu, 2 threads per core) family 6 model 140 stepping 2 microcode 0x16, cx8, cmov, fxsr, ht, mmx, 3dnowpref, sse, sse2, sse3, ssse3, sse4.1, sse4.2, popcnt, lzcnt, tsc, tscinvbit, avx, avx2, aes, erms, clmul, bmi1, bmi2, adx, avx512f, avx512dq, avx512cd, avx512bw, avx512vl, sha, fma, vzeroupper, avx512_vpopcntdq, avx512_vpclmulqdq, avx512_vaes, avx512_vnni, clflush, clflushopt, clwb, avx512_vbmi2, avx512_vbmi, hv, rdtscp, rdpid, fsrm, gfni, avx512_bitalg, f16c, cet_ibt, cet_ss, avx512_ifma
Processor Information for the first 8 processors :
  Max Mhz: 2496, Current Mhz: 2496, Mhz Limit: 2496

Memory: 4k page, system-wide physical 7975M (2561M free)
TotalPageFile size 13863M (AvailPageFile size 7501M)
current process WorkingSet (physical memory assigned to process): 223M, peak: 233M
current process commit charge ("private bytes"): 333M, peak: 348M

vm_info: OpenJDK 64-Bit Server VM (24+36) for windows-amd64 JRE (24+36) (Zulu24.28+83-CA), built on 2025-02-26T13:03:31Z with MS VC++ 17.1 (VS2022)

END.
