#
# A fatal error has been detected by the Java Runtime Environment:
#
#  EXCEPTION_ACCESS_VIOLATION (0xc0000005) at pc=0x00007ff9ccc96b07, pid=7800, tid=3432
#
# JRE version: OpenJDK Runtime Environment Zulu24.28+83-CA (24.0+36) (build 24+36)
# Java VM: OpenJDK 64-Bit Server VM Zulu24.28+83-CA (24+36, mixed mode, sharing, tiered, compressed oops, compressed class ptrs, g1 gc, windows-amd64)
# Problematic frame:
# C  [glass.dll+0x26b07]
#
# No core dump will be written. Minidumps are not enabled by default on client versions of Windows
#
# If you would like to submit a bug report, please visit:
#   http://www.azul.com/support/
#

---------------  S U M M A R Y ------------

Command Line: -javaagent:D:\Java\IntelliJ IDEA\lib\idea_rt.jar=52306 -Dfile.encoding=UTF-8 -Dsun.stdout.encoding=UTF-8 -Dsun.stderr.encoding=UTF-8 --module-path=D:\Java\Projects\PrintingPOS\target\classes;C:\Users\Kokeshi-Gaming\.m2\repository\org\openjfx\javafx-fxml\17.0.6\javafx-fxml-17.0.6-win.jar;C:\Users\Kokeshi-Gaming\.m2\repository\org\openjfx\javafx-graphics\17.0.6\javafx-graphics-17.0.6-win.jar;C:\Users\Kokeshi-Gaming\.m2\repository\org\openjfx\javafx-base\17.0.6\javafx-base-17.0.6-win.jar;C:\Users\Kokeshi-Gaming\.m2\repository\org\openjfx\javafx-controls\17.0.6\javafx-controls-17.0.6-win.jar -Djdk.module.main=com.pp.s.printingpos com.pp.s.printingpos/com.pp.s.printingpos.PrintPOSApplication

Host: 11th Gen Intel(R) Core(TM) i5-1155G7 @ 2.50GHz, 8 cores, 7G,  Windows 11 , 64 bit Build 26100 (10.0.26100.1882)
Time: Wed Mar 26 18:05:40 2025 China Standard Time elapsed time: 12.480015 seconds (0d 0h 0m 12s)

---------------  T H R E A D  ---------------

Current thread (0x000002acee29a710):  VMThread "VM Thread"          [id=3432, stack(0x000000c681700000,0x000000c681800000) (1024K)]

Stack: [0x000000c681700000,0x000000c681800000],  sp=0x000000c6817feaa0,  free space=1018k
Native frames: (J=compiled Java code, j=interpreted, Vv=VM code, C=native code)
C  [glass.dll+0x26b07]  (no source info available)
C  [ucrtbase.dll+0x1cf05]  (no source info available)
C  [ucrtbase.dll+0x1ce27]  (no source info available)
C  [ucrtbase.dll+0x1cddd]  (no source info available)
C  [glass.dll+0x24261]  (no source info available)
C  [glass.dll+0x24386]  (no source info available)
C  [ntdll.dll+0x1d860]  (no source info available)
C  [ntdll.dll+0x86a40]  (no source info available)
C  [ntdll.dll+0x85c04]  (no source info available)
C  [KERNEL32.DLL+0x41f9b]  (no source info available)
C  [ucrtbase.dll+0xa0543]  (no source info available)
V  [jvm.dll+0x739d0c]  (no source info available)
V  [jvm.dll+0x739840]  (no source info available)
V  [jvm.dll+0x429b14]  (no source info available)
V  [jvm.dll+0x986c1a]  (no source info available)
V  [jvm.dll+0x987f5c]  (no source info available)
V  [jvm.dll+0x9884c8]  (no source info available)
V  [jvm.dll+0x988763]  (no source info available)
V  [jvm.dll+0x920b08]  (no source info available)
V  [jvm.dll+0x73fab5]  (no source info available)
C  [ucrtbase.dll+0x14ea0]  (no source info available)
C  [KERNEL32.DLL+0x2dbe7]  (no source info available)
C  [ntdll.dll+0x85a4c]  (no source info available)


siginfo: EXCEPTION_ACCESS_VIOLATION (0xc0000005), reading address 0x0000000000000000


Registers:
RAX=0x0000000000000000, RBX=0x000002acee2a825a, RCX=0x000002acee29a710, RDX=0x000000c6817feaa0
RSP=0x000000c6817feaa0, RBP=0x0000f79072e6c002, RSI=0x000002acc602ca88, RDI=0x000002acc602ca60
R8 =0x0000000000010002, R9 =0x0000f79072e6c002, R10=0x000002accefe0000, R11=0x000000c6817feb88
R12=0x0000000000000001, R13=0x000000007ffe0385, R14=0x000000c6817feba8, R15=0x000002acc602ca60
RIP=0x00007ff9ccc96b07, EFLAGS=0x0000000000010202

XMM[0]=0x0000000000000000 0x0000000000000000
XMM[1]=0x0000000000000000 0x000000c6817fd790
XMM[2]=0x0000000000000000 0x0000000000000000
XMM[3]=0x0000000000000000 0x0000000000000000
XMM[4]=0x0000000000000000 0x0000000000000000
XMM[5]=0x0000000000000000 0x0000000000000000
XMM[6]=0x0000000000000000 0x0000000000000000
XMM[7]=0x0000000000000000 0x404e000000000000
XMM[8]=0x0000000000000000 0x0000000000000000
XMM[9]=0x0000000000000000 0x0000000000000000
XMM[10]=0x0000000000000000 0x0000000000000000
XMM[11]=0x0000000000000000 0x0000000000000000
XMM[12]=0x0000000000000000 0x0000000000000000
XMM[13]=0x0000000000000000 0x0000000000000000
XMM[14]=0x0000000000000000 0x0000000000000000
XMM[15]=0x0000000000000000 0x0000000000000000
  MXCSR=0x00001fa0


Register to memory mapping:

RAX=0x0 is null
RBX=0x000002acee2a825a is a global jni handle
RCX=0x000002acee29a710 points into unknown readable memory: 0x00007ff9a1d6c750 | 50 c7 d6 a1 f9 7f 00 00
RDX=0x000000c6817feaa0 points into unknown readable memory: 0x0000000000000000 | 00 00 00 00 00 00 00 00
RSP=0x000000c6817feaa0 points into unknown readable memory: 0x0000000000000000 | 00 00 00 00 00 00 00 00
RBP=0x0000f79072e6c002 is an unknown value
RSI=0x000002acc602ca88 points into unknown readable memory: 0x0000f79072e6c002 | 02 c0 e6 72 90 f7 00 00
RDI=0x000002acc602ca60 points into unknown readable memory: 0x0001087741c23bb2 | b2 3b c2 41 77 08 01 00
R8 =0x0000000000010002 is an unknown value
R9 =0x0000f79072e6c002 is an unknown value
R10=0x000002accefe0000 points into unknown readable memory: 0x0000000000000000 | 00 00 00 00 00 00 00 00
R11=0x000000c6817feb88 points into unknown readable memory: 0x00007ff9ccc94261 | 61 42 c9 cc f9 7f 00 00
R12=0x0000000000000001 is an unknown value
R13=0x000000007ffe0385 points into unknown readable memory: 00 00 00
R14=0x000000c6817feba8 points into unknown readable memory: 0x000000c6817feb90 | 90 eb 7f 81 c6 00 00 00
R15=0x000002acc602ca60 points into unknown readable memory: 0x0001087741c23bb2 | b2 3b c2 41 77 08 01 00

Top of Stack: (sp=0x000000c6817feaa0)
0x000000c6817feaa0:   0000000000000000 000002ac00000000   ................
0x000000c6817feab0:   000002acc608adb0 0000000000000001   ................
0x000000c6817feac0:   000002acc602ca68 00007ffa0669cf05   h.........i.....
0x000000c6817fead0:   000002acc602ca60 000002ac00000000   `...............
0x000000c6817feae0:   000002acc602ca80 0000f79072e6c002   ...........r....
0x000000c6817feaf0:   fffffffffffffffe 00007ffa0698b88b   ................
0x000000c6817feb00:   00007ff9ccc70000 00007ff9ccc70000   ................
0x000000c6817feb10:   000000c6817feb98 00007ffa0669ce27   ........'.i.....
0x000000c6817feb20:   000000c6817feb00 000000c6817feba8   ................
0x000000c6817feb30:   000000c6817ff0d0 00007ffa067b88c0   ..........{.....
0x000000c6817feb40:   0000000000000001 00007ffa0669cddd   ..........i.....
0x000000c6817feb50:   0000000000000000 0000000000000001   ................
0x000000c6817feb60:   0000000000000000 000000c6817feb98   ................
0x000000c6817feb70:   fffffffffffffffe 000000c6817ff000   ................
0x000000c6817feb80:   0000000000000000 00007ff9ccc94261   ........aB......
0x000000c6817feb90:   00007ff9cccaa138 00007ff900000002   8...............
0x000000c6817feba0:   0000000000000002 000000c6817feb90   ................
0x000000c6817febb0:   00007ff9f59a0000 0000000000000000   ................
0x000000c6817febc0:   0000000000000000 00007ff9ccc94386   .........C......
0x000000c6817febd0:   0000000000000001 000000007ffe0384   ................
0x000000c6817febe0:   0000000000000001 0000037f000004fe   ................
0x000000c6817febf0:   0000000000000001 00007ffa059e277e   ........~'......
0x000000c6817fec00:   0000000000000001 00000000000000eb   ................
0x000000c6817fec10:   0000000000000000 0000000000000001   ................
0x000000c6817fec20:   00007ff9ccc943d4 00007ffa08fbd860   .C......`.......
0x000000c6817fec30:   00007ff9ccc70000 00007ff900000000   ................
0x000000c6817fec40:   0000000000000001 000000007ffe0384   ................
0x000000c6817fec50:   00000000000000bc 0000000000000000   ................
0x000000c6817fec60:   0000000000000000 0000000000000000   ................
0x000000c6817fec70:   00007ff9ccc70000 fffffbed00000000   ................
0x000000c6817fec80:   00000000000000e9 0000000000000000   ................
0x000000c6817fec90:   0000000000000000 000002accf385fe0   ........._8.....

Instructions: (pc=0x00007ff9ccc96b07)
  0x00007ff9ccc96a07:   8b 4d 58 e8 01 cf ff ff 48 8b 4d 60 e8 f8 ce ff
  0x00007ff9ccc96a17:   ff 48 8b 95 80 00 00 00 48 8b 8d 18 01 00 00 e8
  0x00007ff9ccc96a27:   c6 c3 ff ff 33 d2 33 c9 e8 3c e1 ff ff 90 48 89
  0x00007ff9ccc96a37:   54 24 10 55 48 83 ec 20 48 8b ea 48 b8 00 00 00
  0x00007ff9ccc96a47:   00 00 00 00 00 48 83 c4 20 5d c3 cc 40 55 48 8b
  0x00007ff9ccc96a57:   ea 48 8b 01 33 c9 81 38 05 00 00 c0 0f 94 c1 8b
  0x00007ff9ccc96a67:   c1 5d c3 cc 40 55 48 83 ec 20 48 8b ea 8a 4d 40
  0x00007ff9ccc96a77:   48 83 c4 20 5d e9 f7 d2 ff ff cc 40 55 48 83 ec
  0x00007ff9ccc96a87:   20 48 8b ea 8a 4d 20 e8 e5 d2 ff ff 90 48 83 c4
  0x00007ff9ccc96a97:   20 5d c3 cc 40 55 48 83 ec 20 48 8b ea 48 83 c4
  0x00007ff9ccc96aa7:   20 5d e9 46 d1 ff ff cc 40 55 48 83 ec 30 48 8b
  0x00007ff9ccc96ab7:   ea 48 8b 01 8b 10 48 89 4c 24 28 89 54 24 20 4c
  0x00007ff9ccc96ac7:   8d 0d e7 d5 ff ff 4c 8b 45 70 8b 55 68 48 8b 4d
  0x00007ff9ccc96ad7:   60 e8 87 d0 ff ff 90 48 83 c4 30 5d c3 cc cc cc
  0x00007ff9ccc96ae7:   cc cc cc cc cc cc cc cc cc 40 53 48 83 ec 20 48
  0x00007ff9ccc96af7:   8b 1d 33 30 01 00 48 85 db 74 16 e8 09 8b ff ff
=>0x00007ff9ccc96b07:   4c 8b 00 48 8b d3 48 8b c8 41 ff 90 b0 00 00 00
  0x00007ff9ccc96b17:   90 48 83 c4 20 5b c3 cc cc 40 53 48 83 ec 20 48
  0x00007ff9ccc96b27:   8b 1d ab 31 01 00 48 85 db 74 57 b8 ff ff ff ff
  0x00007ff9ccc96b37:   f0 0f c1 43 10 83 f8 01 75 3d 48 85 db 74 38 48
  0x00007ff9ccc96b47:   8b 0b 48 85 c9 74 0d ff 15 54 07 00 00 48 c7 03
  0x00007ff9ccc96b57:   00 00 00 00 48 8b 4b 08 48 85 c9 74 0d e8 a7 cd
  0x00007ff9ccc96b67:   ff ff 48 c7 43 08 00 00 00 00 ba 18 00 00 00 48
  0x00007ff9ccc96b77:   8b cb e8 92 cd ff ff 48 c7 05 4f 31 01 00 00 00
  0x00007ff9ccc96b87:   00 00 48 83 c4 20 5b c3 cc 40 53 48 83 ec 20 48
  0x00007ff9ccc96b97:   8b 1d 1b 31 01 00 48 85 db 74 57 b8 ff ff ff ff
  0x00007ff9ccc96ba7:   f0 0f c1 43 10 83 f8 01 75 3d 48 85 db 74 38 48
  0x00007ff9ccc96bb7:   8b 0b 48 85 c9 74 0d ff 15 e4 06 00 00 48 c7 03
  0x00007ff9ccc96bc7:   00 00 00 00 48 8b 4b 08 48 85 c9 74 0d e8 37 cd
  0x00007ff9ccc96bd7:   ff ff 48 c7 43 08 00 00 00 00 ba 18 00 00 00 48
  0x00007ff9ccc96be7:   8b cb e8 22 cd ff ff 48 c7 05 bf 30 01 00 00 00
  0x00007ff9ccc96bf7:   00 00 48 83 c4 20 5b c3 cc 40 53 48 83 ec 20 48


Stack slot to memory mapping:

stack at sp + 0 slots: 0x0 is null
stack at sp + 1 slots: 0x000002ac00000000 is an unknown value
stack at sp + 2 slots: 0x000002acc608adb0 points into unknown readable memory: 0x000002acc608a9c0 | c0 a9 08 c6 ac 02 00 00
stack at sp + 3 slots: 0x0000000000000001 is an unknown value
stack at sp + 4 slots: 0x000002acc602ca68 points into unknown readable memory: 0x0000f79072e6c002 | 02 c0 e6 72 90 f7 00 00
stack at sp + 5 slots: 0x00007ffa0669cf05 ucrtbase.dll
stack at sp + 6 slots: 0x000002acc602ca60 points into unknown readable memory: 0x0001087741c23bb2 | b2 3b c2 41 77 08 01 00
stack at sp + 7 slots: 0x000002ac00000000 is an unknown value

VM_Operation (0x000000c6827f9f40): Exit, mode: safepoint, requested by thread 0x000002acc5efe110


---------------  P R O C E S S  ---------------

Threads class SMR info:
_java_thread_list=0x000002acc65c9c90, length=18, elements={
0x000002accf165f00, 0x000002acee2abed0, 0x000002acee2ac810, 0x000002acee2b0a80,
0x000002acee2b1900, 0x000002acee2bcc60, 0x000002acee2bdbf0, 0x000002acee2be5e0,
0x000002acc506ee20, 0x000002acc51b9bb0, 0x000002acc51ba2f0, 0x000002acc55e4ab0,
0x000002acc607fdc0, 0x000002acc5efe110, 0x000002acc635f010, 0x000002acc645c190,
0x000002acc65e54c0, 0x000002acc67e8de0
}

Java Threads: ( => current thread )
  0x000002accf165f00 JavaThread "main"                              [_thread_blocked, id=1120, stack(0x000000c681000000,0x000000c681100000) (1024K)]
  0x000002acee2abed0 JavaThread "Reference Handler"          daemon [_thread_blocked, id=1852, stack(0x000000c681800000,0x000000c681900000) (1024K)]
  0x000002acee2ac810 JavaThread "Finalizer"                  daemon [_thread_blocked, id=7992, stack(0x000000c681900000,0x000000c681a00000) (1024K)]
  0x000002acee2b0a80 JavaThread "Attach Listener"            daemon [_thread_blocked, id=3092, stack(0x000000c681b00000,0x000000c681c00000) (1024K)]
  0x000002acee2b1900 JavaThread "Service Thread"             daemon [_thread_blocked, id=1316, stack(0x000000c681c00000,0x000000c681d00000) (1024K)]
  0x000002acee2bcc60 JavaThread "Monitor Deflation Thread"   daemon [_thread_blocked, id=2184, stack(0x000000c681d00000,0x000000c681e00000) (1024K)]
  0x000002acee2bdbf0 JavaThread "C2 CompilerThread0"         daemon [_thread_blocked, id=9492, stack(0x000000c681e00000,0x000000c681f00000) (1024K)]
  0x000002acee2be5e0 JavaThread "C1 CompilerThread0"         daemon [_thread_blocked, id=8760, stack(0x000000c681f00000,0x000000c682000000) (1024K)]
  0x000002acc506ee20 JavaThread "Common-Cleaner"             daemon [_thread_blocked, id=10684, stack(0x000000c682000000,0x000000c682100000) (1024K)]
  0x000002acc51b9bb0 JavaThread "Monitor Ctrl-Break"         daemon [_thread_in_native, id=10552, stack(0x000000c682300000,0x000000c682400000) (1024K)]
  0x000002acc51ba2f0 JavaThread "Notification Thread"        daemon [_thread_blocked, id=6824, stack(0x000000c682400000,0x000000c682500000) (1024K)]
  0x000002acc55e4ab0 JavaThread "QuantumRenderer-0"          daemon [_thread_blocked, id=960, stack(0x000000c682500000,0x000000c682600000) (1024K)]
  0x000002acc607fdc0 JavaThread "InvokeLaterDispatcher"      daemon [_thread_blocked, id=8772, stack(0x000000c682600000,0x000000c682700000) (1024K)]
  0x000002acc5efe110 JavaThread "JavaFX Application Thread"         [_thread_blocked, id=8256, stack(0x000000c682700000,0x000000c682800000) (1024K)]
  0x000002acc635f010 JavaThread "JavaFX-Launcher"                   [_thread_blocked, id=7752, stack(0x000000c682c00000,0x000000c682d00000) (1024K)]
  0x000002acc645c190 JavaThread "Thread-2"                   daemon [_thread_in_native, id=9424, stack(0x000000c682b00000,0x000000c682c00000) (1024K)]
  0x000002acc65e54c0 JavaThread "Prism Font Disposer"        daemon [_thread_blocked, id=10052, stack(0x000000c683500000,0x000000c683600000) (1024K)]
  0x000002acc67e8de0 JavaThread "Cleaner-0"                  daemon [_thread_blocked, id=8580, stack(0x000000c683600000,0x000000c683700000) (1024K)]
Total: 18

Other Threads:
=>0x000002acee29a710 VMThread "VM Thread"                           [id=3432, stack(0x000000c681700000,0x000000c681800000) (1024K)]
  0x000002acd14e0f90 WorkerThread "GC Thread#0"                     [id=3264, stack(0x000000c681100000,0x000000c681200000) (1024K)]
  0x000002acc65e79f0 WorkerThread "GC Thread#1"                     [id=10512, stack(0x000000c682d00000,0x000000c682e00000) (1024K)]
  0x000002acc65e7da0 WorkerThread "GC Thread#2"                     [id=11128, stack(0x000000c682e00000,0x000000c682f00000) (1024K)]
  0x000002acc65e8970 WorkerThread "GC Thread#3"                     [id=2428, stack(0x000000c682f00000,0x000000c683000000) (1024K)]
  0x000002acc65fd470 WorkerThread "GC Thread#4"                     [id=7288, stack(0x000000c683000000,0x000000c683100000) (1024K)]
  0x000002acc65fdc30 WorkerThread "GC Thread#5"                     [id=10372, stack(0x000000c683100000,0x000000c683200000) (1024K)]
  0x000002acd14f5770 ConcurrentGCThread "G1 Main Marker"            terminated
  0x000002acd14f6480 WorkerThread "G1 Conc#0"                       [id=3388, stack(0x000000c681300000,0x000000c681400000) (1024K)]
  0x000002acee14b070 ConcurrentGCThread "G1 Refine#0"               terminated
  0x000002acee14c8b0 ConcurrentGCThread "G1 Service"                terminated
Total: 11

Threads with active compile tasks:
C1 CompilerThread0  12624 3730       3       jdk.internal.classfile.impl.StackMapGenerator::processBlock (2767 bytes)
Total: 1

VM state: at safepoint (shutting down)

VM Mutex/Monitor currently owned by a thread:  ([mutex/lock_event])
[0x00007ff9a1f64fd0] Threads_lock - owner thread: 0x000002acee29a710
[0x00007ff9a1f650d0] Heap_lock - owner thread: 0x000002acc5efe110

Heap address: 0x0000000083600000, size: 1994 MB, Compressed Oops mode: 32-bit

CDS archive(s) mapped at: [0x000002ac80000000-0x000002ac80d40000-0x000002ac80d40000), size 13893632, SharedBaseAddress: 0x000002ac80000000, ArchiveRelocationMode: 1.
Compressed class space mapped at: 0x000002ac81000000-0x000002acc1000000, reserved size: 1073741824
UseCompressedClassPointers 1, UseCompactObjectHeaders 0
Narrow klass pointer bits 32, Max shift 3
Narrow klass base: 0x000002ac80000000, Narrow klass shift: 0
Encoding Range: [0x000002ac80000000 - 0x000002ad80000000), (4294967296 bytes)
Klass Range:    [0x000002ac80000000 - 0x000002acc1000000), (1090519040 bytes)
Klass ID Range:  [8 - 1090519033) (1090519025)

GC Precious Log:
 CardTable entry size: 512
 Card Set container configuration: InlinePtr #cards 5 size 8 Array Of Cards #cards 10 size 36 Howl #buckets 4 coarsen threshold 1843 Howl Bitmap #cards 512 size 80 coarsen threshold 460 Card regions per heap region 1 cards per card region 2048
 CPUs: 8 total, 8 available
 Memory: 7975M
 Large Page Support: Disabled
 NUMA Support: Disabled
 Compressed Oops: Enabled (32-bit)
 Heap Region Size: 1M
 Heap Min Capacity: 8M
 Heap Initial Capacity: 126M
 Heap Max Capacity: 1994M
 Pre-touch: Disabled
 Parallel Workers: 8
 Concurrent Workers: 2
 Concurrent Refinement Workers: 8
 Periodic GC: Disabled

Heap:
 garbage-first heap   total reserved 2041856K, committed 131072K, used 52080K [0x0000000083600000, 0x0000000100000000)
  region size 1024K, 50 young (51200K), 5 survivors (5120K)
 Metaspace       used 17868K, committed 18176K, reserved 1114112K
  class space    used 2237K, committed 2368K, reserved 1048576K

Heap Regions: E=young(eden), S=young(survivor), O=old, HS=humongous(starts), HC=humongous(continues), CS=collection set, F=free, TAMS=top-at-mark-start, PB=parsable bottom
|   0|0x0000000083600000, 0x0000000083700000, 0x0000000083700000|100%|HS|  |TAMS 0x0000000083600000| PB 0x0000000083600000| Complete |  0
|   1|0x0000000083700000, 0x0000000083800000, 0x0000000083800000|100%|HC|  |TAMS 0x0000000083700000| PB 0x0000000083700000| Complete |  0
|   2|0x0000000083800000, 0x0000000083800000, 0x0000000083900000|  0%| F|  |TAMS 0x0000000083800000| PB 0x0000000083800000| Untracked |  0
|   3|0x0000000083900000, 0x0000000083900000, 0x0000000083a00000|  0%| F|  |TAMS 0x0000000083900000| PB 0x0000000083900000| Untracked |  0
|   4|0x0000000083a00000, 0x0000000083a00000, 0x0000000083b00000|  0%| F|  |TAMS 0x0000000083a00000| PB 0x0000000083a00000| Untracked |  0
|   5|0x0000000083b00000, 0x0000000083b00000, 0x0000000083c00000|  0%| F|  |TAMS 0x0000000083b00000| PB 0x0000000083b00000| Untracked |  0
|   6|0x0000000083c00000, 0x0000000083c00000, 0x0000000083d00000|  0%| F|  |TAMS 0x0000000083c00000| PB 0x0000000083c00000| Untracked |  0
|   7|0x0000000083d00000, 0x0000000083d00000, 0x0000000083e00000|  0%| F|  |TAMS 0x0000000083d00000| PB 0x0000000083d00000| Untracked |  0
|   8|0x0000000083e00000, 0x0000000083e00000, 0x0000000083f00000|  0%| F|  |TAMS 0x0000000083e00000| PB 0x0000000083e00000| Untracked |  0
|   9|0x0000000083f00000, 0x0000000083f00000, 0x0000000084000000|  0%| F|  |TAMS 0x0000000083f00000| PB 0x0000000083f00000| Untracked |  0
|  10|0x0000000084000000, 0x0000000084000000, 0x0000000084100000|  0%| F|  |TAMS 0x0000000084000000| PB 0x0000000084000000| Untracked |  0
|  11|0x0000000084100000, 0x0000000084100000, 0x0000000084200000|  0%| F|  |TAMS 0x0000000084100000| PB 0x0000000084100000| Untracked |  0
|  12|0x0000000084200000, 0x0000000084200000, 0x0000000084300000|  0%| F|  |TAMS 0x0000000084200000| PB 0x0000000084200000| Untracked |  0
|  13|0x0000000084300000, 0x0000000084300000, 0x0000000084400000|  0%| F|  |TAMS 0x0000000084300000| PB 0x0000000084300000| Untracked |  0
|  14|0x0000000084400000, 0x0000000084400000, 0x0000000084500000|  0%| F|  |TAMS 0x0000000084400000| PB 0x0000000084400000| Untracked |  0
|  15|0x0000000084500000, 0x0000000084500000, 0x0000000084600000|  0%| F|  |TAMS 0x0000000084500000| PB 0x0000000084500000| Untracked |  0
|  16|0x0000000084600000, 0x0000000084600000, 0x0000000084700000|  0%| F|  |TAMS 0x0000000084600000| PB 0x0000000084600000| Untracked |  0
|  17|0x0000000084700000, 0x0000000084700000, 0x0000000084800000|  0%| F|  |TAMS 0x0000000084700000| PB 0x0000000084700000| Untracked |  0
|  18|0x0000000084800000, 0x0000000084800000, 0x0000000084900000|  0%| F|  |TAMS 0x0000000084800000| PB 0x0000000084800000| Untracked |  0
|  19|0x0000000084900000, 0x0000000084900000, 0x0000000084a00000|  0%| F|  |TAMS 0x0000000084900000| PB 0x0000000084900000| Untracked |  0
|  20|0x0000000084a00000, 0x0000000084a00000, 0x0000000084b00000|  0%| F|  |TAMS 0x0000000084a00000| PB 0x0000000084a00000| Untracked |  0
|  21|0x0000000084b00000, 0x0000000084b00000, 0x0000000084c00000|  0%| F|  |TAMS 0x0000000084b00000| PB 0x0000000084b00000| Untracked |  0
|  22|0x0000000084c00000, 0x0000000084c00000, 0x0000000084d00000|  0%| F|  |TAMS 0x0000000084c00000| PB 0x0000000084c00000| Untracked |  0
|  23|0x0000000084d00000, 0x0000000084d00000, 0x0000000084e00000|  0%| F|  |TAMS 0x0000000084d00000| PB 0x0000000084d00000| Untracked |  0
|  24|0x0000000084e00000, 0x0000000084e00000, 0x0000000084f00000|  0%| F|  |TAMS 0x0000000084e00000| PB 0x0000000084e00000| Untracked |  0
|  25|0x0000000084f00000, 0x0000000084f00000, 0x0000000085000000|  0%| F|  |TAMS 0x0000000084f00000| PB 0x0000000084f00000| Untracked |  0
|  26|0x0000000085000000, 0x0000000085000000, 0x0000000085100000|  0%| F|  |TAMS 0x0000000085000000| PB 0x0000000085000000| Untracked |  0
|  27|0x0000000085100000, 0x0000000085100000, 0x0000000085200000|  0%| F|  |TAMS 0x0000000085100000| PB 0x0000000085100000| Untracked |  0
|  28|0x0000000085200000, 0x0000000085200000, 0x0000000085300000|  0%| F|  |TAMS 0x0000000085200000| PB 0x0000000085200000| Untracked |  0
|  29|0x0000000085300000, 0x0000000085300000, 0x0000000085400000|  0%| F|  |TAMS 0x0000000085300000| PB 0x0000000085300000| Untracked |  0
|  30|0x0000000085400000, 0x0000000085400000, 0x0000000085500000|  0%| F|  |TAMS 0x0000000085400000| PB 0x0000000085400000| Untracked |  0
|  31|0x0000000085500000, 0x0000000085500000, 0x0000000085600000|  0%| F|  |TAMS 0x0000000085500000| PB 0x0000000085500000| Untracked |  0
|  32|0x0000000085600000, 0x0000000085600000, 0x0000000085700000|  0%| F|  |TAMS 0x0000000085600000| PB 0x0000000085600000| Untracked |  0
|  33|0x0000000085700000, 0x0000000085700000, 0x0000000085800000|  0%| F|  |TAMS 0x0000000085700000| PB 0x0000000085700000| Untracked |  0
|  34|0x0000000085800000, 0x0000000085800000, 0x0000000085900000|  0%| F|  |TAMS 0x0000000085800000| PB 0x0000000085800000| Untracked |  0
|  35|0x0000000085900000, 0x0000000085900000, 0x0000000085a00000|  0%| F|  |TAMS 0x0000000085900000| PB 0x0000000085900000| Untracked |  0
|  36|0x0000000085a00000, 0x0000000085a00000, 0x0000000085b00000|  0%| F|  |TAMS 0x0000000085a00000| PB 0x0000000085a00000| Untracked |  0
|  37|0x0000000085b00000, 0x0000000085b00000, 0x0000000085c00000|  0%| F|  |TAMS 0x0000000085b00000| PB 0x0000000085b00000| Untracked |  0
|  38|0x0000000085c00000, 0x0000000085c00000, 0x0000000085d00000|  0%| F|  |TAMS 0x0000000085c00000| PB 0x0000000085c00000| Untracked |  0
|  39|0x0000000085d00000, 0x0000000085d00000, 0x0000000085e00000|  0%| F|  |TAMS 0x0000000085d00000| PB 0x0000000085d00000| Untracked |  0
|  40|0x0000000085e00000, 0x0000000085e00000, 0x0000000085f00000|  0%| F|  |TAMS 0x0000000085e00000| PB 0x0000000085e00000| Untracked |  0
|  41|0x0000000085f00000, 0x0000000085f00000, 0x0000000086000000|  0%| F|  |TAMS 0x0000000085f00000| PB 0x0000000085f00000| Untracked |  0
|  42|0x0000000086000000, 0x0000000086000000, 0x0000000086100000|  0%| F|  |TAMS 0x0000000086000000| PB 0x0000000086000000| Untracked |  0
|  43|0x0000000086100000, 0x0000000086100000, 0x0000000086200000|  0%| F|  |TAMS 0x0000000086100000| PB 0x0000000086100000| Untracked |  0
|  44|0x0000000086200000, 0x0000000086200000, 0x0000000086300000|  0%| F|  |TAMS 0x0000000086200000| PB 0x0000000086200000| Untracked |  0
|  45|0x0000000086300000, 0x0000000086300000, 0x0000000086400000|  0%| F|  |TAMS 0x0000000086300000| PB 0x0000000086300000| Untracked |  0
|  46|0x0000000086400000, 0x0000000086400000, 0x0000000086500000|  0%| F|  |TAMS 0x0000000086400000| PB 0x0000000086400000| Untracked |  0
|  47|0x0000000086500000, 0x0000000086500000, 0x0000000086600000|  0%| F|  |TAMS 0x0000000086500000| PB 0x0000000086500000| Untracked |  0
|  48|0x0000000086600000, 0x0000000086600000, 0x0000000086700000|  0%| F|  |TAMS 0x0000000086600000| PB 0x0000000086600000| Untracked |  0
|  49|0x0000000086700000, 0x0000000086700000, 0x0000000086800000|  0%| F|  |TAMS 0x0000000086700000| PB 0x0000000086700000| Untracked |  0
|  50|0x0000000086800000, 0x0000000086800000, 0x0000000086900000|  0%| F|  |TAMS 0x0000000086800000| PB 0x0000000086800000| Untracked |  0
|  51|0x0000000086900000, 0x0000000086900000, 0x0000000086a00000|  0%| F|  |TAMS 0x0000000086900000| PB 0x0000000086900000| Untracked |  0
|  52|0x0000000086a00000, 0x0000000086a00000, 0x0000000086b00000|  0%| F|  |TAMS 0x0000000086a00000| PB 0x0000000086a00000| Untracked |  0
|  53|0x0000000086b00000, 0x0000000086b00000, 0x0000000086c00000|  0%| F|  |TAMS 0x0000000086b00000| PB 0x0000000086b00000| Untracked |  0
|  54|0x0000000086c00000, 0x0000000086c00000, 0x0000000086d00000|  0%| F|  |TAMS 0x0000000086c00000| PB 0x0000000086c00000| Untracked |  0
|  55|0x0000000086d00000, 0x0000000086d00000, 0x0000000086e00000|  0%| F|  |TAMS 0x0000000086d00000| PB 0x0000000086d00000| Untracked |  0
|  56|0x0000000086e00000, 0x0000000086e00000, 0x0000000086f00000|  0%| F|  |TAMS 0x0000000086e00000| PB 0x0000000086e00000| Untracked |  0
|  57|0x0000000086f00000, 0x0000000086f00000, 0x0000000087000000|  0%| F|  |TAMS 0x0000000086f00000| PB 0x0000000086f00000| Untracked |  0
|  58|0x0000000087000000, 0x0000000087000000, 0x0000000087100000|  0%| F|  |TAMS 0x0000000087000000| PB 0x0000000087000000| Untracked |  0
|  59|0x0000000087100000, 0x0000000087100000, 0x0000000087200000|  0%| F|  |TAMS 0x0000000087100000| PB 0x0000000087100000| Untracked |  0
|  60|0x0000000087200000, 0x0000000087200000, 0x0000000087300000|  0%| F|  |TAMS 0x0000000087200000| PB 0x0000000087200000| Untracked |  0
|  61|0x0000000087300000, 0x0000000087300000, 0x0000000087400000|  0%| F|  |TAMS 0x0000000087300000| PB 0x0000000087300000| Untracked |  0
|  62|0x0000000087400000, 0x0000000087400000, 0x0000000087500000|  0%| F|  |TAMS 0x0000000087400000| PB 0x0000000087400000| Untracked |  0
|  63|0x0000000087500000, 0x0000000087500000, 0x0000000087600000|  0%| F|  |TAMS 0x0000000087500000| PB 0x0000000087500000| Untracked |  0
|  64|0x0000000087600000, 0x0000000087600000, 0x0000000087700000|  0%| F|  |TAMS 0x0000000087600000| PB 0x0000000087600000| Untracked |  0
|  65|0x0000000087700000, 0x0000000087700000, 0x0000000087800000|  0%| F|  |TAMS 0x0000000087700000| PB 0x0000000087700000| Untracked |  0
|  66|0x0000000087800000, 0x0000000087800000, 0x0000000087900000|  0%| F|  |TAMS 0x0000000087800000| PB 0x0000000087800000| Untracked |  0
|  67|0x0000000087900000, 0x0000000087900000, 0x0000000087a00000|  0%| F|  |TAMS 0x0000000087900000| PB 0x0000000087900000| Untracked |  0
|  68|0x0000000087a00000, 0x0000000087a00000, 0x0000000087b00000|  0%| F|  |TAMS 0x0000000087a00000| PB 0x0000000087a00000| Untracked |  0
|  69|0x0000000087b00000, 0x0000000087b00000, 0x0000000087c00000|  0%| F|  |TAMS 0x0000000087b00000| PB 0x0000000087b00000| Untracked |  0
|  70|0x0000000087c00000, 0x0000000087c00000, 0x0000000087d00000|  0%| F|  |TAMS 0x0000000087c00000| PB 0x0000000087c00000| Untracked |  0
|  71|0x0000000087d00000, 0x0000000087d00000, 0x0000000087e00000|  0%| F|  |TAMS 0x0000000087d00000| PB 0x0000000087d00000| Untracked |  0
|  72|0x0000000087e00000, 0x0000000087e00000, 0x0000000087f00000|  0%| F|  |TAMS 0x0000000087e00000| PB 0x0000000087e00000| Untracked |  0
|  73|0x0000000087f00000, 0x0000000087f00000, 0x0000000088000000|  0%| F|  |TAMS 0x0000000087f00000| PB 0x0000000087f00000| Untracked |  0
|  74|0x0000000088000000, 0x00000000880bffd0, 0x0000000088100000| 74%| S|CS|TAMS 0x0000000088000000| PB 0x0000000088000000| Complete |  0
|  75|0x0000000088100000, 0x0000000088200000, 0x0000000088200000|100%| S|CS|TAMS 0x0000000088100000| PB 0x0000000088100000| Complete |  0
|  76|0x0000000088200000, 0x0000000088300000, 0x0000000088300000|100%| S|CS|TAMS 0x0000000088200000| PB 0x0000000088200000| Complete |  0
|  77|0x0000000088300000, 0x0000000088400000, 0x0000000088400000|100%| S|CS|TAMS 0x0000000088300000| PB 0x0000000088300000| Complete |  0
|  78|0x0000000088400000, 0x0000000088500000, 0x0000000088500000|100%| S|CS|TAMS 0x0000000088400000| PB 0x0000000088400000| Complete |  0
|  79|0x0000000088500000, 0x0000000088500000, 0x0000000088600000|  0%| F|  |TAMS 0x0000000088500000| PB 0x0000000088500000| Untracked |  0
|  80|0x0000000088600000, 0x0000000088600000, 0x0000000088700000|  0%| F|  |TAMS 0x0000000088600000| PB 0x0000000088600000| Untracked |  0
|  81|0x0000000088700000, 0x000000008875c2d0, 0x0000000088800000| 36%| E|  |TAMS 0x0000000088700000| PB 0x0000000088700000| Complete |  0
|  82|0x0000000088800000, 0x0000000088900000, 0x0000000088900000|100%| E|CS|TAMS 0x0000000088800000| PB 0x0000000088800000| Complete |  0
|  83|0x0000000088900000, 0x0000000088a00000, 0x0000000088a00000|100%| E|CS|TAMS 0x0000000088900000| PB 0x0000000088900000| Complete |  0
|  84|0x0000000088a00000, 0x0000000088b00000, 0x0000000088b00000|100%| E|CS|TAMS 0x0000000088a00000| PB 0x0000000088a00000| Complete |  0
|  85|0x0000000088b00000, 0x0000000088c00000, 0x0000000088c00000|100%| E|CS|TAMS 0x0000000088b00000| PB 0x0000000088b00000| Complete |  0
|  86|0x0000000088c00000, 0x0000000088d00000, 0x0000000088d00000|100%| E|CS|TAMS 0x0000000088c00000| PB 0x0000000088c00000| Complete |  0
|  87|0x0000000088d00000, 0x0000000088e00000, 0x0000000088e00000|100%| E|CS|TAMS 0x0000000088d00000| PB 0x0000000088d00000| Complete |  0
|  88|0x0000000088e00000, 0x0000000088f00000, 0x0000000088f00000|100%| E|CS|TAMS 0x0000000088e00000| PB 0x0000000088e00000| Complete |  0
|  89|0x0000000088f00000, 0x0000000089000000, 0x0000000089000000|100%| E|CS|TAMS 0x0000000088f00000| PB 0x0000000088f00000| Complete |  0
|  90|0x0000000089000000, 0x0000000089100000, 0x0000000089100000|100%| E|CS|TAMS 0x0000000089000000| PB 0x0000000089000000| Complete |  0
|  91|0x0000000089100000, 0x0000000089200000, 0x0000000089200000|100%| E|CS|TAMS 0x0000000089100000| PB 0x0000000089100000| Complete |  0
|  92|0x0000000089200000, 0x0000000089300000, 0x0000000089300000|100%| E|CS|TAMS 0x0000000089200000| PB 0x0000000089200000| Complete |  0
|  93|0x0000000089300000, 0x0000000089400000, 0x0000000089400000|100%| E|CS|TAMS 0x0000000089300000| PB 0x0000000089300000| Complete |  0
|  94|0x0000000089400000, 0x0000000089500000, 0x0000000089500000|100%| E|CS|TAMS 0x0000000089400000| PB 0x0000000089400000| Complete |  0
|  95|0x0000000089500000, 0x0000000089600000, 0x0000000089600000|100%| E|  |TAMS 0x0000000089500000| PB 0x0000000089500000| Complete |  0
|  96|0x0000000089600000, 0x0000000089700000, 0x0000000089700000|100%| E|CS|TAMS 0x0000000089600000| PB 0x0000000089600000| Complete |  0
|  97|0x0000000089700000, 0x0000000089800000, 0x0000000089800000|100%| E|CS|TAMS 0x0000000089700000| PB 0x0000000089700000| Complete |  0
|  98|0x0000000089800000, 0x0000000089900000, 0x0000000089900000|100%| E|CS|TAMS 0x0000000089800000| PB 0x0000000089800000| Complete |  0
|  99|0x0000000089900000, 0x0000000089a00000, 0x0000000089a00000|100%| E|CS|TAMS 0x0000000089900000| PB 0x0000000089900000| Complete |  0
| 100|0x0000000089a00000, 0x0000000089b00000, 0x0000000089b00000|100%| E|CS|TAMS 0x0000000089a00000| PB 0x0000000089a00000| Complete |  0
| 101|0x0000000089b00000, 0x0000000089c00000, 0x0000000089c00000|100%| E|CS|TAMS 0x0000000089b00000| PB 0x0000000089b00000| Complete |  0
| 102|0x0000000089c00000, 0x0000000089d00000, 0x0000000089d00000|100%| E|CS|TAMS 0x0000000089c00000| PB 0x0000000089c00000| Complete |  0
| 103|0x0000000089d00000, 0x0000000089e00000, 0x0000000089e00000|100%| E|CS|TAMS 0x0000000089d00000| PB 0x0000000089d00000| Complete |  0
| 104|0x0000000089e00000, 0x0000000089f00000, 0x0000000089f00000|100%| E|CS|TAMS 0x0000000089e00000| PB 0x0000000089e00000| Complete |  0
| 105|0x0000000089f00000, 0x000000008a000000, 0x000000008a000000|100%| E|CS|TAMS 0x0000000089f00000| PB 0x0000000089f00000| Complete |  0
| 106|0x000000008a000000, 0x000000008a100000, 0x000000008a100000|100%| E|CS|TAMS 0x000000008a000000| PB 0x000000008a000000| Complete |  0
| 107|0x000000008a100000, 0x000000008a200000, 0x000000008a200000|100%| E|CS|TAMS 0x000000008a100000| PB 0x000000008a100000| Complete |  0
| 108|0x000000008a200000, 0x000000008a300000, 0x000000008a300000|100%| E|CS|TAMS 0x000000008a200000| PB 0x000000008a200000| Complete |  0
| 109|0x000000008a300000, 0x000000008a400000, 0x000000008a400000|100%| E|CS|TAMS 0x000000008a300000| PB 0x000000008a300000| Complete |  0
| 110|0x000000008a400000, 0x000000008a500000, 0x000000008a500000|100%| E|CS|TAMS 0x000000008a400000| PB 0x000000008a400000| Complete |  0
| 111|0x000000008a500000, 0x000000008a600000, 0x000000008a600000|100%| E|CS|TAMS 0x000000008a500000| PB 0x000000008a500000| Complete |  0
| 112|0x000000008a600000, 0x000000008a700000, 0x000000008a700000|100%| E|CS|TAMS 0x000000008a600000| PB 0x000000008a600000| Complete |  0
| 113|0x000000008a700000, 0x000000008a800000, 0x000000008a800000|100%| E|CS|TAMS 0x000000008a700000| PB 0x000000008a700000| Complete |  0
| 114|0x000000008a800000, 0x000000008a900000, 0x000000008a900000|100%| E|CS|TAMS 0x000000008a800000| PB 0x000000008a800000| Complete |  0
| 115|0x000000008a900000, 0x000000008aa00000, 0x000000008aa00000|100%| E|CS|TAMS 0x000000008a900000| PB 0x000000008a900000| Complete |  0
| 116|0x000000008aa00000, 0x000000008ab00000, 0x000000008ab00000|100%| E|CS|TAMS 0x000000008aa00000| PB 0x000000008aa00000| Complete |  0
| 117|0x000000008ab00000, 0x000000008ac00000, 0x000000008ac00000|100%| E|CS|TAMS 0x000000008ab00000| PB 0x000000008ab00000| Complete |  0
| 118|0x000000008ac00000, 0x000000008ad00000, 0x000000008ad00000|100%| E|CS|TAMS 0x000000008ac00000| PB 0x000000008ac00000| Complete |  0
| 119|0x000000008ad00000, 0x000000008ae00000, 0x000000008ae00000|100%| E|CS|TAMS 0x000000008ad00000| PB 0x000000008ad00000| Complete |  0
| 120|0x000000008ae00000, 0x000000008af00000, 0x000000008af00000|100%| E|CS|TAMS 0x000000008ae00000| PB 0x000000008ae00000| Complete |  0
| 121|0x000000008af00000, 0x000000008b000000, 0x000000008b000000|100%| E|CS|TAMS 0x000000008af00000| PB 0x000000008af00000| Complete |  0
| 122|0x000000008b000000, 0x000000008b100000, 0x000000008b100000|100%| E|CS|TAMS 0x000000008b000000| PB 0x000000008b000000| Complete |  0
| 123|0x000000008b100000, 0x000000008b200000, 0x000000008b200000|100%| E|CS|TAMS 0x000000008b100000| PB 0x000000008b100000| Complete |  0
| 124|0x000000008b200000, 0x000000008b300000, 0x000000008b300000|100%| E|CS|TAMS 0x000000008b200000| PB 0x000000008b200000| Complete |  0
| 125|0x000000008b300000, 0x000000008b400000, 0x000000008b400000|100%| E|CS|TAMS 0x000000008b300000| PB 0x000000008b300000| Complete |  0
|1992|0x00000000ffe00000, 0x00000000fff00000, 0x00000000fff00000|100%| O|  |TAMS 0x00000000ffe00000| PB 0x00000000ffe00000| Untracked |  0
|1993|0x00000000fff00000, 0x00000000fff1c348, 0x0000000100000000| 11%| O|  |TAMS 0x00000000fff00000| PB 0x00000000fff00000| Untracked |  0

Card table byte_map: [0x000002ace97c0000,0x000002ace9bb0000] _byte_map_base: 0x000002ace93a5000

Marking Bits: (CMBitMap*) 0x000002acd14e16a0
 Bits: [0x000002ace9bb0000, 0x000002acebad8000)

Polling page: 0x000002accf2d0000

Metaspace:

Usage:
  Non-class:     15.26 MB used.
      Class:      2.18 MB used.
       Both:     17.45 MB used.

Virtual space:
  Non-class space:       64.00 MB reserved,      15.44 MB ( 24%) committed,  1 nodes.
      Class space:        1.00 GB reserved,       2.31 MB ( <1%) committed,  1 nodes.
             Both:        1.06 GB reserved,      17.75 MB (  2%) committed. 

Chunk freelists:
   Non-Class:  15.89 MB
       Class:  13.66 MB
        Both:  29.55 MB

MaxMetaspaceSize: unlimited
CompressedClassSpaceSize: 1.00 GB
Initial GC threshold: 21.00 MB
Current GC threshold: 21.00 MB
CDS: on
 - commit_granule_bytes: 65536.
 - commit_granule_words: 8192.
 - virtual_space_node_default_size: 8388608.
 - enlarge_chunks_in_place: 1.
UseCompressedClassPointers 1, UseCompactObjectHeaders 0
Narrow klass pointer bits 32, Max shift 3
Narrow klass base: 0x000002ac80000000, Narrow klass shift: 0
Encoding Range: [0x000002ac80000000 - 0x000002ad80000000), (4294967296 bytes)
Klass Range:    [0x000002ac80000000 - 0x000002acc1000000), (1090519040 bytes)
Klass ID Range:  [8 - 1090519033) (1090519025)


Internal statistics:

num_allocs_failed_limit: 0.
num_arena_births: 274.
num_arena_deaths: 0.
num_vsnodes_births: 2.
num_vsnodes_deaths: 0.
num_space_committed: 284.
num_space_uncommitted: 0.
num_chunks_returned_to_freelist: 0.
num_chunks_taken_from_freelist: 814.
num_chunk_merges: 0.
num_chunk_splits: 565.
num_chunks_enlarged: 450.
num_inconsistent_stats: 0.

CodeHeap 'non-profiled nmethods': size=120064Kb used=1310Kb max_used=1310Kb free=118753Kb
 bounds [0x000002ace1a40000, 0x000002ace1cb0000, 0x000002ace8f80000]
CodeHeap 'profiled nmethods': size=120000Kb used=6109Kb max_used=6109Kb free=113891Kb
 bounds [0x000002acd9f80000, 0x000002acda580000, 0x000002ace14b0000]
CodeHeap 'non-nmethods': size=5696Kb used=1861Kb max_used=1977Kb free=3834Kb
 bounds [0x000002ace14b0000, 0x000002ace1720000, 0x000002ace1a40000]
CodeCache: size=245760Kb, used=9280Kb, max_used=9396Kb, free=236478Kb
 total_blobs=4552, nmethods=3728, adapters=728, full_count=0
Compilation: enabled, stopped_count=0, restarted_count=0

Compilation events (20 events):
Event: 11.775 Thread 0x000002acee2be5e0 nmethod 3720 0x000002acda573c88 code [0x000002acda574000, 0x000002acda5767b0]
Event: 11.813 Thread 0x000002acee2be5e0 3721       3       com.sun.javafx.util.Logging::getInputLogger (18 bytes)
Event: 11.814 Thread 0x000002acee2be5e0 nmethod 3721 0x000002acda576888 code [0x000002acda5769c0, 0x000002acda576b78]
Event: 11.833 Thread 0x000002acc59d4f20 3723       4       com.sun.javafx.css.ParsedValueImpl::containsFontRelativeSize (231 bytes)
Event: 11.833 Thread 0x000002acee2bdbf0 3722       4       java.util.ArrayList$SubList::checkForComodification (23 bytes)
Event: 11.833 Thread 0x000002acee2be5e0 3724       1       javafx.scene.paint.LinearGradient::isOpaque (5 bytes)
Event: 11.833 Thread 0x000002acee2be5e0 nmethod 3724 0x000002ace1b85a88 code [0x000002ace1b85b80, 0x000002ace1b85c48]
Event: 11.834 Thread 0x000002acee2bdbf0 nmethod 3722 0x000002ace1b85d88 code [0x000002ace1b85e80, 0x000002ace1b85f30]
Event: 11.835 Thread 0x000002acee2be5e0 3725       3       com.sun.prism.paint.Color::<init> (106 bytes)
Event: 11.835 Thread 0x000002acee2be5e0 nmethod 3725 0x000002acda576c08 code [0x000002acda576d60, 0x000002acda577070]
Event: 11.842 Thread 0x000002acc59d4f20 nmethod 3723 0x000002ace1b86088 code [0x000002ace1b86260, 0x000002ace1b86af8]
Event: 12.025 Thread 0x000002acee2bdbf0 3726       4       com.sun.javafx.css.ParsedValueImpl::hashCode (236 bytes)
Event: 12.025 Thread 0x000002acee2be5e0 3727       1       com.sun.javafx.css.SubCssMetaData::getStyleableProperty (2 bytes)
Event: 12.025 Thread 0x000002acee2be5e0 nmethod 3727 0x000002ace1b86b88 code [0x000002ace1b86ca0, 0x000002ace1b86d70]
Event: 12.032 Thread 0x000002acee2bdbf0 nmethod 3726 0x000002ace1b86e88 code [0x000002ace1b86fa0, 0x000002ace1b87208]
Event: 12.032 Thread 0x000002acee2bdbf0 3728       4       com.sun.marlin.Renderer::addLine (533 bytes)
Event: 12.035 Thread 0x000002acee2bdbf0 nmethod 3728 0x000002ace1b87288 code [0x000002ace1b873e0, 0x000002ace1b87928]
Event: 12.120 Thread 0x000002acee2be5e0 3729       3       com.sun.javafx.util.Utils::clamp (20 bytes)
Event: 12.120 Thread 0x000002acee2be5e0 nmethod 3729 0x000002acda577108 code [0x000002acda577220, 0x000002acda5773c0]
Event: 12.132 Thread 0x000002acee2be5e0 3730       3       jdk.internal.classfile.impl.StackMapGenerator::processBlock (2767 bytes)

GC Heap History (2 events):
Event: 0.788 GC heap before
{Heap before GC invocations=0 (full 0):
 garbage-first heap   total reserved 2041856K, committed 131072K, used 49264K [0x0000000083600000, 0x0000000100000000)
  region size 1024K, 47 young (48128K), 0 survivors (0K)
 Metaspace       used 10514K, committed 10688K, reserved 1114112K
  class space    used 1135K, committed 1216K, reserved 1048576K
}
Event: 0.792 GC heap after
{Heap after GC invocations=1 (full 0):
 garbage-first heap   total reserved 2041856K, committed 131072K, used 6000K [0x0000000083600000, 0x0000000100000000)
  region size 1024K, 5 young (5120K), 5 survivors (5120K)
 Metaspace       used 10514K, committed 10688K, reserved 1114112K
  class space    used 1135K, committed 1216K, reserved 1048576K
}

Dll operation events (20 events):
Event: 0.316 Loaded shared library C:\Users\Kokeshi-Gaming\.openjfx\cache\17.0.6\api-ms-win-crt-locale-l1-1-0.dll
Event: 0.317 Loaded shared library C:\Users\Kokeshi-Gaming\.openjfx\cache\17.0.6\api-ms-win-crt-math-l1-1-0.dll
Event: 0.319 Loaded shared library C:\Users\Kokeshi-Gaming\.openjfx\cache\17.0.6\api-ms-win-crt-multibyte-l1-1-0.dll
Event: 0.321 Loaded shared library C:\Users\Kokeshi-Gaming\.openjfx\cache\17.0.6\api-ms-win-crt-private-l1-1-0.dll
Event: 0.323 Loaded shared library C:\Users\Kokeshi-Gaming\.openjfx\cache\17.0.6\api-ms-win-crt-process-l1-1-0.dll
Event: 0.324 Loaded shared library C:\Users\Kokeshi-Gaming\.openjfx\cache\17.0.6\api-ms-win-crt-runtime-l1-1-0.dll
Event: 0.326 Loaded shared library C:\Users\Kokeshi-Gaming\.openjfx\cache\17.0.6\api-ms-win-crt-stdio-l1-1-0.dll
Event: 0.328 Loaded shared library C:\Users\Kokeshi-Gaming\.openjfx\cache\17.0.6\api-ms-win-crt-string-l1-1-0.dll
Event: 0.329 Loaded shared library C:\Users\Kokeshi-Gaming\.openjfx\cache\17.0.6\api-ms-win-crt-time-l1-1-0.dll
Event: 0.331 Loaded shared library C:\Users\Kokeshi-Gaming\.openjfx\cache\17.0.6\api-ms-win-crt-utility-l1-1-0.dll
Event: 0.341 Loaded shared library C:\Users\Kokeshi-Gaming\.openjfx\cache\17.0.6\ucrtbase.dll
Event: 0.344 Loaded shared library C:\Users\Kokeshi-Gaming\.openjfx\cache\17.0.6\vcruntime140.dll
Event: 0.346 Loaded shared library C:\Users\Kokeshi-Gaming\.openjfx\cache\17.0.6\vcruntime140_1.dll
Event: 0.352 Loaded shared library C:\Users\Kokeshi-Gaming\.openjfx\cache\17.0.6\msvcp140.dll
Event: 0.354 Loaded shared library C:\Users\Kokeshi-Gaming\.openjfx\cache\17.0.6\msvcp140_1.dll
Event: 0.357 Loaded shared library C:\Users\Kokeshi-Gaming\.openjfx\cache\17.0.6\msvcp140_2.dll
Event: 0.387 Loaded shared library C:\Users\Kokeshi-Gaming\.openjfx\cache\17.0.6\prism_d3d.dll
Event: 0.421 Loaded shared library C:\Users\Kokeshi-Gaming\.openjfx\cache\17.0.6\glass.dll
Event: 0.504 Loaded shared library D:\Java\Azul JDK\zulu\bin\jimage.dll
Event: 0.655 Loaded shared library C:\Users\Kokeshi-Gaming\.openjfx\cache\17.0.6\javafx_font.dll

Deoptimization events (20 events):
Event: 11.440 Thread 0x000002acc5efe110 Uncommon trap: trap_request=0xffffff4d fr.pc=0x000002ace1b7a2c0 relative=0x0000000000000340
Event: 11.440 Thread 0x000002acc5efe110 Uncommon trap: reason=unstable_if action=reinterpret pc=0x000002ace1b7a2c0 method=jdk.internal.classfile.impl.SplitConstantPool.maybeCloneUtf8Entry(Ljava/lang/classfile/constantpool/Utf8Entry;)Ljdk/internal/classfile/impl/AbstractPoolEntry$Utf8EntryImpl; 
Event: 11.440 Thread 0x000002acc5efe110 DEOPT PACKING pc=0x000002ace1b7a2c0 sp=0x000000c6827f8c60
Event: 11.440 Thread 0x000002acc5efe110 DEOPT UNPACKING pc=0x000002ace15d7c02 sp=0x000000c6827f8bf0 mode 2
Event: 11.440 Thread 0x000002acc5efe110 Uncommon trap: trap_request=0xffffff4d fr.pc=0x000002ace1afbab0 relative=0x00000000000025d0
Event: 11.440 Thread 0x000002acc5efe110 Uncommon trap: reason=unstable_if action=reinterpret pc=0x000002ace1afbab0 method=jdk.internal.classfile.impl.StackMapGenerator.processBlock(Ljdk/internal/classfile/impl/RawBytecodeHelper;)Z @ 56 c2
Event: 11.440 Thread 0x000002acc5efe110 DEOPT PACKING pc=0x000002ace1afbab0 sp=0x000000c6827f8600
Event: 11.440 Thread 0x000002acc5efe110 DEOPT UNPACKING pc=0x000002ace15d7c02 sp=0x000000c6827f8578 mode 2
Event: 11.442 Thread 0x000002acc5efe110 Uncommon trap: trap_request=0xffffff4d fr.pc=0x000002ace1b07d0c relative=0x000000000000048c
Event: 11.442 Thread 0x000002acc5efe110 Uncommon trap: reason=unstable_if action=reinterpret pc=0x000002ace1b07d0c method=com.sun.javafx.css.BitSet.add(Ljava/lang/Object;)Z @ 91 c2
Event: 11.442 Thread 0x000002acc5efe110 DEOPT PACKING pc=0x000002ace1b07d0c sp=0x000000c6827f9da0
Event: 11.442 Thread 0x000002acc5efe110 DEOPT UNPACKING pc=0x000002ace15d7c02 sp=0x000000c6827f9d50 mode 2
Event: 11.446 Thread 0x000002acc5efe110 Uncommon trap: trap_request=0xffffffde fr.pc=0x000002ace1b7b0d4 relative=0x00000000000002f4
Event: 11.446 Thread 0x000002acc5efe110 Uncommon trap: reason=class_check action=maybe_recompile pc=0x000002ace1b7b0d4 method=java.util.regex.Pattern$BmpCharPropertyGreedy.match(Ljava/util/regex/Matcher;ILjava/lang/CharSequence;)Z @ 26 c2
Event: 11.446 Thread 0x000002acc5efe110 DEOPT PACKING pc=0x000002ace1b7b0d4 sp=0x000000c6827f9110
Event: 11.446 Thread 0x000002acc5efe110 DEOPT UNPACKING pc=0x000002ace15d7c02 sp=0x000000c6827f90c8 mode 2
Event: 11.447 Thread 0x000002acc5efe110 Uncommon trap: trap_request=0xffffff4d fr.pc=0x000002ace1b6b70c relative=0x0000000000001bcc
Event: 11.447 Thread 0x000002acc5efe110 Uncommon trap: reason=unstable_if action=reinterpret pc=0x000002ace1b6b70c method=java.util.zip.InflaterInputStream.read([BII)I @ 74 c2
Event: 11.447 Thread 0x000002acc5efe110 DEOPT PACKING pc=0x000002ace1b6b70c sp=0x000000c6827f8ce0
Event: 11.447 Thread 0x000002acc5efe110 DEOPT UNPACKING pc=0x000002ace15d7c02 sp=0x000000c6827f8d40 mode 2

Classes loaded (20 events):
Event: 11.437 Loading class sun/util/resources/OpenListResourceBundle
Event: 11.437 Loading class sun/util/resources/OpenListResourceBundle done
Event: 11.437 Loading class sun/util/resources/TimeZoneNamesBundle done
Event: 11.437 Loading class sun/util/resources/cldr/TimeZoneNames done
Event: 11.437 Loading class sun/util/resources/cldr/TimeZoneNames_en
Event: 11.438 Loading class sun/util/resources/cldr/TimeZoneNames_en done
Event: 11.438 Loading class sun/util/resources/cldr/TimeZoneNames_en_US
Event: 11.438 Loading class sun/util/resources/cldr/TimeZoneNames_en_US done
Event: 11.439 Loading class java/lang/invoke/InnerClassLambdaMetafactory$SerializationSupport
Event: 11.439 Loading class java/lang/invoke/InnerClassLambdaMetafactory$SerializationSupport done
Event: 11.439 Loading class java/lang/invoke/InnerClassLambdaMetafactory$4
Event: 11.439 Loading class java/lang/invoke/InnerClassLambdaMetafactory$4 done
Event: 11.439 Loading class sun/invoke/util/BytecodeDescriptor
Event: 11.439 Loading class sun/invoke/util/BytecodeDescriptor done
Event: 11.439 Loading class jdk/internal/classfile/impl/AbstractPoolEntry$IntegerEntryImpl
Event: 11.439 Loading class java/lang/classfile/constantpool/IntegerEntry
Event: 11.439 Loading class java/lang/classfile/constantpool/IntegerEntry done
Event: 11.439 Loading class jdk/internal/classfile/impl/AbstractPoolEntry$IntegerEntryImpl done
Event: 11.440 Loading class java/io/FileOutputStream$1
Event: 11.440 Loading class java/io/FileOutputStream$1 done

Classes unloaded (0 events):
No events

Classes redefined (0 events):
No events

Internal exceptions (20 events):
Event: 0.801 Thread 0x000002acc5efe110 Implicit null exception at 0x000002ace1aad7cf to 0x000002ace1aadca4
Event: 0.801 Thread 0x000002acc5efe110 Implicit null exception at 0x000002ace1a59bdd to 0x000002ace1a59ed4
Event: 0.896 Thread 0x000002acc5efe110 Exception <a 'java/lang/IncompatibleClassChangeError'{0x000000008adfb438}: Found class java.lang.Object, but interface was expected> (0x000000008adfb438) 
thrown [s\src\hotspot\share\interpreter\linkResolver.cpp, line 872]
Event: 0.934 Thread 0x000002acc5efe110 Exception <a 'java/lang/NoSuchMethodError'{0x000000008aa4cfa0}: 'int java.lang.invoke.DirectMethodHandle$Holder.invokeSpecial(java.lang.Object, java.lang.Object, int)'> (0x000000008aa4cfa0) 
thrown [s\src\hotspot\share\interpreter\linkResolver.cpp, line 805]
Event: 0.950 Thread 0x000002acc5efe110 Exception <a 'java/lang/NoSuchMethodError'{0x000000008a90f180}: 'java.lang.Object java.lang.invoke.DirectMethodHandle$Holder.newInvokeSpecial(java.lang.Object, java.lang.Object, int)'> (0x000000008a90f180) 
thrown [s\src\hotspot\share\interpreter\linkResolver.cpp, line 805]
Event: 0.967 Thread 0x000002acc55e4ab0 Exception <a 'java/lang/NoSuchMethodError'{0x000000008a8058f0}: 'int java.lang.invoke.DirectMethodHandle$Holder.invokeStaticInit(java.lang.Object, java.lang.Object)'> (0x000000008a8058f0) 
thrown [s\src\hotspot\share\interpreter\linkResolver.cpp, line 805]
Event: 2.009 Thread 0x000002acc5efe110 Exception <a 'java/lang/NoSuchMethodError'{0x000000008a3e96b0}: 'long java.lang.invoke.DirectMethodHandle$Holder.invokeStaticInit(java.lang.Object, java.lang.Object, java.lang.Object)'> (0x000000008a3e96b0) 
thrown [s\src\hotspot\share\interpreter\linkResolver.cpp, line 805]
Event: 2.012 Thread 0x000002acc5efe110 Exception <a 'java/lang/NoSuchMethodError'{0x000000008a234cb8}: 'java.lang.Object java.lang.invoke.DirectMethodHandle$Holder.newInvokeSpecial(java.lang.Object, java.lang.Object, long)'> (0x000000008a234cb8) 
thrown [s\src\hotspot\share\interpreter\linkResolver.cpp, line 805]
Event: 2.012 Thread 0x000002acc5efe110 Exception <a 'java/lang/NoSuchMethodError'{0x000000008a23d900}: 'java.lang.Object java.lang.invoke.Invokers$Holder.linkToTargetMethod(java.lang.Object, long, java.lang.Object)'> (0x000000008a23d900) 
thrown [s\src\hotspot\share\interpreter\linkResolver.cpp, line 805]
Event: 2.119 Thread 0x000002acc5efe110 Exception <a 'java/lang/NoSuchMethodError'{0x000000008a0cd010}: 'void java.lang.invoke.DirectMethodHandle$Holder.invokeSpecial(java.lang.Object, java.lang.Object, int)'> (0x000000008a0cd010) 
thrown [s\src\hotspot\share\interpreter\linkResolver.cpp, line 805]
Event: 2.120 Thread 0x000002acc5efe110 Exception <a 'java/lang/NoSuchMethodError'{0x000000008a0dd5a0}: 'void java.lang.invoke.DelegatingMethodHandle$Holder.reinvoke_L(java.lang.Object, java.lang.Object, int)'> (0x000000008a0dd5a0) 
thrown [s\src\hotspot\share\interpreter\linkResolver.cpp, line 805]
Event: 2.161 Thread 0x000002acc5efe110 Exception <a 'java/lang/NoSuchMethodError'{0x0000000089cd6718}: 'void java.lang.invoke.DirectMethodHandle$Holder.invokeSpecialIFC(java.lang.Object, java.lang.Object, java.lang.Object, java.lang.Object)'> (0x0000000089cd6718) 
thrown [s\src\hotspot\share\interpreter\linkResolver.cpp, line 805]
Event: 2.173 Thread 0x000002acc5efe110 Exception <a 'java/lang/ClassNotFoundException'{0x0000000089a2f7d8}: com/sun/javafx/scene/control/skin/resources/controls> (0x0000000089a2f7d8) 
thrown [s\src\hotspot\share\prims\jni.cpp, line 536]
Event: 2.173 Thread 0x000002acc5efe110 Exception <a 'java/lang/ClassNotFoundException'{0x0000000089a3cd48}: com/sun/javafx/scene/control/skin/resources/controls_en> (0x0000000089a3cd48) 
thrown [s\src\hotspot\share\prims\jni.cpp, line 536]
Event: 2.173 Thread 0x000002acc5efe110 Exception <a 'java/lang/ClassNotFoundException'{0x0000000089a3e0f8}: com/sun/javafx/scene/control/skin/resources/controls_en_US> (0x0000000089a3e0f8) 
thrown [s\src\hotspot\share\prims\jni.cpp, line 536]
Event: 2.193 Thread 0x000002acc5efe110 Exception <a 'java/lang/NoSuchMethodError'{0x0000000089780e88}: 'void java.lang.invoke.DirectMethodHandle$Holder.invokeSpecial(java.lang.Object, java.lang.Object, java.lang.Object, java.lang.Object, java.lang.Object, java.lang.Object)'> (0x0000000089780e88) 
thrown [s\src\hotspot\share\interpreter\linkResolver.cpp, line 805]
Event: 2.291 Thread 0x000002acc55e4ab0 Exception <a 'java/lang/NoSuchMethodError'{0x00000000890269d8}: 'java.lang.Object java.lang.invoke.DirectMethodHandle$Holder.invokeStaticInit(java.lang.Object, int)'> (0x00000000890269d8) 
thrown [s\src\hotspot\share\interpreter\linkResolver.cpp, line 805]
Event: 3.294 Thread 0x000002acc5efe110 Exception <a 'java/lang/NoSuchMethodError'{0x0000000088f6e6c0}: 'java.lang.Object java.lang.invoke.DirectMethodHandle$Holder.newInvokeSpecial(java.lang.Object, java.lang.Object, int, int, int, int, int, java.lang.Object)'> (0x0000000088f6e6c0) 
thrown [s\src\hotspot\share\interpreter\linkResolver.cpp, line 805]
Event: 3.295 Thread 0x000002acc5efe110 Exception <a 'java/lang/NoSuchMethodError'{0x0000000088f976f0}: 'java.lang.Object java.lang.invoke.DirectMethodHandle$Holder.newInvokeSpecial(java.lang.Object, java.lang.Object, java.lang.Object, int, int, int, int, int)'> (0x0000000088f976f0) 
thrown [s\src\hotspot\share\interpreter\linkResolver.cpp, line 805]
Event: 3.296 Thread 0x000002acc5efe110 Exception <a 'java/lang/NoSuchMethodError'{0x0000000088fa8038}: 'java.lang.Object java.lang.invoke.Invokers$Holder.linkToTargetMethod(java.lang.Object, java.lang.Object, int, int, int, int, int, java.lang.Object)'> (0x0000000088fa8038) 
thrown [s\src\hotspot\share\interpreter\linkResolver.cpp, line 805]

VM Operations (20 events):
Event: 0.117 Executing VM operation: HandshakeAllThreads (Deoptimize) done
Event: 0.118 Executing VM operation: HandshakeAllThreads (Deoptimize)
Event: 0.118 Executing VM operation: HandshakeAllThreads (Deoptimize) done
Event: 0.416 Executing VM operation: HandshakeAllThreads (Deoptimize)
Event: 0.416 Executing VM operation: HandshakeAllThreads (Deoptimize) done
Event: 0.604 Executing VM operation: HandshakeAllThreads (Deoptimize)
Event: 0.604 Executing VM operation: HandshakeAllThreads (Deoptimize) done
Event: 0.611 Executing VM operation: HandshakeAllThreads (Deoptimize)
Event: 0.611 Executing VM operation: HandshakeAllThreads (Deoptimize) done
Event: 0.615 Executing VM operation: HandshakeAllThreads (Deoptimize)
Event: 0.615 Executing VM operation: HandshakeAllThreads (Deoptimize) done
Event: 0.659 Executing VM operation: HandshakeAllThreads (Deoptimize)
Event: 0.659 Executing VM operation: HandshakeAllThreads (Deoptimize) done
Event: 0.788 Executing VM operation: G1CollectForAllocation (G1 Evacuation Pause)
Event: 0.792 Executing VM operation: G1CollectForAllocation (G1 Evacuation Pause) done
Event: 0.996 Executing VM operation: HandshakeAllThreads (Deoptimize)
Event: 0.996 Executing VM operation: HandshakeAllThreads (Deoptimize) done
Event: 10.120 Executing VM operation: HandshakeAllThreads (Deoptimize)
Event: 10.120 Executing VM operation: HandshakeAllThreads (Deoptimize) done
Event: 12.139 Executing VM operation: Exit

Memory protections (0 events):
No events

Nmethod flushes (0 events):
No events

Events (20 events):
Event: 0.481 Thread 0x000002accf165f00 Thread added: 0x000002acc635f010
Event: 0.488 Thread 0x000002acc645c190 Thread added: 0x000002acc645c190
Event: 0.890 Thread 0x000002acc5efe110 Thread added: 0x000002acc65e54c0
Event: 0.985 Thread 0x000002acc55e4ab0 Thread added: 0x000002acc67e8de0
Event: 1.190 Thread 0x000002acc5219a30 Thread exited: 0x000002acc5219a30
Event: 1.190 Thread 0x000002acc51aa0e0 Thread exited: 0x000002acc51aa0e0
Event: 2.124 Thread 0x000002acee2be5e0 Thread added: 0x000002acc66fc6b0
Event: 2.425 Thread 0x000002acc66fc6b0 Thread exited: 0x000002acc66fc6b0
Event: 10.135 Thread 0x000002acee2be5e0 Thread added: 0x000002acc59d4000
Event: 10.135 Thread 0x000002acee2be5e0 Thread added: 0x000002acc59d4f20
Event: 10.697 Thread 0x000002acc59d4f20 Thread exited: 0x000002acc59d4f20
Event: 10.697 Thread 0x000002acc59d4000 Thread exited: 0x000002acc59d4000
Event: 11.458 Thread 0x000002acee2be5e0 Thread added: 0x000002acc59d4f20
Event: 12.025 Thread 0x000002acc59d4f20 Thread exited: 0x000002acc59d4f20
Event: 12.138 Thread 0x000002acc5efe110 Thread added: 0x000002acc65a92e0
Event: 12.138 Thread 0x000002acc5efe110 Thread added: 0x000002acc65a9a30
Event: 12.138 Thread 0x000002acc65a9a30 Thread exited: 0x000002acc65a9a30
Event: 12.139 Thread 0x000002acc65a92e0 Thread exited: 0x000002acc65a92e0
Event: 12.139 Thread 0x000002acc5efe110 Before exit entered
Event: 12.139 Thread 0x000002acee2afbc0 Thread exited: 0x000002acee2afbc0


Dynamic libraries:
0x00007ff677bf0000 - 0x00007ff677bfe000 	D:\Java\Azul JDK\zulu\bin\java.exe
0x00007ffa08fa0000 - 0x00007ffa09203000 	C:\Windows\SYSTEM32\ntdll.dll
0x00007ffa078b0000 - 0x00007ffa07977000 	C:\Windows\System32\KERNEL32.DLL
0x00007ffa06880000 - 0x00007ffa06c30000 	C:\Windows\System32\KERNELBASE.dll
0x00007ffa06680000 - 0x00007ffa067cb000 	C:\Windows\System32\ucrtbase.dll
0x00007ffa035f0000 - 0x00007ffa03606000 	D:\Java\Azul JDK\zulu\bin\jli.dll
0x00007ffa023e0000 - 0x00007ffa023fe000 	D:\Java\Azul JDK\zulu\bin\VCRUNTIME140.dll
0x00007ffa076e0000 - 0x00007ffa078a3000 	C:\Windows\System32\USER32.dll
0x00007ffa067d0000 - 0x00007ffa067f7000 	C:\Windows\System32\win32u.dll
0x00007ffa08dc0000 - 0x00007ffa08dea000 	C:\Windows\System32\GDI32.dll
0x00007ffa06cf0000 - 0x00007ffa06e13000 	C:\Windows\System32\gdi32full.dll
0x00007ffa06c40000 - 0x00007ffa06ce3000 	C:\Windows\System32\msvcp_win.dll
0x00007ff9eb630000 - 0x00007ff9eb8c0000 	C:\Windows\WinSxS\amd64_microsoft.windows.common-controls_6595b64144ccf1df_6.0.26100.1882_none_3e0e949ae32eca40\COMCTL32.dll
0x00007ffa08380000 - 0x00007ffa08429000 	C:\Windows\System32\msvcrt.dll
0x00007ffa08340000 - 0x00007ffa0836f000 	C:\Windows\System32\IMM32.DLL
0x00007ffa023d0000 - 0x00007ffa023dc000 	D:\Java\Azul JDK\zulu\bin\vcruntime140_1.dll
0x00007ff9f4300000 - 0x00007ff9f438d000 	D:\Java\Azul JDK\zulu\bin\msvcp140.dll
0x00007ff9a11d0000 - 0x00007ff9a204c000 	D:\Java\Azul JDK\zulu\bin\server\jvm.dll
0x00007ffa07570000 - 0x00007ffa07624000 	C:\Windows\System32\ADVAPI32.dll
0x00007ffa07630000 - 0x00007ffa076d6000 	C:\Windows\System32\sechost.dll
0x00007ffa06ed0000 - 0x00007ffa06fe6000 	C:\Windows\System32\RPCRT4.dll
0x00007ffa085c0000 - 0x00007ffa08634000 	C:\Windows\System32\WS2_32.dll
0x00007ffa05030000 - 0x00007ffa0507e000 	C:\Windows\SYSTEM32\POWRPROF.dll
0x00007ffa02660000 - 0x00007ffa0266b000 	C:\Windows\SYSTEM32\VERSION.dll
0x00007ff9fb860000 - 0x00007ff9fb896000 	C:\Windows\SYSTEM32\WINMM.dll
0x00007ffa05010000 - 0x00007ffa05024000 	C:\Windows\SYSTEM32\UMPDC.dll
0x00007ffa052d0000 - 0x00007ffa052ea000 	C:\Windows\SYSTEM32\kernel.appcore.dll
0x00007ffa023c0000 - 0x00007ffa023ca000 	D:\Java\Azul JDK\zulu\bin\jimage.dll
0x00007ff9f2dd0000 - 0x00007ff9f3011000 	C:\Windows\SYSTEM32\DBGHELP.DLL
0x00007ffa071f0000 - 0x00007ffa0756c000 	C:\Windows\System32\combase.dll
0x00007ffa086f0000 - 0x00007ffa087c6000 	C:\Windows\System32\OLEAUT32.dll
0x00007ff9cb660000 - 0x00007ff9cb699000 	C:\Windows\SYSTEM32\dbgcore.DLL
0x00007ffa063a0000 - 0x00007ffa06439000 	C:\Windows\System32\bcryptPrimitives.dll
0x00007ffa02380000 - 0x00007ffa0238f000 	D:\Java\Azul JDK\zulu\bin\instrument.dll
0x00007ffa023a0000 - 0x00007ffa023be000 	D:\Java\Azul JDK\zulu\bin\java.dll
0x00007ffa080e0000 - 0x00007ffa08279000 	C:\Windows\System32\ole32.dll
0x00007ffa079e0000 - 0x00007ffa080d8000 	C:\Windows\System32\SHELL32.dll
0x00007ffa04120000 - 0x00007ffa0494a000 	C:\Windows\SYSTEM32\windows.storage.dll
0x00007ffa08e00000 - 0x00007ffa08ed3000 	C:\Windows\System32\SHCORE.dll
0x00007ffa06e20000 - 0x00007ffa06e7d000 	C:\Windows\System32\shlwapi.dll
0x00007ffa062c0000 - 0x00007ffa062e9000 	C:\Windows\SYSTEM32\profapi.dll
0x00007ff9e8410000 - 0x00007ff9e84e7000 	D:\Java\Azul JDK\zulu\bin\jsvml.dll
0x00007ffa02370000 - 0x00007ffa02380000 	D:\Java\Azul JDK\zulu\bin\net.dll
0x00007ffa057b0000 - 0x00007ffa05818000 	C:\Windows\system32\mswsock.dll
0x00007ffa02280000 - 0x00007ffa02296000 	D:\Java\Azul JDK\zulu\bin\nio.dll
0x00007ffa02260000 - 0x00007ffa02277000 	D:\Java\Azul JDK\zulu\bin\zip.dll
0x000002acc6be0000 - 0x000002acc6be3000 	C:\Users\Kokeshi-Gaming\.openjfx\cache\17.0.6\api-ms-win-core-console-l1-1-0.dll
0x000002acc6bf0000 - 0x000002acc6bf3000 	C:\Users\Kokeshi-Gaming\.openjfx\cache\17.0.6\api-ms-win-core-console-l1-2-0.dll
0x000002acc6c00000 - 0x000002acc6c03000 	C:\Users\Kokeshi-Gaming\.openjfx\cache\17.0.6\api-ms-win-core-datetime-l1-1-0.dll
0x000002acc6c10000 - 0x000002acc6c13000 	C:\Users\Kokeshi-Gaming\.openjfx\cache\17.0.6\api-ms-win-core-debug-l1-1-0.dll
0x000002acc6c20000 - 0x000002acc6c23000 	C:\Users\Kokeshi-Gaming\.openjfx\cache\17.0.6\api-ms-win-core-errorhandling-l1-1-0.dll
0x000002acc6c30000 - 0x000002acc6c34000 	C:\Users\Kokeshi-Gaming\.openjfx\cache\17.0.6\api-ms-win-core-file-l1-1-0.dll
0x000002acc6c40000 - 0x000002acc6c43000 	C:\Users\Kokeshi-Gaming\.openjfx\cache\17.0.6\api-ms-win-core-file-l1-2-0.dll
0x000002acc6c50000 - 0x000002acc6c53000 	C:\Users\Kokeshi-Gaming\.openjfx\cache\17.0.6\api-ms-win-core-file-l2-1-0.dll
0x000002acc6c60000 - 0x000002acc6c63000 	C:\Users\Kokeshi-Gaming\.openjfx\cache\17.0.6\api-ms-win-core-handle-l1-1-0.dll
0x000002acc6c70000 - 0x000002acc6c73000 	C:\Users\Kokeshi-Gaming\.openjfx\cache\17.0.6\api-ms-win-core-heap-l1-1-0.dll
0x000002acc6c80000 - 0x000002acc6c83000 	C:\Users\Kokeshi-Gaming\.openjfx\cache\17.0.6\api-ms-win-core-interlocked-l1-1-0.dll
0x000002acc6c90000 - 0x000002acc6c93000 	C:\Users\Kokeshi-Gaming\.openjfx\cache\17.0.6\api-ms-win-core-libraryloader-l1-1-0.dll
0x000002acc6ca0000 - 0x000002acc6ca3000 	C:\Users\Kokeshi-Gaming\.openjfx\cache\17.0.6\api-ms-win-core-localization-l1-2-0.dll
0x000002acc6cb0000 - 0x000002acc6cb3000 	C:\Users\Kokeshi-Gaming\.openjfx\cache\17.0.6\api-ms-win-core-memory-l1-1-0.dll
0x000002acc6cc0000 - 0x000002acc6cc3000 	C:\Users\Kokeshi-Gaming\.openjfx\cache\17.0.6\api-ms-win-core-namedpipe-l1-1-0.dll
0x000002acc6cd0000 - 0x000002acc6cd3000 	C:\Users\Kokeshi-Gaming\.openjfx\cache\17.0.6\api-ms-win-core-processenvironment-l1-1-0.dll
0x000002acc6ce0000 - 0x000002acc6ce3000 	C:\Users\Kokeshi-Gaming\.openjfx\cache\17.0.6\api-ms-win-core-processthreads-l1-1-0.dll
0x000002acc6cf0000 - 0x000002acc6cf3000 	C:\Users\Kokeshi-Gaming\.openjfx\cache\17.0.6\api-ms-win-core-processthreads-l1-1-1.dll
0x000002acc6d00000 - 0x000002acc6d03000 	C:\Users\Kokeshi-Gaming\.openjfx\cache\17.0.6\api-ms-win-core-profile-l1-1-0.dll
0x000002acc6d10000 - 0x000002acc6d13000 	C:\Users\Kokeshi-Gaming\.openjfx\cache\17.0.6\api-ms-win-core-rtlsupport-l1-1-0.dll
0x000002acc6d20000 - 0x000002acc6d23000 	C:\Users\Kokeshi-Gaming\.openjfx\cache\17.0.6\api-ms-win-core-string-l1-1-0.dll
0x000002acc6d30000 - 0x000002acc6d33000 	C:\Users\Kokeshi-Gaming\.openjfx\cache\17.0.6\api-ms-win-core-synch-l1-1-0.dll
0x000002acc6d40000 - 0x000002acc6d43000 	C:\Users\Kokeshi-Gaming\.openjfx\cache\17.0.6\api-ms-win-core-synch-l1-2-0.dll
0x000002acc6d50000 - 0x000002acc6d53000 	C:\Users\Kokeshi-Gaming\.openjfx\cache\17.0.6\api-ms-win-core-sysinfo-l1-1-0.dll
0x000002acc6d60000 - 0x000002acc6d63000 	C:\Users\Kokeshi-Gaming\.openjfx\cache\17.0.6\api-ms-win-core-timezone-l1-1-0.dll
0x000002acc6d70000 - 0x000002acc6d73000 	C:\Users\Kokeshi-Gaming\.openjfx\cache\17.0.6\api-ms-win-core-util-l1-1-0.dll
0x000002acc6d80000 - 0x000002acc6d83000 	C:\Users\Kokeshi-Gaming\.openjfx\cache\17.0.6\api-ms-win-crt-conio-l1-1-0.dll
0x000002acc6d90000 - 0x000002acc6d94000 	C:\Users\Kokeshi-Gaming\.openjfx\cache\17.0.6\api-ms-win-crt-convert-l1-1-0.dll
0x000002acc6da0000 - 0x000002acc6da3000 	C:\Users\Kokeshi-Gaming\.openjfx\cache\17.0.6\api-ms-win-crt-environment-l1-1-0.dll
0x000002acc6db0000 - 0x000002acc6db3000 	C:\Users\Kokeshi-Gaming\.openjfx\cache\17.0.6\api-ms-win-crt-filesystem-l1-1-0.dll
0x000002acc6dc0000 - 0x000002acc6dc3000 	C:\Users\Kokeshi-Gaming\.openjfx\cache\17.0.6\api-ms-win-crt-heap-l1-1-0.dll
0x000002acc6dd0000 - 0x000002acc6dd3000 	C:\Users\Kokeshi-Gaming\.openjfx\cache\17.0.6\api-ms-win-crt-locale-l1-1-0.dll
0x000002acc6de0000 - 0x000002acc6de5000 	C:\Users\Kokeshi-Gaming\.openjfx\cache\17.0.6\api-ms-win-crt-math-l1-1-0.dll
0x000002acc6df0000 - 0x000002acc6df5000 	C:\Users\Kokeshi-Gaming\.openjfx\cache\17.0.6\api-ms-win-crt-multibyte-l1-1-0.dll
0x000002acc6e00000 - 0x000002acc6e10000 	C:\Users\Kokeshi-Gaming\.openjfx\cache\17.0.6\api-ms-win-crt-private-l1-1-0.dll
0x000002acc6e10000 - 0x000002acc6e13000 	C:\Users\Kokeshi-Gaming\.openjfx\cache\17.0.6\api-ms-win-crt-process-l1-1-0.dll
0x000002acc6e20000 - 0x000002acc6e24000 	C:\Users\Kokeshi-Gaming\.openjfx\cache\17.0.6\api-ms-win-crt-runtime-l1-1-0.dll
0x000002acc6e30000 - 0x000002acc6e34000 	C:\Users\Kokeshi-Gaming\.openjfx\cache\17.0.6\api-ms-win-crt-stdio-l1-1-0.dll
0x000002acc6e40000 - 0x000002acc6e44000 	C:\Users\Kokeshi-Gaming\.openjfx\cache\17.0.6\api-ms-win-crt-string-l1-1-0.dll
0x000002acc6e50000 - 0x000002acc6e53000 	C:\Users\Kokeshi-Gaming\.openjfx\cache\17.0.6\api-ms-win-crt-time-l1-1-0.dll
0x000002acc6e60000 - 0x000002acc6e63000 	C:\Users\Kokeshi-Gaming\.openjfx\cache\17.0.6\api-ms-win-crt-utility-l1-1-0.dll
0x00007ff9e0060000 - 0x00007ff9e015c000 	C:\Users\Kokeshi-Gaming\.openjfx\cache\17.0.6\ucrtbase.dll
0x00007ff9f42c0000 - 0x00007ff9f42da000 	C:\Users\Kokeshi-Gaming\.openjfx\cache\17.0.6\vcruntime140.dll
0x00007ff9f42b0000 - 0x00007ff9f42bc000 	C:\Users\Kokeshi-Gaming\.openjfx\cache\17.0.6\vcruntime140_1.dll
0x00007ff9d0e30000 - 0x00007ff9d0ebd000 	C:\Users\Kokeshi-Gaming\.openjfx\cache\17.0.6\msvcp140.dll
0x00007ff9f42a0000 - 0x00007ff9f42a9000 	C:\Users\Kokeshi-Gaming\.openjfx\cache\17.0.6\msvcp140_1.dll
0x00007ff9f4270000 - 0x00007ff9f429f000 	C:\Users\Kokeshi-Gaming\.openjfx\cache\17.0.6\msvcp140_2.dll
0x00007ff9e1840000 - 0x00007ff9e186a000 	C:\Users\Kokeshi-Gaming\.openjfx\cache\17.0.6\prism_d3d.dll
0x00007ff9c3e30000 - 0x00007ff9c3fd6000 	C:\Windows\system32\d3d9.dll
0x00007ffa03a10000 - 0x00007ffa03a3e000 	C:\Windows\SYSTEM32\dwmapi.dll
0x00007ffa03a70000 - 0x00007ffa03ab0000 	C:\Windows\SYSTEM32\dxcore.dll
0x00007ffa03710000 - 0x00007ffa037bd000 	C:\Windows\system32\uxtheme.dll
0x00007ff9a36a0000 - 0x00007ff9a393f000 	C:\Windows\System32\DriverStore\FileRepository\iigd_dch.inf_amd64_7bb1fa07ea2dce86\igdumdim64.dll
0x00007ff9983c0000 - 0x00007ff999ac0000 	C:\Windows\System32\DriverStore\FileRepository\iigd_dch.inf_amd64_7bb1fa07ea2dce86\igd9dxva64.dll
0x00007ffa08930000 - 0x00007ffa08db5000 	C:\Windows\System32\SETUPAPI.dll
0x00007ffa06050000 - 0x00007ffa060af000 	C:\Windows\SYSTEM32\cfgmgr32.dll
0x00007ff9d57e0000 - 0x00007ff9d7852000 	C:\Windows\System32\DriverStore\FileRepository\iigd_dch.inf_amd64_7bb1fa07ea2dce86\media_bin_64.dll
0x00007ff9fac10000 - 0x00007ff9fb1a1000 	C:\Windows\System32\DriverStore\FileRepository\iigd_dch.inf_amd64_7bb1fa07ea2dce86\igdgmm64.dll
0x00007ffa03840000 - 0x00007ffa03897000 	C:\Windows\SYSTEM32\directxdatabasehelper.dll
0x00007ff9ccc70000 - 0x00007ff9cccb2000 	C:\Users\Kokeshi-Gaming\.openjfx\cache\17.0.6\glass.dll
0x00007ffa084d0000 - 0x00007ffa085bd000 	C:\Windows\System32\COMDLG32.dll
0x00007ffa087d0000 - 0x00007ffa0892b000 	C:\Windows\System32\MSCTF.dll
0x00007ff9dc0e0000 - 0x00007ff9dc108000 	C:\Windows\System32\DriverStore\FileRepository\iigd_dch.inf_amd64_7bb1fa07ea2dce86\igdinfo64.dll
0x00007ff9f59a0000 - 0x00007ff9faa11000 	C:\Windows\System32\DriverStore\FileRepository\iigd_dch.inf_amd64_7bb1fa07ea2dce86\igc64.dll
0x00007ff9f1ad0000 - 0x00007ff9f1ae4000 	C:\Users\Kokeshi-Gaming\.openjfx\cache\17.0.6\javafx_font.dll
0x00007ff9ffef0000 - 0x00007ffa00155000 	C:\Windows\SYSTEM32\dwrite.dll
0x00007ffa08280000 - 0x00007ffa08328000 	C:\Windows\System32\clbcatq.dll
0x00007ffa03260000 - 0x00007ffa0348a000 	C:\Windows\SYSTEM32\WindowsCodecs.dll
0x00007ff9dc410000 - 0x00007ff9dc46a000 	C:\Windows\system32\dataexchange.dll
0x00007ff9f4fe0000 - 0x00007ff9f5215000 	C:\Windows\system32\twinapi.appcore.dll
0x00007ff9db900000 - 0x00007ff9db92c000 	C:\Program Files\Common Files\Microsoft Shared\Ink\rtscom.dll
0x00007ff9f38f0000 - 0x00007ff9f3a34000 	C:\Windows\SYSTEM32\textinputframework.dll
0x00007ffa009d0000 - 0x00007ffa00af5000 	C:\Windows\SYSTEM32\CoreMessaging.dll
0x00007ff9fd7f0000 - 0x00007ff9fdad3000 	C:\Windows\SYSTEM32\CoreUIComponents.dll
0x00007ff9fe8f0000 - 0x00007ff9fea58000 	C:\Windows\SYSTEM32\wintypes.dll
0x00007ffa059e0000 - 0x00007ffa059ec000 	C:\Windows\SYSTEM32\CRYPTBASE.DLL

dbghelp: loaded successfully - version: 4.0.5 - missing functions: none
symbol engine: initialized successfully - sym options: 0x614 - pdb path: .;D:\Java\Azul JDK\zulu\bin;C:\Windows\SYSTEM32;C:\Windows\WinSxS\amd64_microsoft.windows.common-controls_6595b64144ccf1df_6.0.26100.1882_none_3e0e949ae32eca40;D:\Java\Azul JDK\zulu\bin\server;C:\Users\Kokeshi-Gaming\.openjfx\cache\17.0.6;C:\Windows\System32\DriverStore\FileRepository\iigd_dch.inf_amd64_7bb1fa07ea2dce86;C:\Program Files\Common Files\Microsoft Shared\Ink

VM Arguments:
jvm_args: -javaagent:D:\Java\IntelliJ IDEA\lib\idea_rt.jar=52306 -Dfile.encoding=UTF-8 -Dsun.stdout.encoding=UTF-8 -Dsun.stderr.encoding=UTF-8 --module-path=D:\Java\Projects\PrintingPOS\target\classes;C:\Users\Kokeshi-Gaming\.m2\repository\org\openjfx\javafx-fxml\17.0.6\javafx-fxml-17.0.6-win.jar;C:\Users\Kokeshi-Gaming\.m2\repository\org\openjfx\javafx-graphics\17.0.6\javafx-graphics-17.0.6-win.jar;C:\Users\Kokeshi-Gaming\.m2\repository\org\openjfx\javafx-base\17.0.6\javafx-base-17.0.6-win.jar;C:\Users\Kokeshi-Gaming\.m2\repository\org\openjfx\javafx-controls\17.0.6\javafx-controls-17.0.6-win.jar -Djdk.module.main=com.pp.s.printingpos 
java_command: com.pp.s.printingpos/com.pp.s.printingpos.PrintPOSApplication
java_class_path (initial): C:\Users\Kokeshi-Gaming\.m2\repository\org\openjfx\javafx-controls\17.0.6\javafx-controls-17.0.6.jar;C:\Users\Kokeshi-Gaming\.m2\repository\org\openjfx\javafx-graphics\17.0.6\javafx-graphics-17.0.6.jar;C:\Users\Kokeshi-Gaming\.m2\repository\org\openjfx\javafx-base\17.0.6\javafx-base-17.0.6.jar;C:\Users\Kokeshi-Gaming\.m2\repository\org\openjfx\javafx-fxml\17.0.6\javafx-fxml-17.0.6.jar
Launcher Type: SUN_STANDARD

[Global flags]
     intx CICompilerCount                          = 4                                         {product} {ergonomic}
     uint ConcGCThreads                            = 2                                         {product} {ergonomic}
     uint G1ConcRefinementThreads                  = 8                                         {product} {ergonomic}
   size_t G1HeapRegionSize                         = 1048576                                   {product} {ergonomic}
   size_t InitialHeapSize                          = 132120576                                 {product} {ergonomic}
   size_t MarkStackSize                            = 4194304                                   {product} {ergonomic}
   size_t MarkStackSizeMax                         = 536870912                                 {product} {ergonomic}
   size_t MaxHeapSize                              = 2090860544                                {product} {ergonomic}
   size_t MaxNewSize                               = 1254096896                                {product} {ergonomic}
   size_t MinHeapDeltaBytes                        = 1048576                                   {product} {ergonomic}
   size_t MinHeapSize                              = 8388608                                   {product} {ergonomic}
    uintx NonNMethodCodeHeapSize                   = 5832704                                {pd product} {ergonomic}
    uintx NonProfiledCodeHeapSize                  = 122945536                              {pd product} {ergonomic}
    uintx ProfiledCodeHeapSize                     = 122880000                              {pd product} {ergonomic}
    uintx ReservedCodeCacheSize                    = 251658240                              {pd product} {ergonomic}
     bool SegmentedCodeCache                       = true                                      {product} {ergonomic}
   size_t SoftMaxHeapSize                          = 2090860544                             {manageable} {ergonomic}
     bool UseCompressedOops                        = true                           {product lp64_product} {ergonomic}
     bool UseG1GC                                  = true                                      {product} {ergonomic}
     bool UseLargePagesIndividualAllocation        = false                                  {pd product} {ergonomic}

Logging:
Log output configuration:
 #0: stdout all=off uptime,level,tags foldmultilines=false
 #1: stderr all=off uptime,level,tags foldmultilines=false

Environment Variables:
JAVA_HOME=D:\Java\Azul JDK\zulu\
PATH=D:\Java\Azul JDK\zulu\bin\;C:\Program Files\Common Files\Oracle\Java\javapath;C:\Program Files (x86)\Common Files\Oracle\Java\java8path;C:\Program Files (x86)\Common Files\Oracle\Java\javapath;C:\Program Files\Eclipse Adoptium\jdk-21.0.5.11-hotspot\bin;C:\Windows\system32;C:\Windows;C:\Windows\System32\Wbem;C:\Windows\System32\WindowsPowerShell\v1.0\;C:\Windows\System32\OpenSSH\;C:\Program Files\dotnet\;C:\Program Files\WindowsPowerShell\Scripts;C:\Python313\Scripts\;C:\Python313\;C:\Users\Kokeshi-Gaming\AppData\Local\Programs\Python\Launcher\;C:\Users\Kokeshi-Gaming\AppData\Local\Microsoft\WindowsApps;D:\Programming\Editors\Microsoft VS Code\bin;C:\Users\Kokeshi-Gaming\.dotnet\tools;D:\Programming\Editors\PyCharm\bin;;D:\Java\IntelliJ IDEA\bin;
USERNAME=Kokeshi-Gaming
OS=Windows_NT
PROCESSOR_IDENTIFIER=Intel64 Family 6 Model 140 Stepping 2, GenuineIntel
TMP=C:\Users\KOKESH~1\AppData\Local\Temp
TEMP=C:\Users\KOKESH~1\AppData\Local\Temp




Periodic native trim disabled

---------------  S Y S T E M  ---------------

OS:
 Windows 11 , 64 bit Build 26100 (10.0.26100.1882)
OS uptime: 0 days 10:53 hours
Hyper-V role detected

CPU: total 8 (initial active 8) (4 cores per cpu, 2 threads per core) family 6 model 140 stepping 2 microcode 0x16, cx8, cmov, fxsr, ht, mmx, 3dnowpref, sse, sse2, sse3, ssse3, sse4.1, sse4.2, popcnt, lzcnt, tsc, tscinvbit, avx, avx2, aes, erms, clmul, bmi1, bmi2, adx, avx512f, avx512dq, avx512cd, avx512bw, avx512vl, sha, fma, vzeroupper, avx512_vpopcntdq, avx512_vpclmulqdq, avx512_vaes, avx512_vnni, clflush, clflushopt, clwb, avx512_vbmi2, avx512_vbmi, hv, rdtscp, rdpid, fsrm, gfni, avx512_bitalg, f16c, cet_ibt, cet_ss, avx512_ifma
Processor Information for the first 8 processors :
  Max Mhz: 2496, Current Mhz: 2496, Mhz Limit: 2496

Memory: 4k page, system-wide physical 7975M (1219M free)
TotalPageFile size 12839M (AvailPageFile size 2460M)
current process WorkingSet (physical memory assigned to process): 212M, peak: 214M
current process commit charge ("private bytes"): 323M, peak: 336M

vm_info: OpenJDK 64-Bit Server VM (24+36) for windows-amd64 JRE (24+36) (Zulu24.28+83-CA), built on 2025-02-26T13:03:31Z with MS VC++ 17.1 (VS2022)

END.
