#
# A fatal error has been detected by the Java Runtime Environment:
#
#  EXCEPTION_ACCESS_VIOLATION (0xc0000005) at pc=0x00007ff9c8266b07, pid=10836, tid=5312
#
# JRE version: OpenJDK Runtime Environment Zulu24.28+83-CA (24.0+36) (build 24+36)
# Java VM: OpenJDK 64-Bit Server VM Zulu24.28+83-CA (24+36, mixed mode, sharing, tiered, compressed oops, compressed class ptrs, g1 gc, windows-amd64)
# Problematic frame:
# C  [glass.dll+0x26b07]
#
# No core dump will be written. Minidumps are not enabled by default on client versions of Windows
#
# If you would like to submit a bug report, please visit:
#   http://www.azul.com/support/
#

---------------  S U M M A R Y ------------

Command Line: -javaagent:D:\Java\IntelliJ IDEA\lib\idea_rt.jar=52142 -Dfile.encoding=UTF-8 -Dsun.stdout.encoding=UTF-8 -Dsun.stderr.encoding=UTF-8 --module-path=D:\Java\Projects\PrintingPOS\target\classes;C:\Users\Kokeshi-Gaming\.m2\repository\org\openjfx\javafx-fxml\17.0.6\javafx-fxml-17.0.6-win.jar;C:\Users\Kokeshi-Gaming\.m2\repository\org\openjfx\javafx-graphics\17.0.6\javafx-graphics-17.0.6-win.jar;C:\Users\Kokeshi-Gaming\.m2\repository\org\openjfx\javafx-base\17.0.6\javafx-base-17.0.6-win.jar;C:\Users\Kokeshi-Gaming\.m2\repository\org\openjfx\javafx-controls\17.0.6\javafx-controls-17.0.6-win.jar -Djdk.module.main=com.pp.s.printingpos com.pp.s.printingpos/com.pp.s.printingpos.PrintPOSApplication

Host: 11th Gen Intel(R) Core(TM) i5-1155G7 @ 2.50GHz, 8 cores, 7G,  Windows 11 , 64 bit Build 26100 (10.0.26100.1882)
Time: Wed Mar 26 17:37:20 2025 China Standard Time elapsed time: 9.004990 seconds (0d 0h 0m 9s)

---------------  T H R E A D  ---------------

Current thread (0x00000193a1772b90):  VMThread "VM Thread"          [id=5312, stack(0x0000004461f00000,0x0000004462000000) (1024K)]

Stack: [0x0000004461f00000,0x0000004462000000],  sp=0x0000004461ffeef0,  free space=1019k
Native frames: (J=compiled Java code, j=interpreted, Vv=VM code, C=native code)
C  [glass.dll+0x26b07]  (no source info available)
C  [ucrtbase.dll+0x1cf05]  (no source info available)
C  [ucrtbase.dll+0x1ce27]  (no source info available)
C  [ucrtbase.dll+0x1cddd]  (no source info available)
C  [glass.dll+0x24261]  (no source info available)
C  [glass.dll+0x24386]  (no source info available)
C  [ntdll.dll+0x1d860]  (no source info available)
C  [ntdll.dll+0x86a40]  (no source info available)
C  [ntdll.dll+0x85c04]  (no source info available)
C  [KERNEL32.DLL+0x41f9b]  (no source info available)
C  [ucrtbase.dll+0xa0543]  (no source info available)
V  [jvm.dll+0x739d0c]  (no source info available)
V  [jvm.dll+0x739840]  (no source info available)
V  [jvm.dll+0x429b14]  (no source info available)
V  [jvm.dll+0x986c1a]  (no source info available)
V  [jvm.dll+0x987f5c]  (no source info available)
V  [jvm.dll+0x9884c8]  (no source info available)
V  [jvm.dll+0x988763]  (no source info available)
V  [jvm.dll+0x920b08]  (no source info available)
V  [jvm.dll+0x73fab5]  (no source info available)
C  [ucrtbase.dll+0x14ea0]  (no source info available)
C  [KERNEL32.DLL+0x2dbe7]  (no source info available)
C  [ntdll.dll+0x85a4c]  (no source info available)


siginfo: EXCEPTION_ACCESS_VIOLATION (0xc0000005), reading address 0x0000000000000000


Registers:
RAX=0x0000000000000000, RBX=0x00000193a178111a, RCX=0x00000193a1772b90, RDX=0x0000004461ffeef0
RSP=0x0000004461ffeef0, RBP=0x00007f7349f44631, RSI=0x00000193e7edf308, RDI=0x00000193e7edf2e0
R8 =0x0000000000010002, R9 =0x00007f7349f44631, R10=0x0000019382280000, R11=0x0000004461ffefd8
R12=0x0000000000000001, R13=0x000000007ffe0385, R14=0x0000004461ffeff8, R15=0x00000193e7edf2e0
RIP=0x00007ff9c8266b07, EFLAGS=0x0000000000010206

XMM[0]=0x0000000000000000 0x0000000000000000
XMM[1]=0x0000000000000000 0x0000004461ffdbe0
XMM[2]=0x0000000000000000 0x0000000000000000
XMM[3]=0x0000000000000000 0x0000000000000000
XMM[4]=0x0000000000000000 0x0000000000000000
XMM[5]=0x0000000000000000 0x0000000000000000
XMM[6]=0x0000000000000000 0x0000000000000000
XMM[7]=0x0000000000000000 0x404e000000000000
XMM[8]=0x0000000000000000 0x0000000000000000
XMM[9]=0x0000000000000000 0x0000000000000000
XMM[10]=0x0000000000000000 0x0000000000000000
XMM[11]=0x0000000000000000 0x0000000000000000
XMM[12]=0x0000000000000000 0x0000000000000000
XMM[13]=0x0000000000000000 0x0000000000000000
XMM[14]=0x0000000000000000 0x0000000000000000
XMM[15]=0x0000000000000000 0x0000000000000000
  MXCSR=0x00001fa0


Register to memory mapping:

RAX=0x0 is null
RBX=0x00000193a178111a is a global jni handle
RCX=0x00000193a1772b90 points into unknown readable memory: 0x00007ff9a1d6c750 | 50 c7 d6 a1 f9 7f 00 00
RDX=0x0000004461ffeef0 points into unknown readable memory: 0x0000000000000000 | 00 00 00 00 00 00 00 00
RSP=0x0000004461ffeef0 points into unknown readable memory: 0x0000000000000000 | 00 00 00 00 00 00 00 00
RBP=0x00007f7349f44631 is an unknown value
RSI=0x00000193e7edf308 points into unknown readable memory: 0x00007f7349f44631 | 31 46 f4 49 73 7f 00 00
RDI=0x00000193e7edf2e0 points into unknown readable memory: 0x7dd87f73b607d67d | 7d d6 07 b6 73 7f d8 7d
R8 =0x0000000000010002 is an unknown value
R9 =0x00007f7349f44631 is an unknown value
R10=0x0000019382280000 points into unknown readable memory: 0x0000000000000000 | 00 00 00 00 00 00 00 00
R11=0x0000004461ffefd8 points into unknown readable memory: 0x00007ff9c8264261 | 61 42 26 c8 f9 7f 00 00
R12=0x0000000000000001 is an unknown value
R13=0x000000007ffe0385 points into unknown readable memory: 00 00 00
R14=0x0000004461ffeff8 points into unknown readable memory: 0x0000004461ffefe0 | e0 ef ff 61 44 00 00 00
R15=0x00000193e7edf2e0 points into unknown readable memory: 0x7dd87f73b607d67d | 7d d6 07 b6 73 7f d8 7d

Top of Stack: (sp=0x0000004461ffeef0)
0x0000004461ffeef0:   0000000000000000 0000019300000000   ................
0x0000004461ffef00:   00000193e7474590 0000000000000001   .EG.............
0x0000004461ffef10:   00000193e7edf2e8 00007ffa0669cf05   ..........i.....
0x0000004461ffef20:   00000193e7edf2e0 0000019300000000   ................
0x0000004461ffef30:   00000193e7edf300 00007f7349f44631   ........1F.Is...
0x0000004461ffef40:   fffffffffffffffe 00007ffa0698b88b   ................
0x0000004461ffef50:   00007ff9c8240000 00007ff9c8240000   ..$.......$.....
0x0000004461ffef60:   0000004461ffefe8 00007ffa0669ce27   ...aD...'.i.....
0x0000004461ffef70:   0000004461ffef00 0000004461ffeff8   ...aD......aD...
0x0000004461ffef80:   0000004461fff520 00007ffa067b88c0    ..aD.....{.....
0x0000004461ffef90:   0000000000000001 00007ffa0669cddd   ..........i.....
0x0000004461ffefa0:   0000000000000000 0000000000000001   ................
0x0000004461ffefb0:   0000000000000000 0000004461ffefe8   ...........aD...
0x0000004461ffefc0:   fffffffffffffffe 0000004461fff500   ...........aD...
0x0000004461ffefd0:   0000000000000000 00007ff9c8264261   ........aB&.....
0x0000004461ffefe0:   00007ff9c827a138 00007ff900000002   8.'.............
0x0000004461ffeff0:   0000000000000002 0000004461ffefe0   ...........aD...
0x0000004461fff000:   00007ff9f59a0000 0000000000000000   ................
0x0000004461fff010:   0000000000000000 00007ff9c8264386   .........C&.....
0x0000004461fff020:   0000000000000001 000000007ffe0384   ................
0x0000004461fff030:   0000000000000001 0000037f0000057f   ................
0x0000004461fff040:   0000000000000001 00007ffa059e277e   ........~'......
0x0000004461fff050:   0000000000000001 00000000000000bc   ................
0x0000004461fff060:   0000000000000000 0000000000000001   ................
0x0000004461fff070:   00007ff9c82643d4 00007ffa08fbd860   .C&.....`.......
0x0000004461fff080:   00007ff9c8240000 00007ff900000000   ..$.............
0x0000004461fff090:   0000000000000001 000000007ffe0384   ................
0x0000004461fff0a0:   000000000000008d 0000000000000000   ................
0x0000004461fff0b0:   0000000000000000 0000000000000000   ................
0x0000004461fff0c0:   00007ff9c8240000 fffffb3d00000000   ..$.........=...
0x0000004461fff0d0:   00000000000000ba 0000000000000000   ................
0x0000004461fff0e0:   0000000000000000 00000193823262d0   .........b2.....

Instructions: (pc=0x00007ff9c8266b07)
  0x00007ff9c8266a07:   8b 4d 58 e8 01 cf ff ff 48 8b 4d 60 e8 f8 ce ff
  0x00007ff9c8266a17:   ff 48 8b 95 80 00 00 00 48 8b 8d 18 01 00 00 e8
  0x00007ff9c8266a27:   c6 c3 ff ff 33 d2 33 c9 e8 3c e1 ff ff 90 48 89
  0x00007ff9c8266a37:   54 24 10 55 48 83 ec 20 48 8b ea 48 b8 00 00 00
  0x00007ff9c8266a47:   00 00 00 00 00 48 83 c4 20 5d c3 cc 40 55 48 8b
  0x00007ff9c8266a57:   ea 48 8b 01 33 c9 81 38 05 00 00 c0 0f 94 c1 8b
  0x00007ff9c8266a67:   c1 5d c3 cc 40 55 48 83 ec 20 48 8b ea 8a 4d 40
  0x00007ff9c8266a77:   48 83 c4 20 5d e9 f7 d2 ff ff cc 40 55 48 83 ec
  0x00007ff9c8266a87:   20 48 8b ea 8a 4d 20 e8 e5 d2 ff ff 90 48 83 c4
  0x00007ff9c8266a97:   20 5d c3 cc 40 55 48 83 ec 20 48 8b ea 48 83 c4
  0x00007ff9c8266aa7:   20 5d e9 46 d1 ff ff cc 40 55 48 83 ec 30 48 8b
  0x00007ff9c8266ab7:   ea 48 8b 01 8b 10 48 89 4c 24 28 89 54 24 20 4c
  0x00007ff9c8266ac7:   8d 0d e7 d5 ff ff 4c 8b 45 70 8b 55 68 48 8b 4d
  0x00007ff9c8266ad7:   60 e8 87 d0 ff ff 90 48 83 c4 30 5d c3 cc cc cc
  0x00007ff9c8266ae7:   cc cc cc cc cc cc cc cc cc 40 53 48 83 ec 20 48
  0x00007ff9c8266af7:   8b 1d 33 30 01 00 48 85 db 74 16 e8 09 8b ff ff
=>0x00007ff9c8266b07:   4c 8b 00 48 8b d3 48 8b c8 41 ff 90 b0 00 00 00
  0x00007ff9c8266b17:   90 48 83 c4 20 5b c3 cc cc 40 53 48 83 ec 20 48
  0x00007ff9c8266b27:   8b 1d ab 31 01 00 48 85 db 74 57 b8 ff ff ff ff
  0x00007ff9c8266b37:   f0 0f c1 43 10 83 f8 01 75 3d 48 85 db 74 38 48
  0x00007ff9c8266b47:   8b 0b 48 85 c9 74 0d ff 15 54 07 00 00 48 c7 03
  0x00007ff9c8266b57:   00 00 00 00 48 8b 4b 08 48 85 c9 74 0d e8 a7 cd
  0x00007ff9c8266b67:   ff ff 48 c7 43 08 00 00 00 00 ba 18 00 00 00 48
  0x00007ff9c8266b77:   8b cb e8 92 cd ff ff 48 c7 05 4f 31 01 00 00 00
  0x00007ff9c8266b87:   00 00 48 83 c4 20 5b c3 cc 40 53 48 83 ec 20 48
  0x00007ff9c8266b97:   8b 1d 1b 31 01 00 48 85 db 74 57 b8 ff ff ff ff
  0x00007ff9c8266ba7:   f0 0f c1 43 10 83 f8 01 75 3d 48 85 db 74 38 48
  0x00007ff9c8266bb7:   8b 0b 48 85 c9 74 0d ff 15 e4 06 00 00 48 c7 03
  0x00007ff9c8266bc7:   00 00 00 00 48 8b 4b 08 48 85 c9 74 0d e8 37 cd
  0x00007ff9c8266bd7:   ff ff 48 c7 43 08 00 00 00 00 ba 18 00 00 00 48
  0x00007ff9c8266be7:   8b cb e8 22 cd ff ff 48 c7 05 bf 30 01 00 00 00
  0x00007ff9c8266bf7:   00 00 48 83 c4 20 5b c3 cc 40 53 48 83 ec 20 48


Stack slot to memory mapping:

stack at sp + 0 slots: 0x0 is null
stack at sp + 1 slots: 0x0000019300000000 is an unknown value
stack at sp + 2 slots: 0x00000193e7474590 points into unknown readable memory: 0x00000193e7474ad0 | d0 4a 47 e7 93 01 00 00
stack at sp + 3 slots: 0x0000000000000001 is an unknown value
stack at sp + 4 slots: 0x00000193e7edf2e8 points into unknown readable memory: 0x00007f7349f44631 | 31 46 f4 49 73 7f 00 00
stack at sp + 5 slots: 0x00007ffa0669cf05 ucrtbase.dll
stack at sp + 6 slots: 0x00000193e7edf2e0 points into unknown readable memory: 0x7dd87f73b607d67d | 7d d6 07 b6 73 7f d8 7d
stack at sp + 7 slots: 0x0000019300000000 is an unknown value

VM_Operation (0x0000004462ff9cc0): Exit, mode: safepoint, requested by thread 0x00000193e7495840


---------------  P R O C E S S  ---------------

Threads class SMR info:
_java_thread_list=0x00000193ee0f9cb0, length=19, elements={
0x00000193823d3450, 0x00000193a1782d60, 0x00000193a17836a0, 0x00000193a1786820,
0x00000193a1789190, 0x00000193a17899c0, 0x00000193a1792200, 0x00000193a1794d70,
0x00000193a179e500, 0x00000193a187bd80, 0x00000193e756cb20, 0x00000193e756d260,
0x00000193e72ca5b0, 0x00000193e7488390, 0x00000193e7495840, 0x00000193e8437a80,
0x00000193e84563d0, 0x00000193e878e210, 0x00000193e878c4d0
}

Java Threads: ( => current thread )
  0x00000193823d3450 JavaThread "main"                              [_thread_blocked, id=7488, stack(0x0000004461800000,0x0000004461900000) (1024K)]
  0x00000193a1782d60 JavaThread "Reference Handler"          daemon [_thread_blocked, id=2444, stack(0x0000004462000000,0x0000004462100000) (1024K)]
  0x00000193a17836a0 JavaThread "Finalizer"                  daemon [_thread_blocked, id=692, stack(0x0000004462100000,0x0000004462200000) (1024K)]
  0x00000193a1786820 JavaThread "Signal Dispatcher"          daemon [_thread_blocked, id=10052, stack(0x0000004462200000,0x0000004462300000) (1024K)]
  0x00000193a1789190 JavaThread "Attach Listener"            daemon [_thread_blocked, id=11340, stack(0x0000004462300000,0x0000004462400000) (1024K)]
  0x00000193a17899c0 JavaThread "Service Thread"             daemon [_thread_blocked, id=12256, stack(0x0000004462400000,0x0000004462500000) (1024K)]
  0x00000193a1792200 JavaThread "Monitor Deflation Thread"   daemon [_thread_blocked, id=8388, stack(0x0000004462500000,0x0000004462600000) (1024K)]
  0x00000193a1794d70 JavaThread "C2 CompilerThread0"         daemon [_thread_blocked, id=6632, stack(0x0000004462600000,0x0000004462700000) (1024K)]
  0x00000193a179e500 JavaThread "C1 CompilerThread0"         daemon [_thread_blocked, id=3140, stack(0x0000004462700000,0x0000004462800000) (1024K)]
  0x00000193a187bd80 JavaThread "Common-Cleaner"             daemon [_thread_blocked, id=9520, stack(0x0000004462800000,0x0000004462900000) (1024K)]
  0x00000193e756cb20 JavaThread "Monitor Ctrl-Break"         daemon [_thread_in_native, id=5240, stack(0x0000004462b00000,0x0000004462c00000) (1024K)]
  0x00000193e756d260 JavaThread "Notification Thread"        daemon [_thread_blocked, id=10388, stack(0x0000004462c00000,0x0000004462d00000) (1024K)]
  0x00000193e72ca5b0 JavaThread "QuantumRenderer-0"          daemon [_thread_blocked, id=9588, stack(0x0000004462d00000,0x0000004462e00000) (1024K)]
  0x00000193e7488390 JavaThread "InvokeLaterDispatcher"      daemon [_thread_blocked, id=7656, stack(0x0000004462e00000,0x0000004462f00000) (1024K)]
  0x00000193e7495840 JavaThread "JavaFX Application Thread"         [_thread_blocked, id=6068, stack(0x0000004462f00000,0x0000004463000000) (1024K)]
  0x00000193e8437a80 JavaThread "JavaFX-Launcher"                   [_thread_blocked, id=7652, stack(0x0000004463400000,0x0000004463500000) (1024K)]
  0x00000193e84563d0 JavaThread "Thread-2"                   daemon [_thread_in_native, id=7960, stack(0x0000004463300000,0x0000004463400000) (1024K)]
  0x00000193e878e210 JavaThread "Prism Font Disposer"        daemon [_thread_blocked, id=2612, stack(0x0000004462900000,0x0000004462a00000) (1024K)]
  0x00000193e878c4d0 JavaThread "Cleaner-0"                  daemon [_thread_blocked, id=11388, stack(0x0000004462a00000,0x0000004462b00000) (1024K)]
Total: 19

Other Threads:
=>0x00000193a1772b90 VMThread "VM Thread"                           [id=5312, stack(0x0000004461f00000,0x0000004462000000) (1024K)]
  0x00000193846bf290 WorkerThread "GC Thread#0"                     [id=3264, stack(0x0000004461900000,0x0000004461a00000) (1024K)]
  0x00000193ee0f5010 WorkerThread "GC Thread#1"                     [id=1120, stack(0x0000004463500000,0x0000004463600000) (1024K)]
  0x00000193ee0f53c0 WorkerThread "GC Thread#2"                     [id=6324, stack(0x0000004463600000,0x0000004463700000) (1024K)]
  0x00000193ee0f5770 WorkerThread "GC Thread#3"                     [id=8152, stack(0x0000004463700000,0x0000004463800000) (1024K)]
  0x00000193e8061030 WorkerThread "GC Thread#4"                     [id=6804, stack(0x0000004463800000,0x0000004463900000) (1024K)]
  0x00000193e80613e0 WorkerThread "GC Thread#5"                     [id=8392, stack(0x0000004463900000,0x0000004463a00000) (1024K)]
  0x00000193846d3cf0 ConcurrentGCThread "G1 Main Marker"            terminated
  0x00000193846d63a0 WorkerThread "G1 Conc#0"                       [id=7300, stack(0x0000004461b00000,0x0000004461c00000) (1024K)]
  0x00000193a16181a0 ConcurrentGCThread "G1 Refine#0"               terminated
  0x00000193a16189d0 ConcurrentGCThread "G1 Service"                terminated
Total: 11

Threads with active compile tasks:
C1 CompilerThread0  9153 3128       3       jdk.internal.classfile.impl.StackMapGenerator::processBlock (2767 bytes)
Total: 1

VM state: at safepoint (shutting down)

VM Mutex/Monitor currently owned by a thread:  ([mutex/lock_event])
[0x00007ff9a1f64fd0] Threads_lock - owner thread: 0x00000193a1772b90
[0x00007ff9a1f650d0] Heap_lock - owner thread: 0x00000193e7495840

Heap address: 0x0000000083600000, size: 1994 MB, Compressed Oops mode: 32-bit

CDS archive(s) mapped at: [0x00000193a2000000-0x00000193a2d40000-0x00000193a2d40000), size 13893632, SharedBaseAddress: 0x00000193a2000000, ArchiveRelocationMode: 1.
Compressed class space mapped at: 0x00000193a3000000-0x00000193e3000000, reserved size: 1073741824
UseCompressedClassPointers 1, UseCompactObjectHeaders 0
Narrow klass pointer bits 32, Max shift 3
Narrow klass base: 0x00000193a2000000, Narrow klass shift: 0
Encoding Range: [0x00000193a2000000 - 0x00000194a2000000), (4294967296 bytes)
Klass Range:    [0x00000193a2000000 - 0x00000193e3000000), (1090519040 bytes)
Klass ID Range:  [8 - 1090519033) (1090519025)

GC Precious Log:
 CardTable entry size: 512
 Card Set container configuration: InlinePtr #cards 5 size 8 Array Of Cards #cards 10 size 36 Howl #buckets 4 coarsen threshold 1843 Howl Bitmap #cards 512 size 80 coarsen threshold 460 Card regions per heap region 1 cards per card region 2048
 CPUs: 8 total, 8 available
 Memory: 7975M
 Large Page Support: Disabled
 NUMA Support: Disabled
 Compressed Oops: Enabled (32-bit)
 Heap Region Size: 1M
 Heap Min Capacity: 8M
 Heap Initial Capacity: 126M
 Heap Max Capacity: 1994M
 Pre-touch: Disabled
 Parallel Workers: 8
 Concurrent Workers: 2
 Concurrent Refinement Workers: 8
 Periodic GC: Disabled

Heap:
 garbage-first heap   total reserved 2041856K, committed 131072K, used 49051K [0x0000000083600000, 0x0000000100000000)
  region size 1024K, 47 young (48128K), 5 survivors (5120K)
 Metaspace       used 17208K, committed 17536K, reserved 1114112K
  class space    used 2216K, committed 2368K, reserved 1048576K

Heap Regions: E=young(eden), S=young(survivor), O=old, HS=humongous(starts), HC=humongous(continues), CS=collection set, F=free, TAMS=top-at-mark-start, PB=parsable bottom
|   0|0x0000000083600000, 0x0000000083700000, 0x0000000083700000|100%|HS|  |TAMS 0x0000000083600000| PB 0x0000000083600000| Complete |  0
|   1|0x0000000083700000, 0x0000000083800000, 0x0000000083800000|100%|HC|  |TAMS 0x0000000083700000| PB 0x0000000083700000| Complete |  0
|   2|0x0000000083800000, 0x0000000083800000, 0x0000000083900000|  0%| F|  |TAMS 0x0000000083800000| PB 0x0000000083800000| Untracked |  0
|   3|0x0000000083900000, 0x0000000083900000, 0x0000000083a00000|  0%| F|  |TAMS 0x0000000083900000| PB 0x0000000083900000| Untracked |  0
|   4|0x0000000083a00000, 0x0000000083a00000, 0x0000000083b00000|  0%| F|  |TAMS 0x0000000083a00000| PB 0x0000000083a00000| Untracked |  0
|   5|0x0000000083b00000, 0x0000000083b00000, 0x0000000083c00000|  0%| F|  |TAMS 0x0000000083b00000| PB 0x0000000083b00000| Untracked |  0
|   6|0x0000000083c00000, 0x0000000083c00000, 0x0000000083d00000|  0%| F|  |TAMS 0x0000000083c00000| PB 0x0000000083c00000| Untracked |  0
|   7|0x0000000083d00000, 0x0000000083d00000, 0x0000000083e00000|  0%| F|  |TAMS 0x0000000083d00000| PB 0x0000000083d00000| Untracked |  0
|   8|0x0000000083e00000, 0x0000000083e00000, 0x0000000083f00000|  0%| F|  |TAMS 0x0000000083e00000| PB 0x0000000083e00000| Untracked |  0
|   9|0x0000000083f00000, 0x0000000083f00000, 0x0000000084000000|  0%| F|  |TAMS 0x0000000083f00000| PB 0x0000000083f00000| Untracked |  0
|  10|0x0000000084000000, 0x0000000084000000, 0x0000000084100000|  0%| F|  |TAMS 0x0000000084000000| PB 0x0000000084000000| Untracked |  0
|  11|0x0000000084100000, 0x0000000084100000, 0x0000000084200000|  0%| F|  |TAMS 0x0000000084100000| PB 0x0000000084100000| Untracked |  0
|  12|0x0000000084200000, 0x0000000084200000, 0x0000000084300000|  0%| F|  |TAMS 0x0000000084200000| PB 0x0000000084200000| Untracked |  0
|  13|0x0000000084300000, 0x0000000084300000, 0x0000000084400000|  0%| F|  |TAMS 0x0000000084300000| PB 0x0000000084300000| Untracked |  0
|  14|0x0000000084400000, 0x0000000084400000, 0x0000000084500000|  0%| F|  |TAMS 0x0000000084400000| PB 0x0000000084400000| Untracked |  0
|  15|0x0000000084500000, 0x0000000084500000, 0x0000000084600000|  0%| F|  |TAMS 0x0000000084500000| PB 0x0000000084500000| Untracked |  0
|  16|0x0000000084600000, 0x0000000084600000, 0x0000000084700000|  0%| F|  |TAMS 0x0000000084600000| PB 0x0000000084600000| Untracked |  0
|  17|0x0000000084700000, 0x0000000084700000, 0x0000000084800000|  0%| F|  |TAMS 0x0000000084700000| PB 0x0000000084700000| Untracked |  0
|  18|0x0000000084800000, 0x0000000084800000, 0x0000000084900000|  0%| F|  |TAMS 0x0000000084800000| PB 0x0000000084800000| Untracked |  0
|  19|0x0000000084900000, 0x0000000084900000, 0x0000000084a00000|  0%| F|  |TAMS 0x0000000084900000| PB 0x0000000084900000| Untracked |  0
|  20|0x0000000084a00000, 0x0000000084a00000, 0x0000000084b00000|  0%| F|  |TAMS 0x0000000084a00000| PB 0x0000000084a00000| Untracked |  0
|  21|0x0000000084b00000, 0x0000000084b00000, 0x0000000084c00000|  0%| F|  |TAMS 0x0000000084b00000| PB 0x0000000084b00000| Untracked |  0
|  22|0x0000000084c00000, 0x0000000084c00000, 0x0000000084d00000|  0%| F|  |TAMS 0x0000000084c00000| PB 0x0000000084c00000| Untracked |  0
|  23|0x0000000084d00000, 0x0000000084d00000, 0x0000000084e00000|  0%| F|  |TAMS 0x0000000084d00000| PB 0x0000000084d00000| Untracked |  0
|  24|0x0000000084e00000, 0x0000000084e00000, 0x0000000084f00000|  0%| F|  |TAMS 0x0000000084e00000| PB 0x0000000084e00000| Untracked |  0
|  25|0x0000000084f00000, 0x0000000084f00000, 0x0000000085000000|  0%| F|  |TAMS 0x0000000084f00000| PB 0x0000000084f00000| Untracked |  0
|  26|0x0000000085000000, 0x0000000085000000, 0x0000000085100000|  0%| F|  |TAMS 0x0000000085000000| PB 0x0000000085000000| Untracked |  0
|  27|0x0000000085100000, 0x0000000085100000, 0x0000000085200000|  0%| F|  |TAMS 0x0000000085100000| PB 0x0000000085100000| Untracked |  0
|  28|0x0000000085200000, 0x0000000085200000, 0x0000000085300000|  0%| F|  |TAMS 0x0000000085200000| PB 0x0000000085200000| Untracked |  0
|  29|0x0000000085300000, 0x0000000085300000, 0x0000000085400000|  0%| F|  |TAMS 0x0000000085300000| PB 0x0000000085300000| Untracked |  0
|  30|0x0000000085400000, 0x0000000085400000, 0x0000000085500000|  0%| F|  |TAMS 0x0000000085400000| PB 0x0000000085400000| Untracked |  0
|  31|0x0000000085500000, 0x0000000085500000, 0x0000000085600000|  0%| F|  |TAMS 0x0000000085500000| PB 0x0000000085500000| Untracked |  0
|  32|0x0000000085600000, 0x0000000085600000, 0x0000000085700000|  0%| F|  |TAMS 0x0000000085600000| PB 0x0000000085600000| Untracked |  0
|  33|0x0000000085700000, 0x0000000085700000, 0x0000000085800000|  0%| F|  |TAMS 0x0000000085700000| PB 0x0000000085700000| Untracked |  0
|  34|0x0000000085800000, 0x0000000085800000, 0x0000000085900000|  0%| F|  |TAMS 0x0000000085800000| PB 0x0000000085800000| Untracked |  0
|  35|0x0000000085900000, 0x0000000085900000, 0x0000000085a00000|  0%| F|  |TAMS 0x0000000085900000| PB 0x0000000085900000| Untracked |  0
|  36|0x0000000085a00000, 0x0000000085a00000, 0x0000000085b00000|  0%| F|  |TAMS 0x0000000085a00000| PB 0x0000000085a00000| Untracked |  0
|  37|0x0000000085b00000, 0x0000000085b00000, 0x0000000085c00000|  0%| F|  |TAMS 0x0000000085b00000| PB 0x0000000085b00000| Untracked |  0
|  38|0x0000000085c00000, 0x0000000085c00000, 0x0000000085d00000|  0%| F|  |TAMS 0x0000000085c00000| PB 0x0000000085c00000| Untracked |  0
|  39|0x0000000085d00000, 0x0000000085d00000, 0x0000000085e00000|  0%| F|  |TAMS 0x0000000085d00000| PB 0x0000000085d00000| Untracked |  0
|  40|0x0000000085e00000, 0x0000000085e00000, 0x0000000085f00000|  0%| F|  |TAMS 0x0000000085e00000| PB 0x0000000085e00000| Untracked |  0
|  41|0x0000000085f00000, 0x0000000085f00000, 0x0000000086000000|  0%| F|  |TAMS 0x0000000085f00000| PB 0x0000000085f00000| Untracked |  0
|  42|0x0000000086000000, 0x0000000086000000, 0x0000000086100000|  0%| F|  |TAMS 0x0000000086000000| PB 0x0000000086000000| Untracked |  0
|  43|0x0000000086100000, 0x0000000086100000, 0x0000000086200000|  0%| F|  |TAMS 0x0000000086100000| PB 0x0000000086100000| Untracked |  0
|  44|0x0000000086200000, 0x0000000086200000, 0x0000000086300000|  0%| F|  |TAMS 0x0000000086200000| PB 0x0000000086200000| Untracked |  0
|  45|0x0000000086300000, 0x0000000086300000, 0x0000000086400000|  0%| F|  |TAMS 0x0000000086300000| PB 0x0000000086300000| Untracked |  0
|  46|0x0000000086400000, 0x0000000086400000, 0x0000000086500000|  0%| F|  |TAMS 0x0000000086400000| PB 0x0000000086400000| Untracked |  0
|  47|0x0000000086500000, 0x0000000086500000, 0x0000000086600000|  0%| F|  |TAMS 0x0000000086500000| PB 0x0000000086500000| Untracked |  0
|  48|0x0000000086600000, 0x0000000086600000, 0x0000000086700000|  0%| F|  |TAMS 0x0000000086600000| PB 0x0000000086600000| Untracked |  0
|  49|0x0000000086700000, 0x0000000086700000, 0x0000000086800000|  0%| F|  |TAMS 0x0000000086700000| PB 0x0000000086700000| Untracked |  0
|  50|0x0000000086800000, 0x0000000086800000, 0x0000000086900000|  0%| F|  |TAMS 0x0000000086800000| PB 0x0000000086800000| Untracked |  0
|  51|0x0000000086900000, 0x0000000086900000, 0x0000000086a00000|  0%| F|  |TAMS 0x0000000086900000| PB 0x0000000086900000| Untracked |  0
|  52|0x0000000086a00000, 0x0000000086a00000, 0x0000000086b00000|  0%| F|  |TAMS 0x0000000086a00000| PB 0x0000000086a00000| Untracked |  0
|  53|0x0000000086b00000, 0x0000000086b00000, 0x0000000086c00000|  0%| F|  |TAMS 0x0000000086b00000| PB 0x0000000086b00000| Untracked |  0
|  54|0x0000000086c00000, 0x0000000086c00000, 0x0000000086d00000|  0%| F|  |TAMS 0x0000000086c00000| PB 0x0000000086c00000| Untracked |  0
|  55|0x0000000086d00000, 0x0000000086d00000, 0x0000000086e00000|  0%| F|  |TAMS 0x0000000086d00000| PB 0x0000000086d00000| Untracked |  0
|  56|0x0000000086e00000, 0x0000000086e00000, 0x0000000086f00000|  0%| F|  |TAMS 0x0000000086e00000| PB 0x0000000086e00000| Untracked |  0
|  57|0x0000000086f00000, 0x0000000086f00000, 0x0000000087000000|  0%| F|  |TAMS 0x0000000086f00000| PB 0x0000000086f00000| Untracked |  0
|  58|0x0000000087000000, 0x0000000087000000, 0x0000000087100000|  0%| F|  |TAMS 0x0000000087000000| PB 0x0000000087000000| Untracked |  0
|  59|0x0000000087100000, 0x0000000087100000, 0x0000000087200000|  0%| F|  |TAMS 0x0000000087100000| PB 0x0000000087100000| Untracked |  0
|  60|0x0000000087200000, 0x0000000087200000, 0x0000000087300000|  0%| F|  |TAMS 0x0000000087200000| PB 0x0000000087200000| Untracked |  0
|  61|0x0000000087300000, 0x0000000087300000, 0x0000000087400000|  0%| F|  |TAMS 0x0000000087300000| PB 0x0000000087300000| Untracked |  0
|  62|0x0000000087400000, 0x0000000087400000, 0x0000000087500000|  0%| F|  |TAMS 0x0000000087400000| PB 0x0000000087400000| Untracked |  0
|  63|0x0000000087500000, 0x0000000087500000, 0x0000000087600000|  0%| F|  |TAMS 0x0000000087500000| PB 0x0000000087500000| Untracked |  0
|  64|0x0000000087600000, 0x0000000087600000, 0x0000000087700000|  0%| F|  |TAMS 0x0000000087600000| PB 0x0000000087600000| Untracked |  0
|  65|0x0000000087700000, 0x0000000087700000, 0x0000000087800000|  0%| F|  |TAMS 0x0000000087700000| PB 0x0000000087700000| Untracked |  0
|  66|0x0000000087800000, 0x0000000087800000, 0x0000000087900000|  0%| F|  |TAMS 0x0000000087800000| PB 0x0000000087800000| Untracked |  0
|  67|0x0000000087900000, 0x0000000087900000, 0x0000000087a00000|  0%| F|  |TAMS 0x0000000087900000| PB 0x0000000087900000| Untracked |  0
|  68|0x0000000087a00000, 0x0000000087a00000, 0x0000000087b00000|  0%| F|  |TAMS 0x0000000087a00000| PB 0x0000000087a00000| Untracked |  0
|  69|0x0000000087b00000, 0x0000000087b00000, 0x0000000087c00000|  0%| F|  |TAMS 0x0000000087b00000| PB 0x0000000087b00000| Untracked |  0
|  70|0x0000000087c00000, 0x0000000087c00000, 0x0000000087d00000|  0%| F|  |TAMS 0x0000000087c00000| PB 0x0000000087c00000| Untracked |  0
|  71|0x0000000087d00000, 0x0000000087d00000, 0x0000000087e00000|  0%| F|  |TAMS 0x0000000087d00000| PB 0x0000000087d00000| Untracked |  0
|  72|0x0000000087e00000, 0x0000000087e00000, 0x0000000087f00000|  0%| F|  |TAMS 0x0000000087e00000| PB 0x0000000087e00000| Untracked |  0
|  73|0x0000000087f00000, 0x0000000087f00000, 0x0000000088000000|  0%| F|  |TAMS 0x0000000087f00000| PB 0x0000000087f00000| Untracked |  0
|  74|0x0000000088000000, 0x00000000880caa78, 0x0000000088100000| 79%| S|CS|TAMS 0x0000000088000000| PB 0x0000000088000000| Complete |  0
|  75|0x0000000088100000, 0x0000000088200000, 0x0000000088200000|100%| S|CS|TAMS 0x0000000088100000| PB 0x0000000088100000| Complete |  0
|  76|0x0000000088200000, 0x0000000088300000, 0x0000000088300000|100%| S|CS|TAMS 0x0000000088200000| PB 0x0000000088200000| Complete |  0
|  77|0x0000000088300000, 0x0000000088400000, 0x0000000088400000|100%| S|CS|TAMS 0x0000000088300000| PB 0x0000000088300000| Complete |  0
|  78|0x0000000088400000, 0x0000000088500000, 0x0000000088500000|100%| S|CS|TAMS 0x0000000088400000| PB 0x0000000088400000| Complete |  0
|  79|0x0000000088500000, 0x0000000088500000, 0x0000000088600000|  0%| F|  |TAMS 0x0000000088500000| PB 0x0000000088500000| Untracked |  0
|  80|0x0000000088600000, 0x0000000088600000, 0x0000000088700000|  0%| F|  |TAMS 0x0000000088600000| PB 0x0000000088600000| Untracked |  0
|  81|0x0000000088700000, 0x0000000088700000, 0x0000000088800000|  0%| F|  |TAMS 0x0000000088700000| PB 0x0000000088700000| Untracked |  0
|  82|0x0000000088800000, 0x0000000088800000, 0x0000000088900000|  0%| F|  |TAMS 0x0000000088800000| PB 0x0000000088800000| Untracked |  0
|  83|0x0000000088900000, 0x0000000088900000, 0x0000000088a00000|  0%| F|  |TAMS 0x0000000088900000| PB 0x0000000088900000| Untracked |  0
|  84|0x0000000088a00000, 0x0000000088a5c2d0, 0x0000000088b00000| 36%| E|  |TAMS 0x0000000088a00000| PB 0x0000000088a00000| Complete |  0
|  85|0x0000000088b00000, 0x0000000088c00000, 0x0000000088c00000|100%| E|CS|TAMS 0x0000000088b00000| PB 0x0000000088b00000| Complete |  0
|  86|0x0000000088c00000, 0x0000000088d00000, 0x0000000088d00000|100%| E|CS|TAMS 0x0000000088c00000| PB 0x0000000088c00000| Complete |  0
|  87|0x0000000088d00000, 0x0000000088e00000, 0x0000000088e00000|100%| E|CS|TAMS 0x0000000088d00000| PB 0x0000000088d00000| Complete |  0
|  88|0x0000000088e00000, 0x0000000088f00000, 0x0000000088f00000|100%| E|CS|TAMS 0x0000000088e00000| PB 0x0000000088e00000| Complete |  0
|  89|0x0000000088f00000, 0x0000000089000000, 0x0000000089000000|100%| E|CS|TAMS 0x0000000088f00000| PB 0x0000000088f00000| Complete |  0
|  90|0x0000000089000000, 0x0000000089100000, 0x0000000089100000|100%| E|CS|TAMS 0x0000000089000000| PB 0x0000000089000000| Complete |  0
|  91|0x0000000089100000, 0x0000000089200000, 0x0000000089200000|100%| E|CS|TAMS 0x0000000089100000| PB 0x0000000089100000| Complete |  0
|  92|0x0000000089200000, 0x0000000089300000, 0x0000000089300000|100%| E|CS|TAMS 0x0000000089200000| PB 0x0000000089200000| Complete |  0
|  93|0x0000000089300000, 0x0000000089400000, 0x0000000089400000|100%| E|CS|TAMS 0x0000000089300000| PB 0x0000000089300000| Complete |  0
|  94|0x0000000089400000, 0x0000000089500000, 0x0000000089500000|100%| E|CS|TAMS 0x0000000089400000| PB 0x0000000089400000| Complete |  0
|  95|0x0000000089500000, 0x0000000089600000, 0x0000000089600000|100%| E|CS|TAMS 0x0000000089500000| PB 0x0000000089500000| Complete |  0
|  96|0x0000000089600000, 0x0000000089700000, 0x0000000089700000|100%| E|  |TAMS 0x0000000089600000| PB 0x0000000089600000| Complete |  0
|  97|0x0000000089700000, 0x0000000089800000, 0x0000000089800000|100%| E|CS|TAMS 0x0000000089700000| PB 0x0000000089700000| Complete |  0
|  98|0x0000000089800000, 0x0000000089900000, 0x0000000089900000|100%| E|CS|TAMS 0x0000000089800000| PB 0x0000000089800000| Complete |  0
|  99|0x0000000089900000, 0x0000000089a00000, 0x0000000089a00000|100%| E|CS|TAMS 0x0000000089900000| PB 0x0000000089900000| Complete |  0
| 100|0x0000000089a00000, 0x0000000089b00000, 0x0000000089b00000|100%| E|CS|TAMS 0x0000000089a00000| PB 0x0000000089a00000| Complete |  0
| 101|0x0000000089b00000, 0x0000000089c00000, 0x0000000089c00000|100%| E|CS|TAMS 0x0000000089b00000| PB 0x0000000089b00000| Complete |  0
| 102|0x0000000089c00000, 0x0000000089d00000, 0x0000000089d00000|100%| E|CS|TAMS 0x0000000089c00000| PB 0x0000000089c00000| Complete |  0
| 103|0x0000000089d00000, 0x0000000089e00000, 0x0000000089e00000|100%| E|CS|TAMS 0x0000000089d00000| PB 0x0000000089d00000| Complete |  0
| 104|0x0000000089e00000, 0x0000000089f00000, 0x0000000089f00000|100%| E|CS|TAMS 0x0000000089e00000| PB 0x0000000089e00000| Complete |  0
| 105|0x0000000089f00000, 0x000000008a000000, 0x000000008a000000|100%| E|CS|TAMS 0x0000000089f00000| PB 0x0000000089f00000| Complete |  0
| 106|0x000000008a000000, 0x000000008a100000, 0x000000008a100000|100%| E|CS|TAMS 0x000000008a000000| PB 0x000000008a000000| Complete |  0
| 107|0x000000008a100000, 0x000000008a200000, 0x000000008a200000|100%| E|CS|TAMS 0x000000008a100000| PB 0x000000008a100000| Complete |  0
| 108|0x000000008a200000, 0x000000008a300000, 0x000000008a300000|100%| E|CS|TAMS 0x000000008a200000| PB 0x000000008a200000| Complete |  0
| 109|0x000000008a300000, 0x000000008a400000, 0x000000008a400000|100%| E|CS|TAMS 0x000000008a300000| PB 0x000000008a300000| Complete |  0
| 110|0x000000008a400000, 0x000000008a500000, 0x000000008a500000|100%| E|CS|TAMS 0x000000008a400000| PB 0x000000008a400000| Complete |  0
| 111|0x000000008a500000, 0x000000008a600000, 0x000000008a600000|100%| E|CS|TAMS 0x000000008a500000| PB 0x000000008a500000| Complete |  0
| 112|0x000000008a600000, 0x000000008a700000, 0x000000008a700000|100%| E|CS|TAMS 0x000000008a600000| PB 0x000000008a600000| Complete |  0
| 113|0x000000008a700000, 0x000000008a800000, 0x000000008a800000|100%| E|CS|TAMS 0x000000008a700000| PB 0x000000008a700000| Complete |  0
| 114|0x000000008a800000, 0x000000008a900000, 0x000000008a900000|100%| E|CS|TAMS 0x000000008a800000| PB 0x000000008a800000| Complete |  0
| 115|0x000000008a900000, 0x000000008aa00000, 0x000000008aa00000|100%| E|CS|TAMS 0x000000008a900000| PB 0x000000008a900000| Complete |  0
| 116|0x000000008aa00000, 0x000000008ab00000, 0x000000008ab00000|100%| E|CS|TAMS 0x000000008aa00000| PB 0x000000008aa00000| Complete |  0
| 117|0x000000008ab00000, 0x000000008ac00000, 0x000000008ac00000|100%| E|CS|TAMS 0x000000008ab00000| PB 0x000000008ab00000| Complete |  0
| 118|0x000000008ac00000, 0x000000008ad00000, 0x000000008ad00000|100%| E|CS|TAMS 0x000000008ac00000| PB 0x000000008ac00000| Complete |  0
| 119|0x000000008ad00000, 0x000000008ae00000, 0x000000008ae00000|100%| E|CS|TAMS 0x000000008ad00000| PB 0x000000008ad00000| Complete |  0
| 120|0x000000008ae00000, 0x000000008af00000, 0x000000008af00000|100%| E|CS|TAMS 0x000000008ae00000| PB 0x000000008ae00000| Complete |  0
| 121|0x000000008af00000, 0x000000008b000000, 0x000000008b000000|100%| E|CS|TAMS 0x000000008af00000| PB 0x000000008af00000| Complete |  0
| 122|0x000000008b000000, 0x000000008b100000, 0x000000008b100000|100%| E|CS|TAMS 0x000000008b000000| PB 0x000000008b000000| Complete |  0
| 123|0x000000008b100000, 0x000000008b200000, 0x000000008b200000|100%| E|CS|TAMS 0x000000008b100000| PB 0x000000008b100000| Complete |  0
| 124|0x000000008b200000, 0x000000008b300000, 0x000000008b300000|100%| E|CS|TAMS 0x000000008b200000| PB 0x000000008b200000| Complete |  0
| 125|0x000000008b300000, 0x000000008b400000, 0x000000008b400000|100%| E|CS|TAMS 0x000000008b300000| PB 0x000000008b300000| Complete |  0
|1992|0x00000000ffe00000, 0x00000000fff00000, 0x00000000fff00000|100%| O|  |TAMS 0x00000000ffe00000| PB 0x00000000ffe00000| Untracked |  0
|1993|0x00000000fff00000, 0x00000000fff1c348, 0x0000000100000000| 11%| O|  |TAMS 0x00000000fff00000| PB 0x00000000fff00000| Untracked |  0

Card table byte_map: [0x000001939c990000,0x000001939cd80000] _byte_map_base: 0x000001939c575000

Marking Bits: (CMBitMap*) 0x00000193846bf9a0
 Bits: [0x000001939cd80000, 0x000001939eca8000)

Polling page: 0x0000019383e40000

Metaspace:

Usage:
  Non-class:     14.64 MB used.
      Class:      2.16 MB used.
       Both:     16.81 MB used.

Virtual space:
  Non-class space:       64.00 MB reserved,      14.81 MB ( 23%) committed,  1 nodes.
      Class space:        1.00 GB reserved,       2.31 MB ( <1%) committed,  1 nodes.
             Both:        1.06 GB reserved,      17.12 MB (  2%) committed. 

Chunk freelists:
   Non-Class:  416.00 KB
       Class:  13.69 MB
        Both:  14.09 MB

MaxMetaspaceSize: unlimited
CompressedClassSpaceSize: 1.00 GB
Initial GC threshold: 21.00 MB
Current GC threshold: 21.00 MB
CDS: on
 - commit_granule_bytes: 65536.
 - commit_granule_words: 8192.
 - virtual_space_node_default_size: 8388608.
 - enlarge_chunks_in_place: 1.
UseCompressedClassPointers 1, UseCompactObjectHeaders 0
Narrow klass pointer bits 32, Max shift 3
Narrow klass base: 0x00000193a2000000, Narrow klass shift: 0
Encoding Range: [0x00000193a2000000 - 0x00000194a2000000), (4294967296 bytes)
Klass Range:    [0x00000193a2000000 - 0x00000193e3000000), (1090519040 bytes)
Klass ID Range:  [8 - 1090519033) (1090519025)


Internal statistics:

num_allocs_failed_limit: 0.
num_arena_births: 258.
num_arena_deaths: 0.
num_vsnodes_births: 2.
num_vsnodes_deaths: 0.
num_space_committed: 274.
num_space_uncommitted: 0.
num_chunks_returned_to_freelist: 0.
num_chunks_taken_from_freelist: 773.
num_chunk_merges: 0.
num_chunk_splits: 532.
num_chunks_enlarged: 427.
num_inconsistent_stats: 0.

CodeHeap 'non-profiled nmethods': size=120064Kb used=1121Kb max_used=1121Kb free=118942Kb
 bounds [0x0000019394c20000, 0x0000019394e90000, 0x000001939c160000]
CodeHeap 'profiled nmethods': size=120000Kb used=4875Kb max_used=4875Kb free=115124Kb
 bounds [0x000001938d160000, 0x000001938d630000, 0x0000019394690000]
CodeHeap 'non-nmethods': size=5696Kb used=1854Kb max_used=1947Kb free=3842Kb
 bounds [0x0000019394690000, 0x0000019394900000, 0x0000019394c20000]
CodeCache: size=245760Kb, used=7850Kb, max_used=7943Kb, free=237908Kb
 total_blobs=3946, nmethods=3126, adapters=724, full_count=0
Compilation: enabled, stopped_count=0, restarted_count=0

Compilation events (20 events):
Event: 8.559 Thread 0x00000193a1794d70 3121 %     4       com.sun.marlin.MaskMarlinAlphaConsumer::setAndClearRelativeAlphas @ 188 (263 bytes)
Event: 8.559 Thread 0x00000193a179e500 nmethod 3118 0x000001938d61cd08 code [0x000001938d61cee0, 0x000001938d61d8f0]
Event: 8.559 Thread 0x00000193a179e500 3120       3       com.sun.javafx.geom.transform.Affine3D::concatenate (561 bytes)
Event: 8.560 Thread 0x00000193a179e500 nmethod 3120 0x000001938d61d988 code [0x000001938d61dc60, 0x000001938d61f300]
Event: 8.561 Thread 0x00000193a179e500 3123       3       com.sun.prism.impl.BaseContext::flushMask (97 bytes)
Event: 8.561 Thread 0x00000193a179e500 nmethod 3123 0x000001938d61f388 code [0x000001938d61f500, 0x000001938d61fb00]
Event: 8.561 Thread 0x00000193a179e500 3122       1       com.sun.marlin.MaskMarlinAlphaConsumer::supportBlockFlags (2 bytes)
Event: 8.561 Thread 0x00000193a179e500 nmethod 3122 0x0000019394d37908 code [0x0000019394d37a00, 0x0000019394d37ac8]
Event: 8.561 Thread 0x00000193a179e500 3119       3       com.sun.prism.impl.BaseGraphics::transform (13 bytes)
Event: 8.561 Thread 0x00000193a179e500 nmethod 3119 0x000001938d61fb88 code [0x000001938d61fcc0, 0x000001938d61fe60]
Event: 8.567 Thread 0x00000193a1794d70 nmethod 3121% 0x0000019394d37c08 code [0x0000019394d37d40, 0x0000019394d38348]
Event: 8.567 Thread 0x00000193a1794d70 3124       4       com.sun.marlin.FloatMath::ceil_int (29 bytes)
Event: 8.568 Thread 0x00000193a1794d70 nmethod 3124 0x0000019394d38408 code [0x0000019394d38500, 0x0000019394d38608]
Event: 8.573 Thread 0x00000193a179e500 3125   !   3       com.sun.scenario.animation.shared.AnimationAccessor::getDefault (66 bytes)
Event: 8.573 Thread 0x00000193a179e500 nmethod 3125 0x000001938d61fe88 code [0x000001938d61ffe0, 0x000001938d6203b8]
Event: 8.646 Thread 0x00000193a179e500 3126       3       javafx.scene.Scene::buildEventDispatchChain (48 bytes)
Event: 8.647 Thread 0x00000193a179e500 nmethod 3126 0x000001938d620408 code [0x000001938d620620, 0x000001938d621820]
Event: 8.647 Thread 0x00000193a179e500 3127       3       com.sun.javafx.scene.KeyboardShortcutsHandler::dispatchCapturingEvent (223 bytes)
Event: 8.648 Thread 0x00000193a179e500 nmethod 3127 0x000001938d621908 code [0x000001938d621b20, 0x000001938d622ed0]
Event: 8.654 Thread 0x00000193a179e500 3128       3       jdk.internal.classfile.impl.StackMapGenerator::processBlock (2767 bytes)

GC Heap History (2 events):
Event: 0.851 GC heap before
{Heap before GC invocations=0 (full 0):
 garbage-first heap   total reserved 2041856K, committed 131072K, used 49264K [0x0000000083600000, 0x0000000100000000)
  region size 1024K, 47 young (48128K), 0 survivors (0K)
 Metaspace       used 10509K, committed 10688K, reserved 1114112K
  class space    used 1132K, committed 1216K, reserved 1048576K
}
Event: 0.855 GC heap after
{Heap after GC invocations=1 (full 0):
 garbage-first heap   total reserved 2041856K, committed 131072K, used 6043K [0x0000000083600000, 0x0000000100000000)
  region size 1024K, 5 young (5120K), 5 survivors (5120K)
 Metaspace       used 10509K, committed 10688K, reserved 1114112K
  class space    used 1132K, committed 1216K, reserved 1048576K
}

Dll operation events (20 events):
Event: 0.351 Loaded shared library C:\Users\Kokeshi-Gaming\.openjfx\cache\17.0.6\api-ms-win-crt-locale-l1-1-0.dll
Event: 0.354 Loaded shared library C:\Users\Kokeshi-Gaming\.openjfx\cache\17.0.6\api-ms-win-crt-math-l1-1-0.dll
Event: 0.356 Loaded shared library C:\Users\Kokeshi-Gaming\.openjfx\cache\17.0.6\api-ms-win-crt-multibyte-l1-1-0.dll
Event: 0.359 Loaded shared library C:\Users\Kokeshi-Gaming\.openjfx\cache\17.0.6\api-ms-win-crt-private-l1-1-0.dll
Event: 0.361 Loaded shared library C:\Users\Kokeshi-Gaming\.openjfx\cache\17.0.6\api-ms-win-crt-process-l1-1-0.dll
Event: 0.362 Loaded shared library C:\Users\Kokeshi-Gaming\.openjfx\cache\17.0.6\api-ms-win-crt-runtime-l1-1-0.dll
Event: 0.364 Loaded shared library C:\Users\Kokeshi-Gaming\.openjfx\cache\17.0.6\api-ms-win-crt-stdio-l1-1-0.dll
Event: 0.366 Loaded shared library C:\Users\Kokeshi-Gaming\.openjfx\cache\17.0.6\api-ms-win-crt-string-l1-1-0.dll
Event: 0.368 Loaded shared library C:\Users\Kokeshi-Gaming\.openjfx\cache\17.0.6\api-ms-win-crt-time-l1-1-0.dll
Event: 0.370 Loaded shared library C:\Users\Kokeshi-Gaming\.openjfx\cache\17.0.6\api-ms-win-crt-utility-l1-1-0.dll
Event: 0.380 Loaded shared library C:\Users\Kokeshi-Gaming\.openjfx\cache\17.0.6\ucrtbase.dll
Event: 0.384 Loaded shared library C:\Users\Kokeshi-Gaming\.openjfx\cache\17.0.6\vcruntime140.dll
Event: 0.386 Loaded shared library C:\Users\Kokeshi-Gaming\.openjfx\cache\17.0.6\vcruntime140_1.dll
Event: 0.403 Loaded shared library C:\Users\Kokeshi-Gaming\.openjfx\cache\17.0.6\msvcp140.dll
Event: 0.405 Loaded shared library C:\Users\Kokeshi-Gaming\.openjfx\cache\17.0.6\msvcp140_1.dll
Event: 0.409 Loaded shared library C:\Users\Kokeshi-Gaming\.openjfx\cache\17.0.6\msvcp140_2.dll
Event: 0.440 Loaded shared library C:\Users\Kokeshi-Gaming\.openjfx\cache\17.0.6\prism_d3d.dll
Event: 0.471 Loaded shared library C:\Users\Kokeshi-Gaming\.openjfx\cache\17.0.6\glass.dll
Event: 0.553 Loaded shared library D:\Java\Azul JDK\zulu\bin\jimage.dll
Event: 0.705 Loaded shared library C:\Users\Kokeshi-Gaming\.openjfx\cache\17.0.6\javafx_font.dll

Deoptimization events (20 events):
Event: 6.113 Thread 0x00000193e7495840 Uncommon trap: trap_request=0xffffff4d fr.pc=0x0000019394ce998c relative=0x000000000000048c
Event: 6.113 Thread 0x00000193e7495840 Uncommon trap: reason=unstable_if action=reinterpret pc=0x0000019394ce998c method=com.sun.javafx.css.BitSet.add(Ljava/lang/Object;)Z @ 91 c2
Event: 6.113 Thread 0x00000193e7495840 DEOPT PACKING pc=0x0000019394ce998c sp=0x0000004462ff9ab0
Event: 6.113 Thread 0x00000193e7495840 DEOPT UNPACKING pc=0x00000193947b4f82 sp=0x0000004462ff9a70 mode 2
Event: 6.117 Thread 0x00000193e7495840 Uncommon trap: trap_request=0xffffffde fr.pc=0x0000019394d200d4 relative=0x00000000000002f4
Event: 6.117 Thread 0x00000193e7495840 Uncommon trap: reason=class_check action=maybe_recompile pc=0x0000019394d200d4 method=java.util.regex.Pattern$BmpCharPropertyGreedy.match(Ljava/util/regex/Matcher;ILjava/lang/CharSequence;)Z @ 26 c2
Event: 6.117 Thread 0x00000193e7495840 DEOPT PACKING pc=0x0000019394d200d4 sp=0x0000004462ff8df0
Event: 6.117 Thread 0x00000193e7495840 DEOPT UNPACKING pc=0x00000193947b4f82 sp=0x0000004462ff8da8 mode 2
Event: 6.117 Thread 0x00000193e7495840 Uncommon trap: trap_request=0xffffff4d fr.pc=0x0000019394d10f68 relative=0x0000000000001ba8
Event: 6.117 Thread 0x00000193e7495840 Uncommon trap: reason=unstable_if action=reinterpret pc=0x0000019394d10f68 method=java.util.zip.InflaterInputStream.read([BII)I @ 74 c2
Event: 6.117 Thread 0x00000193e7495840 DEOPT PACKING pc=0x0000019394d10f68 sp=0x0000004462ff89c0
Event: 6.117 Thread 0x00000193e7495840 DEOPT UNPACKING pc=0x00000193947b4f82 sp=0x0000004462ff8a20 mode 2
Event: 6.139 Thread 0x00000193e72ca5b0 DEOPT PACKING pc=0x000001938d53ec39 sp=0x0000004462dfd900
Event: 6.139 Thread 0x00000193e72ca5b0 DEOPT UNPACKING pc=0x00000193946e6642 sp=0x0000004462dfcd90 mode 0
Event: 6.142 Thread 0x00000193e72ca5b0 DEOPT PACKING pc=0x000001938d53ec39 sp=0x0000004462dfd510
Event: 6.142 Thread 0x00000193e72ca5b0 DEOPT UNPACKING pc=0x00000193946e6642 sp=0x0000004462dfc9a0 mode 0
Event: 6.144 Thread 0x00000193e72ca5b0 DEOPT PACKING pc=0x000001938d53ec39 sp=0x0000004462dfdc80
Event: 6.144 Thread 0x00000193e72ca5b0 DEOPT UNPACKING pc=0x00000193946e6642 sp=0x0000004462dfd110 mode 0
Event: 6.146 Thread 0x00000193e72ca5b0 DEOPT PACKING pc=0x000001938d53ec39 sp=0x0000004462dfd900
Event: 6.146 Thread 0x00000193e72ca5b0 DEOPT UNPACKING pc=0x00000193946e6642 sp=0x0000004462dfcd90 mode 0

Classes loaded (20 events):
Event: 6.109 Loading class sun/util/resources/OpenListResourceBundle
Event: 6.109 Loading class sun/util/resources/OpenListResourceBundle done
Event: 6.109 Loading class sun/util/resources/TimeZoneNamesBundle done
Event: 6.109 Loading class sun/util/resources/cldr/TimeZoneNames done
Event: 6.109 Loading class sun/util/resources/cldr/TimeZoneNames_en
Event: 6.109 Loading class sun/util/resources/cldr/TimeZoneNames_en done
Event: 6.109 Loading class sun/util/resources/cldr/TimeZoneNames_en_US
Event: 6.109 Loading class sun/util/resources/cldr/TimeZoneNames_en_US done
Event: 6.110 Loading class java/lang/invoke/InnerClassLambdaMetafactory$SerializationSupport
Event: 6.110 Loading class java/lang/invoke/InnerClassLambdaMetafactory$SerializationSupport done
Event: 6.110 Loading class java/lang/invoke/InnerClassLambdaMetafactory$4
Event: 6.110 Loading class java/lang/invoke/InnerClassLambdaMetafactory$4 done
Event: 6.110 Loading class sun/invoke/util/BytecodeDescriptor
Event: 6.110 Loading class sun/invoke/util/BytecodeDescriptor done
Event: 6.110 Loading class jdk/internal/classfile/impl/AbstractPoolEntry$IntegerEntryImpl
Event: 6.111 Loading class java/lang/classfile/constantpool/IntegerEntry
Event: 6.111 Loading class java/lang/classfile/constantpool/IntegerEntry done
Event: 6.111 Loading class jdk/internal/classfile/impl/AbstractPoolEntry$IntegerEntryImpl done
Event: 6.111 Loading class java/io/FileOutputStream$1
Event: 6.111 Loading class java/io/FileOutputStream$1 done

Classes unloaded (0 events):
No events

Classes redefined (0 events):
No events

Internal exceptions (20 events):
Event: 0.791 Thread 0x00000193e7495840 Exception <a 'java/lang/NoSuchMethodError'{0x0000000088a664c8}: 'void java.lang.invoke.DelegatingMethodHandle$Holder.reinvoke_L(java.lang.Object, java.lang.Object, double)'> (0x0000000088a664c8) 
thrown [s\src\hotspot\share\interpreter\linkResolver.cpp, line 805]
Event: 0.811 Thread 0x00000193e7495840 Exception <a 'sun/nio/fs/WindowsException'{0x000000008889d220}> (0x000000008889d220) 
thrown [s\src\hotspot\share\prims\jni.cpp, line 518]
Event: 0.863 Thread 0x00000193e7495840 Implicit null exception at 0x0000019394c8c08a to 0x0000019394c8c2a4
Event: 0.864 Thread 0x00000193e7495840 Implicit null exception at 0x0000019394c8b22a to 0x0000019394c8b480
Event: 0.864 Thread 0x00000193e7495840 Implicit null exception at 0x0000019394c3e71d to 0x0000019394c3e799
Event: 1.005 Thread 0x00000193e7495840 Exception <a 'java/lang/IncompatibleClassChangeError'{0x000000008adf5108}: Found class java.lang.Object, but interface was expected> (0x000000008adf5108) 
thrown [s\src\hotspot\share\interpreter\linkResolver.cpp, line 872]
Event: 1.043 Thread 0x00000193e7495840 Exception <a 'java/lang/NoSuchMethodError'{0x000000008aa48228}: 'int java.lang.invoke.DirectMethodHandle$Holder.invokeSpecial(java.lang.Object, java.lang.Object, int)'> (0x000000008aa48228) 
thrown [s\src\hotspot\share\interpreter\linkResolver.cpp, line 805]
Event: 1.059 Thread 0x00000193e7495840 Exception <a 'java/lang/NoSuchMethodError'{0x000000008a90a3a8}: 'java.lang.Object java.lang.invoke.DirectMethodHandle$Holder.newInvokeSpecial(java.lang.Object, java.lang.Object, int)'> (0x000000008a90a3a8) 
thrown [s\src\hotspot\share\interpreter\linkResolver.cpp, line 805]
Event: 1.077 Thread 0x00000193e72ca5b0 Exception <a 'java/lang/NoSuchMethodError'{0x000000008a80c6f8}: 'int java.lang.invoke.DirectMethodHandle$Holder.invokeStaticInit(java.lang.Object, java.lang.Object)'> (0x000000008a80c6f8) 
thrown [s\src\hotspot\share\interpreter\linkResolver.cpp, line 805]
Event: 2.125 Thread 0x00000193e7495840 Exception <a 'java/lang/NoSuchMethodError'{0x000000008a3d8ac0}: 'long java.lang.invoke.DirectMethodHandle$Holder.invokeStaticInit(java.lang.Object, java.lang.Object, java.lang.Object)'> (0x000000008a3d8ac0) 
thrown [s\src\hotspot\share\interpreter\linkResolver.cpp, line 805]
Event: 2.126 Thread 0x00000193e7495840 Exception <a 'java/lang/NoSuchMethodError'{0x000000008a224818}: 'java.lang.Object java.lang.invoke.DirectMethodHandle$Holder.newInvokeSpecial(java.lang.Object, java.lang.Object, long)'> (0x000000008a224818) 
thrown [s\src\hotspot\share\interpreter\linkResolver.cpp, line 805]
Event: 2.126 Thread 0x00000193e7495840 Exception <a 'java/lang/NoSuchMethodError'{0x000000008a22d460}: 'java.lang.Object java.lang.invoke.Invokers$Holder.linkToTargetMethod(java.lang.Object, long, java.lang.Object)'> (0x000000008a22d460) 
thrown [s\src\hotspot\share\interpreter\linkResolver.cpp, line 805]
Event: 2.214 Thread 0x00000193e7495840 Exception <a 'java/lang/NoSuchMethodError'{0x000000008a0bcc08}: 'void java.lang.invoke.DirectMethodHandle$Holder.invokeSpecial(java.lang.Object, java.lang.Object, int)'> (0x000000008a0bcc08) 
thrown [s\src\hotspot\share\interpreter\linkResolver.cpp, line 805]
Event: 2.215 Thread 0x00000193e7495840 Exception <a 'java/lang/NoSuchMethodError'{0x000000008a0cd198}: 'void java.lang.invoke.DelegatingMethodHandle$Holder.reinvoke_L(java.lang.Object, java.lang.Object, int)'> (0x000000008a0cd198) 
thrown [s\src\hotspot\share\interpreter\linkResolver.cpp, line 805]
Event: 2.254 Thread 0x00000193e7495840 Exception <a 'java/lang/NoSuchMethodError'{0x0000000089cc8508}: 'void java.lang.invoke.DirectMethodHandle$Holder.invokeSpecialIFC(java.lang.Object, java.lang.Object, java.lang.Object, java.lang.Object)'> (0x0000000089cc8508) 
thrown [s\src\hotspot\share\interpreter\linkResolver.cpp, line 805]
Event: 2.265 Thread 0x00000193e7495840 Exception <a 'java/lang/ClassNotFoundException'{0x0000000089a22a40}: com/sun/javafx/scene/control/skin/resources/controls> (0x0000000089a22a40) 
thrown [s\src\hotspot\share\prims\jni.cpp, line 536]
Event: 2.266 Thread 0x00000193e7495840 Exception <a 'java/lang/ClassNotFoundException'{0x0000000089a2ffb0}: com/sun/javafx/scene/control/skin/resources/controls_en> (0x0000000089a2ffb0) 
thrown [s\src\hotspot\share\prims\jni.cpp, line 536]
Event: 2.266 Thread 0x00000193e7495840 Exception <a 'java/lang/ClassNotFoundException'{0x0000000089a31360}: com/sun/javafx/scene/control/skin/resources/controls_en_US> (0x0000000089a31360) 
thrown [s\src\hotspot\share\prims\jni.cpp, line 536]
Event: 2.286 Thread 0x00000193e7495840 Exception <a 'java/lang/NoSuchMethodError'{0x00000000897702c0}: 'void java.lang.invoke.DirectMethodHandle$Holder.invokeSpecial(java.lang.Object, java.lang.Object, java.lang.Object, java.lang.Object, java.lang.Object, java.lang.Object)'> (0x00000000897702c0) 
thrown [s\src\hotspot\share\interpreter\linkResolver.cpp, line 805]
Event: 2.383 Thread 0x00000193e72ca5b0 Exception <a 'java/lang/NoSuchMethodError'{0x0000000089027450}: 'java.lang.Object java.lang.invoke.DirectMethodHandle$Holder.invokeStaticInit(java.lang.Object, int)'> (0x0000000089027450) 
thrown [s\src\hotspot\share\interpreter\linkResolver.cpp, line 805]

VM Operations (20 events):
Event: 0.141 Executing VM operation: HandshakeAllThreads (Deoptimize) done
Event: 0.466 Executing VM operation: HandshakeAllThreads (Deoptimize)
Event: 0.466 Executing VM operation: HandshakeAllThreads (Deoptimize) done
Event: 0.587 Executing VM operation: HandshakeAllThreads (Deoptimize)
Event: 0.587 Executing VM operation: HandshakeAllThreads (Deoptimize) done
Event: 0.649 Executing VM operation: HandshakeAllThreads (Deoptimize)
Event: 0.649 Executing VM operation: HandshakeAllThreads (Deoptimize) done
Event: 0.657 Executing VM operation: HandshakeAllThreads (Deoptimize)
Event: 0.657 Executing VM operation: HandshakeAllThreads (Deoptimize) done
Event: 0.663 Executing VM operation: HandshakeAllThreads (Deoptimize)
Event: 0.663 Executing VM operation: HandshakeAllThreads (Deoptimize) done
Event: 0.709 Executing VM operation: HandshakeAllThreads (Deoptimize)
Event: 0.709 Executing VM operation: HandshakeAllThreads (Deoptimize) done
Event: 0.851 Executing VM operation: G1CollectForAllocation (G1 Evacuation Pause)
Event: 0.855 Executing VM operation: G1CollectForAllocation (G1 Evacuation Pause) done
Event: 1.111 Executing VM operation: HandshakeAllThreads (Deoptimize)
Event: 1.111 Executing VM operation: HandshakeAllThreads (Deoptimize) done
Event: 3.366 Executing VM operation: HandshakeAllThreads (Deoptimize)
Event: 3.366 Executing VM operation: HandshakeAllThreads (Deoptimize) done
Event: 8.661 Executing VM operation: Exit

Memory protections (0 events):
No events

Nmethod flushes (0 events):
No events

Events (20 events):
Event: 0.101 Thread 0x00000193a179e500 Thread added: 0x00000193a19701d0
Event: 0.118 Thread 0x00000193a179e500 Thread added: 0x00000193a1987990
Event: 0.173 Thread 0x00000193823d3450 Thread added: 0x00000193e756cb20
Event: 0.173 Thread 0x00000193823d3450 Thread added: 0x00000193e756d260
Event: 0.432 Thread 0x00000193823d3450 Thread added: 0x00000193e72ca5b0
Event: 0.473 Thread 0x00000193823d3450 Thread added: 0x00000193e7488390
Event: 0.477 Thread 0x00000193823d3450 Thread added: 0x00000193e7495840
Event: 0.531 Thread 0x00000193823d3450 Thread added: 0x00000193e8437a80
Event: 0.539 Thread 0x00000193e84563d0 Thread added: 0x00000193e84563d0
Event: 0.974 Thread 0x00000193a19701d0 Thread exited: 0x00000193a19701d0
Event: 0.974 Thread 0x00000193a1987990 Thread exited: 0x00000193a1987990
Event: 0.998 Thread 0x00000193e7495840 Thread added: 0x00000193e878e210
Event: 1.098 Thread 0x00000193e72ca5b0 Thread added: 0x00000193e878c4d0
Event: 2.215 Thread 0x00000193a179e500 Thread added: 0x00000193edfe3750
Event: 2.523 Thread 0x00000193edfe3750 Thread exited: 0x00000193edfe3750
Event: 8.660 Thread 0x00000193e7495840 Thread added: 0x00000193e878e960
Event: 8.660 Thread 0x00000193e7495840 Thread added: 0x00000193e878d370
Event: 8.660 Thread 0x00000193e878d370 Thread exited: 0x00000193e878d370
Event: 8.661 Thread 0x00000193e878e960 Thread exited: 0x00000193e878e960
Event: 8.661 Thread 0x00000193e7495840 Before exit entered


Dynamic libraries:
0x00007ff677bf0000 - 0x00007ff677bfe000 	D:\Java\Azul JDK\zulu\bin\java.exe
0x00007ffa08fa0000 - 0x00007ffa09203000 	C:\Windows\SYSTEM32\ntdll.dll
0x00007ffa078b0000 - 0x00007ffa07977000 	C:\Windows\System32\KERNEL32.DLL
0x00007ffa06880000 - 0x00007ffa06c30000 	C:\Windows\System32\KERNELBASE.dll
0x00007ffa06680000 - 0x00007ffa067cb000 	C:\Windows\System32\ucrtbase.dll
0x00007ff9e84d0000 - 0x00007ff9e84ee000 	D:\Java\Azul JDK\zulu\bin\VCRUNTIME140.dll
0x00007ff9f1ad0000 - 0x00007ff9f1ae6000 	D:\Java\Azul JDK\zulu\bin\jli.dll
0x00007ffa076e0000 - 0x00007ffa078a3000 	C:\Windows\System32\USER32.dll
0x00007ffa067d0000 - 0x00007ffa067f7000 	C:\Windows\System32\win32u.dll
0x00007ff9eb630000 - 0x00007ff9eb8c0000 	C:\Windows\WinSxS\amd64_microsoft.windows.common-controls_6595b64144ccf1df_6.0.26100.1882_none_3e0e949ae32eca40\COMCTL32.dll
0x00007ffa08dc0000 - 0x00007ffa08dea000 	C:\Windows\System32\GDI32.dll
0x00007ffa08380000 - 0x00007ffa08429000 	C:\Windows\System32\msvcrt.dll
0x00007ffa06cf0000 - 0x00007ffa06e13000 	C:\Windows\System32\gdi32full.dll
0x00007ffa06c40000 - 0x00007ffa06ce3000 	C:\Windows\System32\msvcp_win.dll
0x00007ffa08340000 - 0x00007ffa0836f000 	C:\Windows\System32\IMM32.DLL
0x00007ff9e84c0000 - 0x00007ff9e84cc000 	D:\Java\Azul JDK\zulu\bin\vcruntime140_1.dll
0x00007ff9e8430000 - 0x00007ff9e84bd000 	D:\Java\Azul JDK\zulu\bin\msvcp140.dll
0x00007ff9a11d0000 - 0x00007ff9a204c000 	D:\Java\Azul JDK\zulu\bin\server\jvm.dll
0x00007ffa07570000 - 0x00007ffa07624000 	C:\Windows\System32\ADVAPI32.dll
0x00007ffa07630000 - 0x00007ffa076d6000 	C:\Windows\System32\sechost.dll
0x00007ffa06ed0000 - 0x00007ffa06fe6000 	C:\Windows\System32\RPCRT4.dll
0x00007ffa085c0000 - 0x00007ffa08634000 	C:\Windows\System32\WS2_32.dll
0x00007ff9fb860000 - 0x00007ff9fb896000 	C:\Windows\SYSTEM32\WINMM.dll
0x00007ffa05030000 - 0x00007ffa0507e000 	C:\Windows\SYSTEM32\POWRPROF.dll
0x00007ffa02660000 - 0x00007ffa0266b000 	C:\Windows\SYSTEM32\VERSION.dll
0x00007ffa05010000 - 0x00007ffa05024000 	C:\Windows\SYSTEM32\UMPDC.dll
0x00007ffa052d0000 - 0x00007ffa052ea000 	C:\Windows\SYSTEM32\kernel.appcore.dll
0x00007ff9e8420000 - 0x00007ff9e842a000 	D:\Java\Azul JDK\zulu\bin\jimage.dll
0x00007ff9f2dd0000 - 0x00007ff9f3011000 	C:\Windows\SYSTEM32\DBGHELP.DLL
0x00007ffa071f0000 - 0x00007ffa0756c000 	C:\Windows\System32\combase.dll
0x00007ffa086f0000 - 0x00007ffa087c6000 	C:\Windows\System32\OLEAUT32.dll
0x00007ff9cb660000 - 0x00007ff9cb699000 	C:\Windows\SYSTEM32\dbgcore.DLL
0x00007ffa063a0000 - 0x00007ffa06439000 	C:\Windows\System32\bcryptPrimitives.dll
0x00007ff9e1840000 - 0x00007ff9e184f000 	D:\Java\Azul JDK\zulu\bin\instrument.dll
0x00007ff9e1850000 - 0x00007ff9e186e000 	D:\Java\Azul JDK\zulu\bin\java.dll
0x00007ffa080e0000 - 0x00007ffa08279000 	C:\Windows\System32\ole32.dll
0x00007ffa079e0000 - 0x00007ffa080d8000 	C:\Windows\System32\SHELL32.dll
0x00007ffa04120000 - 0x00007ffa0494a000 	C:\Windows\SYSTEM32\windows.storage.dll
0x00007ffa08e00000 - 0x00007ffa08ed3000 	C:\Windows\System32\SHCORE.dll
0x00007ffa06e20000 - 0x00007ffa06e7d000 	C:\Windows\System32\shlwapi.dll
0x00007ffa062c0000 - 0x00007ffa062e9000 	C:\Windows\SYSTEM32\profapi.dll
0x00007ff9c84e0000 - 0x00007ff9c85b7000 	D:\Java\Azul JDK\zulu\bin\jsvml.dll
0x00007ff9e8410000 - 0x00007ff9e8420000 	D:\Java\Azul JDK\zulu\bin\net.dll
0x00007ffa057b0000 - 0x00007ffa05818000 	C:\Windows\system32\mswsock.dll
0x00007ff9d0ea0000 - 0x00007ff9d0eb6000 	D:\Java\Azul JDK\zulu\bin\nio.dll
0x00007ff9d0e80000 - 0x00007ff9d0e97000 	D:\Java\Azul JDK\zulu\bin\zip.dll
0x00000193845f0000 - 0x00000193845f3000 	C:\Users\Kokeshi-Gaming\.openjfx\cache\17.0.6\api-ms-win-core-console-l1-1-0.dll
0x0000019384600000 - 0x0000019384603000 	C:\Users\Kokeshi-Gaming\.openjfx\cache\17.0.6\api-ms-win-core-console-l1-2-0.dll
0x0000019384610000 - 0x0000019384613000 	C:\Users\Kokeshi-Gaming\.openjfx\cache\17.0.6\api-ms-win-core-datetime-l1-1-0.dll
0x0000019384620000 - 0x0000019384623000 	C:\Users\Kokeshi-Gaming\.openjfx\cache\17.0.6\api-ms-win-core-debug-l1-1-0.dll
0x00000193a1bd0000 - 0x00000193a1bd3000 	C:\Users\Kokeshi-Gaming\.openjfx\cache\17.0.6\api-ms-win-core-errorhandling-l1-1-0.dll
0x00000193a1be0000 - 0x00000193a1be4000 	C:\Users\Kokeshi-Gaming\.openjfx\cache\17.0.6\api-ms-win-core-file-l1-1-0.dll
0x00000193a1bf0000 - 0x00000193a1bf3000 	C:\Users\Kokeshi-Gaming\.openjfx\cache\17.0.6\api-ms-win-core-file-l1-2-0.dll
0x00000193a1c00000 - 0x00000193a1c03000 	C:\Users\Kokeshi-Gaming\.openjfx\cache\17.0.6\api-ms-win-core-file-l2-1-0.dll
0x00000193a1c10000 - 0x00000193a1c13000 	C:\Users\Kokeshi-Gaming\.openjfx\cache\17.0.6\api-ms-win-core-handle-l1-1-0.dll
0x00000193a1d40000 - 0x00000193a1d43000 	C:\Users\Kokeshi-Gaming\.openjfx\cache\17.0.6\api-ms-win-core-heap-l1-1-0.dll
0x00000193a1d50000 - 0x00000193a1d53000 	C:\Users\Kokeshi-Gaming\.openjfx\cache\17.0.6\api-ms-win-core-interlocked-l1-1-0.dll
0x00000193a1d60000 - 0x00000193a1d63000 	C:\Users\Kokeshi-Gaming\.openjfx\cache\17.0.6\api-ms-win-core-libraryloader-l1-1-0.dll
0x00000193a1d70000 - 0x00000193a1d73000 	C:\Users\Kokeshi-Gaming\.openjfx\cache\17.0.6\api-ms-win-core-localization-l1-2-0.dll
0x00000193a1d80000 - 0x00000193a1d83000 	C:\Users\Kokeshi-Gaming\.openjfx\cache\17.0.6\api-ms-win-core-memory-l1-1-0.dll
0x00000193a1d90000 - 0x00000193a1d93000 	C:\Users\Kokeshi-Gaming\.openjfx\cache\17.0.6\api-ms-win-core-namedpipe-l1-1-0.dll
0x00000193a1c20000 - 0x00000193a1c23000 	C:\Users\Kokeshi-Gaming\.openjfx\cache\17.0.6\api-ms-win-core-processenvironment-l1-1-0.dll
0x00000193a1c30000 - 0x00000193a1c33000 	C:\Users\Kokeshi-Gaming\.openjfx\cache\17.0.6\api-ms-win-core-processthreads-l1-1-0.dll
0x00000193a1c40000 - 0x00000193a1c43000 	C:\Users\Kokeshi-Gaming\.openjfx\cache\17.0.6\api-ms-win-core-processthreads-l1-1-1.dll
0x00000193a1c50000 - 0x00000193a1c53000 	C:\Users\Kokeshi-Gaming\.openjfx\cache\17.0.6\api-ms-win-core-profile-l1-1-0.dll
0x00000193a1c60000 - 0x00000193a1c63000 	C:\Users\Kokeshi-Gaming\.openjfx\cache\17.0.6\api-ms-win-core-rtlsupport-l1-1-0.dll
0x00000193a1c70000 - 0x00000193a1c73000 	C:\Users\Kokeshi-Gaming\.openjfx\cache\17.0.6\api-ms-win-core-string-l1-1-0.dll
0x00000193a1c80000 - 0x00000193a1c83000 	C:\Users\Kokeshi-Gaming\.openjfx\cache\17.0.6\api-ms-win-core-synch-l1-1-0.dll
0x00000193a1c90000 - 0x00000193a1c93000 	C:\Users\Kokeshi-Gaming\.openjfx\cache\17.0.6\api-ms-win-core-synch-l1-2-0.dll
0x00000193a1ca0000 - 0x00000193a1ca3000 	C:\Users\Kokeshi-Gaming\.openjfx\cache\17.0.6\api-ms-win-core-sysinfo-l1-1-0.dll
0x00000193a1cb0000 - 0x00000193a1cb3000 	C:\Users\Kokeshi-Gaming\.openjfx\cache\17.0.6\api-ms-win-core-timezone-l1-1-0.dll
0x00000193a1cc0000 - 0x00000193a1cc3000 	C:\Users\Kokeshi-Gaming\.openjfx\cache\17.0.6\api-ms-win-core-util-l1-1-0.dll
0x00000193a1cd0000 - 0x00000193a1cd3000 	C:\Users\Kokeshi-Gaming\.openjfx\cache\17.0.6\api-ms-win-crt-conio-l1-1-0.dll
0x00000193a1ce0000 - 0x00000193a1ce4000 	C:\Users\Kokeshi-Gaming\.openjfx\cache\17.0.6\api-ms-win-crt-convert-l1-1-0.dll
0x00000193a1cf0000 - 0x00000193a1cf3000 	C:\Users\Kokeshi-Gaming\.openjfx\cache\17.0.6\api-ms-win-crt-environment-l1-1-0.dll
0x00000193a1d00000 - 0x00000193a1d03000 	C:\Users\Kokeshi-Gaming\.openjfx\cache\17.0.6\api-ms-win-crt-filesystem-l1-1-0.dll
0x00000193a1d10000 - 0x00000193a1d13000 	C:\Users\Kokeshi-Gaming\.openjfx\cache\17.0.6\api-ms-win-crt-heap-l1-1-0.dll
0x00000193a1d20000 - 0x00000193a1d23000 	C:\Users\Kokeshi-Gaming\.openjfx\cache\17.0.6\api-ms-win-crt-locale-l1-1-0.dll
0x00000193a1d30000 - 0x00000193a1d35000 	C:\Users\Kokeshi-Gaming\.openjfx\cache\17.0.6\api-ms-win-crt-math-l1-1-0.dll
0x00000193a1da0000 - 0x00000193a1da5000 	C:\Users\Kokeshi-Gaming\.openjfx\cache\17.0.6\api-ms-win-crt-multibyte-l1-1-0.dll
0x00000193a1db0000 - 0x00000193a1dc0000 	C:\Users\Kokeshi-Gaming\.openjfx\cache\17.0.6\api-ms-win-crt-private-l1-1-0.dll
0x00000193a1dc0000 - 0x00000193a1dc3000 	C:\Users\Kokeshi-Gaming\.openjfx\cache\17.0.6\api-ms-win-crt-process-l1-1-0.dll
0x00000193a1dd0000 - 0x00000193a1dd4000 	C:\Users\Kokeshi-Gaming\.openjfx\cache\17.0.6\api-ms-win-crt-runtime-l1-1-0.dll
0x00000193a1de0000 - 0x00000193a1de4000 	C:\Users\Kokeshi-Gaming\.openjfx\cache\17.0.6\api-ms-win-crt-stdio-l1-1-0.dll
0x00000193a1df0000 - 0x00000193a1df4000 	C:\Users\Kokeshi-Gaming\.openjfx\cache\17.0.6\api-ms-win-crt-string-l1-1-0.dll
0x00000193a1e00000 - 0x00000193a1e03000 	C:\Users\Kokeshi-Gaming\.openjfx\cache\17.0.6\api-ms-win-crt-time-l1-1-0.dll
0x00000193a1e10000 - 0x00000193a1e13000 	C:\Users\Kokeshi-Gaming\.openjfx\cache\17.0.6\api-ms-win-crt-utility-l1-1-0.dll
0x00007ff9c8290000 - 0x00007ff9c838c000 	C:\Users\Kokeshi-Gaming\.openjfx\cache\17.0.6\ucrtbase.dll
0x00007ff9d0e50000 - 0x00007ff9d0e6a000 	C:\Users\Kokeshi-Gaming\.openjfx\cache\17.0.6\vcruntime140.dll
0x00007ff9d0e40000 - 0x00007ff9d0e4c000 	C:\Users\Kokeshi-Gaming\.openjfx\cache\17.0.6\vcruntime140_1.dll
0x00007ff9c5a80000 - 0x00007ff9c5b0d000 	C:\Users\Kokeshi-Gaming\.openjfx\cache\17.0.6\msvcp140.dll
0x00007ff9d0e30000 - 0x00007ff9d0e39000 	C:\Users\Kokeshi-Gaming\.openjfx\cache\17.0.6\msvcp140_1.dll
0x00007ff9cd420000 - 0x00007ff9cd44f000 	C:\Users\Kokeshi-Gaming\.openjfx\cache\17.0.6\msvcp140_2.dll
0x00007ff9ccc90000 - 0x00007ff9cccba000 	C:\Users\Kokeshi-Gaming\.openjfx\cache\17.0.6\prism_d3d.dll
0x00007ff9c3e30000 - 0x00007ff9c3fd6000 	C:\Windows\system32\d3d9.dll
0x00007ffa03a10000 - 0x00007ffa03a3e000 	C:\Windows\SYSTEM32\dwmapi.dll
0x00007ffa03a70000 - 0x00007ffa03ab0000 	C:\Windows\SYSTEM32\dxcore.dll
0x00007ffa03710000 - 0x00007ffa037bd000 	C:\Windows\system32\uxtheme.dll
0x00007ff9a0bd0000 - 0x00007ff9a0e6f000 	C:\Windows\System32\DriverStore\FileRepository\iigd_dch.inf_amd64_7bb1fa07ea2dce86\igdumdim64.dll
0x00007ff99cda0000 - 0x00007ff99e4a0000 	C:\Windows\System32\DriverStore\FileRepository\iigd_dch.inf_amd64_7bb1fa07ea2dce86\igd9dxva64.dll
0x00007ffa08930000 - 0x00007ffa08db5000 	C:\Windows\System32\SETUPAPI.dll
0x00007ffa06050000 - 0x00007ffa060af000 	C:\Windows\SYSTEM32\cfgmgr32.dll
0x00007ff9d57e0000 - 0x00007ff9d7852000 	C:\Windows\System32\DriverStore\FileRepository\iigd_dch.inf_amd64_7bb1fa07ea2dce86\media_bin_64.dll
0x00007ff9fac10000 - 0x00007ff9fb1a1000 	C:\Windows\System32\DriverStore\FileRepository\iigd_dch.inf_amd64_7bb1fa07ea2dce86\igdgmm64.dll
0x00007ffa03840000 - 0x00007ffa03897000 	C:\Windows\SYSTEM32\directxdatabasehelper.dll
0x00007ff9c8240000 - 0x00007ff9c8282000 	C:\Users\Kokeshi-Gaming\.openjfx\cache\17.0.6\glass.dll
0x00007ffa084d0000 - 0x00007ffa085bd000 	C:\Windows\System32\COMDLG32.dll
0x00007ffa087d0000 - 0x00007ffa0892b000 	C:\Windows\System32\MSCTF.dll
0x00007ff9dc0e0000 - 0x00007ff9dc108000 	C:\Windows\System32\DriverStore\FileRepository\iigd_dch.inf_amd64_7bb1fa07ea2dce86\igdinfo64.dll
0x00007ff9f59a0000 - 0x00007ff9faa11000 	C:\Windows\System32\DriverStore\FileRepository\iigd_dch.inf_amd64_7bb1fa07ea2dce86\igc64.dll
0x00007ff9ccc70000 - 0x00007ff9ccc84000 	C:\Users\Kokeshi-Gaming\.openjfx\cache\17.0.6\javafx_font.dll
0x00007ff9ffef0000 - 0x00007ffa00155000 	C:\Windows\SYSTEM32\dwrite.dll
0x00007ffa08280000 - 0x00007ffa08328000 	C:\Windows\System32\clbcatq.dll
0x00007ffa03260000 - 0x00007ffa0348a000 	C:\Windows\SYSTEM32\WindowsCodecs.dll
0x00007ff9dc410000 - 0x00007ff9dc46a000 	C:\Windows\system32\dataexchange.dll
0x00007ff9f4fe0000 - 0x00007ff9f5215000 	C:\Windows\system32\twinapi.appcore.dll
0x00007ff9c0080000 - 0x00007ff9c00ac000 	C:\Program Files\Common Files\Microsoft Shared\Ink\rtscom.dll
0x00007ff9f38f0000 - 0x00007ff9f3a34000 	C:\Windows\SYSTEM32\textinputframework.dll
0x00007ffa009d0000 - 0x00007ffa00af5000 	C:\Windows\SYSTEM32\CoreMessaging.dll
0x00007ff9fd7f0000 - 0x00007ff9fdad3000 	C:\Windows\SYSTEM32\CoreUIComponents.dll
0x00007ff9fe8f0000 - 0x00007ff9fea58000 	C:\Windows\SYSTEM32\wintypes.dll
0x00007ffa059e0000 - 0x00007ffa059ec000 	C:\Windows\SYSTEM32\CRYPTBASE.DLL

dbghelp: loaded successfully - version: 4.0.5 - missing functions: none
symbol engine: initialized successfully - sym options: 0x614 - pdb path: .;D:\Java\Azul JDK\zulu\bin;C:\Windows\SYSTEM32;C:\Windows\WinSxS\amd64_microsoft.windows.common-controls_6595b64144ccf1df_6.0.26100.1882_none_3e0e949ae32eca40;D:\Java\Azul JDK\zulu\bin\server;C:\Users\Kokeshi-Gaming\.openjfx\cache\17.0.6;C:\Windows\System32\DriverStore\FileRepository\iigd_dch.inf_amd64_7bb1fa07ea2dce86;C:\Program Files\Common Files\Microsoft Shared\Ink

VM Arguments:
jvm_args: -javaagent:D:\Java\IntelliJ IDEA\lib\idea_rt.jar=52142 -Dfile.encoding=UTF-8 -Dsun.stdout.encoding=UTF-8 -Dsun.stderr.encoding=UTF-8 --module-path=D:\Java\Projects\PrintingPOS\target\classes;C:\Users\Kokeshi-Gaming\.m2\repository\org\openjfx\javafx-fxml\17.0.6\javafx-fxml-17.0.6-win.jar;C:\Users\Kokeshi-Gaming\.m2\repository\org\openjfx\javafx-graphics\17.0.6\javafx-graphics-17.0.6-win.jar;C:\Users\Kokeshi-Gaming\.m2\repository\org\openjfx\javafx-base\17.0.6\javafx-base-17.0.6-win.jar;C:\Users\Kokeshi-Gaming\.m2\repository\org\openjfx\javafx-controls\17.0.6\javafx-controls-17.0.6-win.jar -Djdk.module.main=com.pp.s.printingpos 
java_command: com.pp.s.printingpos/com.pp.s.printingpos.PrintPOSApplication
java_class_path (initial): C:\Users\Kokeshi-Gaming\.m2\repository\org\openjfx\javafx-controls\17.0.6\javafx-controls-17.0.6.jar;C:\Users\Kokeshi-Gaming\.m2\repository\org\openjfx\javafx-graphics\17.0.6\javafx-graphics-17.0.6.jar;C:\Users\Kokeshi-Gaming\.m2\repository\org\openjfx\javafx-base\17.0.6\javafx-base-17.0.6.jar;C:\Users\Kokeshi-Gaming\.m2\repository\org\openjfx\javafx-fxml\17.0.6\javafx-fxml-17.0.6.jar
Launcher Type: SUN_STANDARD

[Global flags]
     intx CICompilerCount                          = 4                                         {product} {ergonomic}
     uint ConcGCThreads                            = 2                                         {product} {ergonomic}
     uint G1ConcRefinementThreads                  = 8                                         {product} {ergonomic}
   size_t G1HeapRegionSize                         = 1048576                                   {product} {ergonomic}
   size_t InitialHeapSize                          = 132120576                                 {product} {ergonomic}
   size_t MarkStackSize                            = 4194304                                   {product} {ergonomic}
   size_t MarkStackSizeMax                         = 536870912                                 {product} {ergonomic}
   size_t MaxHeapSize                              = 2090860544                                {product} {ergonomic}
   size_t MaxNewSize                               = 1254096896                                {product} {ergonomic}
   size_t MinHeapDeltaBytes                        = 1048576                                   {product} {ergonomic}
   size_t MinHeapSize                              = 8388608                                   {product} {ergonomic}
    uintx NonNMethodCodeHeapSize                   = 5832704                                {pd product} {ergonomic}
    uintx NonProfiledCodeHeapSize                  = 122945536                              {pd product} {ergonomic}
    uintx ProfiledCodeHeapSize                     = 122880000                              {pd product} {ergonomic}
    uintx ReservedCodeCacheSize                    = 251658240                              {pd product} {ergonomic}
     bool SegmentedCodeCache                       = true                                      {product} {ergonomic}
   size_t SoftMaxHeapSize                          = 2090860544                             {manageable} {ergonomic}
     bool UseCompressedOops                        = true                           {product lp64_product} {ergonomic}
     bool UseG1GC                                  = true                                      {product} {ergonomic}
     bool UseLargePagesIndividualAllocation        = false                                  {pd product} {ergonomic}

Logging:
Log output configuration:
 #0: stdout all=off uptime,level,tags foldmultilines=false
 #1: stderr all=off uptime,level,tags foldmultilines=false

Environment Variables:
JAVA_HOME=D:\Java\Azul JDK\zulu\
PATH=D:\Java\Azul JDK\zulu\bin\;C:\Program Files\Common Files\Oracle\Java\javapath;C:\Program Files (x86)\Common Files\Oracle\Java\java8path;C:\Program Files (x86)\Common Files\Oracle\Java\javapath;C:\Program Files\Eclipse Adoptium\jdk-21.0.5.11-hotspot\bin;C:\Windows\system32;C:\Windows;C:\Windows\System32\Wbem;C:\Windows\System32\WindowsPowerShell\v1.0\;C:\Windows\System32\OpenSSH\;C:\Program Files\dotnet\;C:\Program Files\WindowsPowerShell\Scripts;C:\Python313\Scripts\;C:\Python313\;C:\Users\Kokeshi-Gaming\AppData\Local\Programs\Python\Launcher\;C:\Users\Kokeshi-Gaming\AppData\Local\Microsoft\WindowsApps;D:\Programming\Editors\Microsoft VS Code\bin;C:\Users\Kokeshi-Gaming\.dotnet\tools;D:\Programming\Editors\PyCharm\bin;;D:\Java\IntelliJ IDEA\bin;
USERNAME=Kokeshi-Gaming
OS=Windows_NT
PROCESSOR_IDENTIFIER=Intel64 Family 6 Model 140 Stepping 2, GenuineIntel
TMP=C:\Users\KOKESH~1\AppData\Local\Temp
TEMP=C:\Users\KOKESH~1\AppData\Local\Temp




Periodic native trim disabled

---------------  S Y S T E M  ---------------

OS:
 Windows 11 , 64 bit Build 26100 (10.0.26100.1882)
OS uptime: 0 days 10:25 hours
Hyper-V role detected

CPU: total 8 (initial active 8) (4 cores per cpu, 2 threads per core) family 6 model 140 stepping 2 microcode 0x16, cx8, cmov, fxsr, ht, mmx, 3dnowpref, sse, sse2, sse3, ssse3, sse4.1, sse4.2, popcnt, lzcnt, tsc, tscinvbit, avx, avx2, aes, erms, clmul, bmi1, bmi2, adx, avx512f, avx512dq, avx512cd, avx512bw, avx512vl, sha, fma, vzeroupper, avx512_vpopcntdq, avx512_vpclmulqdq, avx512_vaes, avx512_vnni, clflush, clflushopt, clwb, avx512_vbmi2, avx512_vbmi, hv, rdtscp, rdpid, fsrm, gfni, avx512_bitalg, f16c, cet_ibt, cet_ss, avx512_ifma
Processor Information for the first 8 processors :
  Max Mhz: 2496, Current Mhz: 2496, Mhz Limit: 2496

Memory: 4k page, system-wide physical 7975M (1461M free)
TotalPageFile size 12839M (AvailPageFile size 2760M)
current process WorkingSet (physical memory assigned to process): 204M, peak: 205M
current process commit charge ("private bytes"): 317M, peak: 327M

vm_info: OpenJDK 64-Bit Server VM (24+36) for windows-amd64 JRE (24+36) (Zulu24.28+83-CA), built on 2025-02-26T13:03:31Z with MS VC++ 17.1 (VS2022)

END.
