#
# A fatal error has been detected by the Java Runtime Environment:
#
#  EXCEPTION_ACCESS_VIOLATION (0xc0000005) at pc=0x00007fffff446b07, pid=7220, tid=3552
#
# JRE version: OpenJDK Runtime Environment Zulu24.28+83-CA (24.0+36) (build 24+36)
# Java VM: OpenJDK 64-Bit Server VM Zulu24.28+83-CA (24+36, mixed mode, sharing, tiered, compressed oops, compressed class ptrs, g1 gc, windows-amd64)
# Problematic frame:
# C  [glass.dll+0x26b07]
#
# No core dump will be written. Minidumps are not enabled by default on client versions of Windows
#
# If you would like to submit a bug report, please visit:
#   http://www.azul.com/support/
#

---------------  S U M M A R Y ------------

Command Line: -javaagent:D:\Java\IntelliJ IDEA\lib\idea_rt.jar=64536 -Dfile.encoding=UTF-8 -Dsun.stdout.encoding=UTF-8 -Dsun.stderr.encoding=UTF-8 --module-path=C:\Users\Kokeshi-Gaming\.m2\repository\org\openjfx\javafx-base\17.0.6\javafx-base-17.0.6-win.jar;C:\Users\Kokeshi-Gaming\.m2\repository\org\openjfx\javafx-graphics\17.0.6\javafx-graphics-17.0.6-win.jar;D:\Java\Projects\PrintingPOS\target\classes;C:\Users\Kokeshi-Gaming\.m2\repository\org\openjfx\javafx-controls\17.0.6\javafx-controls-17.0.6-win.jar;C:\Users\Kokeshi-Gaming\.m2\repository\org\openjfx\javafx-fxml\17.0.6\javafx-fxml-17.0.6-win.jar -Djdk.module.main=com.pp.s.printingpos com.pp.s.printingpos/com.pp.s.printingpos.PrintPOSApplication

Host: 11th Gen Intel(R) Core(TM) i5-1155G7 @ 2.50GHz, 8 cores, 7G,  Windows 11 , 64 bit Build 26100 (10.0.26100.1882)
Time: Sat May 17 19:10:17 2025 China Standard Time elapsed time: 85.654457 seconds (0d 0h 1m 25s)

---------------  T H R E A D  ---------------

Current thread (0x000002416a18b2c0):  VMThread "VM Thread"          [id=3552, stack(0x00000086df300000,0x00000086df400000) (1024K)]

Stack: [0x00000086df300000,0x00000086df400000],  sp=0x00000086df3fef40,  free space=1019k
Native frames: (J=compiled Java code, j=interpreted, Vv=VM code, C=native code)
C  [glass.dll+0x26b07]  (no source info available)
C  [ucrtbase.dll+0x1cf05]  (no source info available)
C  [ucrtbase.dll+0x1ce27]  (no source info available)
C  [ucrtbase.dll+0x1cddd]  (no source info available)
C  [glass.dll+0x24261]  (no source info available)
C  [glass.dll+0x24386]  (no source info available)
C  [ntdll.dll+0x1d860]  (no source info available)
C  [ntdll.dll+0x86a40]  (no source info available)
C  [ntdll.dll+0x85c04]  (no source info available)
C  [KERNEL32.DLL+0x41f9b]  (no source info available)
C  [ucrtbase.dll+0xa0543]  (no source info available)
V  [jvm.dll+0x739d0c]  (no source info available)
V  [jvm.dll+0x739840]  (no source info available)
V  [jvm.dll+0x429b14]  (no source info available)
V  [jvm.dll+0x986c1a]  (no source info available)
V  [jvm.dll+0x987f5c]  (no source info available)
V  [jvm.dll+0x9884c8]  (no source info available)
V  [jvm.dll+0x988763]  (no source info available)
V  [jvm.dll+0x920b08]  (no source info available)
V  [jvm.dll+0x73fab5]  (no source info available)
C  [ucrtbase.dll+0x14ea0]  (no source info available)
C  [KERNEL32.DLL+0x2dbe7]  (no source info available)
C  [ntdll.dll+0x85a4c]  (no source info available)


siginfo: EXCEPTION_ACCESS_VIOLATION (0xc0000005), reading address 0x0000000000000000


Registers:
RAX=0x0000000000000000, RBX=0x000002416a198d9a, RCX=0x000002416a18b2c0, RDX=0x00000086df3fef40
RSP=0x00000086df3fef40, RBP=0x000003b985390c79, RSI=0x000002414610bdd8, RDI=0x000002414610bdb0
R8 =0x0000000000010002, R9 =0x000003b985390c79, R10=0x000002414b0a0000, R11=0x000002414619c340
R12=0x0000000000000001, R13=0x000000007ffe0385, R14=0x00000086df3ff048, R15=0x000002414610bdb0
RIP=0x00007fffff446b07, EFLAGS=0x0000000000010202

XMM[0]=0x0000000000000000 0x0000000000000000
XMM[1]=0x0000000000000000 0x00000086df3fdc30
XMM[2]=0x0000000000000000 0x0000000000000000
XMM[3]=0x0000000000000000 0x0000000000000000
XMM[4]=0x0000000000000000 0x0000000000000000
XMM[5]=0x0000000000000000 0x0000000000000000
XMM[6]=0x0000000000000000 0x0000000000000000
XMM[7]=0x0000000000000000 0x404e000000000000
XMM[8]=0x0000000000000000 0x0000000000000000
XMM[9]=0x0000000000000000 0x0000000000000000
XMM[10]=0x0000000000000000 0x0000000000000000
XMM[11]=0x0000000000000000 0x0000000000000000
XMM[12]=0x0000000000000000 0x0000000000000000
XMM[13]=0x0000000000000000 0x0000000000000000
XMM[14]=0x0000000000000000 0x0000000000000000
XMM[15]=0x0000000000000000 0x0000000000000000
  MXCSR=0x00001fa0


Register to memory mapping:

RAX=0x0 is null
RBX=0x000002416a198d9a is a global jni handle
RCX=0x000002416a18b2c0 points into unknown readable memory: 0x00007fffefd2c750 | 50 c7 d2 ef ff 7f 00 00
RDX=0x00000086df3fef40 points into unknown readable memory: 0x0000000000000000 | 00 00 00 00 00 00 00 00
RSP=0x00000086df3fef40 points into unknown readable memory: 0x0000000000000000 | 00 00 00 00 00 00 00 00
RBP=0x000003b985390c79 is an unknown value
RSI=0x000002414610bdd8 points into unknown readable memory: 0x000003b985390c79 | 79 0c 39 85 b9 03 00 00
RDI=0x000002414610bdb0 points into unknown readable memory: 0xd80003467ac78404 | 04 84 c7 7a 46 03 00 d8
R8 =0x0000000000010002 is an unknown value
R9 =0x000003b985390c79 is an unknown value
R10=0x000002414b0a0000 points into unknown readable memory: 0x0000000000000000 | 00 00 00 00 00 00 00 00
R11=0x000002414619c340 points into unknown readable memory: 0x0000000000000000 | 00 00 00 00 00 00 00 00
R12=0x0000000000000001 is an unknown value
R13=0x000000007ffe0385 points into unknown readable memory: 00 00 00
R14=0x00000086df3ff048 points into unknown readable memory: 0x00000086df3ff030 | 30 f0 3f df 86 00 00 00
R15=0x000002414610bdb0 points into unknown readable memory: 0xd80003467ac78404 | 04 84 c7 7a 46 03 00 d8

Top of Stack: (sp=0x00000086df3fef40)
0x00000086df3fef40:   0000000000000000 0000024100000000   ............A...
0x00000086df3fef50:   000002414619b6e0 0000000000000001   ...FA...........
0x00000086df3fef60:   000002414610bdb8 00007ff852a7cf05   ...FA......R....
0x00000086df3fef70:   000002414610bdb0 0000024100000000   ...FA.......A...
0x00000086df3fef80:   000002414610bdd0 000003b985390c79   ...FA...y.9.....
0x00000086df3fef90:   fffffffffffffffe 00007ff852f1b88b   ...........R....
0x00000086df3fefa0:   00007fffff420000 00007fffff420000   ..B.......B.....
0x00000086df3fefb0:   00000086df3ff038 00007ff852a7ce27   8.?.....'..R....
0x00000086df3fefc0:   00000086df3ff000 00000086df3ff048   ..?.....H.?.....
0x00000086df3fefd0:   00000086df3ff570 00007ff852b988c0   p.?........R....
0x00000086df3fefe0:   0000000000000001 00007ff852a7cddd   ...........R....
0x00000086df3feff0:   0000000000000000 0000000000000001   ................
0x00000086df3ff000:   0000000000000000 00000086df3ff038   ........8.?.....
0x00000086df3ff010:   fffffffffffffffe 00000086df3ff500   ..........?.....
0x00000086df3ff020:   0000000000000000 00007fffff444261   ........aBD.....
0x00000086df3ff030:   00007fffff45a138 00007ff800000002   8.E.............
0x00000086df3ff040:   0000000000000002 00000086df3ff030   ........0.?.....
0x00000086df3ff050:   00007ff841430000 0000000000000000   ..CA............
0x00000086df3ff060:   0000000000000000 00007fffff444386   .........CD.....
0x00000086df3ff070:   0000000000000001 000000007ffe0384   ................
0x00000086df3ff080:   0000000000000001 0000037f000004fe   ................
0x00000086df3ff090:   0000000000000001 00007ff851f4277e   ........~'.Q....
0x00000086df3ff0a0:   0000000000000001 00000000000000bc   ................
0x00000086df3ff0b0:   0000000000000000 0000000000000001   ................
0x00000086df3ff0c0:   00007fffff4443d4 00007ff85551d860   .CD.....`.QU....
0x00000086df3ff0d0:   00007fffff420000 00007fff00000000   ..B.............
0x00000086df3ff0e0:   0000000000000001 000000007ffe0384   ................
0x00000086df3ff0f0:   000000000000008d 0000000000000000   ................
0x00000086df3ff100:   0000000000000000 0000000000000000   ................
0x00000086df3ff110:   00007fffff420000 fffffbbe00000000   ..B.............
0x00000086df3ff120:   00000000000000ba 0000000000000000   ................
0x00000086df3ff130:   0000000000000000 000002414b3e6550   ........Pe>KA...

Instructions: (pc=0x00007fffff446b07)
  0x00007fffff446a07:   8b 4d 58 e8 01 cf ff ff 48 8b 4d 60 e8 f8 ce ff
  0x00007fffff446a17:   ff 48 8b 95 80 00 00 00 48 8b 8d 18 01 00 00 e8
  0x00007fffff446a27:   c6 c3 ff ff 33 d2 33 c9 e8 3c e1 ff ff 90 48 89
  0x00007fffff446a37:   54 24 10 55 48 83 ec 20 48 8b ea 48 b8 00 00 00
  0x00007fffff446a47:   00 00 00 00 00 48 83 c4 20 5d c3 cc 40 55 48 8b
  0x00007fffff446a57:   ea 48 8b 01 33 c9 81 38 05 00 00 c0 0f 94 c1 8b
  0x00007fffff446a67:   c1 5d c3 cc 40 55 48 83 ec 20 48 8b ea 8a 4d 40
  0x00007fffff446a77:   48 83 c4 20 5d e9 f7 d2 ff ff cc 40 55 48 83 ec
  0x00007fffff446a87:   20 48 8b ea 8a 4d 20 e8 e5 d2 ff ff 90 48 83 c4
  0x00007fffff446a97:   20 5d c3 cc 40 55 48 83 ec 20 48 8b ea 48 83 c4
  0x00007fffff446aa7:   20 5d e9 46 d1 ff ff cc 40 55 48 83 ec 30 48 8b
  0x00007fffff446ab7:   ea 48 8b 01 8b 10 48 89 4c 24 28 89 54 24 20 4c
  0x00007fffff446ac7:   8d 0d e7 d5 ff ff 4c 8b 45 70 8b 55 68 48 8b 4d
  0x00007fffff446ad7:   60 e8 87 d0 ff ff 90 48 83 c4 30 5d c3 cc cc cc
  0x00007fffff446ae7:   cc cc cc cc cc cc cc cc cc 40 53 48 83 ec 20 48
  0x00007fffff446af7:   8b 1d 33 30 01 00 48 85 db 74 16 e8 09 8b ff ff
=>0x00007fffff446b07:   4c 8b 00 48 8b d3 48 8b c8 41 ff 90 b0 00 00 00
  0x00007fffff446b17:   90 48 83 c4 20 5b c3 cc cc 40 53 48 83 ec 20 48
  0x00007fffff446b27:   8b 1d ab 31 01 00 48 85 db 74 57 b8 ff ff ff ff
  0x00007fffff446b37:   f0 0f c1 43 10 83 f8 01 75 3d 48 85 db 74 38 48
  0x00007fffff446b47:   8b 0b 48 85 c9 74 0d ff 15 54 07 00 00 48 c7 03
  0x00007fffff446b57:   00 00 00 00 48 8b 4b 08 48 85 c9 74 0d e8 a7 cd
  0x00007fffff446b67:   ff ff 48 c7 43 08 00 00 00 00 ba 18 00 00 00 48
  0x00007fffff446b77:   8b cb e8 92 cd ff ff 48 c7 05 4f 31 01 00 00 00
  0x00007fffff446b87:   00 00 48 83 c4 20 5b c3 cc 40 53 48 83 ec 20 48
  0x00007fffff446b97:   8b 1d 1b 31 01 00 48 85 db 74 57 b8 ff ff ff ff
  0x00007fffff446ba7:   f0 0f c1 43 10 83 f8 01 75 3d 48 85 db 74 38 48
  0x00007fffff446bb7:   8b 0b 48 85 c9 74 0d ff 15 e4 06 00 00 48 c7 03
  0x00007fffff446bc7:   00 00 00 00 48 8b 4b 08 48 85 c9 74 0d e8 37 cd
  0x00007fffff446bd7:   ff ff 48 c7 43 08 00 00 00 00 ba 18 00 00 00 48
  0x00007fffff446be7:   8b cb e8 22 cd ff ff 48 c7 05 bf 30 01 00 00 00
  0x00007fffff446bf7:   00 00 48 83 c4 20 5b c3 cc 40 53 48 83 ec 20 48


Stack slot to memory mapping:

stack at sp + 0 slots: 0x0 is null
stack at sp + 1 slots: 0x0000024100000000 is pointing into metadata
stack at sp + 2 slots: 0x000002414619b6e0 points into unknown readable memory: 0x000002414619c420 | 20 c4 19 46 41 02 00 00
stack at sp + 3 slots: 0x0000000000000001 is an unknown value
stack at sp + 4 slots: 0x000002414610bdb8 points into unknown readable memory: 0x000003b985390c79 | 79 0c 39 85 b9 03 00 00
stack at sp + 5 slots: 0x00007ff852a7cf05 ucrtbase.dll
stack at sp + 6 slots: 0x000002414610bdb0 points into unknown readable memory: 0xd80003467ac78404 | 04 84 c7 7a 46 03 00 d8
stack at sp + 7 slots: 0x0000024100000000 is pointing into metadata

VM_Operation (0x00000086e02f9f60): Exit, mode: safepoint, requested by thread 0x00000241461a1ae0


---------------  P R O C E S S  ---------------

Threads class SMR info:
_java_thread_list=0x0000024145d2b8d0, length=18, elements={
0x000002414d407d20, 0x000002416a19a9d0, 0x000002416a19b310, 0x000002416a19d7c0,
0x000002416a1a1540, 0x000002416a1aa080, 0x0000024145021ef0, 0x00000241450285c0,
0x00000241450d0670, 0x00000241459ac230, 0x0000024145855800, 0x000002414602d0e0,
0x0000024146199670, 0x00000241461a1ae0, 0x0000024146415680, 0x0000024146445430,
0x0000024146a864d0, 0x0000024146a86c20
}

Java Threads: ( => current thread )
  0x000002414d407d20 JavaThread "main"                              [_thread_blocked, id=11168, stack(0x00000086dec00000,0x00000086ded00000) (1024K)]
  0x000002416a19a9d0 JavaThread "Reference Handler"          daemon [_thread_blocked, id=1688, stack(0x00000086df400000,0x00000086df500000) (1024K)]
  0x000002416a19b310 JavaThread "Finalizer"                  daemon [_thread_blocked, id=12448, stack(0x00000086df500000,0x00000086df600000) (1024K)]
  0x000002416a19d7c0 JavaThread "Attach Listener"            daemon [_thread_blocked, id=11408, stack(0x00000086df700000,0x00000086df800000) (1024K)]
  0x000002416a1a1540 JavaThread "Service Thread"             daemon [_thread_blocked, id=14240, stack(0x00000086df800000,0x00000086df900000) (1024K)]
  0x000002416a1aa080 JavaThread "Monitor Deflation Thread"   daemon [_thread_blocked, id=13368, stack(0x00000086df900000,0x00000086dfa00000) (1024K)]
  0x0000024145021ef0 JavaThread "C2 CompilerThread0"         daemon [_thread_blocked, id=2076, stack(0x00000086dfa00000,0x00000086dfb00000) (1024K)]
  0x00000241450285c0 JavaThread "C1 CompilerThread0"         daemon [_thread_blocked, id=2944, stack(0x00000086dfb00000,0x00000086dfc00000) (1024K)]
  0x00000241450d0670 JavaThread "Common-Cleaner"             daemon [_thread_blocked, id=13344, stack(0x00000086dfc00000,0x00000086dfd00000) (1024K)]
  0x00000241459ac230 JavaThread "Monitor Ctrl-Break"         daemon [_thread_in_native, id=8432, stack(0x00000086dff00000,0x00000086e0000000) (1024K)]
  0x0000024145855800 JavaThread "Notification Thread"        daemon [_thread_blocked, id=2576, stack(0x00000086e0000000,0x00000086e0100000) (1024K)]
  0x000002414602d0e0 JavaThread "QuantumRenderer-0"          daemon [_thread_blocked, id=14468, stack(0x00000086dfe00000,0x00000086dff00000) (1024K)]
  0x0000024146199670 JavaThread "InvokeLaterDispatcher"      daemon [_thread_blocked, id=9604, stack(0x00000086e0100000,0x00000086e0200000) (1024K)]
  0x00000241461a1ae0 JavaThread "JavaFX Application Thread"         [_thread_blocked, id=9028, stack(0x00000086e0200000,0x00000086e0300000) (1024K)]
  0x0000024146415680 JavaThread "JavaFX-Launcher"                   [_thread_blocked, id=10668, stack(0x00000086e0600000,0x00000086e0700000) (1024K)]
  0x0000024146445430 JavaThread "Thread-2"                   daemon [_thread_in_native, id=6940, stack(0x00000086dfd00000,0x00000086dfe00000) (1024K)]
  0x0000024146a864d0 JavaThread "Prism Font Disposer"        daemon [_thread_blocked, id=9752, stack(0x00000086e1000000,0x00000086e1100000) (1024K)]
  0x0000024146a86c20 JavaThread "Cleaner-0"                  daemon [_thread_blocked, id=3788, stack(0x00000086e1100000,0x00000086e1200000) (1024K)]
Total: 18

Other Threads:
=>0x000002416a18b2c0 VMThread "VM Thread"                           [id=3552, stack(0x00000086df300000,0x00000086df400000) (1024K)]
  0x000002414d45e910 WorkerThread "GC Thread#0"                     [id=8196, stack(0x00000086ded00000,0x00000086dee00000) (1024K)]
  0x0000024146a09a90 WorkerThread "GC Thread#1"                     [id=10964, stack(0x00000086e0800000,0x00000086e0900000) (1024K)]
  0x000002414658c7b0 WorkerThread "GC Thread#2"                     [id=3196, stack(0x00000086e0900000,0x00000086e0a00000) (1024K)]
  0x0000024146555a90 WorkerThread "GC Thread#3"                     [id=3508, stack(0x00000086e0a00000,0x00000086e0b00000) (1024K)]
  0x0000024146556240 WorkerThread "GC Thread#4"                     [id=15204, stack(0x00000086e0b00000,0x00000086e0c00000) (1024K)]
  0x00000241465565f0 WorkerThread "GC Thread#5"                     [id=13616, stack(0x00000086e0c00000,0x00000086e0d00000) (1024K)]
  0x00000241457ea9d0 WorkerThread "GC Thread#6"                     [id=8028, stack(0x00000086deb00000,0x00000086dec00000) (1024K)]
  0x00000241457e9ec0 WorkerThread "GC Thread#7"                     [id=9716, stack(0x00000086e0500000,0x00000086e0600000) (1024K)]
  0x000002414d4af010 ConcurrentGCThread "G1 Main Marker"            terminated
  0x000002414d4b09d0 WorkerThread "G1 Conc#0"                       [id=2828, stack(0x00000086def00000,0x00000086df000000) (1024K)]
  0x000002416a0393a0 ConcurrentGCThread "G1 Refine#0"               terminated
  0x000002416a039dc0 ConcurrentGCThread "G1 Service"                terminated
Total: 13

Threads with active compile tasks:
Total: 0

VM state: at safepoint (shutting down)

VM Mutex/Monitor currently owned by a thread:  ([mutex/lock_event])
[0x00007fffeff24fd0] Threads_lock - owner thread: 0x000002416a18b2c0
[0x00007fffeff250d0] Heap_lock - owner thread: 0x00000241461a1ae0

Heap address: 0x0000000083600000, size: 1994 MB, Compressed Oops mode: 32-bit

CDS archive(s) mapped at: [0x0000024100000000-0x0000024100d40000-0x0000024100d40000), size 13893632, SharedBaseAddress: 0x0000024100000000, ArchiveRelocationMode: 1.
Compressed class space mapped at: 0x0000024101000000-0x0000024141000000, reserved size: 1073741824
UseCompressedClassPointers 1, UseCompactObjectHeaders 0
Narrow klass pointer bits 32, Max shift 3
Narrow klass base: 0x0000024100000000, Narrow klass shift: 0
Encoding Range: [0x0000024100000000 - 0x0000024200000000), (4294967296 bytes)
Klass Range:    [0x0000024100000000 - 0x0000024141000000), (1090519040 bytes)
Klass ID Range:  [8 - 1090519033) (1090519025)

GC Precious Log:
 CardTable entry size: 512
 Card Set container configuration: InlinePtr #cards 5 size 8 Array Of Cards #cards 10 size 36 Howl #buckets 4 coarsen threshold 1843 Howl Bitmap #cards 512 size 80 coarsen threshold 460 Card regions per heap region 1 cards per card region 2048
 CPUs: 8 total, 8 available
 Memory: 7975M
 Large Page Support: Disabled
 NUMA Support: Disabled
 Compressed Oops: Enabled (32-bit)
 Heap Region Size: 1M
 Heap Min Capacity: 8M
 Heap Initial Capacity: 126M
 Heap Max Capacity: 1994M
 Pre-touch: Disabled
 Parallel Workers: 8
 Concurrent Workers: 2
 Concurrent Refinement Workers: 8
 Periodic GC: Disabled

Heap:
 garbage-first heap   total reserved 2041856K, committed 131072K, used 11847K [0x0000000083600000, 0x0000000100000000)
  region size 1024K, 5 young (5120K), 4 survivors (4096K)
 Metaspace       used 18422K, committed 18688K, reserved 1114112K
  class space    used 2241K, committed 2368K, reserved 1048576K

Heap Regions: E=young(eden), S=young(survivor), O=old, HS=humongous(starts), HC=humongous(continues), CS=collection set, F=free, TAMS=top-at-mark-start, PB=parsable bottom
|   0|0x0000000083600000, 0x0000000083700000, 0x0000000083700000|100%|HS|  |TAMS 0x0000000083600000| PB 0x0000000083600000| Complete |  0
|   1|0x0000000083700000, 0x0000000083800000, 0x0000000083800000|100%|HC|  |TAMS 0x0000000083700000| PB 0x0000000083700000| Complete |  0
|   2|0x0000000083800000, 0x0000000083900000, 0x0000000083900000|100%| O|  |TAMS 0x0000000083800000| PB 0x0000000083800000| Untracked |  0
|   3|0x0000000083900000, 0x0000000083a00000, 0x0000000083a00000|100%| O|  |TAMS 0x0000000083900000| PB 0x0000000083900000| Untracked |  0
|   4|0x0000000083a00000, 0x0000000083b00000, 0x0000000083b00000|100%| O|  |TAMS 0x0000000083a00000| PB 0x0000000083a00000| Untracked |  0
|   5|0x0000000083b00000, 0x0000000083c00000, 0x0000000083c00000|100%| O|  |TAMS 0x0000000083b00000| PB 0x0000000083b00000| Untracked |  0
|   6|0x0000000083c00000, 0x0000000083c93a50, 0x0000000083d00000| 57%| O|  |TAMS 0x0000000083c00000| PB 0x0000000083c00000| Untracked |  0
|   7|0x0000000083d00000, 0x0000000083d00000, 0x0000000083e00000|  0%| F|  |TAMS 0x0000000083d00000| PB 0x0000000083d00000| Untracked |  0
|   8|0x0000000083e00000, 0x0000000083e00000, 0x0000000083f00000|  0%| F|  |TAMS 0x0000000083e00000| PB 0x0000000083e00000| Untracked |  0
|   9|0x0000000083f00000, 0x0000000083f00000, 0x0000000084000000|  0%| F|  |TAMS 0x0000000083f00000| PB 0x0000000083f00000| Untracked |  0
|  10|0x0000000084000000, 0x0000000084000000, 0x0000000084100000|  0%| F|  |TAMS 0x0000000084000000| PB 0x0000000084000000| Untracked |  0
|  11|0x0000000084100000, 0x0000000084100000, 0x0000000084200000|  0%| F|  |TAMS 0x0000000084100000| PB 0x0000000084100000| Untracked |  0
|  12|0x0000000084200000, 0x0000000084200000, 0x0000000084300000|  0%| F|  |TAMS 0x0000000084200000| PB 0x0000000084200000| Untracked |  0
|  13|0x0000000084300000, 0x0000000084300000, 0x0000000084400000|  0%| F|  |TAMS 0x0000000084300000| PB 0x0000000084300000| Untracked |  0
|  14|0x0000000084400000, 0x0000000084400000, 0x0000000084500000|  0%| F|  |TAMS 0x0000000084400000| PB 0x0000000084400000| Untracked |  0
|  15|0x0000000084500000, 0x0000000084500000, 0x0000000084600000|  0%| F|  |TAMS 0x0000000084500000| PB 0x0000000084500000| Untracked |  0
|  16|0x0000000084600000, 0x0000000084600000, 0x0000000084700000|  0%| F|  |TAMS 0x0000000084600000| PB 0x0000000084600000| Untracked |  0
|  17|0x0000000084700000, 0x0000000084700000, 0x0000000084800000|  0%| F|  |TAMS 0x0000000084700000| PB 0x0000000084700000| Untracked |  0
|  18|0x0000000084800000, 0x0000000084800000, 0x0000000084900000|  0%| F|  |TAMS 0x0000000084800000| PB 0x0000000084800000| Untracked |  0
|  19|0x0000000084900000, 0x0000000084900000, 0x0000000084a00000|  0%| F|  |TAMS 0x0000000084900000| PB 0x0000000084900000| Untracked |  0
|  20|0x0000000084a00000, 0x0000000084a00000, 0x0000000084b00000|  0%| F|  |TAMS 0x0000000084a00000| PB 0x0000000084a00000| Untracked |  0
|  21|0x0000000084b00000, 0x0000000084b00000, 0x0000000084c00000|  0%| F|  |TAMS 0x0000000084b00000| PB 0x0000000084b00000| Untracked |  0
|  22|0x0000000084c00000, 0x0000000084c00000, 0x0000000084d00000|  0%| F|  |TAMS 0x0000000084c00000| PB 0x0000000084c00000| Untracked |  0
|  23|0x0000000084d00000, 0x0000000084d00000, 0x0000000084e00000|  0%| F|  |TAMS 0x0000000084d00000| PB 0x0000000084d00000| Untracked |  0
|  24|0x0000000084e00000, 0x0000000084e00000, 0x0000000084f00000|  0%| F|  |TAMS 0x0000000084e00000| PB 0x0000000084e00000| Untracked |  0
|  25|0x0000000084f00000, 0x0000000084f00000, 0x0000000085000000|  0%| F|  |TAMS 0x0000000084f00000| PB 0x0000000084f00000| Untracked |  0
|  26|0x0000000085000000, 0x0000000085000000, 0x0000000085100000|  0%| F|  |TAMS 0x0000000085000000| PB 0x0000000085000000| Untracked |  0
|  27|0x0000000085100000, 0x0000000085100000, 0x0000000085200000|  0%| F|  |TAMS 0x0000000085100000| PB 0x0000000085100000| Untracked |  0
|  28|0x0000000085200000, 0x0000000085200000, 0x0000000085300000|  0%| F|  |TAMS 0x0000000085200000| PB 0x0000000085200000| Untracked |  0
|  29|0x0000000085300000, 0x0000000085300000, 0x0000000085400000|  0%| F|  |TAMS 0x0000000085300000| PB 0x0000000085300000| Untracked |  0
|  30|0x0000000085400000, 0x0000000085400000, 0x0000000085500000|  0%| F|  |TAMS 0x0000000085400000| PB 0x0000000085400000| Untracked |  0
|  31|0x0000000085500000, 0x0000000085500000, 0x0000000085600000|  0%| F|  |TAMS 0x0000000085500000| PB 0x0000000085500000| Untracked |  0
|  32|0x0000000085600000, 0x0000000085600000, 0x0000000085700000|  0%| F|  |TAMS 0x0000000085600000| PB 0x0000000085600000| Untracked |  0
|  33|0x0000000085700000, 0x0000000085700000, 0x0000000085800000|  0%| F|  |TAMS 0x0000000085700000| PB 0x0000000085700000| Untracked |  0
|  34|0x0000000085800000, 0x0000000085800000, 0x0000000085900000|  0%| F|  |TAMS 0x0000000085800000| PB 0x0000000085800000| Untracked |  0
|  35|0x0000000085900000, 0x0000000085900000, 0x0000000085a00000|  0%| F|  |TAMS 0x0000000085900000| PB 0x0000000085900000| Untracked |  0
|  36|0x0000000085a00000, 0x0000000085a00000, 0x0000000085b00000|  0%| F|  |TAMS 0x0000000085a00000| PB 0x0000000085a00000| Untracked |  0
|  37|0x0000000085b00000, 0x0000000085b00000, 0x0000000085c00000|  0%| F|  |TAMS 0x0000000085b00000| PB 0x0000000085b00000| Untracked |  0
|  38|0x0000000085c00000, 0x0000000085c00000, 0x0000000085d00000|  0%| F|  |TAMS 0x0000000085c00000| PB 0x0000000085c00000| Untracked |  0
|  39|0x0000000085d00000, 0x0000000085d00000, 0x0000000085e00000|  0%| F|  |TAMS 0x0000000085d00000| PB 0x0000000085d00000| Untracked |  0
|  40|0x0000000085e00000, 0x0000000085e00000, 0x0000000085f00000|  0%| F|  |TAMS 0x0000000085e00000| PB 0x0000000085e00000| Untracked |  0
|  41|0x0000000085f00000, 0x0000000085f00000, 0x0000000086000000|  0%| F|  |TAMS 0x0000000085f00000| PB 0x0000000085f00000| Untracked |  0
|  42|0x0000000086000000, 0x0000000086000000, 0x0000000086100000|  0%| F|  |TAMS 0x0000000086000000| PB 0x0000000086000000| Untracked |  0
|  43|0x0000000086100000, 0x0000000086100000, 0x0000000086200000|  0%| F|  |TAMS 0x0000000086100000| PB 0x0000000086100000| Untracked |  0
|  44|0x0000000086200000, 0x0000000086200000, 0x0000000086300000|  0%| F|  |TAMS 0x0000000086200000| PB 0x0000000086200000| Untracked |  0
|  45|0x0000000086300000, 0x0000000086300000, 0x0000000086400000|  0%| F|  |TAMS 0x0000000086300000| PB 0x0000000086300000| Untracked |  0
|  46|0x0000000086400000, 0x0000000086400000, 0x0000000086500000|  0%| F|  |TAMS 0x0000000086400000| PB 0x0000000086400000| Untracked |  0
|  47|0x0000000086500000, 0x0000000086500000, 0x0000000086600000|  0%| F|  |TAMS 0x0000000086500000| PB 0x0000000086500000| Untracked |  0
|  48|0x0000000086600000, 0x0000000086600000, 0x0000000086700000|  0%| F|  |TAMS 0x0000000086600000| PB 0x0000000086600000| Untracked |  0
|  49|0x0000000086700000, 0x0000000086700000, 0x0000000086800000|  0%| F|  |TAMS 0x0000000086700000| PB 0x0000000086700000| Untracked |  0
|  50|0x0000000086800000, 0x0000000086800000, 0x0000000086900000|  0%| F|  |TAMS 0x0000000086800000| PB 0x0000000086800000| Untracked |  0
|  51|0x0000000086900000, 0x0000000086900000, 0x0000000086a00000|  0%| F|  |TAMS 0x0000000086900000| PB 0x0000000086900000| Untracked |  0
|  52|0x0000000086a00000, 0x0000000086a00000, 0x0000000086b00000|  0%| F|  |TAMS 0x0000000086a00000| PB 0x0000000086a00000| Untracked |  0
|  53|0x0000000086b00000, 0x0000000086b00000, 0x0000000086c00000|  0%| F|  |TAMS 0x0000000086b00000| PB 0x0000000086b00000| Untracked |  0
|  54|0x0000000086c00000, 0x0000000086c00000, 0x0000000086d00000|  0%| F|  |TAMS 0x0000000086c00000| PB 0x0000000086c00000| Untracked |  0
|  55|0x0000000086d00000, 0x0000000086d00000, 0x0000000086e00000|  0%| F|  |TAMS 0x0000000086d00000| PB 0x0000000086d00000| Untracked |  0
|  56|0x0000000086e00000, 0x0000000086e00000, 0x0000000086f00000|  0%| F|  |TAMS 0x0000000086e00000| PB 0x0000000086e00000| Untracked |  0
|  57|0x0000000086f00000, 0x0000000086f00000, 0x0000000087000000|  0%| F|  |TAMS 0x0000000086f00000| PB 0x0000000086f00000| Untracked |  0
|  58|0x0000000087000000, 0x0000000087000000, 0x0000000087100000|  0%| F|  |TAMS 0x0000000087000000| PB 0x0000000087000000| Untracked |  0
|  59|0x0000000087100000, 0x0000000087100000, 0x0000000087200000|  0%| F|  |TAMS 0x0000000087100000| PB 0x0000000087100000| Untracked |  0
|  60|0x0000000087200000, 0x0000000087200000, 0x0000000087300000|  0%| F|  |TAMS 0x0000000087200000| PB 0x0000000087200000| Untracked |  0
|  61|0x0000000087300000, 0x0000000087300000, 0x0000000087400000|  0%| F|  |TAMS 0x0000000087300000| PB 0x0000000087300000| Untracked |  0
|  62|0x0000000087400000, 0x0000000087400000, 0x0000000087500000|  0%| F|  |TAMS 0x0000000087400000| PB 0x0000000087400000| Untracked |  0
|  63|0x0000000087500000, 0x00000000875e1e80, 0x0000000087600000| 88%| S|CS|TAMS 0x0000000087500000| PB 0x0000000087500000| Complete |  0
|  64|0x0000000087600000, 0x0000000087700000, 0x0000000087700000|100%| S|CS|TAMS 0x0000000087600000| PB 0x0000000087600000| Complete |  0
|  65|0x0000000087700000, 0x0000000087800000, 0x0000000087800000|100%| S|CS|TAMS 0x0000000087700000| PB 0x0000000087700000| Complete |  0
|  66|0x0000000087800000, 0x0000000087900000, 0x0000000087900000|100%| S|CS|TAMS 0x0000000087800000| PB 0x0000000087800000| Complete |  0
|  67|0x0000000087900000, 0x0000000087900000, 0x0000000087a00000|  0%| F|  |TAMS 0x0000000087900000| PB 0x0000000087900000| Untracked |  0
|  68|0x0000000087a00000, 0x0000000087a00000, 0x0000000087b00000|  0%| F|  |TAMS 0x0000000087a00000| PB 0x0000000087a00000| Untracked |  0
|  69|0x0000000087b00000, 0x0000000087b00000, 0x0000000087c00000|  0%| F|  |TAMS 0x0000000087b00000| PB 0x0000000087b00000| Untracked |  0
|  70|0x0000000087c00000, 0x0000000087c00000, 0x0000000087d00000|  0%| F|  |TAMS 0x0000000087c00000| PB 0x0000000087c00000| Untracked |  0
|  71|0x0000000087d00000, 0x0000000087d00000, 0x0000000087e00000|  0%| F|  |TAMS 0x0000000087d00000| PB 0x0000000087d00000| Untracked |  0
|  72|0x0000000087e00000, 0x0000000087e00000, 0x0000000087f00000|  0%| F|  |TAMS 0x0000000087e00000| PB 0x0000000087e00000| Untracked |  0
|  73|0x0000000087f00000, 0x0000000087f00000, 0x0000000088000000|  0%| F|  |TAMS 0x0000000087f00000| PB 0x0000000087f00000| Untracked |  0
|  74|0x0000000088000000, 0x0000000088000000, 0x0000000088100000|  0%| F|  |TAMS 0x0000000088000000| PB 0x0000000088000000| Untracked |  0
|  75|0x0000000088100000, 0x0000000088100000, 0x0000000088200000|  0%| F|  |TAMS 0x0000000088100000| PB 0x0000000088100000| Untracked |  0
|  76|0x0000000088200000, 0x0000000088200000, 0x0000000088300000|  0%| F|  |TAMS 0x0000000088200000| PB 0x0000000088200000| Untracked |  0
|  77|0x0000000088300000, 0x0000000088300000, 0x0000000088400000|  0%| F|  |TAMS 0x0000000088300000| PB 0x0000000088300000| Untracked |  0
|  78|0x0000000088400000, 0x0000000088400000, 0x0000000088500000|  0%| F|  |TAMS 0x0000000088400000| PB 0x0000000088400000| Untracked |  0
|  79|0x0000000088500000, 0x0000000088500000, 0x0000000088600000|  0%| F|  |TAMS 0x0000000088500000| PB 0x0000000088500000| Untracked |  0
|  80|0x0000000088600000, 0x0000000088600000, 0x0000000088700000|  0%| F|  |TAMS 0x0000000088600000| PB 0x0000000088600000| Untracked |  0
|  81|0x0000000088700000, 0x0000000088700000, 0x0000000088800000|  0%| F|  |TAMS 0x0000000088700000| PB 0x0000000088700000| Untracked |  0
|  82|0x0000000088800000, 0x0000000088800000, 0x0000000088900000|  0%| F|  |TAMS 0x0000000088800000| PB 0x0000000088800000| Untracked |  0
|  83|0x0000000088900000, 0x0000000088900000, 0x0000000088a00000|  0%| F|  |TAMS 0x0000000088900000| PB 0x0000000088900000| Untracked |  0
|  84|0x0000000088a00000, 0x0000000088a00000, 0x0000000088b00000|  0%| F|  |TAMS 0x0000000088a00000| PB 0x0000000088a00000| Untracked |  0
|  85|0x0000000088b00000, 0x0000000088b00000, 0x0000000088c00000|  0%| F|  |TAMS 0x0000000088b00000| PB 0x0000000088b00000| Untracked |  0
|  86|0x0000000088c00000, 0x0000000088c00000, 0x0000000088d00000|  0%| F|  |TAMS 0x0000000088c00000| PB 0x0000000088c00000| Untracked |  0
|  87|0x0000000088d00000, 0x0000000088d00000, 0x0000000088e00000|  0%| F|  |TAMS 0x0000000088d00000| PB 0x0000000088d00000| Untracked |  0
|  88|0x0000000088e00000, 0x0000000088e00000, 0x0000000088f00000|  0%| F|  |TAMS 0x0000000088e00000| PB 0x0000000088e00000| Untracked |  0
|  89|0x0000000088f00000, 0x0000000088f00000, 0x0000000089000000|  0%| F|  |TAMS 0x0000000088f00000| PB 0x0000000088f00000| Untracked |  0
|  90|0x0000000089000000, 0x0000000089000000, 0x0000000089100000|  0%| F|  |TAMS 0x0000000089000000| PB 0x0000000089000000| Untracked |  0
|  91|0x0000000089100000, 0x0000000089100000, 0x0000000089200000|  0%| F|  |TAMS 0x0000000089100000| PB 0x0000000089100000| Untracked |  0
|  92|0x0000000089200000, 0x0000000089200000, 0x0000000089300000|  0%| F|  |TAMS 0x0000000089200000| PB 0x0000000089200000| Untracked |  0
|  93|0x0000000089300000, 0x0000000089300000, 0x0000000089400000|  0%| F|  |TAMS 0x0000000089300000| PB 0x0000000089300000| Untracked |  0
|  94|0x0000000089400000, 0x0000000089400000, 0x0000000089500000|  0%| F|  |TAMS 0x0000000089400000| PB 0x0000000089400000| Untracked |  0
|  95|0x0000000089500000, 0x0000000089500000, 0x0000000089600000|  0%| F|  |TAMS 0x0000000089500000| PB 0x0000000089500000| Untracked |  0
|  96|0x0000000089600000, 0x0000000089600000, 0x0000000089700000|  0%| F|  |TAMS 0x0000000089600000| PB 0x0000000089600000| Untracked |  0
|  97|0x0000000089700000, 0x0000000089700000, 0x0000000089800000|  0%| F|  |TAMS 0x0000000089700000| PB 0x0000000089700000| Untracked |  0
|  98|0x0000000089800000, 0x0000000089800000, 0x0000000089900000|  0%| F|  |TAMS 0x0000000089800000| PB 0x0000000089800000| Untracked |  0
|  99|0x0000000089900000, 0x0000000089900000, 0x0000000089a00000|  0%| F|  |TAMS 0x0000000089900000| PB 0x0000000089900000| Untracked |  0
| 100|0x0000000089a00000, 0x0000000089a00000, 0x0000000089b00000|  0%| F|  |TAMS 0x0000000089a00000| PB 0x0000000089a00000| Untracked |  0
| 101|0x0000000089b00000, 0x0000000089b00000, 0x0000000089c00000|  0%| F|  |TAMS 0x0000000089b00000| PB 0x0000000089b00000| Untracked |  0
| 102|0x0000000089c00000, 0x0000000089c00000, 0x0000000089d00000|  0%| F|  |TAMS 0x0000000089c00000| PB 0x0000000089c00000| Untracked |  0
| 103|0x0000000089d00000, 0x0000000089d00000, 0x0000000089e00000|  0%| F|  |TAMS 0x0000000089d00000| PB 0x0000000089d00000| Untracked |  0
| 104|0x0000000089e00000, 0x0000000089e00000, 0x0000000089f00000|  0%| F|  |TAMS 0x0000000089e00000| PB 0x0000000089e00000| Untracked |  0
| 105|0x0000000089f00000, 0x0000000089f00000, 0x000000008a000000|  0%| F|  |TAMS 0x0000000089f00000| PB 0x0000000089f00000| Untracked |  0
| 106|0x000000008a000000, 0x000000008a000000, 0x000000008a100000|  0%| F|  |TAMS 0x000000008a000000| PB 0x000000008a000000| Untracked |  0
| 107|0x000000008a100000, 0x000000008a100000, 0x000000008a200000|  0%| F|  |TAMS 0x000000008a100000| PB 0x000000008a100000| Untracked |  0
| 108|0x000000008a200000, 0x000000008a200000, 0x000000008a300000|  0%| F|  |TAMS 0x000000008a200000| PB 0x000000008a200000| Untracked |  0
| 109|0x000000008a300000, 0x000000008a300000, 0x000000008a400000|  0%| F|  |TAMS 0x000000008a300000| PB 0x000000008a300000| Untracked |  0
| 110|0x000000008a400000, 0x000000008a400000, 0x000000008a500000|  0%| F|  |TAMS 0x000000008a400000| PB 0x000000008a400000| Untracked |  0
| 111|0x000000008a500000, 0x000000008a500000, 0x000000008a600000|  0%| F|  |TAMS 0x000000008a500000| PB 0x000000008a500000| Untracked |  0
| 112|0x000000008a600000, 0x000000008a600000, 0x000000008a700000|  0%| F|  |TAMS 0x000000008a600000| PB 0x000000008a600000| Untracked |  0
| 113|0x000000008a700000, 0x000000008a700000, 0x000000008a800000|  0%| F|  |TAMS 0x000000008a700000| PB 0x000000008a700000| Untracked |  0
| 114|0x000000008a800000, 0x000000008a800000, 0x000000008a900000|  0%| F|  |TAMS 0x000000008a800000| PB 0x000000008a800000| Untracked |  0
| 115|0x000000008a900000, 0x000000008a900000, 0x000000008aa00000|  0%| F|  |TAMS 0x000000008a900000| PB 0x000000008a900000| Untracked |  0
| 116|0x000000008aa00000, 0x000000008aa00000, 0x000000008ab00000|  0%| F|  |TAMS 0x000000008aa00000| PB 0x000000008aa00000| Untracked |  0
| 117|0x000000008ab00000, 0x000000008ab00000, 0x000000008ac00000|  0%| F|  |TAMS 0x000000008ab00000| PB 0x000000008ab00000| Untracked |  0
| 118|0x000000008ac00000, 0x000000008ac00000, 0x000000008ad00000|  0%| F|  |TAMS 0x000000008ac00000| PB 0x000000008ac00000| Untracked |  0
| 119|0x000000008ad00000, 0x000000008ad00000, 0x000000008ae00000|  0%| F|  |TAMS 0x000000008ad00000| PB 0x000000008ad00000| Untracked |  0
| 120|0x000000008ae00000, 0x000000008ae00000, 0x000000008af00000|  0%| F|  |TAMS 0x000000008ae00000| PB 0x000000008ae00000| Untracked |  0
| 121|0x000000008af00000, 0x000000008af00000, 0x000000008b000000|  0%| F|  |TAMS 0x000000008af00000| PB 0x000000008af00000| Untracked |  0
| 122|0x000000008b000000, 0x000000008b000000, 0x000000008b100000|  0%| F|  |TAMS 0x000000008b000000| PB 0x000000008b000000| Untracked |  0
| 123|0x000000008b100000, 0x000000008b100000, 0x000000008b200000|  0%| F|  |TAMS 0x000000008b100000| PB 0x000000008b100000| Untracked |  0
| 124|0x000000008b200000, 0x000000008b200000, 0x000000008b300000|  0%| F|  |TAMS 0x000000008b200000| PB 0x000000008b200000| Untracked |  0
| 125|0x000000008b300000, 0x000000008b38b748, 0x000000008b400000| 54%| E|  |TAMS 0x000000008b300000| PB 0x000000008b300000| Complete |  0
|1992|0x00000000ffe00000, 0x00000000fff00000, 0x00000000fff00000|100%| O|  |TAMS 0x00000000ffe00000| PB 0x00000000ffe00000| Untracked |  0
|1993|0x00000000fff00000, 0x00000000fff1c348, 0x0000000100000000| 11%| O|  |TAMS 0x00000000fff00000| PB 0x00000000fff00000| Untracked |  0

Card table byte_map: [0x0000024165730000,0x0000024165b20000] _byte_map_base: 0x0000024165315000

Marking Bits: (CMBitMap*) 0x000002414d45f020
 Bits: [0x0000024165b20000, 0x0000024167a48000)

Polling page: 0x000002414cb40000

Metaspace:

Usage:
  Non-class:     15.80 MB used.
      Class:      2.19 MB used.
       Both:     17.99 MB used.

Virtual space:
  Non-class space:       64.00 MB reserved,      15.94 MB ( 25%) committed,  1 nodes.
      Class space:        1.00 GB reserved,       2.31 MB ( <1%) committed,  1 nodes.
             Both:        1.06 GB reserved,      18.25 MB (  2%) committed. 

Chunk freelists:
   Non-Class:  15.39 MB
       Class:  13.66 MB
        Both:  29.05 MB

MaxMetaspaceSize: unlimited
CompressedClassSpaceSize: 1.00 GB
Initial GC threshold: 21.00 MB
Current GC threshold: 21.00 MB
CDS: on
 - commit_granule_bytes: 65536.
 - commit_granule_words: 8192.
 - virtual_space_node_default_size: 8388608.
 - enlarge_chunks_in_place: 1.
UseCompressedClassPointers 1, UseCompactObjectHeaders 0
Narrow klass pointer bits 32, Max shift 3
Narrow klass base: 0x0000024100000000, Narrow klass shift: 0
Encoding Range: [0x0000024100000000 - 0x0000024200000000), (4294967296 bytes)
Klass Range:    [0x0000024100000000 - 0x0000024141000000), (1090519040 bytes)
Klass ID Range:  [8 - 1090519033) (1090519025)


Internal statistics:

num_allocs_failed_limit: 0.
num_arena_births: 274.
num_arena_deaths: 0.
num_vsnodes_births: 2.
num_vsnodes_deaths: 0.
num_space_committed: 292.
num_space_uncommitted: 0.
num_chunks_returned_to_freelist: 0.
num_chunks_taken_from_freelist: 846.
num_chunk_merges: 0.
num_chunk_splits: 582.
num_chunks_enlarged: 450.
num_inconsistent_stats: 0.

CodeHeap 'non-profiled nmethods': size=120064Kb used=1919Kb max_used=1919Kb free=118144Kb
 bounds [0x000002415d9c0000, 0x000002415dc30000, 0x0000024164f00000]
CodeHeap 'profiled nmethods': size=120000Kb used=8458Kb max_used=8458Kb free=111541Kb
 bounds [0x0000024155f00000, 0x0000024156750000, 0x000002415d430000]
CodeHeap 'non-nmethods': size=5696Kb used=1863Kb max_used=1967Kb free=3832Kb
 bounds [0x000002415d430000, 0x000002415d6a0000, 0x000002415d9c0000]
CodeCache: size=245760Kb, used=12240Kb, max_used=12344Kb, free=233517Kb
 total_blobs=5626, nmethods=4800, adapters=728, full_count=0
Compilation: enabled, stopped_count=0, restarted_count=0

Compilation events (20 events):
Event: 83.544 Thread 0x00000241450285c0 nmethod 4794 0x000002415673f908 code [0x000002415673fa60, 0x000002415673ffe8]
Event: 83.670 Thread 0x0000024145021ef0 nmethod 4788 0x000002415db97088 code [0x000002415db978e0, 0x000002415db9f760]
Event: 85.223 Thread 0x00000241450285c0 4795       3       javafx.scene.Node::requestCssStateTransition (40 bytes)
Event: 85.224 Thread 0x00000241450285c0 nmethod 4795 0x0000024156740008 code [0x0000024156740160, 0x0000024156740810]
Event: 85.288 Thread 0x00000241450285c0 4796       3       jdk.internal.misc.Unsafe::getAndAddLong (27 bytes)
Event: 85.288 Thread 0x00000241450285c0 nmethod 4796 0x0000024156740888 code [0x00000241567409a0, 0x0000024156740c50]
Event: 85.288 Thread 0x00000241450285c0 4799  s    3       jdk.internal.ref.CleanerImpl$CleanableList::isEmpty (16 bytes)
Event: 85.288 Thread 0x00000241450285c0 nmethod 4799 0x0000024156740c88 code [0x0000024156740da0, 0x0000024156741048]
Event: 85.288 Thread 0x00000241450285c0 4803       3       java.lang.ref.ReferenceQueue::remove0 (67 bytes)
Event: 85.289 Thread 0x00000241450285c0 nmethod 4803 0x0000024156741088 code [0x0000024156741200, 0x0000024156741658]
Event: 85.289 Thread 0x00000241450285c0 4800       3       jdk.internal.misc.InnocuousThread::eraseThreadLocals (23 bytes)
Event: 85.289 Thread 0x00000241450285c0 nmethod 4800 0x0000024156741688 code [0x00000241567417a0, 0x0000024156741980]
Event: 85.289 Thread 0x00000241450285c0 4801   !   3       java.lang.ref.ReferenceQueue::remove (49 bytes)
Event: 85.289 Thread 0x00000241450285c0 nmethod 4801 0x0000024156741a08 code [0x0000024156741ba0, 0x0000024156742548]
Event: 85.289 Thread 0x00000241450285c0 4802       3       java.lang.invoke.MethodHandleNatives$CallSiteContext::run (5 bytes)
Event: 85.289 Thread 0x00000241450285c0 nmethod 4802 0x0000024156742588 code [0x00000241567426a0, 0x00000241567427d0]
Event: 85.289 Thread 0x00000241450285c0 4797       3       jdk.internal.misc.Unsafe::weakCompareAndSetLong (11 bytes)
Event: 85.289 Thread 0x00000241450285c0 nmethod 4797 0x0000024156742888 code [0x00000241567429a0, 0x0000024156742ac8]
Event: 85.289 Thread 0x00000241450285c0 4798       1       java.util.logging.LogManager$LoggerContext::getOwner (5 bytes)
Event: 85.290 Thread 0x00000241450285c0 nmethod 4798 0x000002415db9fc88 code [0x000002415db9fd80, 0x000002415db9fe48]

GC Heap History (4 events):
Event: 1.377 GC heap before
{Heap before GC invocations=0 (full 0):
 garbage-first heap   total reserved 2041856K, committed 131072K, used 49264K [0x0000000083600000, 0x0000000100000000)
  region size 1024K, 47 young (48128K), 0 survivors (0K)
 Metaspace       used 10477K, committed 10688K, reserved 1114112K
  class space    used 1133K, committed 1216K, reserved 1048576K
}
Event: 1.381 GC heap after
{Heap after GC invocations=1 (full 0):
 garbage-first heap   total reserved 2041856K, committed 131072K, used 6000K [0x0000000083600000, 0x0000000100000000)
  region size 1024K, 5 young (5120K), 5 survivors (5120K)
 Metaspace       used 10477K, committed 10688K, reserved 1114112K
  class space    used 1133K, committed 1216K, reserved 1048576K
}
Event: 85.250 GC heap before
{Heap before GC invocations=1 (full 0):
 garbage-first heap   total reserved 2041856K, committed 131072K, used 62320K [0x0000000083600000, 0x0000000100000000)
  region size 1024K, 59 young (60416K), 5 survivors (5120K)
 Metaspace       used 18412K, committed 18688K, reserved 1114112K
  class space    used 2240K, committed 2368K, reserved 1048576K
}
Event: 85.287 GC heap after
{Heap after GC invocations=2 (full 0):
 garbage-first heap   total reserved 2041856K, committed 131072K, used 11847K [0x0000000083600000, 0x0000000100000000)
  region size 1024K, 4 young (4096K), 4 survivors (4096K)
 Metaspace       used 18412K, committed 18688K, reserved 1114112K
  class space    used 2240K, committed 2368K, reserved 1048576K
}

Dll operation events (20 events):
Event: 0.572 Loaded shared library C:\Users\Kokeshi-Gaming\.openjfx\cache\17.0.6\api-ms-win-crt-locale-l1-1-0.dll
Event: 0.576 Loaded shared library C:\Users\Kokeshi-Gaming\.openjfx\cache\17.0.6\api-ms-win-crt-math-l1-1-0.dll
Event: 0.579 Loaded shared library C:\Users\Kokeshi-Gaming\.openjfx\cache\17.0.6\api-ms-win-crt-multibyte-l1-1-0.dll
Event: 0.584 Loaded shared library C:\Users\Kokeshi-Gaming\.openjfx\cache\17.0.6\api-ms-win-crt-private-l1-1-0.dll
Event: 0.588 Loaded shared library C:\Users\Kokeshi-Gaming\.openjfx\cache\17.0.6\api-ms-win-crt-process-l1-1-0.dll
Event: 0.593 Loaded shared library C:\Users\Kokeshi-Gaming\.openjfx\cache\17.0.6\api-ms-win-crt-runtime-l1-1-0.dll
Event: 0.598 Loaded shared library C:\Users\Kokeshi-Gaming\.openjfx\cache\17.0.6\api-ms-win-crt-stdio-l1-1-0.dll
Event: 0.602 Loaded shared library C:\Users\Kokeshi-Gaming\.openjfx\cache\17.0.6\api-ms-win-crt-string-l1-1-0.dll
Event: 0.605 Loaded shared library C:\Users\Kokeshi-Gaming\.openjfx\cache\17.0.6\api-ms-win-crt-time-l1-1-0.dll
Event: 0.609 Loaded shared library C:\Users\Kokeshi-Gaming\.openjfx\cache\17.0.6\api-ms-win-crt-utility-l1-1-0.dll
Event: 0.626 Loaded shared library C:\Users\Kokeshi-Gaming\.openjfx\cache\17.0.6\ucrtbase.dll
Event: 0.631 Loaded shared library C:\Users\Kokeshi-Gaming\.openjfx\cache\17.0.6\vcruntime140.dll
Event: 0.635 Loaded shared library C:\Users\Kokeshi-Gaming\.openjfx\cache\17.0.6\vcruntime140_1.dll
Event: 0.645 Loaded shared library C:\Users\Kokeshi-Gaming\.openjfx\cache\17.0.6\msvcp140.dll
Event: 0.649 Loaded shared library C:\Users\Kokeshi-Gaming\.openjfx\cache\17.0.6\msvcp140_1.dll
Event: 0.654 Loaded shared library C:\Users\Kokeshi-Gaming\.openjfx\cache\17.0.6\msvcp140_2.dll
Event: 0.720 Loaded shared library C:\Users\Kokeshi-Gaming\.openjfx\cache\17.0.6\prism_d3d.dll
Event: 0.770 Loaded shared library C:\Users\Kokeshi-Gaming\.openjfx\cache\17.0.6\glass.dll
Event: 0.939 Loaded shared library D:\Java\Azul JDK\zulu\bin\jimage.dll
Event: 1.214 Loaded shared library C:\Users\Kokeshi-Gaming\.openjfx\cache\17.0.6\javafx_font.dll

Deoptimization events (20 events):
Event: 85.231 Thread 0x00000241461a1ae0 Uncommon trap: trap_request=0xffffffd6 fr.pc=0x000002415db96af8 relative=0x0000000000000ad8
Event: 85.231 Thread 0x00000241461a1ae0 Uncommon trap: reason=array_check action=maybe_recompile pc=0x000002415db96af8 method=javafx.css.SimpleSelector.applies(Ljavafx/css/Styleable;[Ljava/util/Set;I)Z @ 37 c2
Event: 85.231 Thread 0x00000241461a1ae0 DEOPT PACKING pc=0x000002415db96af8 sp=0x00000086e02f76c0
Event: 85.231 Thread 0x00000241461a1ae0 DEOPT UNPACKING pc=0x000002415d554f82 sp=0x00000086e02f7698 mode 2
Event: 85.231 Thread 0x00000241461a1ae0 Uncommon trap: trap_request=0xffffffd6 fr.pc=0x000002415db96af8 relative=0x0000000000000ad8
Event: 85.231 Thread 0x00000241461a1ae0 Uncommon trap: reason=array_check action=maybe_recompile pc=0x000002415db96af8 method=javafx.css.SimpleSelector.applies(Ljavafx/css/Styleable;[Ljava/util/Set;I)Z @ 37 c2
Event: 85.231 Thread 0x00000241461a1ae0 DEOPT PACKING pc=0x000002415db96af8 sp=0x00000086e02f75c0
Event: 85.231 Thread 0x00000241461a1ae0 DEOPT UNPACKING pc=0x000002415d554f82 sp=0x00000086e02f7598 mode 2
Event: 85.288 Thread 0x0000024146445430 Uncommon trap: trap_request=0xffffff4d fr.pc=0x000002415db82b38 relative=0x0000000000000a18
Event: 85.288 Thread 0x0000024146445430 Uncommon trap: reason=unstable_if action=reinterpret pc=0x000002415db82b38 method=com.sun.javafx.tk.quantum.QuantumToolkit.postPulse()V @ 7 c2
Event: 85.288 Thread 0x0000024146445430 DEOPT PACKING pc=0x000002415db82b38 sp=0x00000086dfdff460
Event: 85.288 Thread 0x0000024146445430 DEOPT UNPACKING pc=0x000002415d554f82 sp=0x00000086dfdff448 mode 2
Event: 85.289 Thread 0x00000241468af6b0 Uncommon trap: trap_request=0xffffff4d fr.pc=0x000002415db75350 relative=0x00000000000000d0
Event: 85.289 Thread 0x00000241468af6b0 Uncommon trap: reason=unstable_if action=reinterpret pc=0x000002415db75350 method=java.util.concurrent.locks.ReentrantLock$NonfairSync.initialTryLock()Z @ 10 c2
Event: 85.289 Thread 0x00000241468af6b0 DEOPT PACKING pc=0x000002415db75350 sp=0x00000086de9fefc0
Event: 85.289 Thread 0x00000241468af6b0 DEOPT UNPACKING pc=0x000002415d554f82 sp=0x00000086de9fee90 mode 2
Event: 85.289 Thread 0x00000241468af6b0 Uncommon trap: trap_request=0xffffff4d fr.pc=0x000002415db1f110 relative=0x0000000000000090
Event: 85.289 Thread 0x00000241468af6b0 Uncommon trap: reason=unstable_if action=reinterpret pc=0x000002415db1f110 method=java.util.concurrent.locks.ReentrantLock$Sync.tryRelease(I)Z @ 26 c2
Event: 85.289 Thread 0x00000241468af6b0 DEOPT PACKING pc=0x000002415db1f110 sp=0x00000086de9fef70
Event: 85.289 Thread 0x00000241468af6b0 DEOPT UNPACKING pc=0x000002415d554f82 sp=0x00000086de9feef0 mode 2

Classes loaded (20 events):
Event: 82.837 Loading class sun/util/resources/OpenListResourceBundle
Event: 82.838 Loading class sun/util/resources/OpenListResourceBundle done
Event: 82.838 Loading class sun/util/resources/TimeZoneNamesBundle done
Event: 82.838 Loading class sun/util/resources/cldr/TimeZoneNames done
Event: 82.838 Loading class sun/util/resources/cldr/TimeZoneNames_en
Event: 82.839 Loading class sun/util/resources/cldr/TimeZoneNames_en done
Event: 82.839 Loading class sun/util/resources/cldr/TimeZoneNames_en_US
Event: 82.839 Loading class sun/util/resources/cldr/TimeZoneNames_en_US done
Event: 82.840 Loading class java/lang/invoke/InnerClassLambdaMetafactory$SerializationSupport
Event: 82.840 Loading class java/lang/invoke/InnerClassLambdaMetafactory$SerializationSupport done
Event: 82.840 Loading class java/lang/invoke/InnerClassLambdaMetafactory$4
Event: 82.840 Loading class java/lang/invoke/InnerClassLambdaMetafactory$4 done
Event: 82.841 Loading class sun/invoke/util/BytecodeDescriptor
Event: 82.841 Loading class sun/invoke/util/BytecodeDescriptor done
Event: 82.841 Loading class jdk/internal/classfile/impl/AbstractPoolEntry$IntegerEntryImpl
Event: 82.841 Loading class java/lang/classfile/constantpool/IntegerEntry
Event: 82.841 Loading class java/lang/classfile/constantpool/IntegerEntry done
Event: 82.841 Loading class jdk/internal/classfile/impl/AbstractPoolEntry$IntegerEntryImpl done
Event: 82.841 Loading class java/io/FileOutputStream$1
Event: 82.841 Loading class java/io/FileOutputStream$1 done

Classes unloaded (0 events):
No events

Classes redefined (0 events):
No events

Internal exceptions (20 events):
Event: 1.388 Thread 0x00000241461a1ae0 Implicit null exception at 0x000002415da24a0a to 0x000002415da24bd0
Event: 1.388 Thread 0x00000241461a1ae0 Implicit null exception at 0x000002415d9dfc9d to 0x000002415d9dfd19
Event: 1.568 Thread 0x00000241461a1ae0 Exception <a 'java/lang/IncompatibleClassChangeError'{0x000000008adf2c40}: Found class java.lang.Object, but interface was expected> (0x000000008adf2c40) 
thrown [s\src\hotspot\share\interpreter\linkResolver.cpp, line 872]
Event: 1.615 Thread 0x00000241461a1ae0 Exception <a 'java/lang/NoSuchMethodError'{0x000000008aa444e8}: 'int java.lang.invoke.DirectMethodHandle$Holder.invokeSpecial(java.lang.Object, java.lang.Object, int)'> (0x000000008aa444e8) 
thrown [s\src\hotspot\share\interpreter\linkResolver.cpp, line 805]
Event: 1.631 Thread 0x00000241461a1ae0 Exception <a 'java/lang/NoSuchMethodError'{0x000000008a907ff0}: 'java.lang.Object java.lang.invoke.DirectMethodHandle$Holder.newInvokeSpecial(java.lang.Object, java.lang.Object, int)'> (0x000000008a907ff0) 
thrown [s\src\hotspot\share\interpreter\linkResolver.cpp, line 805]
Event: 1.656 Thread 0x000002414602d0e0 Exception <a 'java/lang/NoSuchMethodError'{0x000000008a879f00}: 'int java.lang.invoke.DirectMethodHandle$Holder.invokeStaticInit(java.lang.Object, java.lang.Object)'> (0x000000008a879f00) 
thrown [s\src\hotspot\share\interpreter\linkResolver.cpp, line 805]
Event: 26.425 Thread 0x00000241461a1ae0 Exception <a 'java/lang/NoSuchMethodError'{0x000000008a196530}: 'long java.lang.invoke.DirectMethodHandle$Holder.invokeStaticInit(java.lang.Object, java.lang.Object, java.lang.Object)'> (0x000000008a196530) 
thrown [s\src\hotspot\share\interpreter\linkResolver.cpp, line 805]
Event: 26.429 Thread 0x00000241461a1ae0 Exception <a 'java/lang/NoSuchMethodError'{0x000000008a1e16a0}: 'java.lang.Object java.lang.invoke.DirectMethodHandle$Holder.newInvokeSpecial(java.lang.Object, java.lang.Object, long)'> (0x000000008a1e16a0) 
thrown [s\src\hotspot\share\interpreter\linkResolver.cpp, line 805]
Event: 26.429 Thread 0x00000241461a1ae0 Exception <a 'java/lang/NoSuchMethodError'{0x000000008a1ea2e8}: 'java.lang.Object java.lang.invoke.Invokers$Holder.linkToTargetMethod(java.lang.Object, long, java.lang.Object)'> (0x000000008a1ea2e8) 
thrown [s\src\hotspot\share\interpreter\linkResolver.cpp, line 805]
Event: 26.545 Thread 0x00000241461a1ae0 Exception <a 'java/lang/NoSuchMethodError'{0x0000000089e74198}: 'void java.lang.invoke.DirectMethodHandle$Holder.invokeSpecial(java.lang.Object, java.lang.Object, int)'> (0x0000000089e74198) 
thrown [s\src\hotspot\share\interpreter\linkResolver.cpp, line 805]
Event: 26.546 Thread 0x00000241461a1ae0 Exception <a 'java/lang/NoSuchMethodError'{0x0000000089e88a50}: 'void java.lang.invoke.DelegatingMethodHandle$Holder.reinvoke_L(java.lang.Object, java.lang.Object, int)'> (0x0000000089e88a50) 
thrown [s\src\hotspot\share\interpreter\linkResolver.cpp, line 805]
Event: 26.736 Thread 0x00000241461a1ae0 Exception <a 'java/lang/NoSuchMethodError'{0x0000000089a84420}: 'void java.lang.invoke.DirectMethodHandle$Holder.invokeSpecialIFC(java.lang.Object, java.lang.Object, java.lang.Object, java.lang.Object)'> (0x0000000089a84420) 
thrown [s\src\hotspot\share\interpreter\linkResolver.cpp, line 805]
Event: 26.856 Thread 0x00000241461a1ae0 Exception <a 'java/lang/ClassNotFoundException'{0x00000000899df0d8}: com/sun/javafx/scene/control/skin/resources/controls> (0x00000000899df0d8) 
thrown [s\src\hotspot\share\prims\jni.cpp, line 536]
Event: 26.857 Thread 0x00000241461a1ae0 Exception <a 'java/lang/ClassNotFoundException'{0x00000000899ec648}: com/sun/javafx/scene/control/skin/resources/controls_en> (0x00000000899ec648) 
thrown [s\src\hotspot\share\prims\jni.cpp, line 536]
Event: 26.857 Thread 0x00000241461a1ae0 Exception <a 'java/lang/ClassNotFoundException'{0x00000000899ed9f8}: com/sun/javafx/scene/control/skin/resources/controls_en_US> (0x00000000899ed9f8) 
thrown [s\src\hotspot\share\prims\jni.cpp, line 536]
Event: 26.975 Thread 0x00000241461a1ae0 Exception <a 'java/lang/NoSuchMethodError'{0x0000000089531410}: 'void java.lang.invoke.DirectMethodHandle$Holder.invokeSpecial(java.lang.Object, java.lang.Object, java.lang.Object, java.lang.Object, java.lang.Object, java.lang.Object)'> (0x0000000089531410) 
thrown [s\src\hotspot\share\interpreter\linkResolver.cpp, line 805]
Event: 27.519 Thread 0x000002414602d0e0 Exception <a 'java/lang/NoSuchMethodError'{0x0000000088fb3e38}: 'java.lang.Object java.lang.invoke.DirectMethodHandle$Holder.invokeStaticInit(java.lang.Object, int)'> (0x0000000088fb3e38) 
thrown [s\src\hotspot\share\interpreter\linkResolver.cpp, line 805]
Event: 35.178 Thread 0x00000241461a1ae0 Exception <a 'java/lang/NoSuchMethodError'{0x0000000088c62738}: 'java.lang.Object java.lang.invoke.DirectMethodHandle$Holder.newInvokeSpecial(java.lang.Object, java.lang.Object, int, int, int, int, int, java.lang.Object)'> (0x0000000088c62738) 
thrown [s\src\hotspot\share\interpreter\linkResolver.cpp, line 805]
Event: 35.180 Thread 0x00000241461a1ae0 Exception <a 'java/lang/NoSuchMethodError'{0x0000000088c8bb08}: 'java.lang.Object java.lang.invoke.DirectMethodHandle$Holder.newInvokeSpecial(java.lang.Object, java.lang.Object, java.lang.Object, int, int, int, int, int)'> (0x0000000088c8bb08) 
thrown [s\src\hotspot\share\interpreter\linkResolver.cpp, line 805]
Event: 35.180 Thread 0x00000241461a1ae0 Exception <a 'java/lang/NoSuchMethodError'{0x0000000088c9c450}: 'java.lang.Object java.lang.invoke.Invokers$Holder.linkToTargetMethod(java.lang.Object, java.lang.Object, int, int, int, int, int, java.lang.Object)'> (0x0000000088c9c450) 
thrown [s\src\hotspot\share\interpreter\linkResolver.cpp, line 805]

VM Operations (20 events):
Event: 26.937 Executing VM operation: HandshakeAllThreads (Deoptimize) done
Event: 26.951 Executing VM operation: HandshakeAllThreads (Deoptimize)
Event: 26.951 Executing VM operation: HandshakeAllThreads (Deoptimize) done
Event: 26.956 Executing VM operation: HandshakeAllThreads (Deoptimize)
Event: 26.956 Executing VM operation: HandshakeAllThreads (Deoptimize) done
Event: 26.959 Executing VM operation: HandshakeAllThreads (Deoptimize)
Event: 26.960 Executing VM operation: HandshakeAllThreads (Deoptimize) done
Event: 27.404 Executing VM operation: HandshakeAllThreads (Deoptimize)
Event: 27.405 Executing VM operation: HandshakeAllThreads (Deoptimize) done
Event: 60.211 Executing VM operation: HandshakeAllThreads (HandshakeForDeflation)
Event: 60.211 Executing VM operation: HandshakeAllThreads (HandshakeForDeflation) done
Event: 60.211 Executing VM operation: RendezvousGCThreads
Event: 60.211 Executing VM operation: RendezvousGCThreads done
Event: 81.138 Executing VM operation: HandshakeAllThreads (Deoptimize)
Event: 81.138 Executing VM operation: HandshakeAllThreads (Deoptimize) done
Event: 81.145 Executing VM operation: HandshakeAllThreads (Deoptimize)
Event: 81.145 Executing VM operation: HandshakeAllThreads (Deoptimize) done
Event: 85.250 Executing VM operation: G1CollectForAllocation (G1 Evacuation Pause)
Event: 85.287 Executing VM operation: G1CollectForAllocation (G1 Evacuation Pause) done
Event: 85.290 Executing VM operation: Exit

Memory protections (0 events):
No events

Nmethod flushes (0 events):
No events

Events (20 events):
Event: 0.780 Thread 0x000002414d407d20 Thread added: 0x00000241461a1ae0
Event: 0.878 Thread 0x00000241450294e0 Thread exited: 0x00000241450294e0
Event: 0.900 Thread 0x000002414d407d20 Thread added: 0x0000024146415680
Event: 0.902 Thread 0x0000024146445430 Thread added: 0x0000024146445430
Event: 1.234 Thread 0x00000241450285c0 Thread added: 0x000002414502a400
Event: 1.559 Thread 0x00000241461a1ae0 Thread added: 0x0000024146a864d0
Event: 1.682 Thread 0x000002414602d0e0 Thread added: 0x0000024146a86c20
Event: 2.059 Thread 0x000002414502a400 Thread exited: 0x000002414502a400
Event: 26.490 Thread 0x00000241450285c0 Thread added: 0x0000024145028d50
Event: 27.873 Thread 0x0000024145028d50 Thread exited: 0x0000024145028d50
Event: 62.487 Thread 0x00000241450285c0 Thread added: 0x00000241450276a0
Event: 62.715 Thread 0x00000241450276a0 Thread exited: 0x00000241450276a0
Event: 81.154 Thread 0x00000241450285c0 Thread added: 0x00000241450276a0
Event: 82.263 Thread 0x00000241450276a0 Thread exited: 0x00000241450276a0
Event: 85.249 Thread 0x00000241461a1ae0 Thread added: 0x00000241468af6b0
Event: 85.249 Thread 0x00000241461a1ae0 Thread added: 0x00000241468afe00
Event: 85.288 Thread 0x00000241468afe00 Thread exited: 0x00000241468afe00
Event: 85.290 Thread 0x00000241468af6b0 Thread exited: 0x00000241468af6b0
Event: 85.290 Thread 0x00000241461a1ae0 Before exit entered
Event: 85.290 Thread 0x000002416a19c9a0 Thread exited: 0x000002416a19c9a0


Dynamic libraries:
0x00007ff78f070000 - 0x00007ff78f07e000 	D:\Java\Azul JDK\zulu\bin\java.exe
0x00007ff855500000 - 0x00007ff855763000 	C:\Windows\SYSTEM32\ntdll.dll
0x00007ff853ff0000 - 0x00007ff8540b7000 	C:\Windows\System32\KERNEL32.DLL
0x00007ff852e10000 - 0x00007ff8531c0000 	C:\Windows\System32\KERNELBASE.dll
0x00007ff852a60000 - 0x00007ff852bab000 	C:\Windows\System32\ucrtbase.dll
0x00007ff839710000 - 0x00007ff83972e000 	D:\Java\Azul JDK\zulu\bin\VCRUNTIME140.dll
0x00007ff82b810000 - 0x00007ff82b826000 	D:\Java\Azul JDK\zulu\bin\jli.dll
0x00007ff8537b0000 - 0x00007ff853973000 	C:\Windows\System32\USER32.dll
0x00007ff8531d0000 - 0x00007ff8531f7000 	C:\Windows\System32\win32u.dll
0x00007ff8540c0000 - 0x00007ff8540ea000 	C:\Windows\System32\GDI32.dll
0x00007ff835c10000 - 0x00007ff835ea0000 	C:\Windows\WinSxS\amd64_microsoft.windows.common-controls_6595b64144ccf1df_6.0.26100.1882_none_3e0e949ae32eca40\COMCTL32.dll
0x00007ff852bb0000 - 0x00007ff852cd3000 	C:\Windows\System32\gdi32full.dll
0x00007ff853e10000 - 0x00007ff853eb9000 	C:\Windows\System32\msvcrt.dll
0x00007ff852d60000 - 0x00007ff852e03000 	C:\Windows\System32\msvcp_win.dll
0x00007ff855250000 - 0x00007ff85527f000 	C:\Windows\System32\IMM32.DLL
0x00007ff82b800000 - 0x00007ff82b80c000 	D:\Java\Azul JDK\zulu\bin\vcruntime140_1.dll
0x00007ff813200000 - 0x00007ff81328d000 	D:\Java\Azul JDK\zulu\bin\msvcp140.dll
0x00007fffef190000 - 0x00007ffff000c000 	D:\Java\Azul JDK\zulu\bin\server\jvm.dll
0x00007ff854980000 - 0x00007ff854a34000 	C:\Windows\System32\ADVAPI32.dll
0x00007ff853380000 - 0x00007ff853426000 	C:\Windows\System32\sechost.dll
0x00007ff853ec0000 - 0x00007ff853fd6000 	C:\Windows\System32\RPCRT4.dll
0x00007ff854130000 - 0x00007ff8541a4000 	C:\Windows\System32\WS2_32.dll
0x00007ff851590000 - 0x00007ff8515de000 	C:\Windows\SYSTEM32\POWRPROF.dll
0x00007ff846d30000 - 0x00007ff846d66000 	C:\Windows\SYSTEM32\WINMM.dll
0x00007ff849e60000 - 0x00007ff849e6b000 	C:\Windows\SYSTEM32\VERSION.dll
0x00007ff851570000 - 0x00007ff851584000 	C:\Windows\SYSTEM32\UMPDC.dll
0x00007ff851830000 - 0x00007ff85184a000 	C:\Windows\SYSTEM32\kernel.appcore.dll
0x00007ff82b7f0000 - 0x00007ff82b7fa000 	D:\Java\Azul JDK\zulu\bin\jimage.dll
0x00007ff8501f0000 - 0x00007ff850431000 	C:\Windows\SYSTEM32\DBGHELP.DLL
0x00007ff853430000 - 0x00007ff8537ac000 	C:\Windows\System32\combase.dll
0x00007ff854320000 - 0x00007ff8543f6000 	C:\Windows\System32\OLEAUT32.dll
0x00007ff82ba90000 - 0x00007ff82bac9000 	C:\Windows\SYSTEM32\dbgcore.DLL
0x00007ff852900000 - 0x00007ff852999000 	C:\Windows\System32\bcryptPrimitives.dll
0x00007ff81da00000 - 0x00007ff81da0f000 	D:\Java\Azul JDK\zulu\bin\instrument.dll
0x00007ff817970000 - 0x00007ff81798e000 	D:\Java\Azul JDK\zulu\bin\java.dll
0x00007ff854610000 - 0x00007ff8547a9000 	C:\Windows\System32\ole32.dll
0x00007ff854b50000 - 0x00007ff855248000 	C:\Windows\System32\SHELL32.dll
0x00007ff850680000 - 0x00007ff850eaa000 	C:\Windows\SYSTEM32\windows.storage.dll
0x00007ff855360000 - 0x00007ff855433000 	C:\Windows\System32\SHCORE.dll
0x00007ff854a40000 - 0x00007ff854a9d000 	C:\Windows\System32\shlwapi.dll
0x00007ff852820000 - 0x00007ff852849000 	C:\Windows\SYSTEM32\profapi.dll
0x00007ff813120000 - 0x00007ff8131f7000 	D:\Java\Azul JDK\zulu\bin\jsvml.dll
0x00007ff82b7e0000 - 0x00007ff82b7f0000 	D:\Java\Azul JDK\zulu\bin\net.dll
0x00007ff851d10000 - 0x00007ff851d78000 	C:\Windows\system32\mswsock.dll
0x00007ff817950000 - 0x00007ff817966000 	D:\Java\Azul JDK\zulu\bin\nio.dll
0x00007ff817930000 - 0x00007ff817947000 	D:\Java\Azul JDK\zulu\bin\zip.dll
0x0000024146be0000 - 0x0000024146be3000 	C:\Users\Kokeshi-Gaming\.openjfx\cache\17.0.6\api-ms-win-core-console-l1-1-0.dll
0x0000024146bf0000 - 0x0000024146bf3000 	C:\Users\Kokeshi-Gaming\.openjfx\cache\17.0.6\api-ms-win-core-console-l1-2-0.dll
0x0000024146c00000 - 0x0000024146c03000 	C:\Users\Kokeshi-Gaming\.openjfx\cache\17.0.6\api-ms-win-core-datetime-l1-1-0.dll
0x0000024146c10000 - 0x0000024146c13000 	C:\Users\Kokeshi-Gaming\.openjfx\cache\17.0.6\api-ms-win-core-debug-l1-1-0.dll
0x0000024146c20000 - 0x0000024146c23000 	C:\Users\Kokeshi-Gaming\.openjfx\cache\17.0.6\api-ms-win-core-errorhandling-l1-1-0.dll
0x0000024146c30000 - 0x0000024146c34000 	C:\Users\Kokeshi-Gaming\.openjfx\cache\17.0.6\api-ms-win-core-file-l1-1-0.dll
0x0000024146c40000 - 0x0000024146c43000 	C:\Users\Kokeshi-Gaming\.openjfx\cache\17.0.6\api-ms-win-core-file-l1-2-0.dll
0x0000024146c50000 - 0x0000024146c53000 	C:\Users\Kokeshi-Gaming\.openjfx\cache\17.0.6\api-ms-win-core-file-l2-1-0.dll
0x0000024146c60000 - 0x0000024146c63000 	C:\Users\Kokeshi-Gaming\.openjfx\cache\17.0.6\api-ms-win-core-handle-l1-1-0.dll
0x0000024146c70000 - 0x0000024146c73000 	C:\Users\Kokeshi-Gaming\.openjfx\cache\17.0.6\api-ms-win-core-heap-l1-1-0.dll
0x0000024146c80000 - 0x0000024146c83000 	C:\Users\Kokeshi-Gaming\.openjfx\cache\17.0.6\api-ms-win-core-interlocked-l1-1-0.dll
0x0000024146c90000 - 0x0000024146c93000 	C:\Users\Kokeshi-Gaming\.openjfx\cache\17.0.6\api-ms-win-core-libraryloader-l1-1-0.dll
0x0000024146ca0000 - 0x0000024146ca3000 	C:\Users\Kokeshi-Gaming\.openjfx\cache\17.0.6\api-ms-win-core-localization-l1-2-0.dll
0x0000024146cb0000 - 0x0000024146cb3000 	C:\Users\Kokeshi-Gaming\.openjfx\cache\17.0.6\api-ms-win-core-memory-l1-1-0.dll
0x0000024146cc0000 - 0x0000024146cc3000 	C:\Users\Kokeshi-Gaming\.openjfx\cache\17.0.6\api-ms-win-core-namedpipe-l1-1-0.dll
0x0000024146cd0000 - 0x0000024146cd3000 	C:\Users\Kokeshi-Gaming\.openjfx\cache\17.0.6\api-ms-win-core-processenvironment-l1-1-0.dll
0x0000024146ce0000 - 0x0000024146ce3000 	C:\Users\Kokeshi-Gaming\.openjfx\cache\17.0.6\api-ms-win-core-processthreads-l1-1-0.dll
0x0000024146cf0000 - 0x0000024146cf3000 	C:\Users\Kokeshi-Gaming\.openjfx\cache\17.0.6\api-ms-win-core-processthreads-l1-1-1.dll
0x0000024146d00000 - 0x0000024146d03000 	C:\Users\Kokeshi-Gaming\.openjfx\cache\17.0.6\api-ms-win-core-profile-l1-1-0.dll
0x0000024146d10000 - 0x0000024146d13000 	C:\Users\Kokeshi-Gaming\.openjfx\cache\17.0.6\api-ms-win-core-rtlsupport-l1-1-0.dll
0x0000024146d20000 - 0x0000024146d23000 	C:\Users\Kokeshi-Gaming\.openjfx\cache\17.0.6\api-ms-win-core-string-l1-1-0.dll
0x0000024146d30000 - 0x0000024146d33000 	C:\Users\Kokeshi-Gaming\.openjfx\cache\17.0.6\api-ms-win-core-synch-l1-1-0.dll
0x0000024146d40000 - 0x0000024146d43000 	C:\Users\Kokeshi-Gaming\.openjfx\cache\17.0.6\api-ms-win-core-synch-l1-2-0.dll
0x0000024146d50000 - 0x0000024146d53000 	C:\Users\Kokeshi-Gaming\.openjfx\cache\17.0.6\api-ms-win-core-sysinfo-l1-1-0.dll
0x0000024146d60000 - 0x0000024146d63000 	C:\Users\Kokeshi-Gaming\.openjfx\cache\17.0.6\api-ms-win-core-timezone-l1-1-0.dll
0x0000024146d70000 - 0x0000024146d73000 	C:\Users\Kokeshi-Gaming\.openjfx\cache\17.0.6\api-ms-win-core-util-l1-1-0.dll
0x0000024146d80000 - 0x0000024146d83000 	C:\Users\Kokeshi-Gaming\.openjfx\cache\17.0.6\api-ms-win-crt-conio-l1-1-0.dll
0x0000024146d90000 - 0x0000024146d94000 	C:\Users\Kokeshi-Gaming\.openjfx\cache\17.0.6\api-ms-win-crt-convert-l1-1-0.dll
0x0000024146da0000 - 0x0000024146da3000 	C:\Users\Kokeshi-Gaming\.openjfx\cache\17.0.6\api-ms-win-crt-environment-l1-1-0.dll
0x0000024146db0000 - 0x0000024146db3000 	C:\Users\Kokeshi-Gaming\.openjfx\cache\17.0.6\api-ms-win-crt-filesystem-l1-1-0.dll
0x0000024146dc0000 - 0x0000024146dc3000 	C:\Users\Kokeshi-Gaming\.openjfx\cache\17.0.6\api-ms-win-crt-heap-l1-1-0.dll
0x0000024146dd0000 - 0x0000024146dd3000 	C:\Users\Kokeshi-Gaming\.openjfx\cache\17.0.6\api-ms-win-crt-locale-l1-1-0.dll
0x0000024146de0000 - 0x0000024146de5000 	C:\Users\Kokeshi-Gaming\.openjfx\cache\17.0.6\api-ms-win-crt-math-l1-1-0.dll
0x0000024146df0000 - 0x0000024146df5000 	C:\Users\Kokeshi-Gaming\.openjfx\cache\17.0.6\api-ms-win-crt-multibyte-l1-1-0.dll
0x0000024146e00000 - 0x0000024146e10000 	C:\Users\Kokeshi-Gaming\.openjfx\cache\17.0.6\api-ms-win-crt-private-l1-1-0.dll
0x0000024146e10000 - 0x0000024146e13000 	C:\Users\Kokeshi-Gaming\.openjfx\cache\17.0.6\api-ms-win-crt-process-l1-1-0.dll
0x0000024146e20000 - 0x0000024146e24000 	C:\Users\Kokeshi-Gaming\.openjfx\cache\17.0.6\api-ms-win-crt-runtime-l1-1-0.dll
0x0000024146e30000 - 0x0000024146e34000 	C:\Users\Kokeshi-Gaming\.openjfx\cache\17.0.6\api-ms-win-crt-stdio-l1-1-0.dll
0x0000024146e40000 - 0x0000024146e44000 	C:\Users\Kokeshi-Gaming\.openjfx\cache\17.0.6\api-ms-win-crt-string-l1-1-0.dll
0x0000024146e50000 - 0x0000024146e53000 	C:\Users\Kokeshi-Gaming\.openjfx\cache\17.0.6\api-ms-win-crt-time-l1-1-0.dll
0x0000024146e60000 - 0x0000024146e63000 	C:\Users\Kokeshi-Gaming\.openjfx\cache\17.0.6\api-ms-win-crt-utility-l1-1-0.dll
0x00007fffff470000 - 0x00007fffff56c000 	C:\Users\Kokeshi-Gaming\.openjfx\cache\17.0.6\ucrtbase.dll
0x00007ff813100000 - 0x00007ff81311a000 	C:\Users\Kokeshi-Gaming\.openjfx\cache\17.0.6\vcruntime140.dll
0x00007ff819010000 - 0x00007ff81901c000 	C:\Users\Kokeshi-Gaming\.openjfx\cache\17.0.6\vcruntime140_1.dll
0x00007ff8006e0000 - 0x00007ff80076d000 	C:\Users\Kokeshi-Gaming\.openjfx\cache\17.0.6\msvcp140.dll
0x00007ff817d90000 - 0x00007ff817d99000 	C:\Users\Kokeshi-Gaming\.openjfx\cache\17.0.6\msvcp140_1.dll
0x00007ff8130d0000 - 0x00007ff8130ff000 	C:\Users\Kokeshi-Gaming\.openjfx\cache\17.0.6\msvcp140_2.dll
0x00007ff813070000 - 0x00007ff81309a000 	C:\Users\Kokeshi-Gaming\.openjfx\cache\17.0.6\prism_d3d.dll
0x00007ff810d70000 - 0x00007ff810f16000 	C:\Windows\system32\d3d9.dll
0x00007ff84f9f0000 - 0x00007ff84fa1e000 	C:\Windows\SYSTEM32\dwmapi.dll
0x00007ff84fc10000 - 0x00007ff84fc50000 	C:\Windows\SYSTEM32\dxcore.dll
0x00007ff84f6b0000 - 0x00007ff84f75d000 	C:\Windows\system32\uxtheme.dll
0x00007fffeeef0000 - 0x00007fffef18f000 	C:\Windows\System32\DriverStore\FileRepository\iigd_dch.inf_amd64_7bb1fa07ea2dce86\igdumdim64.dll
0x00007fffaffa0000 - 0x00007fffb16a0000 	C:\Windows\System32\DriverStore\FileRepository\iigd_dch.inf_amd64_7bb1fa07ea2dce86\igd9dxva64.dll
0x00007ff853980000 - 0x00007ff853e05000 	C:\Windows\System32\SETUPAPI.dll
0x00007ff8525b0000 - 0x00007ff85260f000 	C:\Windows\SYSTEM32\cfgmgr32.dll
0x00007ff822290000 - 0x00007ff824302000 	C:\Windows\System32\DriverStore\FileRepository\iigd_dch.inf_amd64_7bb1fa07ea2dce86\media_bin_64.dll
0x00007ff8464b0000 - 0x00007ff846a41000 	C:\Windows\System32\DriverStore\FileRepository\iigd_dch.inf_amd64_7bb1fa07ea2dce86\igdgmm64.dll
0x00007ff84f820000 - 0x00007ff84f877000 	C:\Windows\SYSTEM32\directxdatabasehelper.dll
0x00007fffff420000 - 0x00007fffff462000 	C:\Users\Kokeshi-Gaming\.openjfx\cache\17.0.6\glass.dll
0x00007ff854490000 - 0x00007ff85457d000 	C:\Windows\System32\COMDLG32.dll
0x00007ff8541c0000 - 0x00007ff85431b000 	C:\Windows\System32\MSCTF.dll
0x00007ff8277f0000 - 0x00007ff827818000 	C:\Windows\System32\DriverStore\FileRepository\iigd_dch.inf_amd64_7bb1fa07ea2dce86\igdinfo64.dll
0x00007ff841430000 - 0x00007ff8464a1000 	C:\Windows\System32\DriverStore\FileRepository\iigd_dch.inf_amd64_7bb1fa07ea2dce86\igc64.dll
0x00007ff813050000 - 0x00007ff813064000 	C:\Users\Kokeshi-Gaming\.openjfx\cache\17.0.6\javafx_font.dll
0x00007ff84b040000 - 0x00007ff84b2a5000 	C:\Windows\SYSTEM32\dwrite.dll
0x00007ff854aa0000 - 0x00007ff854b48000 	C:\Windows\System32\clbcatq.dll
0x00007ff84f440000 - 0x00007ff84f66a000 	C:\Windows\SYSTEM32\WindowsCodecs.dll
0x00007ff82aac0000 - 0x00007ff82ab1a000 	C:\Windows\system32\dataexchange.dll
0x00007ff840e50000 - 0x00007ff841085000 	C:\Windows\system32\twinapi.appcore.dll
0x00007fffff3f0000 - 0x00007fffff41c000 	C:\Program Files\Common Files\Microsoft Shared\Ink\rtscom.dll
0x00007ff82ca20000 - 0x00007ff82cb64000 	C:\Windows\SYSTEM32\textinputframework.dll
0x00007ff84bee0000 - 0x00007ff84c005000 	C:\Windows\SYSTEM32\CoreMessaging.dll
0x00007ff848870000 - 0x00007ff848b53000 	C:\Windows\SYSTEM32\CoreUIComponents.dll
0x00007ff84e250000 - 0x00007ff84e3b8000 	C:\Windows\SYSTEM32\wintypes.dll
0x00007ff851f40000 - 0x00007ff851f4c000 	C:\Windows\SYSTEM32\CRYPTBASE.DLL

dbghelp: loaded successfully - version: 4.0.5 - missing functions: none
symbol engine: initialized successfully - sym options: 0x614 - pdb path: .;D:\Java\Azul JDK\zulu\bin;C:\Windows\SYSTEM32;C:\Windows\WinSxS\amd64_microsoft.windows.common-controls_6595b64144ccf1df_6.0.26100.1882_none_3e0e949ae32eca40;D:\Java\Azul JDK\zulu\bin\server;C:\Users\Kokeshi-Gaming\.openjfx\cache\17.0.6;C:\Windows\System32\DriverStore\FileRepository\iigd_dch.inf_amd64_7bb1fa07ea2dce86;C:\Program Files\Common Files\Microsoft Shared\Ink

VM Arguments:
jvm_args: -javaagent:D:\Java\IntelliJ IDEA\lib\idea_rt.jar=64536 -Dfile.encoding=UTF-8 -Dsun.stdout.encoding=UTF-8 -Dsun.stderr.encoding=UTF-8 --module-path=C:\Users\Kokeshi-Gaming\.m2\repository\org\openjfx\javafx-base\17.0.6\javafx-base-17.0.6-win.jar;C:\Users\Kokeshi-Gaming\.m2\repository\org\openjfx\javafx-graphics\17.0.6\javafx-graphics-17.0.6-win.jar;D:\Java\Projects\PrintingPOS\target\classes;C:\Users\Kokeshi-Gaming\.m2\repository\org\openjfx\javafx-controls\17.0.6\javafx-controls-17.0.6-win.jar;C:\Users\Kokeshi-Gaming\.m2\repository\org\openjfx\javafx-fxml\17.0.6\javafx-fxml-17.0.6-win.jar -Djdk.module.main=com.pp.s.printingpos 
java_command: com.pp.s.printingpos/com.pp.s.printingpos.PrintPOSApplication
java_class_path (initial): C:\Users\Kokeshi-Gaming\.m2\repository\org\openjfx\javafx-controls\17.0.6\javafx-controls-17.0.6.jar;C:\Users\Kokeshi-Gaming\.m2\repository\org\openjfx\javafx-graphics\17.0.6\javafx-graphics-17.0.6.jar;C:\Users\Kokeshi-Gaming\.m2\repository\org\openjfx\javafx-base\17.0.6\javafx-base-17.0.6.jar;C:\Users\Kokeshi-Gaming\.m2\repository\org\openjfx\javafx-fxml\17.0.6\javafx-fxml-17.0.6.jar
Launcher Type: SUN_STANDARD

[Global flags]
     intx CICompilerCount                          = 4                                         {product} {ergonomic}
     uint ConcGCThreads                            = 2                                         {product} {ergonomic}
     uint G1ConcRefinementThreads                  = 8                                         {product} {ergonomic}
   size_t G1HeapRegionSize                         = 1048576                                   {product} {ergonomic}
   size_t InitialHeapSize                          = 132120576                                 {product} {ergonomic}
   size_t MarkStackSize                            = 4194304                                   {product} {ergonomic}
   size_t MarkStackSizeMax                         = 536870912                                 {product} {ergonomic}
   size_t MaxHeapSize                              = 2090860544                                {product} {ergonomic}
   size_t MaxNewSize                               = 1254096896                                {product} {ergonomic}
   size_t MinHeapDeltaBytes                        = 1048576                                   {product} {ergonomic}
   size_t MinHeapSize                              = 8388608                                   {product} {ergonomic}
    uintx NonNMethodCodeHeapSize                   = 5832704                                {pd product} {ergonomic}
    uintx NonProfiledCodeHeapSize                  = 122945536                              {pd product} {ergonomic}
    uintx ProfiledCodeHeapSize                     = 122880000                              {pd product} {ergonomic}
    uintx ReservedCodeCacheSize                    = 251658240                              {pd product} {ergonomic}
     bool SegmentedCodeCache                       = true                                      {product} {ergonomic}
   size_t SoftMaxHeapSize                          = 2090860544                             {manageable} {ergonomic}
     bool UseCompressedOops                        = true                           {product lp64_product} {ergonomic}
     bool UseG1GC                                  = true                                      {product} {ergonomic}
     bool UseLargePagesIndividualAllocation        = false                                  {pd product} {ergonomic}

Logging:
Log output configuration:
 #0: stdout all=off uptime,level,tags foldmultilines=false
 #1: stderr all=off uptime,level,tags foldmultilines=false

Environment Variables:
JAVA_HOME=D:\Java\Azul JDK\zulu\
PATH=D:\Java\Azul JDK\zulu\bin\;C:\Program Files\Common Files\Oracle\Java\javapath;C:\Program Files (x86)\Common Files\Oracle\Java\java8path;C:\Program Files (x86)\Common Files\Oracle\Java\javapath;C:\Program Files\Eclipse Adoptium\jdk-21.0.5.11-hotspot\bin;C:\Windows\system32;C:\Windows;C:\Windows\System32\Wbem;C:\Windows\System32\WindowsPowerShell\v1.0\;C:\Windows\System32\OpenSSH\;C:\Program Files\dotnet\;C:\Program Files\WindowsPowerShell\Scripts;C:\Python313\Scripts\;C:\Python313\;C:\Users\Kokeshi-Gaming\AppData\Local\Programs\Python\Launcher\;C:\Users\Kokeshi-Gaming\AppData\Local\Microsoft\WindowsApps;D:\Programming\Editors\Microsoft VS Code\bin;C:\Users\Kokeshi-Gaming\.dotnet\tools;D:\Programming\Editors\PyCharm\bin;;D:\Java\IntelliJ IDEA\bin;;C:\Users\Kokeshi-Gaming\.lmstudio\bin
USERNAME=Kokeshi-Gaming
OS=Windows_NT
PROCESSOR_IDENTIFIER=Intel64 Family 6 Model 140 Stepping 2, GenuineIntel
TMP=C:\Users\KOKESH~1\AppData\Local\Temp
TEMP=C:\Users\KOKESH~1\AppData\Local\Temp




Periodic native trim disabled

---------------  S Y S T E M  ---------------

OS:
 Windows 11 , 64 bit Build 26100 (10.0.26100.1882)
OS uptime: 2 days 3:01 hours
Hyper-V role detected

CPU: total 8 (initial active 8) (4 cores per cpu, 2 threads per core) family 6 model 140 stepping 2 microcode 0x16, cx8, cmov, fxsr, ht, mmx, 3dnowpref, sse, sse2, sse3, ssse3, sse4.1, sse4.2, popcnt, lzcnt, tsc, tscinvbit, avx, avx2, aes, erms, clmul, bmi1, bmi2, adx, avx512f, avx512dq, avx512cd, avx512bw, avx512vl, sha, fma, vzeroupper, avx512_vpopcntdq, avx512_vpclmulqdq, avx512_vaes, avx512_vnni, clflush, clflushopt, clwb, avx512_vbmi2, avx512_vbmi, hv, rdtscp, rdpid, fsrm, gfni, avx512_bitalg, f16c, cet_ibt, cet_ss, avx512_ifma
Processor Information for processor 0
  Max Mhz: 2496, Current Mhz: 1198, Mhz Limit: 2496
Processor Information for processor 1
  Max Mhz: 2496, Current Mhz: 2496, Mhz Limit: 2496
Processor Information for processor 2
  Max Mhz: 2496, Current Mhz: 2496, Mhz Limit: 2496
Processor Information for processor 3
  Max Mhz: 2496, Current Mhz: 2496, Mhz Limit: 2496
Processor Information for processor 4
  Max Mhz: 2496, Current Mhz: 2496, Mhz Limit: 2496
Processor Information for processor 5
  Max Mhz: 2496, Current Mhz: 2496, Mhz Limit: 2496
Processor Information for processor 6
  Max Mhz: 2496, Current Mhz: 2496, Mhz Limit: 2496
Processor Information for processor 7
  Max Mhz: 2496, Current Mhz: 2496, Mhz Limit: 2496

Memory: 4k page, system-wide physical 7975M (1826M free)
TotalPageFile size 16415M (AvailPageFile size 6369M)
current process WorkingSet (physical memory assigned to process): 245M, peak: 245M
current process commit charge ("private bytes"): 340M, peak: 351M

vm_info: OpenJDK 64-Bit Server VM (24+36) for windows-amd64 JRE (24+36) (Zulu24.28+83-CA), built on 2025-02-26T13:03:31Z with MS VC++ 17.1 (VS2022)

END.
